
*** Running vivado
    with args -log mb_preset_xbar_0.vds -m64 -product Vivado -mode batch -messageDb vivado.pb -notrace -source mb_preset_xbar_0.tcl


****** Vivado v2022.2 (64-bit)
  **** SW Build 3671981 on Fri Oct 14 04:59:54 MDT 2022
  **** IP Build 3669848 on Fri Oct 14 08:30:02 MDT 2022
    ** Copyright 1986-2022 Xilinx, Inc. All Rights Reserved.

Sourcing tcl script '/home/xbrbbot/.Xilinx/Vivado/Vivado_init.tcl'
484 Beta devices matching pattern found, 484 enabled.
enable_beta_device: Time (s): cpu = 00:00:11 ; elapsed = 00:00:12 . Memory (MB): peak = 2066.953 ; gain = 131.633 ; free physical = 24915 ; free virtual = 462518
source mb_preset_xbar_0.tcl -notrace
INFO: [IP_Flow 19-6924] IPCACHE: Running cache check for IP inst: mb_preset_xbar_0
Command: synth_design -top mb_preset_xbar_0 -part xc7a200tfbg676-2 -incremental_mode off -mode out_of_context
Starting synth_design
Attempting to get a license for feature 'Synthesis' and/or device 'xc7a200t'
INFO: [Common 17-349] Got license for feature 'Synthesis' and/or device 'xc7a200t'
INFO: [Device 21-403] Loading part xc7a200tfbg676-2
INFO: [Synth 8-7079] Multithreading enabled for synth_design using a maximum of 4 processes.
INFO: [Synth 8-7078] Launching helper process for spawning children vivado processes
INFO: [Synth 8-7075] Helper process launched with PID 1880
INFO: [Synth 8-11241] undeclared symbol 'REGCCE', assumed default net type 'wire' [/proj/xbuilds/SWIP/2022.2_1014_0655/installs/lin64/Vivado/2022.2/data/verilog/src/unimacro/BRAM_SINGLE_MACRO.v:2170]
---------------------------------------------------------------------------------
Starting RTL Elaboration : Time (s): cpu = 00:00:07 ; elapsed = 00:00:08 . Memory (MB): peak = 2842.129 ; gain = 370.801 ; free physical = 7701 ; free virtual = 445326
Synthesis current peak Physical Memory [PSS] (MB): peak = 2005.507; parent = 1886.501; children = 119.006
Synthesis current peak Virtual Memory [VSS] (MB): peak = 3857.926; parent = 2852.039; children = 1005.887
---------------------------------------------------------------------------------
INFO: [Synth 8-6157] synthesizing module 'mb_preset_xbar_0' [/tmp/jenkins-BUILDS-hw_designs_builds-2022.2-297_xilinx-ac701/bsps/xilinx-ac701-2022.2/hw_proj/xilinx-ac701-2022.2/xilinx-ac701-2022.2.gen/sources_1/bd/mb_preset/ip/mb_preset_xbar_0/synth/mb_preset_xbar_0.v:53]
INFO: [Synth 8-6157] synthesizing module 'axi_crossbar_v2_1_28_axi_crossbar' [/tmp/jenkins-BUILDS-hw_designs_builds-2022.2-297_xilinx-ac701/bsps/xilinx-ac701-2022.2/hw_proj/xilinx-ac701-2022.2/xilinx-ac701-2022.2.gen/sources_1/bd/mb_preset/ipshared/c40e/hdl/axi_crossbar_v2_1_vl_rfs.v:4883]
INFO: [Synth 8-6157] synthesizing module 'axi_crossbar_v2_1_28_crossbar_sasd' [/tmp/jenkins-BUILDS-hw_designs_builds-2022.2-297_xilinx-ac701/bsps/xilinx-ac701-2022.2/hw_proj/xilinx-ac701-2022.2/xilinx-ac701-2022.2.gen/sources_1/bd/mb_preset/ipshared/c40e/hdl/axi_crossbar_v2_1_vl_rfs.v:1239]
INFO: [Synth 8-6157] synthesizing module 'axi_crossbar_v2_1_28_addr_decoder' [/tmp/jenkins-BUILDS-hw_designs_builds-2022.2-297_xilinx-ac701/bsps/xilinx-ac701-2022.2/hw_proj/xilinx-ac701-2022.2/xilinx-ac701-2022.2.gen/sources_1/bd/mb_preset/ipshared/c40e/hdl/axi_crossbar_v2_1_vl_rfs.v:793]
INFO: [Synth 8-6157] synthesizing module 'generic_baseblocks_v2_1_0_comparator_static' [/tmp/jenkins-BUILDS-hw_designs_builds-2022.2-297_xilinx-ac701/bsps/xilinx-ac701-2022.2/hw_proj/xilinx-ac701-2022.2/xilinx-ac701-2022.2.gen/sources_1/bd/mb_preset/ipshared/b752/hdl/generic_baseblocks_v2_1_vl_rfs.v:2132]
INFO: [Synth 8-6157] synthesizing module 'generic_baseblocks_v2_1_0_carry_and' [/tmp/jenkins-BUILDS-hw_designs_builds-2022.2-297_xilinx-ac701/bsps/xilinx-ac701-2022.2/hw_proj/xilinx-ac701-2022.2/xilinx-ac701-2022.2.gen/sources_1/bd/mb_preset/ipshared/b752/hdl/generic_baseblocks_v2_1_vl_rfs.v:61]
INFO: [Synth 8-6155] done synthesizing module 'generic_baseblocks_v2_1_0_carry_and' (0#1) [/tmp/jenkins-BUILDS-hw_designs_builds-2022.2-297_xilinx-ac701/bsps/xilinx-ac701-2022.2/hw_proj/xilinx-ac701-2022.2/xilinx-ac701-2022.2.gen/sources_1/bd/mb_preset/ipshared/b752/hdl/generic_baseblocks_v2_1_vl_rfs.v:61]
INFO: [Synth 8-6155] done synthesizing module 'generic_baseblocks_v2_1_0_comparator_static' (0#1) [/tmp/jenkins-BUILDS-hw_designs_builds-2022.2-297_xilinx-ac701/bsps/xilinx-ac701-2022.2/hw_proj/xilinx-ac701-2022.2/xilinx-ac701-2022.2.gen/sources_1/bd/mb_preset/ipshared/b752/hdl/generic_baseblocks_v2_1_vl_rfs.v:2132]
INFO: [Synth 8-6157] synthesizing module 'generic_baseblocks_v2_1_0_comparator_static__parameterized0' [/tmp/jenkins-BUILDS-hw_designs_builds-2022.2-297_xilinx-ac701/bsps/xilinx-ac701-2022.2/hw_proj/xilinx-ac701-2022.2/xilinx-ac701-2022.2.gen/sources_1/bd/mb_preset/ipshared/b752/hdl/generic_baseblocks_v2_1_vl_rfs.v:2132]
INFO: [Synth 8-6155] done synthesizing module 'generic_baseblocks_v2_1_0_comparator_static__parameterized0' (0#1) [/tmp/jenkins-BUILDS-hw_designs_builds-2022.2-297_xilinx-ac701/bsps/xilinx-ac701-2022.2/hw_proj/xilinx-ac701-2022.2/xilinx-ac701-2022.2.gen/sources_1/bd/mb_preset/ipshared/b752/hdl/generic_baseblocks_v2_1_vl_rfs.v:2132]
INFO: [Synth 8-6157] synthesizing module 'generic_baseblocks_v2_1_0_comparator_static__parameterized1' [/tmp/jenkins-BUILDS-hw_designs_builds-2022.2-297_xilinx-ac701/bsps/xilinx-ac701-2022.2/hw_proj/xilinx-ac701-2022.2/xilinx-ac701-2022.2.gen/sources_1/bd/mb_preset/ipshared/b752/hdl/generic_baseblocks_v2_1_vl_rfs.v:2132]
INFO: [Synth 8-6155] done synthesizing module 'generic_baseblocks_v2_1_0_comparator_static__parameterized1' (0#1) [/tmp/jenkins-BUILDS-hw_designs_builds-2022.2-297_xilinx-ac701/bsps/xilinx-ac701-2022.2/hw_proj/xilinx-ac701-2022.2/xilinx-ac701-2022.2.gen/sources_1/bd/mb_preset/ipshared/b752/hdl/generic_baseblocks_v2_1_vl_rfs.v:2132]
INFO: [Synth 8-6157] synthesizing module 'generic_baseblocks_v2_1_0_comparator_static__parameterized2' [/tmp/jenkins-BUILDS-hw_designs_builds-2022.2-297_xilinx-ac701/bsps/xilinx-ac701-2022.2/hw_proj/xilinx-ac701-2022.2/xilinx-ac701-2022.2.gen/sources_1/bd/mb_preset/ipshared/b752/hdl/generic_baseblocks_v2_1_vl_rfs.v:2132]
INFO: [Synth 8-6155] done synthesizing module 'generic_baseblocks_v2_1_0_comparator_static__parameterized2' (0#1) [/tmp/jenkins-BUILDS-hw_designs_builds-2022.2-297_xilinx-ac701/bsps/xilinx-ac701-2022.2/hw_proj/xilinx-ac701-2022.2/xilinx-ac701-2022.2.gen/sources_1/bd/mb_preset/ipshared/b752/hdl/generic_baseblocks_v2_1_vl_rfs.v:2132]
INFO: [Synth 8-6157] synthesizing module 'generic_baseblocks_v2_1_0_comparator_static__parameterized3' [/tmp/jenkins-BUILDS-hw_designs_builds-2022.2-297_xilinx-ac701/bsps/xilinx-ac701-2022.2/hw_proj/xilinx-ac701-2022.2/xilinx-ac701-2022.2.gen/sources_1/bd/mb_preset/ipshared/b752/hdl/generic_baseblocks_v2_1_vl_rfs.v:2132]
INFO: [Synth 8-6155] done synthesizing module 'generic_baseblocks_v2_1_0_comparator_static__parameterized3' (0#1) [/tmp/jenkins-BUILDS-hw_designs_builds-2022.2-297_xilinx-ac701/bsps/xilinx-ac701-2022.2/hw_proj/xilinx-ac701-2022.2/xilinx-ac701-2022.2.gen/sources_1/bd/mb_preset/ipshared/b752/hdl/generic_baseblocks_v2_1_vl_rfs.v:2132]
INFO: [Synth 8-6157] synthesizing module 'generic_baseblocks_v2_1_0_comparator_static__parameterized4' [/tmp/jenkins-BUILDS-hw_designs_builds-2022.2-297_xilinx-ac701/bsps/xilinx-ac701-2022.2/hw_proj/xilinx-ac701-2022.2/xilinx-ac701-2022.2.gen/sources_1/bd/mb_preset/ipshared/b752/hdl/generic_baseblocks_v2_1_vl_rfs.v:2132]
INFO: [Synth 8-6155] done synthesizing module 'generic_baseblocks_v2_1_0_comparator_static__parameterized4' (0#1) [/tmp/jenkins-BUILDS-hw_designs_builds-2022.2-297_xilinx-ac701/bsps/xilinx-ac701-2022.2/hw_proj/xilinx-ac701-2022.2/xilinx-ac701-2022.2.gen/sources_1/bd/mb_preset/ipshared/b752/hdl/generic_baseblocks_v2_1_vl_rfs.v:2132]
INFO: [Synth 8-6157] synthesizing module 'generic_baseblocks_v2_1_0_comparator_static__parameterized5' [/tmp/jenkins-BUILDS-hw_designs_builds-2022.2-297_xilinx-ac701/bsps/xilinx-ac701-2022.2/hw_proj/xilinx-ac701-2022.2/xilinx-ac701-2022.2.gen/sources_1/bd/mb_preset/ipshared/b752/hdl/generic_baseblocks_v2_1_vl_rfs.v:2132]
INFO: [Synth 8-6155] done synthesizing module 'generic_baseblocks_v2_1_0_comparator_static__parameterized5' (0#1) [/tmp/jenkins-BUILDS-hw_designs_builds-2022.2-297_xilinx-ac701/bsps/xilinx-ac701-2022.2/hw_proj/xilinx-ac701-2022.2/xilinx-ac701-2022.2.gen/sources_1/bd/mb_preset/ipshared/b752/hdl/generic_baseblocks_v2_1_vl_rfs.v:2132]
INFO: [Synth 8-6157] synthesizing module 'generic_baseblocks_v2_1_0_comparator_static__parameterized6' [/tmp/jenkins-BUILDS-hw_designs_builds-2022.2-297_xilinx-ac701/bsps/xilinx-ac701-2022.2/hw_proj/xilinx-ac701-2022.2/xilinx-ac701-2022.2.gen/sources_1/bd/mb_preset/ipshared/b752/hdl/generic_baseblocks_v2_1_vl_rfs.v:2132]
INFO: [Synth 8-6155] done synthesizing module 'generic_baseblocks_v2_1_0_comparator_static__parameterized6' (0#1) [/tmp/jenkins-BUILDS-hw_designs_builds-2022.2-297_xilinx-ac701/bsps/xilinx-ac701-2022.2/hw_proj/xilinx-ac701-2022.2/xilinx-ac701-2022.2.gen/sources_1/bd/mb_preset/ipshared/b752/hdl/generic_baseblocks_v2_1_vl_rfs.v:2132]
INFO: [Synth 8-6157] synthesizing module 'generic_baseblocks_v2_1_0_comparator_static__parameterized7' [/tmp/jenkins-BUILDS-hw_designs_builds-2022.2-297_xilinx-ac701/bsps/xilinx-ac701-2022.2/hw_proj/xilinx-ac701-2022.2/xilinx-ac701-2022.2.gen/sources_1/bd/mb_preset/ipshared/b752/hdl/generic_baseblocks_v2_1_vl_rfs.v:2132]
INFO: [Synth 8-6155] done synthesizing module 'generic_baseblocks_v2_1_0_comparator_static__parameterized7' (0#1) [/tmp/jenkins-BUILDS-hw_designs_builds-2022.2-297_xilinx-ac701/bsps/xilinx-ac701-2022.2/hw_proj/xilinx-ac701-2022.2/xilinx-ac701-2022.2.gen/sources_1/bd/mb_preset/ipshared/b752/hdl/generic_baseblocks_v2_1_vl_rfs.v:2132]
INFO: [Synth 8-6157] synthesizing module 'generic_baseblocks_v2_1_0_comparator_static__parameterized8' [/tmp/jenkins-BUILDS-hw_designs_builds-2022.2-297_xilinx-ac701/bsps/xilinx-ac701-2022.2/hw_proj/xilinx-ac701-2022.2/xilinx-ac701-2022.2.gen/sources_1/bd/mb_preset/ipshared/b752/hdl/generic_baseblocks_v2_1_vl_rfs.v:2132]
INFO: [Synth 8-6155] done synthesizing module 'generic_baseblocks_v2_1_0_comparator_static__parameterized8' (0#1) [/tmp/jenkins-BUILDS-hw_designs_builds-2022.2-297_xilinx-ac701/bsps/xilinx-ac701-2022.2/hw_proj/xilinx-ac701-2022.2/xilinx-ac701-2022.2.gen/sources_1/bd/mb_preset/ipshared/b752/hdl/generic_baseblocks_v2_1_vl_rfs.v:2132]
INFO: [Synth 8-6155] done synthesizing module 'axi_crossbar_v2_1_28_addr_decoder' (0#1) [/tmp/jenkins-BUILDS-hw_designs_builds-2022.2-297_xilinx-ac701/bsps/xilinx-ac701-2022.2/hw_proj/xilinx-ac701-2022.2/xilinx-ac701-2022.2.gen/sources_1/bd/mb_preset/ipshared/c40e/hdl/axi_crossbar_v2_1_vl_rfs.v:793]
INFO: [Synth 8-6157] synthesizing module 'axi_crossbar_v2_1_28_decerr_slave' [/tmp/jenkins-BUILDS-hw_designs_builds-2022.2-297_xilinx-ac701/bsps/xilinx-ac701-2022.2/hw_proj/xilinx-ac701-2022.2/xilinx-ac701-2022.2.gen/sources_1/bd/mb_preset/ipshared/c40e/hdl/axi_crossbar_v2_1_vl_rfs.v:3500]
INFO: [Synth 8-6155] done synthesizing module 'axi_crossbar_v2_1_28_decerr_slave' (0#1) [/tmp/jenkins-BUILDS-hw_designs_builds-2022.2-297_xilinx-ac701/bsps/xilinx-ac701-2022.2/hw_proj/xilinx-ac701-2022.2/xilinx-ac701-2022.2.gen/sources_1/bd/mb_preset/ipshared/c40e/hdl/axi_crossbar_v2_1_vl_rfs.v:3500]
INFO: [Synth 8-6157] synthesizing module 'axi_crossbar_v2_1_28_addr_arbiter_sasd' [/tmp/jenkins-BUILDS-hw_designs_builds-2022.2-297_xilinx-ac701/bsps/xilinx-ac701-2022.2/hw_proj/xilinx-ac701-2022.2/xilinx-ac701-2022.2.gen/sources_1/bd/mb_preset/ipshared/c40e/hdl/axi_crossbar_v2_1_vl_rfs.v:64]
INFO: [Synth 8-6155] done synthesizing module 'axi_crossbar_v2_1_28_addr_arbiter_sasd' (0#1) [/tmp/jenkins-BUILDS-hw_designs_builds-2022.2-297_xilinx-ac701/bsps/xilinx-ac701-2022.2/hw_proj/xilinx-ac701-2022.2/xilinx-ac701-2022.2.gen/sources_1/bd/mb_preset/ipshared/c40e/hdl/axi_crossbar_v2_1_vl_rfs.v:64]
INFO: [Synth 8-6157] synthesizing module 'axi_crossbar_v2_1_28_splitter' [/tmp/jenkins-BUILDS-hw_designs_builds-2022.2-297_xilinx-ac701/bsps/xilinx-ac701-2022.2/hw_proj/xilinx-ac701-2022.2/xilinx-ac701-2022.2.gen/sources_1/bd/mb_preset/ipshared/c40e/hdl/axi_crossbar_v2_1_vl_rfs.v:4460]
INFO: [Synth 8-6155] done synthesizing module 'axi_crossbar_v2_1_28_splitter' (0#1) [/tmp/jenkins-BUILDS-hw_designs_builds-2022.2-297_xilinx-ac701/bsps/xilinx-ac701-2022.2/hw_proj/xilinx-ac701-2022.2/xilinx-ac701-2022.2.gen/sources_1/bd/mb_preset/ipshared/c40e/hdl/axi_crossbar_v2_1_vl_rfs.v:4460]
INFO: [Synth 8-6157] synthesizing module 'axi_crossbar_v2_1_28_splitter__parameterized0' [/tmp/jenkins-BUILDS-hw_designs_builds-2022.2-297_xilinx-ac701/bsps/xilinx-ac701-2022.2/hw_proj/xilinx-ac701-2022.2/xilinx-ac701-2022.2.gen/sources_1/bd/mb_preset/ipshared/c40e/hdl/axi_crossbar_v2_1_vl_rfs.v:4460]
INFO: [Synth 8-6155] done synthesizing module 'axi_crossbar_v2_1_28_splitter__parameterized0' (0#1) [/tmp/jenkins-BUILDS-hw_designs_builds-2022.2-297_xilinx-ac701/bsps/xilinx-ac701-2022.2/hw_proj/xilinx-ac701-2022.2/xilinx-ac701-2022.2.gen/sources_1/bd/mb_preset/ipshared/c40e/hdl/axi_crossbar_v2_1_vl_rfs.v:4460]
INFO: [Synth 8-6157] synthesizing module 'generic_baseblocks_v2_1_0_mux_enc' [/tmp/jenkins-BUILDS-hw_designs_builds-2022.2-297_xilinx-ac701/bsps/xilinx-ac701-2022.2/hw_proj/xilinx-ac701-2022.2/xilinx-ac701-2022.2.gen/sources_1/bd/mb_preset/ipshared/b752/hdl/generic_baseblocks_v2_1_vl_rfs.v:2451]
INFO: [Synth 8-6155] done synthesizing module 'generic_baseblocks_v2_1_0_mux_enc' (0#1) [/tmp/jenkins-BUILDS-hw_designs_builds-2022.2-297_xilinx-ac701/bsps/xilinx-ac701-2022.2/hw_proj/xilinx-ac701-2022.2/xilinx-ac701-2022.2.gen/sources_1/bd/mb_preset/ipshared/b752/hdl/generic_baseblocks_v2_1_vl_rfs.v:2451]
INFO: [Synth 8-6157] synthesizing module 'generic_baseblocks_v2_1_0_mux_enc__parameterized0' [/tmp/jenkins-BUILDS-hw_designs_builds-2022.2-297_xilinx-ac701/bsps/xilinx-ac701-2022.2/hw_proj/xilinx-ac701-2022.2/xilinx-ac701-2022.2.gen/sources_1/bd/mb_preset/ipshared/b752/hdl/generic_baseblocks_v2_1_vl_rfs.v:2451]
INFO: [Synth 8-6155] done synthesizing module 'generic_baseblocks_v2_1_0_mux_enc__parameterized0' (0#1) [/tmp/jenkins-BUILDS-hw_designs_builds-2022.2-297_xilinx-ac701/bsps/xilinx-ac701-2022.2/hw_proj/xilinx-ac701-2022.2/xilinx-ac701-2022.2.gen/sources_1/bd/mb_preset/ipshared/b752/hdl/generic_baseblocks_v2_1_vl_rfs.v:2451]
INFO: [Synth 8-6157] synthesizing module 'generic_baseblocks_v2_1_0_mux_enc__parameterized1' [/tmp/jenkins-BUILDS-hw_designs_builds-2022.2-297_xilinx-ac701/bsps/xilinx-ac701-2022.2/hw_proj/xilinx-ac701-2022.2/xilinx-ac701-2022.2.gen/sources_1/bd/mb_preset/ipshared/b752/hdl/generic_baseblocks_v2_1_vl_rfs.v:2451]
INFO: [Synth 8-6155] done synthesizing module 'generic_baseblocks_v2_1_0_mux_enc__parameterized1' (0#1) [/tmp/jenkins-BUILDS-hw_designs_builds-2022.2-297_xilinx-ac701/bsps/xilinx-ac701-2022.2/hw_proj/xilinx-ac701-2022.2/xilinx-ac701-2022.2.gen/sources_1/bd/mb_preset/ipshared/b752/hdl/generic_baseblocks_v2_1_vl_rfs.v:2451]
INFO: [Synth 8-6157] synthesizing module 'axi_register_slice_v2_1_27_axic_register_slice' [/tmp/jenkins-BUILDS-hw_designs_builds-2022.2-297_xilinx-ac701/bsps/xilinx-ac701-2022.2/hw_proj/xilinx-ac701-2022.2/xilinx-ac701-2022.2.gen/sources_1/bd/mb_preset/ipshared/f0b4/hdl/axi_register_slice_v2_1_vl_rfs.v:1497]
INFO: [Synth 8-6155] done synthesizing module 'axi_register_slice_v2_1_27_axic_register_slice' (0#1) [/tmp/jenkins-BUILDS-hw_designs_builds-2022.2-297_xilinx-ac701/bsps/xilinx-ac701-2022.2/hw_proj/xilinx-ac701-2022.2/xilinx-ac701-2022.2.gen/sources_1/bd/mb_preset/ipshared/f0b4/hdl/axi_register_slice_v2_1_vl_rfs.v:1497]
INFO: [Synth 8-6157] synthesizing module 'generic_baseblocks_v2_1_0_mux_enc__parameterized2' [/tmp/jenkins-BUILDS-hw_designs_builds-2022.2-297_xilinx-ac701/bsps/xilinx-ac701-2022.2/hw_proj/xilinx-ac701-2022.2/xilinx-ac701-2022.2.gen/sources_1/bd/mb_preset/ipshared/b752/hdl/generic_baseblocks_v2_1_vl_rfs.v:2451]
INFO: [Synth 8-6155] done synthesizing module 'generic_baseblocks_v2_1_0_mux_enc__parameterized2' (0#1) [/tmp/jenkins-BUILDS-hw_designs_builds-2022.2-297_xilinx-ac701/bsps/xilinx-ac701-2022.2/hw_proj/xilinx-ac701-2022.2/xilinx-ac701-2022.2.gen/sources_1/bd/mb_preset/ipshared/b752/hdl/generic_baseblocks_v2_1_vl_rfs.v:2451]
INFO: [Synth 8-6155] done synthesizing module 'axi_crossbar_v2_1_28_crossbar_sasd' (0#1) [/tmp/jenkins-BUILDS-hw_designs_builds-2022.2-297_xilinx-ac701/bsps/xilinx-ac701-2022.2/hw_proj/xilinx-ac701-2022.2/xilinx-ac701-2022.2.gen/sources_1/bd/mb_preset/ipshared/c40e/hdl/axi_crossbar_v2_1_vl_rfs.v:1239]
INFO: [Synth 8-6155] done synthesizing module 'axi_crossbar_v2_1_28_axi_crossbar' (0#1) [/tmp/jenkins-BUILDS-hw_designs_builds-2022.2-297_xilinx-ac701/bsps/xilinx-ac701-2022.2/hw_proj/xilinx-ac701-2022.2/xilinx-ac701-2022.2.gen/sources_1/bd/mb_preset/ipshared/c40e/hdl/axi_crossbar_v2_1_vl_rfs.v:4883]
INFO: [Synth 8-6155] done synthesizing module 'mb_preset_xbar_0' (0#1) [/tmp/jenkins-BUILDS-hw_designs_builds-2022.2-297_xilinx-ac701/bsps/xilinx-ac701-2022.2/hw_proj/xilinx-ac701-2022.2/xilinx-ac701-2022.2.gen/sources_1/bd/mb_preset/ip/mb_preset_xbar_0/synth/mb_preset_xbar_0.v:53]
WARNING: [Synth 8-6014] Unused sequential element gen_debug_trans_seq.debug_aw_trans_seq_i_reg was removed.  [/tmp/jenkins-BUILDS-hw_designs_builds-2022.2-297_xilinx-ac701/bsps/xilinx-ac701-2022.2/hw_proj/xilinx-ac701-2022.2/xilinx-ac701-2022.2.gen/sources_1/bd/mb_preset/ipshared/c40e/hdl/axi_crossbar_v2_1_vl_rfs.v:2056]
WARNING: [Synth 8-6014] Unused sequential element gen_debug_trans_seq.debug_ar_trans_seq_i_reg was removed.  [/tmp/jenkins-BUILDS-hw_designs_builds-2022.2-297_xilinx-ac701/bsps/xilinx-ac701-2022.2/hw_proj/xilinx-ac701-2022.2/xilinx-ac701-2022.2.gen/sources_1/bd/mb_preset/ipshared/c40e/hdl/axi_crossbar_v2_1_vl_rfs.v:2067]
WARNING: [Synth 8-6014] Unused sequential element gen_debug_trans_seq.debug_w_beat_cnt_i_reg was removed.  [/tmp/jenkins-BUILDS-hw_designs_builds-2022.2-297_xilinx-ac701/bsps/xilinx-ac701-2022.2/hw_proj/xilinx-ac701-2022.2/xilinx-ac701-2022.2.gen/sources_1/bd/mb_preset/ipshared/c40e/hdl/axi_crossbar_v2_1_vl_rfs.v:2078]
WARNING: [Synth 8-6014] Unused sequential element gen_debug_trans_seq.debug_r_beat_cnt_i_reg was removed.  [/tmp/jenkins-BUILDS-hw_designs_builds-2022.2-297_xilinx-ac701/bsps/xilinx-ac701-2022.2/hw_proj/xilinx-ac701-2022.2/xilinx-ac701-2022.2.gen/sources_1/bd/mb_preset/ipshared/c40e/hdl/axi_crossbar_v2_1_vl_rfs.v:2091]
WARNING: [Synth 8-7129] Port S[0] in module generic_baseblocks_v2_1_0_mux_enc__parameterized0 is either unconnected or has no load
WARNING: [Synth 8-7129] Port S_AXI_AWID[0] in module axi_crossbar_v2_1_28_decerr_slave is either unconnected or has no load
WARNING: [Synth 8-7129] Port S_AXI_WLAST in module axi_crossbar_v2_1_28_decerr_slave is either unconnected or has no load
WARNING: [Synth 8-7129] Port S_AXI_ARID[0] in module axi_crossbar_v2_1_28_decerr_slave is either unconnected or has no load
WARNING: [Synth 8-7129] Port S_AXI_ARLEN[7] in module axi_crossbar_v2_1_28_decerr_slave is either unconnected or has no load
WARNING: [Synth 8-7129] Port S_AXI_ARLEN[6] in module axi_crossbar_v2_1_28_decerr_slave is either unconnected or has no load
WARNING: [Synth 8-7129] Port S_AXI_ARLEN[5] in module axi_crossbar_v2_1_28_decerr_slave is either unconnected or has no load
WARNING: [Synth 8-7129] Port S_AXI_ARLEN[4] in module axi_crossbar_v2_1_28_decerr_slave is either unconnected or has no load
WARNING: [Synth 8-7129] Port S_AXI_ARLEN[3] in module axi_crossbar_v2_1_28_decerr_slave is either unconnected or has no load
WARNING: [Synth 8-7129] Port S_AXI_ARLEN[2] in module axi_crossbar_v2_1_28_decerr_slave is either unconnected or has no load
WARNING: [Synth 8-7129] Port S_AXI_ARLEN[1] in module axi_crossbar_v2_1_28_decerr_slave is either unconnected or has no load
WARNING: [Synth 8-7129] Port S_AXI_ARLEN[0] in module axi_crossbar_v2_1_28_decerr_slave is either unconnected or has no load
WARNING: [Synth 8-7129] Port ADDR[1] in module axi_crossbar_v2_1_28_addr_decoder is either unconnected or has no load
WARNING: [Synth 8-7129] Port ADDR[0] in module axi_crossbar_v2_1_28_addr_decoder is either unconnected or has no load
WARNING: [Synth 8-7129] Port S_AXI_AWID[0] in module axi_crossbar_v2_1_28_crossbar_sasd is either unconnected or has no load
WARNING: [Synth 8-7129] Port S_AXI_ARID[0] in module axi_crossbar_v2_1_28_crossbar_sasd is either unconnected or has no load
WARNING: [Synth 8-7129] Port M_AXI_BID[9] in module axi_crossbar_v2_1_28_crossbar_sasd is either unconnected or has no load
WARNING: [Synth 8-7129] Port M_AXI_BID[8] in module axi_crossbar_v2_1_28_crossbar_sasd is either unconnected or has no load
WARNING: [Synth 8-7129] Port M_AXI_BID[7] in module axi_crossbar_v2_1_28_crossbar_sasd is either unconnected or has no load
WARNING: [Synth 8-7129] Port M_AXI_BID[6] in module axi_crossbar_v2_1_28_crossbar_sasd is either unconnected or has no load
WARNING: [Synth 8-7129] Port M_AXI_BID[5] in module axi_crossbar_v2_1_28_crossbar_sasd is either unconnected or has no load
WARNING: [Synth 8-7129] Port M_AXI_BID[4] in module axi_crossbar_v2_1_28_crossbar_sasd is either unconnected or has no load
WARNING: [Synth 8-7129] Port M_AXI_BID[3] in module axi_crossbar_v2_1_28_crossbar_sasd is either unconnected or has no load
WARNING: [Synth 8-7129] Port M_AXI_BID[2] in module axi_crossbar_v2_1_28_crossbar_sasd is either unconnected or has no load
WARNING: [Synth 8-7129] Port M_AXI_BID[1] in module axi_crossbar_v2_1_28_crossbar_sasd is either unconnected or has no load
WARNING: [Synth 8-7129] Port M_AXI_BID[0] in module axi_crossbar_v2_1_28_crossbar_sasd is either unconnected or has no load
WARNING: [Synth 8-7129] Port M_AXI_RID[9] in module axi_crossbar_v2_1_28_crossbar_sasd is either unconnected or has no load
WARNING: [Synth 8-7129] Port M_AXI_RID[8] in module axi_crossbar_v2_1_28_crossbar_sasd is either unconnected or has no load
WARNING: [Synth 8-7129] Port M_AXI_RID[7] in module axi_crossbar_v2_1_28_crossbar_sasd is either unconnected or has no load
WARNING: [Synth 8-7129] Port M_AXI_RID[6] in module axi_crossbar_v2_1_28_crossbar_sasd is either unconnected or has no load
WARNING: [Synth 8-7129] Port M_AXI_RID[5] in module axi_crossbar_v2_1_28_crossbar_sasd is either unconnected or has no load
WARNING: [Synth 8-7129] Port M_AXI_RID[4] in module axi_crossbar_v2_1_28_crossbar_sasd is either unconnected or has no load
WARNING: [Synth 8-7129] Port M_AXI_RID[3] in module axi_crossbar_v2_1_28_crossbar_sasd is either unconnected or has no load
WARNING: [Synth 8-7129] Port M_AXI_RID[2] in module axi_crossbar_v2_1_28_crossbar_sasd is either unconnected or has no load
WARNING: [Synth 8-7129] Port M_AXI_RID[1] in module axi_crossbar_v2_1_28_crossbar_sasd is either unconnected or has no load
WARNING: [Synth 8-7129] Port M_AXI_RID[0] in module axi_crossbar_v2_1_28_crossbar_sasd is either unconnected or has no load
WARNING: [Synth 8-7129] Port s_axi_awid[0] in module axi_crossbar_v2_1_28_axi_crossbar is either unconnected or has no load
WARNING: [Synth 8-7129] Port s_axi_awlen[7] in module axi_crossbar_v2_1_28_axi_crossbar is either unconnected or has no load
WARNING: [Synth 8-7129] Port s_axi_awlen[6] in module axi_crossbar_v2_1_28_axi_crossbar is either unconnected or has no load
WARNING: [Synth 8-7129] Port s_axi_awlen[5] in module axi_crossbar_v2_1_28_axi_crossbar is either unconnected or has no load
WARNING: [Synth 8-7129] Port s_axi_awlen[4] in module axi_crossbar_v2_1_28_axi_crossbar is either unconnected or has no load
WARNING: [Synth 8-7129] Port s_axi_awlen[3] in module axi_crossbar_v2_1_28_axi_crossbar is either unconnected or has no load
WARNING: [Synth 8-7129] Port s_axi_awlen[2] in module axi_crossbar_v2_1_28_axi_crossbar is either unconnected or has no load
WARNING: [Synth 8-7129] Port s_axi_awlen[1] in module axi_crossbar_v2_1_28_axi_crossbar is either unconnected or has no load
WARNING: [Synth 8-7129] Port s_axi_awlen[0] in module axi_crossbar_v2_1_28_axi_crossbar is either unconnected or has no load
WARNING: [Synth 8-7129] Port s_axi_awsize[2] in module axi_crossbar_v2_1_28_axi_crossbar is either unconnected or has no load
WARNING: [Synth 8-7129] Port s_axi_awsize[1] in module axi_crossbar_v2_1_28_axi_crossbar is either unconnected or has no load
WARNING: [Synth 8-7129] Port s_axi_awsize[0] in module axi_crossbar_v2_1_28_axi_crossbar is either unconnected or has no load
WARNING: [Synth 8-7129] Port s_axi_awburst[1] in module axi_crossbar_v2_1_28_axi_crossbar is either unconnected or has no load
WARNING: [Synth 8-7129] Port s_axi_awburst[0] in module axi_crossbar_v2_1_28_axi_crossbar is either unconnected or has no load
WARNING: [Synth 8-7129] Port s_axi_awlock[0] in module axi_crossbar_v2_1_28_axi_crossbar is either unconnected or has no load
WARNING: [Synth 8-7129] Port s_axi_awcache[3] in module axi_crossbar_v2_1_28_axi_crossbar is either unconnected or has no load
WARNING: [Synth 8-7129] Port s_axi_awcache[2] in module axi_crossbar_v2_1_28_axi_crossbar is either unconnected or has no load
WARNING: [Synth 8-7129] Port s_axi_awcache[1] in module axi_crossbar_v2_1_28_axi_crossbar is either unconnected or has no load
WARNING: [Synth 8-7129] Port s_axi_awcache[0] in module axi_crossbar_v2_1_28_axi_crossbar is either unconnected or has no load
WARNING: [Synth 8-7129] Port s_axi_awqos[3] in module axi_crossbar_v2_1_28_axi_crossbar is either unconnected or has no load
WARNING: [Synth 8-7129] Port s_axi_awqos[2] in module axi_crossbar_v2_1_28_axi_crossbar is either unconnected or has no load
WARNING: [Synth 8-7129] Port s_axi_awqos[1] in module axi_crossbar_v2_1_28_axi_crossbar is either unconnected or has no load
WARNING: [Synth 8-7129] Port s_axi_awqos[0] in module axi_crossbar_v2_1_28_axi_crossbar is either unconnected or has no load
WARNING: [Synth 8-7129] Port s_axi_awuser[0] in module axi_crossbar_v2_1_28_axi_crossbar is either unconnected or has no load
WARNING: [Synth 8-7129] Port s_axi_wid[0] in module axi_crossbar_v2_1_28_axi_crossbar is either unconnected or has no load
WARNING: [Synth 8-7129] Port s_axi_wlast[0] in module axi_crossbar_v2_1_28_axi_crossbar is either unconnected or has no load
WARNING: [Synth 8-7129] Port s_axi_wuser[0] in module axi_crossbar_v2_1_28_axi_crossbar is either unconnected or has no load
WARNING: [Synth 8-7129] Port s_axi_arid[0] in module axi_crossbar_v2_1_28_axi_crossbar is either unconnected or has no load
WARNING: [Synth 8-7129] Port s_axi_arlen[7] in module axi_crossbar_v2_1_28_axi_crossbar is either unconnected or has no load
WARNING: [Synth 8-7129] Port s_axi_arlen[6] in module axi_crossbar_v2_1_28_axi_crossbar is either unconnected or has no load
WARNING: [Synth 8-7129] Port s_axi_arlen[5] in module axi_crossbar_v2_1_28_axi_crossbar is either unconnected or has no load
WARNING: [Synth 8-7129] Port s_axi_arlen[4] in module axi_crossbar_v2_1_28_axi_crossbar is either unconnected or has no load
WARNING: [Synth 8-7129] Port s_axi_arlen[3] in module axi_crossbar_v2_1_28_axi_crossbar is either unconnected or has no load
WARNING: [Synth 8-7129] Port s_axi_arlen[2] in module axi_crossbar_v2_1_28_axi_crossbar is either unconnected or has no load
WARNING: [Synth 8-7129] Port s_axi_arlen[1] in module axi_crossbar_v2_1_28_axi_crossbar is either unconnected or has no load
WARNING: [Synth 8-7129] Port s_axi_arlen[0] in module axi_crossbar_v2_1_28_axi_crossbar is either unconnected or has no load
WARNING: [Synth 8-7129] Port s_axi_arsize[2] in module axi_crossbar_v2_1_28_axi_crossbar is either unconnected or has no load
WARNING: [Synth 8-7129] Port s_axi_arsize[1] in module axi_crossbar_v2_1_28_axi_crossbar is either unconnected or has no load
WARNING: [Synth 8-7129] Port s_axi_arsize[0] in module axi_crossbar_v2_1_28_axi_crossbar is either unconnected or has no load
WARNING: [Synth 8-7129] Port s_axi_arburst[1] in module axi_crossbar_v2_1_28_axi_crossbar is either unconnected or has no load
WARNING: [Synth 8-7129] Port s_axi_arburst[0] in module axi_crossbar_v2_1_28_axi_crossbar is either unconnected or has no load
WARNING: [Synth 8-7129] Port s_axi_arlock[0] in module axi_crossbar_v2_1_28_axi_crossbar is either unconnected or has no load
WARNING: [Synth 8-7129] Port s_axi_arcache[3] in module axi_crossbar_v2_1_28_axi_crossbar is either unconnected or has no load
WARNING: [Synth 8-7129] Port s_axi_arcache[2] in module axi_crossbar_v2_1_28_axi_crossbar is either unconnected or has no load
WARNING: [Synth 8-7129] Port s_axi_arcache[1] in module axi_crossbar_v2_1_28_axi_crossbar is either unconnected or has no load
WARNING: [Synth 8-7129] Port s_axi_arcache[0] in module axi_crossbar_v2_1_28_axi_crossbar is either unconnected or has no load
WARNING: [Synth 8-7129] Port s_axi_arqos[3] in module axi_crossbar_v2_1_28_axi_crossbar is either unconnected or has no load
WARNING: [Synth 8-7129] Port s_axi_arqos[2] in module axi_crossbar_v2_1_28_axi_crossbar is either unconnected or has no load
WARNING: [Synth 8-7129] Port s_axi_arqos[1] in module axi_crossbar_v2_1_28_axi_crossbar is either unconnected or has no load
WARNING: [Synth 8-7129] Port s_axi_arqos[0] in module axi_crossbar_v2_1_28_axi_crossbar is either unconnected or has no load
WARNING: [Synth 8-7129] Port s_axi_aruser[0] in module axi_crossbar_v2_1_28_axi_crossbar is either unconnected or has no load
WARNING: [Synth 8-7129] Port m_axi_bid[9] in module axi_crossbar_v2_1_28_axi_crossbar is either unconnected or has no load
WARNING: [Synth 8-7129] Port m_axi_bid[8] in module axi_crossbar_v2_1_28_axi_crossbar is either unconnected or has no load
WARNING: [Synth 8-7129] Port m_axi_bid[7] in module axi_crossbar_v2_1_28_axi_crossbar is either unconnected or has no load
WARNING: [Synth 8-7129] Port m_axi_bid[6] in module axi_crossbar_v2_1_28_axi_crossbar is either unconnected or has no load
WARNING: [Synth 8-7129] Port m_axi_bid[5] in module axi_crossbar_v2_1_28_axi_crossbar is either unconnected or has no load
WARNING: [Synth 8-7129] Port m_axi_bid[4] in module axi_crossbar_v2_1_28_axi_crossbar is either unconnected or has no load
WARNING: [Synth 8-7129] Port m_axi_bid[3] in module axi_crossbar_v2_1_28_axi_crossbar is either unconnected or has no load
WARNING: [Synth 8-7129] Port m_axi_bid[2] in module axi_crossbar_v2_1_28_axi_crossbar is either unconnected or has no load
WARNING: [Synth 8-7129] Port m_axi_bid[1] in module axi_crossbar_v2_1_28_axi_crossbar is either unconnected or has no load
WARNING: [Synth 8-7129] Port m_axi_bid[0] in module axi_crossbar_v2_1_28_axi_crossbar is either unconnected or has no load
WARNING: [Synth 8-7129] Port m_axi_buser[9] in module axi_crossbar_v2_1_28_axi_crossbar is either unconnected or has no load
WARNING: [Synth 8-7129] Port m_axi_buser[8] in module axi_crossbar_v2_1_28_axi_crossbar is either unconnected or has no load
WARNING: [Synth 8-7129] Port m_axi_buser[7] in module axi_crossbar_v2_1_28_axi_crossbar is either unconnected or has no load
INFO: [Common 17-14] Message 'Synth 8-7129' appears 100 times and further instances of the messages will be disabled. Use the Tcl command set_msg_config to change the current settings.
---------------------------------------------------------------------------------
Finished RTL Elaboration : Time (s): cpu = 00:00:12 ; elapsed = 00:00:14 . Memory (MB): peak = 3025.004 ; gain = 553.676 ; free physical = 10320 ; free virtual = 448011
Synthesis current peak Physical Memory [PSS] (MB): peak = 2110.490; parent = 1991.491; children = 119.118
Synthesis current peak Virtual Memory [VSS] (MB): peak = 4030.895; parent = 3025.008; children = 1005.887
---------------------------------------------------------------------------------
---------------------------------------------------------------------------------
Start Handling Custom Attributes
---------------------------------------------------------------------------------
---------------------------------------------------------------------------------
Finished Handling Custom Attributes : Time (s): cpu = 00:00:12 ; elapsed = 00:00:14 . Memory (MB): peak = 3036.879 ; gain = 565.551 ; free physical = 10254 ; free virtual = 447946
Synthesis current peak Physical Memory [PSS] (MB): peak = 2110.490; parent = 1991.491; children = 119.118
Synthesis current peak Virtual Memory [VSS] (MB): peak = 4042.770; parent = 3036.883; children = 1005.887
---------------------------------------------------------------------------------
---------------------------------------------------------------------------------
Finished RTL Optimization Phase 1 : Time (s): cpu = 00:00:12 ; elapsed = 00:00:14 . Memory (MB): peak = 3036.879 ; gain = 565.551 ; free physical = 10229 ; free virtual = 447926
Synthesis current peak Physical Memory [PSS] (MB): peak = 2110.490; parent = 1991.491; children = 119.118
Synthesis current peak Virtual Memory [VSS] (MB): peak = 4042.770; parent = 3036.883; children = 1005.887
---------------------------------------------------------------------------------
Netlist sorting complete. Time (s): cpu = 00:00:00.02 ; elapsed = 00:00:00.02 . Memory (MB): peak = 3036.879 ; gain = 0.000 ; free physical = 10208 ; free virtual = 447909
INFO: [Project 1-570] Preparing netlist for logic optimization

Processing XDC Constraints
Initializing timing engine
Parsing XDC File [/tmp/jenkins-BUILDS-hw_designs_builds-2022.2-297_xilinx-ac701/bsps/xilinx-ac701-2022.2/hw_proj/xilinx-ac701-2022.2/xilinx-ac701-2022.2.gen/sources_1/bd/mb_preset/ip/mb_preset_xbar_0/mb_preset_xbar_0_ooc.xdc] for cell 'inst'
Finished Parsing XDC File [/tmp/jenkins-BUILDS-hw_designs_builds-2022.2-297_xilinx-ac701/bsps/xilinx-ac701-2022.2/hw_proj/xilinx-ac701-2022.2/xilinx-ac701-2022.2.gen/sources_1/bd/mb_preset/ip/mb_preset_xbar_0/mb_preset_xbar_0_ooc.xdc] for cell 'inst'
Parsing XDC File [/tmp/jenkins-BUILDS-hw_designs_builds-2022.2-297_xilinx-ac701/bsps/xilinx-ac701-2022.2/hw_proj/xilinx-ac701-2022.2/xilinx-ac701-2022.2.runs/mb_preset_xbar_0_synth_1/dont_touch.xdc]
Finished Parsing XDC File [/tmp/jenkins-BUILDS-hw_designs_builds-2022.2-297_xilinx-ac701/bsps/xilinx-ac701-2022.2/hw_proj/xilinx-ac701-2022.2/xilinx-ac701-2022.2.runs/mb_preset_xbar_0_synth_1/dont_touch.xdc]
Completed Processing XDC Constraints

Netlist sorting complete. Time (s): cpu = 00:00:00 ; elapsed = 00:00:00 . Memory (MB): peak = 3104.660 ; gain = 0.000 ; free physical = 9416 ; free virtual = 447133
INFO: [Project 1-111] Unisim Transformation Summary:
No Unisim elements were transformed.

Constraint Validation Runtime : Time (s): cpu = 00:00:00.09 ; elapsed = 00:00:00.07 . Memory (MB): peak = 3104.660 ; gain = 0.000 ; free physical = 9395 ; free virtual = 447111
INFO: [Designutils 20-5008] Incremental synthesis strategy off
INFO: [Synth 8-11241] undeclared symbol 'REGCCE', assumed default net type 'wire' [/proj/xbuilds/SWIP/2022.2_1014_0655/installs/lin64/Vivado/2022.2/data/verilog/src/unimacro/BRAM_SINGLE_MACRO.v:2170]
---------------------------------------------------------------------------------
Finished Constraint Validation : Time (s): cpu = 00:00:21 ; elapsed = 00:00:23 . Memory (MB): peak = 3104.660 ; gain = 633.332 ; free physical = 8469 ; free virtual = 446246
Synthesis current peak Physical Memory [PSS] (MB): peak = 2110.490; parent = 1991.491; children = 119.222
Synthesis current peak Virtual Memory [VSS] (MB): peak = 4110.551; parent = 3104.664; children = 1005.887
---------------------------------------------------------------------------------
---------------------------------------------------------------------------------
Start Loading Part and Timing Information
---------------------------------------------------------------------------------
Loading part: xc7a200tfbg676-2
---------------------------------------------------------------------------------
Finished Loading Part and Timing Information : Time (s): cpu = 00:00:21 ; elapsed = 00:00:23 . Memory (MB): peak = 3104.660 ; gain = 633.332 ; free physical = 8620 ; free virtual = 446390
Synthesis current peak Physical Memory [PSS] (MB): peak = 2110.490; parent = 1991.491; children = 119.222
Synthesis current peak Virtual Memory [VSS] (MB): peak = 4110.551; parent = 3104.664; children = 1005.887
---------------------------------------------------------------------------------
---------------------------------------------------------------------------------
Start Applying 'set_property' XDC Constraints
---------------------------------------------------------------------------------
Applied set_property KEEP_HIERARCHY = SOFT for inst. (constraint file  /tmp/jenkins-BUILDS-hw_designs_builds-2022.2-297_xilinx-ac701/bsps/xilinx-ac701-2022.2/hw_proj/xilinx-ac701-2022.2/xilinx-ac701-2022.2.runs/mb_preset_xbar_0_synth_1/dont_touch.xdc, line 9).
---------------------------------------------------------------------------------
Finished applying 'set_property' XDC Constraints : Time (s): cpu = 00:00:21 ; elapsed = 00:00:23 . Memory (MB): peak = 3104.660 ; gain = 633.332 ; free physical = 8600 ; free virtual = 446371
Synthesis current peak Physical Memory [PSS] (MB): peak = 2110.490; parent = 1991.491; children = 119.222
Synthesis current peak Virtual Memory [VSS] (MB): peak = 4110.551; parent = 3104.664; children = 1005.887
---------------------------------------------------------------------------------
---------------------------------------------------------------------------------
Finished RTL Optimization Phase 2 : Time (s): cpu = 00:00:21 ; elapsed = 00:00:24 . Memory (MB): peak = 3104.660 ; gain = 633.332 ; free physical = 8881 ; free virtual = 446652
Synthesis current peak Physical Memory [PSS] (MB): peak = 2110.490; parent = 1991.491; children = 119.326
Synthesis current peak Virtual Memory [VSS] (MB): peak = 4110.551; parent = 3104.664; children = 1005.887
---------------------------------------------------------------------------------
---------------------------------------------------------------------------------
Start RTL Component Statistics 
---------------------------------------------------------------------------------
Detailed RTL Component Info : 
+---Registers : 
	               64 Bit    Registers := 1     
	               36 Bit    Registers := 2     
	               11 Bit    Registers := 1     
	                4 Bit    Registers := 1     
	                3 Bit    Registers := 1     
	                2 Bit    Registers := 2     
	                1 Bit    Registers := 14    
+---Muxes : 
	   2 Input   64 Bit        Muxes := 1     
	   2 Input   36 Bit        Muxes := 2     
	   2 Input   11 Bit        Muxes := 1     
	   2 Input   10 Bit        Muxes := 1     
	   2 Input    4 Bit        Muxes := 2     
	   2 Input    1 Bit        Muxes := 85    
---------------------------------------------------------------------------------
Finished RTL Component Statistics 
---------------------------------------------------------------------------------
---------------------------------------------------------------------------------
Start Part Resource Summary
---------------------------------------------------------------------------------
Part Resources:
DSPs: 740 (col length:100)
BRAMs: 730 (col length: RAMB18 100 RAMB36 50)
---------------------------------------------------------------------------------
Finished Part Resource Summary
---------------------------------------------------------------------------------
---------------------------------------------------------------------------------
Start Cross Boundary and Area Optimization
---------------------------------------------------------------------------------
WARNING: [Synth 8-7080] Parallel synthesis criteria is not met
INFO: [Synth 8-3936] Found unconnected internal register 'gen_sasd.crossbar_sasd_0/reg_slice_r/m_payload_i_reg' and it is trimmed from '36' to '35' bits. [/tmp/jenkins-BUILDS-hw_designs_builds-2022.2-297_xilinx-ac701/bsps/xilinx-ac701-2022.2/hw_proj/xilinx-ac701-2022.2/xilinx-ac701-2022.2.gen/sources_1/bd/mb_preset/ipshared/f0b4/hdl/axi_register_slice_v2_1_vl_rfs.v:1731]
---------------------------------------------------------------------------------
Finished Cross Boundary and Area Optimization : Time (s): cpu = 00:00:24 ; elapsed = 00:00:27 . Memory (MB): peak = 3104.660 ; gain = 633.332 ; free physical = 10206 ; free virtual = 447974
Synthesis current peak Physical Memory [PSS] (MB): peak = 2110.490; parent = 1991.491; children = 120.177
Synthesis current peak Virtual Memory [VSS] (MB): peak = 4110.551; parent = 3104.664; children = 1005.887
---------------------------------------------------------------------------------
---------------------------------------------------------------------------------
Start Applying XDC Timing Constraints
---------------------------------------------------------------------------------
---------------------------------------------------------------------------------
Finished Applying XDC Timing Constraints : Time (s): cpu = 00:00:29 ; elapsed = 00:00:32 . Memory (MB): peak = 3104.660 ; gain = 633.332 ; free physical = 12127 ; free virtual = 449859
Synthesis current peak Physical Memory [PSS] (MB): peak = 2110.490; parent = 1991.491; children = 121.509
Synthesis current peak Virtual Memory [VSS] (MB): peak = 4110.551; parent = 3104.664; children = 1005.887
---------------------------------------------------------------------------------
---------------------------------------------------------------------------------
Start Timing Optimization
---------------------------------------------------------------------------------
---------------------------------------------------------------------------------
Finished Timing Optimization : Time (s): cpu = 00:00:31 ; elapsed = 00:00:34 . Memory (MB): peak = 3104.660 ; gain = 633.332 ; free physical = 12977 ; free virtual = 450713
Synthesis current peak Physical Memory [PSS] (MB): peak = 2110.490; parent = 1991.491; children = 121.798
Synthesis current peak Virtual Memory [VSS] (MB): peak = 4110.551; parent = 3104.664; children = 1005.887
---------------------------------------------------------------------------------
---------------------------------------------------------------------------------
Start Technology Mapping
---------------------------------------------------------------------------------
---------------------------------------------------------------------------------
Finished Technology Mapping : Time (s): cpu = 00:00:31 ; elapsed = 00:00:35 . Memory (MB): peak = 3104.660 ; gain = 633.332 ; free physical = 13225 ; free virtual = 450953
Synthesis current peak Physical Memory [PSS] (MB): peak = 2110.490; parent = 1991.491; children = 122.025
Synthesis current peak Virtual Memory [VSS] (MB): peak = 4110.551; parent = 3104.664; children = 1005.887
---------------------------------------------------------------------------------
---------------------------------------------------------------------------------
Start IO Insertion
---------------------------------------------------------------------------------
---------------------------------------------------------------------------------
Start Flattening Before IO Insertion
---------------------------------------------------------------------------------
---------------------------------------------------------------------------------
Finished Flattening Before IO Insertion
---------------------------------------------------------------------------------
---------------------------------------------------------------------------------
Start Final Netlist Cleanup
---------------------------------------------------------------------------------
---------------------------------------------------------------------------------
Finished Final Netlist Cleanup
---------------------------------------------------------------------------------
---------------------------------------------------------------------------------
Finished IO Insertion : Time (s): cpu = 00:00:35 ; elapsed = 00:00:39 . Memory (MB): peak = 3104.660 ; gain = 633.332 ; free physical = 15620 ; free virtual = 453335
Synthesis current peak Physical Memory [PSS] (MB): peak = 2110.490; parent = 1991.491; children = 122.562
Synthesis current peak Virtual Memory [VSS] (MB): peak = 4110.551; parent = 3104.664; children = 1005.887
---------------------------------------------------------------------------------
---------------------------------------------------------------------------------
Start Renaming Generated Instances
---------------------------------------------------------------------------------
---------------------------------------------------------------------------------
Finished Renaming Generated Instances : Time (s): cpu = 00:00:35 ; elapsed = 00:00:39 . Memory (MB): peak = 3104.660 ; gain = 633.332 ; free physical = 15753 ; free virtual = 453468
Synthesis current peak Physical Memory [PSS] (MB): peak = 2110.490; parent = 1991.491; children = 122.562
Synthesis current peak Virtual Memory [VSS] (MB): peak = 4110.551; parent = 3104.664; children = 1005.887
---------------------------------------------------------------------------------
---------------------------------------------------------------------------------
Start Rebuilding User Hierarchy
---------------------------------------------------------------------------------
---------------------------------------------------------------------------------
Finished Rebuilding User Hierarchy : Time (s): cpu = 00:00:35 ; elapsed = 00:00:39 . Memory (MB): peak = 3104.660 ; gain = 633.332 ; free physical = 16653 ; free virtual = 454369
Synthesis current peak Physical Memory [PSS] (MB): peak = 2110.490; parent = 1991.491; children = 122.838
Synthesis current peak Virtual Memory [VSS] (MB): peak = 4110.551; parent = 3104.664; children = 1005.887
---------------------------------------------------------------------------------
---------------------------------------------------------------------------------
Start Renaming Generated Ports
---------------------------------------------------------------------------------
---------------------------------------------------------------------------------
Finished Renaming Generated Ports : Time (s): cpu = 00:00:35 ; elapsed = 00:00:39 . Memory (MB): peak = 3104.660 ; gain = 633.332 ; free physical = 17390 ; free virtual = 455106
Synthesis current peak Physical Memory [PSS] (MB): peak = 2110.490; parent = 1991.491; children = 122.865
Synthesis current peak Virtual Memory [VSS] (MB): peak = 4110.551; parent = 3104.664; children = 1005.887
---------------------------------------------------------------------------------
---------------------------------------------------------------------------------
Start Handling Custom Attributes
---------------------------------------------------------------------------------
---------------------------------------------------------------------------------
Finished Handling Custom Attributes : Time (s): cpu = 00:00:35 ; elapsed = 00:00:39 . Memory (MB): peak = 3104.660 ; gain = 633.332 ; free physical = 17455 ; free virtual = 455171
Synthesis current peak Physical Memory [PSS] (MB): peak = 2110.490; parent = 1991.491; children = 122.868
Synthesis current peak Virtual Memory [VSS] (MB): peak = 4110.551; parent = 3104.664; children = 1005.887
---------------------------------------------------------------------------------
---------------------------------------------------------------------------------
Start Renaming Generated Nets
---------------------------------------------------------------------------------
---------------------------------------------------------------------------------
Finished Renaming Generated Nets : Time (s): cpu = 00:00:35 ; elapsed = 00:00:39 . Memory (MB): peak = 3104.660 ; gain = 633.332 ; free physical = 17497 ; free virtual = 455211
Synthesis current peak Physical Memory [PSS] (MB): peak = 2110.490; parent = 1991.491; children = 122.869
Synthesis current peak Virtual Memory [VSS] (MB): peak = 4110.551; parent = 3104.664; children = 1005.887
---------------------------------------------------------------------------------
---------------------------------------------------------------------------------
Start Writing Synthesis Report
---------------------------------------------------------------------------------

Report BlackBoxes: 
+-+--------------+----------+
| |BlackBox name |Instances |
+-+--------------+----------+
+-+--------------+----------+

Report Cell Usage: 
+------+-----+------+
|      |Cell |Count |
+------+-----+------+
|1     |LUT1 |     2|
|2     |LUT2 |    21|
|3     |LUT3 |    22|
|4     |LUT4 |    78|
|5     |LUT5 |    59|
|6     |LUT6 |   242|
|7     |FDRE |   140|
+------+-----+------+
---------------------------------------------------------------------------------
Finished Writing Synthesis Report : Time (s): cpu = 00:00:35 ; elapsed = 00:00:39 . Memory (MB): peak = 3104.660 ; gain = 633.332 ; free physical = 17611 ; free virtual = 455326
Synthesis current peak Physical Memory [PSS] (MB): peak = 2110.490; parent = 1991.491; children = 122.869
Synthesis current peak Virtual Memory [VSS] (MB): peak = 4110.551; parent = 3104.664; children = 1005.887
---------------------------------------------------------------------------------
Synthesis finished with 0 errors, 0 critical warnings and 102 warnings.
Synthesis Optimization Runtime : Time (s): cpu = 00:00:32 ; elapsed = 00:00:36 . Memory (MB): peak = 3104.660 ; gain = 565.551 ; free physical = 17912 ; free virtual = 455661
Synthesis Optimization Complete : Time (s): cpu = 00:00:35 ; elapsed = 00:00:39 . Memory (MB): peak = 3104.668 ; gain = 633.332 ; free physical = 18107 ; free virtual = 455866
INFO: [Project 1-571] Translating synthesized netlist
Netlist sorting complete. Time (s): cpu = 00:00:00.01 ; elapsed = 00:00:00.02 . Memory (MB): peak = 3104.668 ; gain = 0.000 ; free physical = 19966 ; free virtual = 457727
INFO: [Project 1-570] Preparing netlist for logic optimization
INFO: [Opt 31-138] Pushed 0 inverter(s) to 0 load pin(s).
Netlist sorting complete. Time (s): cpu = 00:00:00 ; elapsed = 00:00:00 . Memory (MB): peak = 3104.668 ; gain = 0.000 ; free physical = 23707 ; free virtual = 461424
INFO: [Project 1-111] Unisim Transformation Summary:
No Unisim elements were transformed.

Synth Design complete, checksum: c8de4637
INFO: [Common 17-83] Releasing license: Synthesis
66 Infos, 105 Warnings, 0 Critical Warnings and 0 Errors encountered.
synth_design completed successfully
synth_design: Time (s): cpu = 00:00:45 ; elapsed = 00:00:47 . Memory (MB): peak = 3104.668 ; gain = 997.090 ; free physical = 24432 ; free virtual = 462148
INFO: [Common 17-1381] The checkpoint '/tmp/jenkins-BUILDS-hw_designs_builds-2022.2-297_xilinx-ac701/bsps/xilinx-ac701-2022.2/hw_proj/xilinx-ac701-2022.2/xilinx-ac701-2022.2.runs/mb_preset_xbar_0_synth_1/mb_preset_xbar_0.dcp' has been generated.
INFO: [Coretcl 2-1648] Added synthesis output to IP cache for IP mb_preset_xbar_0, cache-ID = 0055f36899904952
INFO: [Coretcl 2-1174] Renamed 7 cell refs.
INFO: [Common 17-1381] The checkpoint '/tmp/jenkins-BUILDS-hw_designs_builds-2022.2-297_xilinx-ac701/bsps/xilinx-ac701-2022.2/hw_proj/xilinx-ac701-2022.2/xilinx-ac701-2022.2.runs/mb_preset_xbar_0_synth_1/mb_preset_xbar_0.dcp' has been generated.
INFO: [runtcl-4] Executing : report_utilization -file mb_preset_xbar_0_utilization_synth.rpt -pb mb_preset_xbar_0_utilization_synth.pb
INFO: [Common 17-206] Exiting Vivado at Fri Oct 14 13:22:26 2022...
