16:14:12 DEBUG : Logs will be stored at 'C:/Users/guanxian/Desktop/ac701-state/IDE.log'.
16:14:16 INFO  : Launching XSCT server: xsct.bat -n  -interactive C:\Users\guanxian\Desktop\ac701-state\temp_xsdb_launch_script.tcl
16:14:17 INFO  : Registering command handlers for Vitis TCF services
16:14:18 INFO  : Platform repository initialization has completed.
16:14:22 INFO  : XSCT server has started successfully.
16:14:22 INFO  : Successfully done setting XSCT server connection channel  
16:14:22 INFO  : plnx-install-location is set to ''
16:14:22 INFO  : Successfully done setting workspace for the tool. 
16:14:22 INFO  : Successfully done query RDI_DATADIR 
16:14:22 INFO  : Restoring global repository preferences: 
		 C:\Users\guanxian\Downloads\embeddedsw-xilinx-v2014.3\embeddedsw-xilinx-v2014.3\ThirdParty\sw_services
16:15:02 INFO  : Result from executing command 'getProjects': mb_preset_wrapper
16:15:02 INFO  : Result from executing command 'getPlatforms': xilinx_vck190_base_202220_1|C:/Xilinx/Vitis/2022.2/base_platforms/xilinx_vck190_base_202220_1/xilinx_vck190_base_202220_1.xpfm;xilinx_vck190_base_dfx_202220_1|C:/Xilinx/Vitis/2022.2/base_platforms/xilinx_vck190_base_dfx_202220_1/xilinx_vck190_base_dfx_202220_1.xpfm;xilinx_vmk180_base_202220_1|C:/Xilinx/Vitis/2022.2/base_platforms/xilinx_vmk180_base_202220_1/xilinx_vmk180_base_202220_1.xpfm;xilinx_zcu102_base_202220_1|C:/Xilinx/Vitis/2022.2/base_platforms/xilinx_zcu102_base_202220_1/xilinx_zcu102_base_202220_1.xpfm;xilinx_zcu102_base_dfx_202220_1|C:/Xilinx/Vitis/2022.2/base_platforms/xilinx_zcu102_base_dfx_202220_1/xilinx_zcu102_base_dfx_202220_1.xpfm;xilinx_zcu104_base_202220_1|C:/Xilinx/Vitis/2022.2/base_platforms/xilinx_zcu104_base_202220_1/xilinx_zcu104_base_202220_1.xpfm
16:15:03 WARN  : An unexpected exception occurred in the module 'platform project logging'
16:15:05 INFO  : Platform 'mb_preset_wrapper' is added to custom repositories.
16:15:16 INFO  : Platform 'mb_preset_wrapper' is added to custom repositories.
16:16:46 INFO  : Result from executing command 'getProjects': mb_preset_wrapper
16:16:46 INFO  : Result from executing command 'getPlatforms': mb_preset_wrapper|C:/Users/guanxian/Desktop/ac701-state/mb_preset_wrapper/export/mb_preset_wrapper/mb_preset_wrapper.xpfm;xilinx_vck190_base_202220_1|C:/Xilinx/Vitis/2022.2/base_platforms/xilinx_vck190_base_202220_1/xilinx_vck190_base_202220_1.xpfm;xilinx_vck190_base_dfx_202220_1|C:/Xilinx/Vitis/2022.2/base_platforms/xilinx_vck190_base_dfx_202220_1/xilinx_vck190_base_dfx_202220_1.xpfm;xilinx_vmk180_base_202220_1|C:/Xilinx/Vitis/2022.2/base_platforms/xilinx_vmk180_base_202220_1/xilinx_vmk180_base_202220_1.xpfm;xilinx_zcu102_base_202220_1|C:/Xilinx/Vitis/2022.2/base_platforms/xilinx_zcu102_base_202220_1/xilinx_zcu102_base_202220_1.xpfm;xilinx_zcu102_base_dfx_202220_1|C:/Xilinx/Vitis/2022.2/base_platforms/xilinx_zcu102_base_dfx_202220_1/xilinx_zcu102_base_dfx_202220_1.xpfm;xilinx_zcu104_base_202220_1|C:/Xilinx/Vitis/2022.2/base_platforms/xilinx_zcu104_base_202220_1/xilinx_zcu104_base_202220_1.xpfm
16:16:50 INFO  : Checking for BSP changes to sync application flags for project 'state'...
16:17:10 INFO  : Connected to target on host '127.0.0.1' and port '3121'.
16:17:12 INFO  : Jtag cable 'Digilent JTAG-SMT1 210203857811A' is selected.
16:17:12 INFO  : 'jtag frequency' command is executed.
16:17:12 INFO  : 'targets -set -filter {jtag_cable_name =~ "Digilent JTAG-SMT1 210203857811A" && level==0 && jtag_device_ctx=="jsn-JTAG-SMT1-210203857811A-13636093-0"}' command is executed.
16:17:19 INFO  : Device configured successfully with "C:/Users/guanxian/Desktop/ac701-state/state/_ide/bitstream/mb_preset_wrapper.bit"
16:17:19 INFO  : Context for processor 'microblaze_0' is selected.
16:17:20 INFO  : Hardware design and registers information is loaded from 'C:/Users/guanxian/Desktop/ac701-state/mb_preset_wrapper/export/mb_preset_wrapper/hw/mb_preset_wrapper.xsa'.
16:17:20 INFO  : 'configparams mdm-detect-bscan-mask 2' command is executed.
16:17:20 INFO  : Context for processor 'microblaze_0' is selected.
16:17:20 INFO  : System reset is completed.
16:17:23 INFO  : 'after 3000' command is executed.
16:17:23 INFO  : Context for processor 'microblaze_0' is selected.
16:17:24 INFO  : The application 'C:/Users/guanxian/Desktop/ac701-state/state/Debug/state.elf' is downloaded to processor 'microblaze_0'.
16:17:24 INFO  : ----------------XSDB Script----------------
connect -url tcp:127.0.0.1:3121
targets -set -filter {jtag_cable_name =~ "Digilent JTAG-SMT1 210203857811A" && level==0 && jtag_device_ctx=="jsn-JTAG-SMT1-210203857811A-13636093-0"}
fpga -file C:/Users/guanxian/Desktop/ac701-state/state/_ide/bitstream/mb_preset_wrapper.bit
targets -set -nocase -filter {name =~ "*microblaze*#0" && bscan=="USER2" }
loadhw -hw C:/Users/guanxian/Desktop/ac701-state/mb_preset_wrapper/export/mb_preset_wrapper/hw/mb_preset_wrapper.xsa -regs
configparams mdm-detect-bscan-mask 2
targets -set -nocase -filter {name =~ "*microblaze*#0" && bscan=="USER2" }
rst -system
after 3000
targets -set -nocase -filter {name =~ "*microblaze*#0" && bscan=="USER2" }
dow C:/Users/guanxian/Desktop/ac701-state/state/Debug/state.elf
----------------End of Script----------------

16:17:24 INFO  : Context for processor 'microblaze_0' is selected.
16:17:24 INFO  : 'con' command is executed.
16:17:24 INFO  : ----------------XSDB Script (After Launch)----------------
targets -set -nocase -filter {name =~ "*microblaze*#0" && bscan=="USER2" }
con
----------------End of Script----------------

16:17:24 INFO  : Disconnected from the channel tcfchan#2.
16:18:50 INFO  : Connected to target on host '127.0.0.1' and port '3121'.
16:19:41 INFO  : Bit file 'C:/Users/guanxian/Desktop/ac701-state/state/_ide/bitstream/download.bit' is generated.
13:04:12 DEBUG : Logs will be stored at 'C:/Users/guanxian/Desktop/ac701-state/IDE.log'.
13:04:14 INFO  : Launching XSCT server: xsct.bat -n  -interactive C:\Users\guanxian\Desktop\ac701-state\temp_xsdb_launch_script.tcl
13:04:18 INFO  : Platform repository initialization has completed.
13:04:20 INFO  : Registering command handlers for Vitis TCF services
13:04:20 INFO  : XSCT server has started successfully.
13:04:20 INFO  : plnx-install-location is set to ''
13:04:20 INFO  : Successfully done setting XSCT server connection channel  
13:04:21 INFO  : Successfully done setting workspace for the tool. 
13:04:21 INFO  : Successfully done query RDI_DATADIR 
13:04:21 INFO  : Restoring global repository preferences: 
		 C:\Users\guanxian\Downloads\embeddedsw-xilinx-v2014.3\embeddedsw-xilinx-v2014.3\ThirdParty\sw_services
13:08:18 INFO  : Connected to target on host '127.0.0.1' and port '3121'.
