#-----------------------------------------------------------
# updatemem v2022.2 (64-bit)
# SW Build 3671981 on Fri Oct 14 05:00:03 MDT 2022
# 
# Start of session at: Tue Mar  7 16:19:23 2023
# Process ID: 13524
# Current directory: C:/Users/guanxian/Desktop/ac701-state
# Command line: updatemem.exe -mode batch -source C:/Xilinx/Vitis/2022.2/scripts/updatemem/main.tcl -notrace -tclargs -meminfo C:/Users/guanxian/Desktop/ac701-state/state/_ide/bitstream/mb_preset_wrapper.mmi -data C:/Xilinx/Vitis/2022.2/data/embeddedsw/lib/microblaze/mb_bootloop_le.elf -proc mb_preset_i/microblaze_0 -bit C:/Users/guanxian/Desktop/ac701-state/state/_ide/bitstream/mb_preset_wrapper.bit -out C:/Users/guanxian/Desktop/ac701-state/state/_ide/bitstream/download.bit -force
# Log file: C:/Users/guanxian/Desktop/ac701-state/updatemem.log
# Journal file: C:/Users/guanxian/Desktop/ac701-state\updatemem.jou
# Running On: XSH-GUANXIAN-L1, OS: Windows, CPU Frequency: 1896 MHz, CPU Physical cores: 16, Host memory: 33099 MB
#-----------------------------------------------------------
source C:/Xilinx/Vitis/2022.2/scripts/updatemem/main.tcl -notrace
Command: update_mem -meminfo C:/Users/guanxian/Desktop/ac701-state/state/_ide/bitstream/mb_preset_wrapper.mmi -data C:/Xilinx/Vitis/2022.2/data/embeddedsw/lib/microblaze/mb_bootloop_le.elf -proc mb_preset_i/microblaze_0 -bit C:/Users/guanxian/Desktop/ac701-state/state/_ide/bitstream/mb_preset_wrapper.bit -out C:/Users/guanxian/Desktop/ac701-state/state/_ide/bitstream/download.bit -force
Loading bitfile C:/Users/guanxian/Desktop/ac701-state/state/_ide/bitstream/mb_preset_wrapper.bit
Loading data files...
Updating memory content...
Creating bitstream...
Writing bitstream C:/Users/guanxian/Desktop/ac701-state/state/_ide/bitstream/download.bit...
0 Infos, 0 Warnings, 0 Critical Warnings and 0 Errors encountered.
update_mem completed successfully
update_mem: Time (s): cpu = 00:00:16 ; elapsed = 00:00:17 . Memory (MB): peak = 1597.766 ; gain = 1485.082
INFO: [Common 17-206] Exiting updatemem at Tue Mar  7 16:19:41 2023...
