Vivado Simulator v2022.2
Copyright 1986-1999, 2001-2022 Xilinx, Inc. All Rights Reserved.
Running: C:/Xilinx/Vivado/2022.2/bin/unwrapped/win64.o/xelab.exe --incr --debug typical --relax --mt 2 -L xil_defaultlib -L axi_lite_ipif_v3_0_4 -L lib_cdc_v1_0_2 -L lib_pkg_v1_0_2 -L axi_timer_v2_0_29 -L lib_srl_fifo_v1_0_2 -L axi_uartlite_v2_0_31 -L interrupt_control_v3_1_4 -L axi_iic_v2_1_3 -L dist_mem_gen_v8_0_13 -L fifo_generator_v13_2_7 -L lib_fifo_v1_0_16 -L axi_quad_spi_v3_2_26 -L microblaze_v11_0_10 -L lmb_v10_v3_0_12 -L lmb_bram_if_cntlr_v4_0_21 -L blk_mem_gen_v8_4_5 -L generic_baseblocks_v2_1_0 -L axi_infrastructure_v1_1_0 -L axi_register_slice_v2_1_27 -L axi_data_fifo_v2_1_26 -L axi_crossbar_v2_1_28 -L axi_intc_v4_1_17 -L xlconcat_v2_1_4 -L mdm_v3_2_23 -L proc_sys_reset_v5_0_13 -L xlconstant_v1_1_7 -L smartconnect_v1_0 -L axi_vip_v1_1_13 -L axi_ethernet_buffer_v2_0_24 -L xbip_utils_v3_0_10 -L xbip_pipe_v3_0_6 -L xbip_bram18k_v3_0_6 -L mult_gen_v12_0_18 -L tri_mode_ethernet_mac_v9_0_23 -L c_reg_fd_v12_0_6 -L c_mux_bit_v12_0_6 -L c_shift_ram_v12_0_14 -L xbip_dsp48_wrapper_v3_0_4 -L xbip_dsp48_addsub_v3_0_6 -L xbip_addsub_v3_0_6 -L c_addsub_v12_0_14 -L c_gate_bit_v12_0_6 -L xbip_counter_v3_0_6 -L c_counter_binary_v12_0_15 -L util_vector_logic_v2_0_2 -L axi_datamover_v5_1_29 -L axi_sg_v4_1_15 -L axi_dma_v7_1_28 -L axi_gpio_v2_0_29 -L uvm -L xilinx_vip -L unisims_ver -L unimacro_ver -L secureip -L xpm --snapshot mb_preset_wrapper_behav xil_defaultlib.mb_preset_wrapper xil_defaultlib.glbl -log elaborate.log 
Using 2 slave threads.
Starting static elaboration
Pass Through NonSizing Optimizer
WARNING: [VRFC 10-8856] comparison between unequal length arrays always returns TRUE; left argument length 26 is different from right argument length 16 for 'std_logic_vector_93' array [/wrk/ci/prod/2022.2/sw/continuous/3508/packages/customer/vivado/data/ip/xilinx/axi_dma_v7_1/hdl/axi_dma_v7_1_vh_rfs.vhd:17006]
WARNING: [VRFC 10-5021] port 'axi_dma_tstvec' is not connected on this instance [C:/Users/guanxian/Desktop/ac701-state/xilinx-ac701-2022.2.ip_user_files/bd/mb_preset/sim/mb_preset.v:2041]
WARNING: [VRFC 10-5021] port 'gpo' is not connected on this instance [C:/Users/guanxian/Desktop/ac701-state/xilinx-ac701-2022.2.ip_user_files/bd/mb_preset/sim/mb_preset.v:2217]
WARNING: [VRFC 10-5021] port 'cfgclk' is not connected on this instance [C:/Users/guanxian/Desktop/ac701-state/xilinx-ac701-2022.2.ip_user_files/bd/mb_preset/sim/mb_preset.v:2244]
WARNING: [VRFC 10-5021] port 'generateout0' is not connected on this instance [C:/Users/guanxian/Desktop/ac701-state/xilinx-ac701-2022.2.ip_user_files/bd/mb_preset/sim/mb_preset.v:2432]
WARNING: [VRFC 10-5021] port 'm_axi_ic_awid' is not connected on this instance [C:/Users/guanxian/Desktop/ac701-state/xilinx-ac701-2022.2.ip_user_files/bd/mb_preset/sim/mb_preset.v:2490]
WARNING: [VRFC 10-5021] port 'peripheral_reset' is not connected on this instance [C:/Users/guanxian/Desktop/ac701-state/xilinx-ac701-2022.2.ip_user_files/bd/mb_preset/sim/mb_preset.v:2931]
WARNING: [VRFC 10-5021] port 'mb_reset' is not connected on this instance [C:/Users/guanxian/Desktop/ac701-state/xilinx-ac701-2022.2.ip_user_files/bd/mb_preset/sim/mb_preset.v:2940]
WARNING: [VRFC 10-5021] port 'q' is not connected on this instance [C:/Users/guanxian/Desktop/ac701-state/xilinx-ac701-2022.2.ip_user_files/bd/mb_preset/ip/mb_preset_axi_ethernet_0_0/bd_0/sim/bd_b764.v:297]
WARNING: [VRFC 10-5021] port 'reset2pcspma' is not connected on this instance [C:/Users/guanxian/Desktop/ac701-state/xilinx-ac701-2022.2.ip_user_files/bd/mb_preset/ip/mb_preset_axi_ethernet_0_0/bd_0/sim/bd_b764.v:307]
WARNING: [VRFC 10-5021] port 'mb_reset' is not connected on this instance [C:/Users/guanxian/Desktop/ac701-state/xilinx-ac701-2022.2.ip_user_files/bd/mb_preset/ip/mb_preset_axi_smc_0/bd_0/sim/bd_9e88.v:2110]
WARNING: [VRFC 10-5021] port 'lmb_rst' is not connected on this instance [C:/Users/guanxian/Desktop/ac701-state/xilinx-ac701-2022.2.ip_user_files/bd/mb_preset/sim/mb_preset.v:4619]
WARNING: [VRFC 10-5021] port 'lmb_rst' is not connected on this instance [C:/Users/guanxian/Desktop/ac701-state/xilinx-ac701-2022.2.ip_user_files/bd/mb_preset/sim/mb_preset.v:4665]
WARNING: [VRFC 10-5021] port 'complex_oclk_prech_req' is not connected on this instance [C:/Users/guanxian/Desktop/ac701-state/xilinx-ac701-2022.2.ip_user_files/bd/mb_preset/ip/mb_preset_mig_7series_0_0/mb_preset_mig_7series_0_0/user_design/rtl/phy/mig_7series_v4_2_ddr_calib_top.v:1318]
WARNING: [VRFC 10-8809] cannot index into scalar type parameter/localparam 'INITIALISE' [C:/Users/guanxian/Desktop/ac701-state/xilinx-ac701-2022.2.ip_user_files/bd/mb_preset/ip/mb_preset_axi_ethernet_0_0/bd_0/ip/ip_1/synth/common/bd_b764_mac_0_block_reset_sync.v:86]
WARNING: [VRFC 10-8809] cannot index into scalar type parameter/localparam 'INITIALISE' [C:/Users/guanxian/Desktop/ac701-state/xilinx-ac701-2022.2.ip_user_files/bd/mb_preset/ip/mb_preset_axi_ethernet_0_0/bd_0/ip/ip_1/synth/common/bd_b764_mac_0_block_reset_sync.v:97]
WARNING: [VRFC 10-8809] cannot index into scalar type parameter/localparam 'INITIALISE' [C:/Users/guanxian/Desktop/ac701-state/xilinx-ac701-2022.2.ip_user_files/bd/mb_preset/ip/mb_preset_axi_ethernet_0_0/bd_0/ip/ip_1/synth/common/bd_b764_mac_0_block_reset_sync.v:108]
WARNING: [VRFC 10-8809] cannot index into scalar type parameter/localparam 'INITIALISE' [C:/Users/guanxian/Desktop/ac701-state/xilinx-ac701-2022.2.ip_user_files/bd/mb_preset/ip/mb_preset_axi_ethernet_0_0/bd_0/ip/ip_1/synth/common/bd_b764_mac_0_block_reset_sync.v:119]
WARNING: [VRFC 10-8809] cannot index into scalar type parameter/localparam 'INITIALISE' [C:/Users/guanxian/Desktop/ac701-state/xilinx-ac701-2022.2.ip_user_files/bd/mb_preset/ip/mb_preset_axi_ethernet_0_0/bd_0/ip/ip_1/synth/common/bd_b764_mac_0_block_reset_sync.v:130]
WARNING: [VRFC 10-8809] cannot index into scalar type parameter/localparam 'INITIALISE' [C:/Users/guanxian/Desktop/ac701-state/xilinx-ac701-2022.2.ip_user_files/bd/mb_preset/ip/mb_preset_axi_ethernet_0_0/bd_0/ip/ip_1/synth/common/bd_b764_mac_0_block_sync_block.v:83]
WARNING: [VRFC 10-8809] cannot index into scalar type parameter/localparam 'INITIALISE' [C:/Users/guanxian/Desktop/ac701-state/xilinx-ac701-2022.2.ip_user_files/bd/mb_preset/ip/mb_preset_axi_ethernet_0_0/bd_0/ip/ip_1/synth/common/bd_b764_mac_0_block_sync_block.v:94]
WARNING: [VRFC 10-8809] cannot index into scalar type parameter/localparam 'INITIALISE' [C:/Users/guanxian/Desktop/ac701-state/xilinx-ac701-2022.2.ip_user_files/bd/mb_preset/ip/mb_preset_axi_ethernet_0_0/bd_0/ip/ip_1/synth/common/bd_b764_mac_0_block_sync_block.v:105]
WARNING: [VRFC 10-8809] cannot index into scalar type parameter/localparam 'INITIALISE' [C:/Users/guanxian/Desktop/ac701-state/xilinx-ac701-2022.2.ip_user_files/bd/mb_preset/ip/mb_preset_axi_ethernet_0_0/bd_0/ip/ip_1/synth/common/bd_b764_mac_0_block_sync_block.v:116]
WARNING: [VRFC 10-8809] cannot index into scalar type parameter/localparam 'INITIALISE' [C:/Users/guanxian/Desktop/ac701-state/xilinx-ac701-2022.2.ip_user_files/bd/mb_preset/ip/mb_preset_axi_ethernet_0_0/bd_0/ip/ip_1/synth/common/bd_b764_mac_0_block_sync_block.v:127]
Completed static elaboration
Starting simulation data flow analysis
Completed simulation data flow analysis
Time Resolution for simulation is 1fs
Compiling package std.standard
Compiling package std.textio
Compiling package ieee.std_logic_1164
Compiling package ieee.numeric_std
Compiling package c_counter_binary_v12_0_15.c_counter_binary_v12_0_15_viv_co...
Compiling package xbip_utils_v3_0_10.xbip_utils_v3_0_10_pkg
Compiling package xbip_counter_v3_0_6.xbip_counter_v3_0_6_viv_comp
Compiling package ieee.std_logic_arith
Compiling package ieee.std_logic_unsigned
Compiling package xbip_counter_v3_0_6.xbip_counter_v3_0_6_pkg
Compiling package c_counter_binary_v12_0_15.c_counter_binary_v12_0_15_pkg
Compiling package c_addsub_v12_0_14.c_addsub_v12_0_14_pkg_legacy
Compiling package c_reg_fd_v12_0_6.c_reg_fd_v12_0_6_viv_comp
Compiling package c_addsub_v12_0_14.c_addsub_v12_0_14_pkg
Compiling package unisim.vcomponents
Compiling package c_shift_ram_v12_0_14.c_shift_ram_v12_0_14_viv_comp
Compiling package c_shift_ram_v12_0_14.c_shift_ram_v12_0_14_pkg
Compiling package c_mux_bit_v12_0_6.c_mux_bit_v12_0_6_viv_comp
Compiling package axi_lite_ipif_v3_0_4.ipif_pkg
Compiling package axi_ethernet_buffer_v2_0_24.rx_if_pack
Compiling package axi_ethernet_buffer_v2_0_24.tx_if_pack
Compiling package axi_ethernet_buffer_v2_0_24.registers_pack
Compiling package axi_ethernet_buffer_v2_0_24.clock_cross_pack
Compiling package axi_ethernet_buffer_v2_0_24.axi_ethernet_buffer_v2_0_24_pack
Compiling package ieee.vital_timing
Compiling package ieee.vital_primitives
Compiling package unisim.vpkg
Compiling package xpm.vcomponents
Compiling package synopsys.attributes
Compiling package ieee.std_logic_misc
Compiling package tri_mode_ethernet_mac_v9_0_23.tx_pack
Compiling package tri_mode_ethernet_mac_v9_0_23.common_pack
Compiling package tri_mode_ethernet_mac_v9_0_23.ptp_pack
Compiling package tri_mode_ethernet_mac_v9_0_23.rx_pack
Compiling package tri_mode_ethernet_mac_v9_0_23.ethernet_statistics_pack
Compiling package lib_pkg_v1_0_2.lib_pkg
Compiling package axi_dma_v7_1_28.axi_dma_pkg
Compiling package axi_sg_v4_1_15.axi_sg_pkg
Compiling package axi_iic_v2_1_3.iic_pkg
Compiling package ieee.std_logic_signed
Compiling package axi_quad_spi_v3_2_26.comp_defs
Compiling package axi_timer_v2_0_29.tc_types
Compiling package mdm_v3_2_23.mdm_funcs
Compiling package microblaze_v11_0_10.microblaze_types
Compiling package microblaze_v11_0_10.microblaze_isa
Compiling package ieee.std_logic_textio
Compiling package microblaze_v11_0_10.mmu_types
Compiling package ieee.math_real
Compiling package lmb_bram_if_cntlr_v4_0_21.lmb_bram_if_funcs
Compiling package smartconnect_v1_0.sc_util_v1_0_4_pkg
Compiling module unisims_ver.IOBUF
Compiling architecture structural of entity c_reg_fd_v12_0_6.c_reg_fd_v12_0_6_viv [\c_reg_fd_v12_0_6_viv(c_width=24...]
Compiling architecture muxcy_v of entity unisim.MUXCY [muxcy_default]
Compiling architecture xorcy_v of entity unisim.XORCY [xorcy_default]
Compiling architecture rtl of entity c_addsub_v12_0_14.c_addsub_v12_0_14_lut6_legacy [\c_addsub_v12_0_14_lut6_legacy(c...]
Compiling architecture synth of entity c_addsub_v12_0_14.c_addsub_v12_0_14_fabric_legacy [\c_addsub_v12_0_14_fabric_legacy...]
Compiling architecture synth of entity c_addsub_v12_0_14.c_addsub_v12_0_14_legacy [\c_addsub_v12_0_14_legacy(c_fami...]
Compiling architecture synth of entity c_counter_binary_v12_0_15.c_counter_binary_v12_0_15_legacy [\c_counter_binary_v12_0_15_legac...]
Compiling architecture synth of entity c_counter_binary_v12_0_15.c_counter_binary_v12_0_15_viv [\c_counter_binary_v12_0_15_viv(c...]
Compiling architecture xilinx of entity c_counter_binary_v12_0_15.c_counter_binary_v12_0_15 [\c_counter_binary_v12_0_15(c_xde...]
Compiling architecture bd_b764_c_counter_binary_0_0_arch of entity xil_defaultlib.bd_b764_c_counter_binary_0_0 [bd_b764_c_counter_binary_0_0_def...]
Compiling architecture structural of entity c_reg_fd_v12_0_6.c_reg_fd_v12_0_6_viv [\c_reg_fd_v12_0_6_viv(c_sync_pri...]
Compiling architecture struct of entity c_shift_ram_v12_0_14.c_shift_ram_v12_0_14_legacy [\c_shift_ram_v12_0_14_legacy(c_x...]
Compiling architecture synth of entity c_shift_ram_v12_0_14.c_shift_ram_v12_0_14_viv [\c_shift_ram_v12_0_14_viv(c_xdev...]
Compiling architecture xilinx of entity c_shift_ram_v12_0_14.c_shift_ram_v12_0_14 [\c_shift_ram_v12_0_14(c_xdevicef...]
Compiling architecture bd_b764_c_shift_ram_0_0_arch of entity xil_defaultlib.bd_b764_c_shift_ram_0_0 [bd_b764_c_shift_ram_0_0_default]
Compiling architecture fdre_v of entity unisim.FDRE [fdre_default]
Compiling architecture structural of entity axi_ethernet_buffer_v2_0_24.sync_block [sync_block_default]
Compiling architecture imp of entity axi_ethernet_buffer_v2_0_24.actv_hi_pulse_clk_cross [actv_hi_pulse_clk_cross_default]
Compiling architecture rtl of entity axi_ethernet_buffer_v2_0_24.sync_reset [sync_reset_default]
Compiling architecture imp of entity axi_ethernet_buffer_v2_0_24.actv_hi_reset_clk_cross [actv_hi_reset_clk_cross_default]
Compiling architecture imp of entity axi_ethernet_buffer_v2_0_24.reset_combiner [\reset_combiner(c_phy_rst_count=...]
Compiling architecture imp of entity axi_ethernet_buffer_v2_0_24.reg_cr [reg_cr_default]
Compiling architecture imp of entity axi_ethernet_buffer_v2_0_24.reg_tp [reg_tp_default]
Compiling architecture imp of entity axi_ethernet_buffer_v2_0_24.reg_ifgp [reg_ifgp_default]
Compiling architecture imp of entity axi_ethernet_buffer_v2_0_24.reg_is [reg_is_default]
Compiling architecture imp of entity axi_ethernet_buffer_v2_0_24.reg_ip [reg_ip_default]
Compiling architecture imp of entity axi_ethernet_buffer_v2_0_24.reg_ie [reg_ie_default]
Compiling architecture imp of entity axi_ethernet_buffer_v2_0_24.reg_32b [reg_32b_default]
Compiling architecture imp of entity axi_ethernet_buffer_v2_0_24.reg_16bl [reg_16bl_default]
Compiling architecture imp of entity axi_ethernet_buffer_v2_0_24.registers [\registers(c_family="artix7",c_t...]
Compiling architecture imp of entity axi_lite_ipif_v3_0_4.address_decoder [\address_decoder(c_bus_awidth=18...]
Compiling architecture imp of entity axi_lite_ipif_v3_0_4.slave_attachment [\slave_attachment(c_ard_addr_ran...]
Compiling architecture imp of entity axi_lite_ipif_v3_0_4.axi_lite_ipif [\axi_lite_ipif(c_s_axi_min_size=...]
Compiling architecture rtl of entity axi_ethernet_buffer_v2_0_24.addr_response_shim [\addr_response_shim(c_family="ar...]
Compiling architecture imp of entity axi_ethernet_buffer_v2_0_24.bus_clk_cross [\bus_clk_cross(c_bus_width=32)\]
Compiling architecture imp of entity axi_ethernet_buffer_v2_0_24.bus_clk_cross [\bus_clk_cross(c_bus_width=16)\]
Compiling architecture imp of entity axi_ethernet_buffer_v2_0_24.bus_clk_cross [\bus_clk_cross(c_bus_width=15)\]
Compiling architecture imp of entity axi_ethernet_buffer_v2_0_24.bus_and_enable_clk_cross [\bus_and_enable_clk_cross(c_bus_...]
Compiling architecture imp of entity axi_ethernet_buffer_v2_0_24.bus_clk_cross [bus_clk_cross_default]
Compiling architecture rtl of entity axi_ethernet_buffer_v2_0_24.rx_emac_if [\rx_emac_if(c_rxvlan_width=0,c_r...]
Compiling module xpm.xpm_memory_base(MEMORY_SIZE=3686...
Compiling module xpm.xpm_memory_tdpram(MEMORY_SIZE=36...
Compiling module xpm.xpm_memory_base(MEMORY_SIZE=1843...
Compiling module xpm.xpm_memory_tdpram(MEMORY_SIZE=18...
Compiling architecture rtl of entity axi_ethernet_buffer_v2_0_24.rx_mem_if [\rx_mem_if(c_rxd_mem_addr_width=...]
Compiling module xpm.xpm_fifo_rst_default
Compiling module xpm.xpm_fifo_reg_bit
Compiling module xpm.xpm_counter_updn(COUNTER_WIDTH=6...
Compiling module xpm.xpm_counter_updn(COUNTER_WIDTH=5...
Compiling module xpm.xpm_memory_base(MEMORY_TYPE=1,ME...
Compiling module xpm.xpm_counter_updn(COUNTER_WIDTH=2...
Compiling module xpm.xpm_fifo_base(FIFO_MEMORY_TYPE=1...
Compiling module xpm.xpm_fifo_sync(FIFO_MEMORY_TYPE="...
Compiling architecture implementation of entity axi_ethernet_buffer_v2_0_24.basic_sfifo_fg [\basic_sfifo_fg(c_dwidth=36,c_de...]
Compiling architecture rtl of entity axi_ethernet_buffer_v2_0_24.rx_axistream_if [\rx_axistream_if(c_rxd_mem_addr_...]
Compiling architecture rtl of entity axi_ethernet_buffer_v2_0_24.rx_if [\rx_if(c_family="artix7")(1,6)\]
Compiling architecture rtl of entity axi_ethernet_buffer_v2_0_24.tx_basic_if [\tx_basic_if(c_family="artix7",c...]
Compiling architecture rtl of entity axi_ethernet_buffer_v2_0_24.tx_axistream_if [\tx_axistream_if(c_family="artix...]
Compiling module xpm.asym_bwe_bb(MEMORY_SIZE=36864,ME...
Compiling module xpm.xpm_memory_base(MEMORY_SIZE=3686...
Compiling module xpm.xpm_memory_tdpram(MEMORY_SIZE=36...
Compiling architecture imp of entity axi_ethernet_buffer_v2_0_24.tx_mem_if [\tx_mem_if(c_family="artix7",c_t...]
Compiling architecture rtl of entity axi_ethernet_buffer_v2_0_24.tx_emac_if [\tx_emac_if(c_family="artix7",c_...]
Compiling architecture imp of entity axi_ethernet_buffer_v2_0_24.tx_if [\tx_if(c_family="artix7")(1,6)\]
Compiling architecture imp of entity axi_ethernet_buffer_v2_0_24.axi_ethernet_buffer_v2_0_24 [\axi_ethernet_buffer_v2_0_24(c_f...]
Compiling architecture bd_b764_eth_buf_0_arch of entity xil_defaultlib.bd_b764_eth_buf_0 [bd_b764_eth_buf_0_default]
Compiling module unisims_ver.MMCME2_ADV(CLKIN1_PERIOD=8.0,CLK...
Compiling module unisims_ver.BUFGCE
Compiling module xil_defaultlib.bd_b764_mac_0_support_clocking
Compiling module unisims_ver.FDPE_default
Compiling module xil_defaultlib.bd_b764_mac_0_block_reset_sync
Compiling module unisims_ver.FDRE_default
Compiling module xil_defaultlib.bd_b764_mac_0_block_sync_block
Compiling module xil_defaultlib.bd_b764_mac_0_support_resets
Compiling module unisims_ver.IDELAYCTRL_default
Compiling module xil_defaultlib.bd_b764_mac_0_clk_en_gen
Compiling module unisims_ver.OBUF
Compiling module unisims_ver.IBUF
Compiling module unisims_ver.ODDR(DDR_CLK_EDGE="SAME_EDGE")
Compiling module unisims_ver.BUFIO
Compiling module unisims_ver.BUFR_default
Compiling module unisims_ver.IDELAYE2_default
Compiling module unisims_ver.IDDR(DDR_CLK_EDGE="SAME_EDGE_PIP...
Compiling module xil_defaultlib.bd_b764_mac_0_rgmii_v2_0_if_defa...
Compiling architecture imp of entity axi_lite_ipif_v3_0_4.address_decoder [\address_decoder(c_bus_awidth=11...]
Compiling architecture imp of entity axi_lite_ipif_v3_0_4.slave_attachment [\slave_attachment(c_ard_addr_ran...]
Compiling architecture imp of entity axi_lite_ipif_v3_0_4.axi_lite_ipif [\axi_lite_ipif(c_s_axi_min_size=...]
Compiling architecture rtl of entity xil_defaultlib.bd_b764_mac_0_axi4_lite_ipif_top [bd_b764_mac_0_axi4_lite_ipif_top...]
Compiling module xil_defaultlib.bd_b764_mac_0_axi4_lite_ipif_wra...
Compiling module xil_defaultlib.bd_b764_mac_0_vector_decode
Compiling architecture rtl of entity tri_mode_ethernet_mac_v9_0_23.tri_mode_ethernet_mac_v9_0_23_sync_reset [tri_mode_ethernet_mac_v9_0_23_sy...]
Compiling architecture rtl of entity tri_mode_ethernet_mac_v9_0_23.tri_mode_ethernet_mac_v9_0_23_sync_reset [\tri_mode_ethernet_mac_v9_0_23_s...]
Compiling architecture structural of entity tri_mode_ethernet_mac_v9_0_23.tri_mode_ethernet_mac_v9_0_23_sync_block [tri_mode_ethernet_mac_v9_0_23_sy...]
Compiling module unisims_ver.LUT4
Compiling architecture fdce_v of entity unisim.FDCE [fdce_default]
Compiling architecture lut2_v of entity unisim.LUT2 [\LUT2(init="1000")(0,3)\]
Compiling architecture vcc_v of entity unisim.VCC [vcc_default]
Compiling architecture gnd_v of entity unisim.GND [gnd_default]
Compiling architecture schematic of entity tri_mode_ethernet_mac_v9_0_23.CC8CE [cc8ce_default]
Compiling architecture schematic of entity tri_mode_ethernet_mac_v9_0_23.CC2CE [cc2ce_default]
Compiling architecture rtl of entity tri_mode_ethernet_mac_v9_0_23.CRC_64_32 [crc_64_32_default]
Compiling architecture rtl of entity tri_mode_ethernet_mac_v9_0_23.CRC32_8 [crc32_8_default]
Compiling architecture rtl of entity tri_mode_ethernet_mac_v9_0_23.TX_STATE_MACH [\TX_STATE_MACH(c_half_duplex=fal...]
Compiling architecture srl16e_v of entity unisim.SRL16E [\SRL16E(0,15)\]
Compiling architecture rtl of entity tri_mode_ethernet_mac_v9_0_23.tri_mode_ethernet_mac_v9_0_23_tx [\tri_mode_ethernet_mac_v9_0_23_t...]
Compiling architecture rtl of entity tri_mode_ethernet_mac_v9_0_23.STATE_MACHINES [state_machines_default]
Compiling architecture rtl of entity tri_mode_ethernet_mac_v9_0_23.DECODE_FRAME [decode_frame_default]
Compiling architecture rtl of entity tri_mode_ethernet_mac_v9_0_23.PARAM_CHECK [param_check_default]
Compiling architecture rtl of entity tri_mode_ethernet_mac_v9_0_23.tri_mode_ethernet_mac_v9_0_23_rx [\tri_mode_ethernet_mac_v9_0_23_r...]
Compiling architecture ram64x1d_v of entity unisim.RAM64X1D [ram64x1d_default]
Compiling architecture rtl of entity tri_mode_ethernet_mac_v9_0_23.increment_controller [increment_controller_default]
Compiling architecture rtl of entity tri_mode_ethernet_mac_v9_0_23.pre_accumulator [pre_accumulator_default]
Compiling architecture rtl of entity tri_mode_ethernet_mac_v9_0_23.tri_mode_ethernet_mac_v9_0_23_statistics_core [\tri_mode_ethernet_mac_v9_0_23_s...]
Compiling module unisims_ver.RAM64X1D(INIT=64'b01000000111111...
Compiling module unisims_ver.RAM64X1D(INIT=64'b0111111)
Compiling module unisims_ver.RAM64X1D
Compiling module unisims_ver.x_lut3_mux8
Compiling module unisims_ver.LUT3(INIT=8'b0100001)
Compiling module unisims_ver.LUT3(INIT=8'b0100)
Compiling module unisims_ver.LUT3
Compiling module unisims_ver.LUT3(INIT=8'b0110)
Compiling module unisims_ver.SRL16E_default
Compiling module xil_defaultlib.bd_b764_mac_0_block
Compiling module xil_defaultlib.bd_b764_mac_0_support
Compiling module xil_defaultlib.bd_b764_mac_0
Compiling module util_vector_logic_v2_0_2.util_vector_logic_v2_0_2_util_ve...
Compiling module xil_defaultlib.bd_b764_util_vector_logic_0_0
Compiling module xlconstant_v1_1_7.xlconstant_v1_1_7_xlconstant
Compiling module xil_defaultlib.bd_b764_xlconstant_0_0
Compiling module xil_defaultlib.bd_b764
Compiling module xil_defaultlib.mb_preset_axi_ethernet_0_0
Compiling architecture implementation of entity axi_sg_v4_1_15.axi_sg_updt_sm [\axi_sg_updt_sm(c_sg_ch1_words_t...]
Compiling architecture implementation of entity axi_sg_v4_1_15.axi_sg_updt_cmdsts_if [axi_sg_updt_cmdsts_if_default]
Compiling architecture implementation of entity axi_sg_v4_1_15.axi_sg_updt_mngr [\axi_sg_updt_mngr(c_sg_ch1_words...]
Compiling architecture imp of entity lib_srl_fifo_v1_0_2.cntr_incr_decr_addn_f [\cntr_incr_decr_addn_f(c_size=5,...]
Compiling architecture behavioral of entity lib_srl_fifo_v1_0_2.dynshreg_f [\dynshreg_f(c_depth=12,c_dwidth=...]
Compiling architecture imp of entity lib_srl_fifo_v1_0_2.srl_fifo_rbu_f [\srl_fifo_rbu_f(c_dwidth=34,c_de...]
Compiling architecture imp of entity lib_srl_fifo_v1_0_2.srl_fifo_f [\srl_fifo_f(c_dwidth=34,c_depth=...]
Compiling architecture implementation of entity axi_sg_v4_1_15.axi_sg_updt_queue [\axi_sg_updt_queue(c_sg_updt_des...]
Compiling architecture implementation of entity axi_sg_v4_1_15.axi_sg_updt_q_mngr [\axi_sg_updt_q_mngr(c_sg_updt_de...]
Compiling architecture implementation of entity axi_sg_v4_1_15.axi_sg_intrpt [axi_sg_intrpt_default]
Compiling architecture implementation of entity axi_sg_v4_1_15.axi_sg_ftch_sm [\axi_sg_ftch_sm(c_sg_ch1_words_t...]
Compiling architecture implementation of entity axi_sg_v4_1_15.axi_sg_ftch_pntr [axi_sg_ftch_pntr_default]
Compiling architecture implementation of entity axi_sg_v4_1_15.axi_sg_ftch_cmdsts_if [axi_sg_ftch_cmdsts_if_default]
Compiling architecture implementation of entity axi_sg_v4_1_15.axi_sg_ftch_mngr [\axi_sg_ftch_mngr(c_sg_ch1_words...]
Compiling module xpm.xpm_fifo_rst_default_1
Compiling module xpm.xpm_counter_updn(COUNTER_WIDTH=8...
Compiling module xpm.xpm_counter_updn(COUNTER_WIDTH=7...
Compiling module xpm.xpm_memory_base(MEMORY_TYPE=1,ME...
Compiling module xpm.xpm_fifo_base(FIFO_WRITE_DEPTH=1...
Compiling module xpm.xpm_fifo_sync(FIFO_MEMORY_TYPE="...
Compiling architecture implementation of entity lib_fifo_v1_0_16.sync_fifo_fg [\sync_fifo_fg(c_family="artix7",...]
Compiling architecture implementation of entity axi_sg_v4_1_15.axi_sg_cntrl_strm [\axi_sg_cntrl_strm(c_prmy_cmdfif...]
Compiling architecture implementation of entity axi_sg_v4_1_15.axi_sg_ftch_queue [\axi_sg_ftch_queue(c_sg_ftch_des...]
Compiling architecture implementation of entity axi_sg_v4_1_15.axi_sg_ftch_q_mngr [\axi_sg_ftch_q_mngr(c_sg_ftch_de...]
Compiling architecture implementation of entity axi_sg_v4_1_15.axi_sg_reset [axi_sg_reset_default]
Compiling architecture imp of entity axi_sg_v4_1_15.axi_sg_fifo [\axi_sg_fifo(c_dwidth=68,c_depth...]
Compiling architecture imp of entity axi_sg_v4_1_15.axi_sg_fifo [\axi_sg_fifo(c_dwidth=8,c_depth=...]
Compiling architecture implementation of entity axi_sg_v4_1_15.axi_sg_cmd_status [\axi_sg_cmd_status(c_stscmd_fifo...]
Compiling architecture implementation of entity axi_sg_v4_1_15.axi_sg_rd_status_cntl [axi_sg_rd_status_cntl_default]
Compiling architecture implementation of entity axi_sg_v4_1_15.axi_sg_scc [\axi_sg_scc(c_sel_addr_width=2)\]
Compiling architecture implementation of entity axi_sg_v4_1_15.axi_sg_addr_cntl [\axi_sg_addr_cntl(c_addr_fifo_de...]
Compiling architecture implementation of entity axi_sg_v4_1_15.axi_sg_rddata_cntl [\axi_sg_rddata_cntl(c_align_widt...]
Compiling architecture implementation of entity axi_sg_v4_1_15.axi_sg_mm2s_basic_wrap [\axi_sg_mm2s_basic_wrap(c_mm2s_a...]
Compiling architecture behavioral of entity lib_srl_fifo_v1_0_2.dynshreg_f [\dynshreg_f(c_depth=3,c_dwidth=7...]
Compiling architecture imp of entity lib_srl_fifo_v1_0_2.srl_fifo_rbu_f [\srl_fifo_rbu_f(c_dwidth=7,c_dep...]
Compiling architecture imp of entity lib_srl_fifo_v1_0_2.srl_fifo_f [\srl_fifo_f(c_dwidth=7,c_depth=3...]
Compiling architecture imp of entity axi_sg_v4_1_15.axi_sg_fifo [\axi_sg_fifo(c_dwidth=7,c_depth=...]
Compiling architecture imp of entity lib_srl_fifo_v1_0_2.cntr_incr_decr_addn_f [\cntr_incr_decr_addn_f(c_size=3,...]
Compiling architecture behavioral of entity lib_srl_fifo_v1_0_2.dynshreg_f [\dynshreg_f(c_depth=3,c_dwidth=2...]
Compiling architecture imp of entity lib_srl_fifo_v1_0_2.srl_fifo_rbu_f [\srl_fifo_rbu_f(c_dwidth=2,c_dep...]
Compiling architecture imp of entity lib_srl_fifo_v1_0_2.srl_fifo_f [\srl_fifo_f(c_dwidth=2,c_depth=3...]
Compiling architecture imp of entity axi_sg_v4_1_15.axi_sg_fifo [\axi_sg_fifo(c_dwidth=2,c_depth=...]
Compiling architecture implementation of entity axi_sg_v4_1_15.axi_sg_wr_status_cntl [\axi_sg_wr_status_cntl(c_sts_fif...]
Compiling architecture implementation of entity axi_sg_v4_1_15.axi_sg_scc_wr [\axi_sg_scc_wr(c_sel_addr_width=...]
Compiling architecture implementation of entity axi_sg_v4_1_15.axi_sg_addr_cntl [\axi_sg_addr_cntl(c_addr_fifo_de...]
Compiling architecture implementation of entity axi_sg_v4_1_15.axi_sg_wrdata_cntl [\axi_sg_wrdata_cntl(c_sel_addr_w...]
Compiling architecture implementation of entity axi_sg_v4_1_15.axi_sg_s2mm_basic_wrap [\axi_sg_s2mm_basic_wrap(c_s2mm_a...]
Compiling architecture implementation of entity axi_sg_v4_1_15.axi_sg_datamover [\axi_sg_datamover(c_include_mm2s...]
Compiling architecture implementation of entity axi_sg_v4_1_15.axi_sg [\axi_sg(c_sg_ftch_desc2queue=4,c...]
Compiling architecture implementation of entity axi_dma_v7_1_28.axi_dma_mm2s_sm [\axi_dma_mm2s_sm(c_sg_length_wid...]
Compiling architecture behavioral of entity lib_srl_fifo_v1_0_2.dynshreg_f [\dynshreg_f(c_depth=16,c_dwidth=...]
Compiling architecture imp of entity lib_srl_fifo_v1_0_2.srl_fifo_rbu_f [\srl_fifo_rbu_f(c_dwidth=26,c_fa...]
Compiling architecture imp of entity lib_srl_fifo_v1_0_2.srl_fifo_f [\srl_fifo_f(c_dwidth=26,c_family...]
Compiling architecture implementation of entity axi_dma_v7_1_28.axi_dma_mm2s_sg_if [\axi_dma_mm2s_sg_if(c_sg_include...]
Compiling architecture implementation of entity axi_dma_v7_1_28.axi_dma_mm2s_cmdsts_if [\axi_dma_mm2s_cmdsts_if(c_extra=...]
Compiling architecture implementation of entity axi_dma_v7_1_28.axi_dma_mm2s_sts_mngr [axi_dma_mm2s_sts_mngr_default]
Compiling architecture implementation of entity axi_dma_v7_1_28.axi_dma_mm2s_mngr [\axi_dma_mm2s_mngr(c_prmy_cmdfif...]
Compiling architecture implementation of entity axi_dma_v7_1_28.axi_dma_sofeof_gen [axi_dma_sofeof_gen_default]
Compiling architecture implementation of entity axi_dma_v7_1_28.axi_dma_s2mm_sm [\axi_dma_s2mm_sm(c_sg_length_wid...]
Compiling architecture implementation of entity axi_dma_v7_1_28.axi_dma_s2mm_sg_if [\axi_dma_s2mm_sg_if(c_sg_include...]
Compiling architecture behavioral of entity lib_srl_fifo_v1_0_2.dynshreg_f [\dynshreg_f(c_depth=16,c_dwidth=...]
Compiling architecture imp of entity lib_srl_fifo_v1_0_2.srl_fifo_rbu_f [\srl_fifo_rbu_f(c_dwidth=33,c_fa...]
Compiling architecture imp of entity lib_srl_fifo_v1_0_2.srl_fifo_f [\srl_fifo_f(c_dwidth=33,c_family...]
Compiling architecture implementation of entity axi_dma_v7_1_28.axi_dma_s2mm_sts_strm [\axi_dma_s2mm_sts_strm(c_sg_leng...]
Compiling architecture implementation of entity axi_dma_v7_1_28.axi_dma_s2mm_cmdsts_if [\axi_dma_s2mm_cmdsts_if(c_sg_len...]
Compiling architecture implementation of entity axi_dma_v7_1_28.axi_dma_s2mm_sts_mngr [axi_dma_s2mm_sts_mngr_default]
Compiling architecture implementation of entity axi_dma_v7_1_28.axi_dma_s2mm_mngr [\axi_dma_s2mm_mngr(c_prmy_cmdfif...]
Compiling architecture implementation of entity axi_dma_v7_1_28.axi_dma_reset [\axi_dma_reset(c_prmry_is_aclk_a...]
Compiling architecture fdr_v of entity unisim.FDR [fdr_default]
Compiling architecture implementation of entity lib_cdc_v1_0_2.cdc_sync [\cdc_sync(c_mtbf_stages=4)\]
Compiling architecture implementation of entity axi_dma_v7_1_28.axi_dma_rst_module [\axi_dma_rst_module(c_prmry_is_a...]
Compiling architecture implementation of entity lib_cdc_v1_0_2.cdc_sync [\cdc_sync(c_single_bit=0,c_vecto...]
Compiling architecture implementation of entity lib_cdc_v1_0_2.cdc_sync [\cdc_sync(c_single_bit=0,c_mtbf_...]
Compiling architecture implementation of entity lib_cdc_v1_0_2.cdc_sync [\cdc_sync(c_single_bit=0,c_vecto...]
Compiling architecture implementation of entity lib_cdc_v1_0_2.cdc_sync [\cdc_sync(c_vector_width=10,c_mt...]
Compiling architecture implementation of entity lib_cdc_v1_0_2.cdc_sync [\cdc_sync(c_single_bit=0,c_mtbf_...]
Compiling architecture implementation of entity axi_dma_v7_1_28.axi_dma_lite_if [\axi_dma_lite_if(c_num_ce=23,c_a...]
Compiling architecture implementation of entity axi_dma_v7_1_28.axi_dma_register [\axi_dma_register(c_num_register...]
Compiling architecture implementation of entity axi_dma_v7_1_28.axi_dma_register_s2mm [\axi_dma_register_s2mm(c_num_reg...]
Compiling architecture implementation of entity axi_dma_v7_1_28.axi_dma_reg_module [\axi_dma_reg_module(c_sg_length_...]
Compiling architecture behavioral of entity lib_srl_fifo_v1_0_2.dynshreg_f [\dynshreg_f(c_depth=4,c_dwidth=1...]
Compiling architecture imp of entity lib_srl_fifo_v1_0_2.srl_fifo_rbu_f [\srl_fifo_rbu_f(c_dwidth=12,c_de...]
Compiling architecture imp of entity lib_srl_fifo_v1_0_2.srl_fifo_f [\srl_fifo_f(c_dwidth=12,c_depth=...]
Compiling architecture imp of entity axi_datamover_v5_1_29.axi_datamover_fifo [\axi_datamover_fifo(c_dwidth=12,...]
Compiling module xpm.xpm_fifo_rst_default_2
Compiling module xpm.xpm_memory_base(MEMORY_TYPE=1,ME...
Compiling module xpm.xpm_fifo_base(FIFO_MEMORY_TYPE=2...
Compiling module xpm.xpm_fifo_sync(FIFO_MEMORY_TYPE="...
Compiling architecture implementation of entity lib_fifo_v1_0_16.sync_fifo_fg [\sync_fifo_fg(c_family="artix7",...]
Compiling architecture imp of entity axi_datamover_v5_1_29.axi_datamover_sfifo_autord [\axi_datamover_sfifo_autord(c_dw...]
Compiling architecture implementation of entity axi_datamover_v5_1_29.axi_datamover_rd_sf [\axi_datamover_rd_sf(c_sf_fifo_d...]
Compiling architecture implementation of entity axi_datamover_v5_1_29.axi_datamover_dre_mux2_1_x_n [\axi_datamover_dre_mux2_1_x_n(c_...]
Compiling architecture implementation of entity axi_datamover_v5_1_29.axi_datamover_dre_mux4_1_x_n [\axi_datamover_dre_mux4_1_x_n(c_...]
Compiling architecture implementation of entity axi_datamover_v5_1_29.axi_datamover_mm2s_dre [\axi_datamover_mm2s_dre(c_dwidth...]
Compiling architecture implementation of entity axi_datamover_v5_1_29.axi_datamover_skid_buf [axi_datamover_skid_buf_default]
Compiling architecture implementation of entity axi_datamover_v5_1_29.axi_datamover_reset [axi_datamover_reset_default]
Compiling architecture imp of entity axi_datamover_v5_1_29.axi_datamover_fifo [\axi_datamover_fifo(c_dwidth=8,c...]
Compiling architecture imp of entity axi_datamover_v5_1_29.axi_datamover_fifo [\axi_datamover_fifo(c_dwidth=71,...]
Compiling architecture implementation of entity axi_datamover_v5_1_29.axi_datamover_cmd_status [\axi_datamover_cmd_status(c_stsc...]
Compiling architecture implementation of entity axi_datamover_v5_1_29.axi_datamover_rd_status_cntl [axi_datamover_rd_status_cntl_def...]
Compiling architecture implementation of entity axi_datamover_v5_1_29.axi_datamover_strb_gen2 [\axi_datamover_strb_gen2(c_strb_...]
Compiling architecture implementation of entity axi_datamover_v5_1_29.axi_datamover_strb_gen2 [\axi_datamover_strb_gen2(c_op_mo...]
Compiling architecture implementation of entity axi_datamover_v5_1_29.axi_datamover_pcc [\axi_datamover_pcc(c_is_mm2s=1,c...]
Compiling architecture behavioral of entity lib_srl_fifo_v1_0_2.dynshreg_f [\dynshreg_f(c_depth=4,c_dwidth=5...]
Compiling architecture imp of entity lib_srl_fifo_v1_0_2.srl_fifo_rbu_f [\srl_fifo_rbu_f(c_dwidth=59,c_de...]
Compiling architecture imp of entity lib_srl_fifo_v1_0_2.srl_fifo_f [\srl_fifo_f(c_dwidth=59,c_depth=...]
Compiling architecture imp of entity axi_datamover_v5_1_29.axi_datamover_fifo [\axi_datamover_fifo(c_dwidth=59,...]
Compiling architecture implementation of entity axi_datamover_v5_1_29.axi_datamover_addr_cntl [\axi_datamover_addr_cntl(c_famil...]
Compiling architecture behavioral of entity lib_srl_fifo_v1_0_2.dynshreg_f [\dynshreg_f(c_depth=4,c_dwidth=3...]
Compiling architecture imp of entity lib_srl_fifo_v1_0_2.srl_fifo_rbu_f [\srl_fifo_rbu_f(c_dwidth=31,c_de...]
Compiling architecture imp of entity lib_srl_fifo_v1_0_2.srl_fifo_f [\srl_fifo_f(c_dwidth=31,c_depth=...]
Compiling architecture imp of entity axi_datamover_v5_1_29.axi_datamover_fifo [\axi_datamover_fifo(c_dwidth=31,...]
Compiling architecture implementation of entity axi_datamover_v5_1_29.axi_datamover_rdmux [\axi_datamover_rdmux(c_sel_addr_...]
Compiling architecture implementation of entity axi_datamover_v5_1_29.axi_datamover_rddata_cntl [\axi_datamover_rddata_cntl(c_inc...]
Compiling architecture implementation of entity axi_datamover_v5_1_29.axi_datamover_mm2s_full_wrap [\axi_datamover_mm2s_full_wrap(c_...]
Compiling architecture implementation of entity axi_datamover_v5_1_29.axi_datamover_pcc [\axi_datamover_pcc(c_sel_addr_wi...]
Compiling architecture implementation of entity axi_datamover_v5_1_29.axi_datamover_s2mm_dre [\axi_datamover_s2mm_dre(c_dwidth...]
Compiling architecture implementation of entity axi_datamover_v5_1_29.axi_datamover_ms_strb_set [\axi_datamover_ms_strb_set(c_str...]
Compiling architecture implementation of entity axi_datamover_v5_1_29.axi_datamover_mssai_skid_buf [axi_datamover_mssai_skid_buf_def...]
Compiling architecture working of entity axi_datamover_v5_1_29.axi_datamover_slice [\axi_datamover_slice(c_data_widt...]
Compiling architecture behavioral of entity lib_srl_fifo_v1_0_2.dynshreg_f [\dynshreg_f(c_depth=16,c_dwidth=...]
Compiling architecture imp of entity lib_srl_fifo_v1_0_2.srl_fifo_rbu_f [\srl_fifo_rbu_f(c_dwidth=9,c_fam...]
Compiling architecture imp of entity lib_srl_fifo_v1_0_2.srl_fifo_f [\srl_fifo_f(c_dwidth=9,c_family=...]
Compiling architecture imp of entity axi_datamover_v5_1_29.axi_datamover_fifo [\axi_datamover_fifo(c_dwidth=9,c...]
Compiling architecture implementation of entity axi_datamover_v5_1_29.axi_datamover_s2mm_scatter [\axi_datamover_s2mm_scatter(c_fa...]
Compiling architecture behavioral of entity lib_srl_fifo_v1_0_2.dynshreg_f [\dynshreg_f(c_depth=4,c_dwidth=2...]
Compiling architecture imp of entity lib_srl_fifo_v1_0_2.srl_fifo_rbu_f [\srl_fifo_rbu_f(c_dwidth=29,c_de...]
Compiling architecture imp of entity lib_srl_fifo_v1_0_2.srl_fifo_f [\srl_fifo_f(c_dwidth=29,c_depth=...]
Compiling architecture imp of entity axi_datamover_v5_1_29.axi_datamover_fifo [\axi_datamover_fifo(c_dwidth=29,...]
Compiling architecture implementation of entity axi_datamover_v5_1_29.axi_datamover_s2mm_realign [\axi_datamover_s2mm_realign(c_dr...]
Compiling module xpm.xpm_fifo_rst_default_3
Compiling module xpm.xpm_memory_base(MEMORY_TYPE=1,ME...
Compiling module xpm.xpm_fifo_base(FIFO_MEMORY_TYPE=2...
Compiling module xpm.xpm_fifo_sync(FIFO_MEMORY_TYPE="...
Compiling architecture implementation of entity lib_fifo_v1_0_16.sync_fifo_fg [\sync_fifo_fg(c_family="artix7",...]
Compiling architecture imp of entity axi_datamover_v5_1_29.axi_datamover_sfifo_autord [\axi_datamover_sfifo_autord(c_dw...]
Compiling architecture behavioral of entity lib_srl_fifo_v1_0_2.dynshreg_f [\dynshreg_f(c_depth=8,c_dwidth=8...]
Compiling architecture imp of entity lib_srl_fifo_v1_0_2.srl_fifo_rbu_f [\srl_fifo_rbu_f(c_dwidth=8,c_dep...]
Compiling architecture imp of entity lib_srl_fifo_v1_0_2.srl_fifo_f [\srl_fifo_f(c_dwidth=8,c_depth=8...]
Compiling architecture implementation of entity axi_datamover_v5_1_29.axi_datamover_wr_sf [\axi_datamover_wr_sf(c_sf_fifo_d...]
Compiling architecture behavioral of entity lib_srl_fifo_v1_0_2.dynshreg_f [\dynshreg_f(c_depth=6,c_dwidth=7...]
Compiling architecture imp of entity lib_srl_fifo_v1_0_2.srl_fifo_rbu_f [\srl_fifo_rbu_f(c_dwidth=7,c_dep...]
Compiling architecture imp of entity lib_srl_fifo_v1_0_2.srl_fifo_f [\srl_fifo_f(c_dwidth=7,c_depth=6...]
Compiling architecture imp of entity axi_datamover_v5_1_29.axi_datamover_fifo [\axi_datamover_fifo(c_dwidth=7,c...]
Compiling architecture imp of entity lib_srl_fifo_v1_0_2.cntr_incr_decr_addn_f [\cntr_incr_decr_addn_f(c_size=4,...]
Compiling architecture behavioral of entity lib_srl_fifo_v1_0_2.dynshreg_f [\dynshreg_f(c_depth=6,c_dwidth=2...]
Compiling architecture imp of entity lib_srl_fifo_v1_0_2.srl_fifo_rbu_f [\srl_fifo_rbu_f(c_dwidth=2,c_dep...]
Compiling architecture imp of entity lib_srl_fifo_v1_0_2.srl_fifo_f [\srl_fifo_f(c_dwidth=2,c_depth=6...]
Compiling architecture imp of entity axi_datamover_v5_1_29.axi_datamover_fifo [\axi_datamover_fifo(c_dwidth=2,c...]
Compiling architecture implementation of entity axi_datamover_v5_1_29.axi_datamover_wr_status_cntl [\axi_datamover_wr_status_cntl(c_...]
Compiling architecture implementation of entity axi_datamover_v5_1_29.axi_datamover_addr_cntl [\axi_datamover_addr_cntl(c_addr_...]
Compiling architecture behavioral of entity lib_srl_fifo_v1_0_2.dynshreg_f [\dynshreg_f(c_depth=4,c_dwidth=2...]
Compiling architecture imp of entity lib_srl_fifo_v1_0_2.srl_fifo_rbu_f [\srl_fifo_rbu_f(c_dwidth=27,c_de...]
Compiling architecture imp of entity lib_srl_fifo_v1_0_2.srl_fifo_f [\srl_fifo_f(c_dwidth=27,c_depth=...]
Compiling architecture imp of entity axi_datamover_v5_1_29.axi_datamover_fifo [\axi_datamover_fifo(c_dwidth=27,...]
Compiling architecture implementation of entity axi_datamover_v5_1_29.axi_datamover_wrdata_cntl [\axi_datamover_wrdata_cntl(c_rea...]
Compiling architecture implementation of entity axi_datamover_v5_1_29.axi_datamover_wr_demux [\axi_datamover_wr_demux(c_sel_ad...]
Compiling architecture implementation of entity axi_datamover_v5_1_29.axi_datamover_skid2mm_buf [\axi_datamover_skid2mm_buf(c_add...]
Compiling architecture implementation of entity axi_datamover_v5_1_29.axi_datamover_s2mm_full_wrap [\axi_datamover_s2mm_full_wrap(c_...]
Compiling architecture implementation of entity axi_datamover_v5_1_29.axi_datamover [\axi_datamover(c_include_mm2s=1,...]
Compiling architecture implementation of entity axi_dma_v7_1_28.axi_dma [\axi_dma(c_sg_length_width=16,c_...]
Compiling architecture mb_preset_axi_ethernet_0_dma_0_arch of entity xil_defaultlib.mb_preset_axi_ethernet_0_dma_0 [mb_preset_axi_ethernet_0_dma_0_d...]
Compiling module unisims_ver.MMCME2_ADV(CLKFBOUT_MULT_F=10.0,...
Compiling module unisims_ver.BUFG
Compiling module xil_defaultlib.mb_preset_axi_ethernet_0_refclk_...
Compiling module xil_defaultlib.mb_preset_axi_ethernet_0_refclk_...
Compiling architecture imp of entity axi_lite_ipif_v3_0_4.pselect_f [\pselect_f(c_ab=2,c_aw=2,c_bar="...]
Compiling architecture imp of entity axi_lite_ipif_v3_0_4.pselect_f [\pselect_f(c_ab=2,c_aw=2,c_bar="...]
Compiling architecture imp of entity axi_lite_ipif_v3_0_4.pselect_f [\pselect_f(c_ab=2,c_aw=2,c_bar="...]
Compiling architecture imp of entity axi_lite_ipif_v3_0_4.pselect_f [\pselect_f(c_ab=2,c_aw=2,c_bar="...]
Compiling architecture imp of entity axi_lite_ipif_v3_0_4.address_decoder [\address_decoder(c_bus_awidth=9,...]
Compiling architecture imp of entity axi_lite_ipif_v3_0_4.slave_attachment [\slave_attachment(c_ard_addr_ran...]
Compiling architecture imp of entity axi_lite_ipif_v3_0_4.axi_lite_ipif [\axi_lite_ipif(c_s_axi_addr_widt...]
Compiling architecture implementation of entity lib_cdc_v1_0_2.cdc_sync [\cdc_sync(c_single_bit=0,c_vecto...]
Compiling architecture implementation of entity lib_cdc_v1_0_2.cdc_sync [\cdc_sync(c_single_bit=0,c_vecto...]
Compiling architecture imp of entity axi_gpio_v2_0_29.GPIO_Core [\GPIO_Core(c_aw=9,c_gpio_width=4...]
Compiling architecture imp of entity axi_gpio_v2_0_29.axi_gpio [\axi_gpio(c_family="artix7",c_gp...]
Compiling architecture mb_preset_axi_gpio_0_0_arch of entity xil_defaultlib.mb_preset_axi_gpio_0_0 [mb_preset_axi_gpio_0_0_default]
Compiling architecture implementation of entity lib_cdc_v1_0_2.cdc_sync [\cdc_sync(c_single_bit=0,c_vecto...]
Compiling architecture imp of entity axi_gpio_v2_0_29.GPIO_Core [\GPIO_Core(c_aw=9,c_gpio_width=4...]
Compiling architecture imp of entity axi_gpio_v2_0_29.axi_gpio [\axi_gpio(c_family="artix7",c_gp...]
Compiling architecture mb_preset_axi_gpio_1_0_arch of entity xil_defaultlib.mb_preset_axi_gpio_1_0 [mb_preset_axi_gpio_1_0_default]
Compiling architecture implementation of entity lib_cdc_v1_0_2.cdc_sync [\cdc_sync(c_single_bit=0,c_vecto...]
Compiling architecture imp of entity axi_gpio_v2_0_29.GPIO_Core [\GPIO_Core(c_aw=9,c_gpio_width=3...]
Compiling architecture imp of entity axi_gpio_v2_0_29.axi_gpio [\axi_gpio(c_family="artix7",c_gp...]
Compiling architecture mb_preset_axi_gpio_2_0_arch of entity xil_defaultlib.mb_preset_axi_gpio_2_0 [mb_preset_axi_gpio_2_0_default]
Compiling architecture imp of entity axi_lite_ipif_v3_0_4.pselect_f [\pselect_f(c_ab=3,c_aw=9,c_bar="...]
Compiling architecture imp of entity axi_lite_ipif_v3_0_4.pselect_f [\pselect_f(c_ab=4,c_aw=4,c_bar="...]
Compiling architecture imp of entity axi_lite_ipif_v3_0_4.pselect_f [\pselect_f(c_ab=4,c_aw=4,c_bar="...]
Compiling architecture imp of entity axi_lite_ipif_v3_0_4.pselect_f [\pselect_f(c_ab=4,c_aw=4,c_bar="...]
Compiling architecture imp of entity axi_lite_ipif_v3_0_4.pselect_f [\pselect_f(c_ab=4,c_aw=4,c_bar="...]
Compiling architecture imp of entity axi_lite_ipif_v3_0_4.pselect_f [\pselect_f(c_ab=4,c_aw=4,c_bar="...]
Compiling architecture imp of entity axi_lite_ipif_v3_0_4.pselect_f [\pselect_f(c_ab=4,c_aw=4,c_bar="...]
Compiling architecture imp of entity axi_lite_ipif_v3_0_4.pselect_f [\pselect_f(c_ab=4,c_aw=4,c_bar="...]
Compiling architecture imp of entity axi_lite_ipif_v3_0_4.pselect_f [\pselect_f(c_ab=4,c_aw=4,c_bar="...]
Compiling architecture imp of entity axi_lite_ipif_v3_0_4.pselect_f [\pselect_f(c_ab=4,c_aw=4,c_bar="...]
Compiling architecture imp of entity axi_lite_ipif_v3_0_4.pselect_f [\pselect_f(c_ab=4,c_aw=4,c_bar="...]
Compiling architecture imp of entity axi_lite_ipif_v3_0_4.pselect_f [\pselect_f(c_ab=4,c_aw=4,c_bar="...]
Compiling architecture imp of entity axi_lite_ipif_v3_0_4.pselect_f [\pselect_f(c_ab=4,c_aw=4,c_bar="...]
Compiling architecture imp of entity axi_lite_ipif_v3_0_4.pselect_f [\pselect_f(c_ab=4,c_aw=4,c_bar="...]
Compiling architecture imp of entity axi_lite_ipif_v3_0_4.pselect_f [\pselect_f(c_ab=4,c_aw=4,c_bar="...]
Compiling architecture imp of entity axi_lite_ipif_v3_0_4.pselect_f [\pselect_f(c_ab=4,c_aw=4,c_bar="...]
Compiling architecture imp of entity axi_lite_ipif_v3_0_4.pselect_f [\pselect_f(c_ab=4,c_aw=4,c_bar="...]
Compiling architecture imp of entity axi_lite_ipif_v3_0_4.pselect_f [\pselect_f(c_ab=7,c_aw=9,c_bar="...]
Compiling architecture imp of entity axi_lite_ipif_v3_0_4.pselect_f [\pselect_f(c_ab=1,c_aw=9,c_bar="...]
Compiling architecture imp of entity axi_lite_ipif_v3_0_4.pselect_f [\pselect_f(c_ab=5,c_aw=5,c_bar="...]
Compiling architecture imp of entity axi_lite_ipif_v3_0_4.pselect_f [\pselect_f(c_ab=5,c_aw=5,c_bar="...]
Compiling architecture imp of entity axi_lite_ipif_v3_0_4.pselect_f [\pselect_f(c_ab=5,c_aw=5,c_bar="...]
Compiling architecture imp of entity axi_lite_ipif_v3_0_4.pselect_f [\pselect_f(c_ab=5,c_aw=5,c_bar="...]
Compiling architecture imp of entity axi_lite_ipif_v3_0_4.pselect_f [\pselect_f(c_ab=5,c_aw=5,c_bar="...]
Compiling architecture imp of entity axi_lite_ipif_v3_0_4.pselect_f [\pselect_f(c_ab=5,c_aw=5,c_bar="...]
Compiling architecture imp of entity axi_lite_ipif_v3_0_4.pselect_f [\pselect_f(c_ab=5,c_aw=5,c_bar="...]
Compiling architecture imp of entity axi_lite_ipif_v3_0_4.pselect_f [\pselect_f(c_ab=5,c_aw=5,c_bar="...]
Compiling architecture imp of entity axi_lite_ipif_v3_0_4.pselect_f [\pselect_f(c_ab=5,c_aw=5,c_bar="...]
Compiling architecture imp of entity axi_lite_ipif_v3_0_4.pselect_f [\pselect_f(c_ab=5,c_aw=5,c_bar="...]
Compiling architecture imp of entity axi_lite_ipif_v3_0_4.pselect_f [\pselect_f(c_ab=5,c_aw=5,c_bar="...]
Compiling architecture imp of entity axi_lite_ipif_v3_0_4.pselect_f [\pselect_f(c_ab=5,c_aw=5,c_bar="...]
Compiling architecture imp of entity axi_lite_ipif_v3_0_4.pselect_f [\pselect_f(c_ab=5,c_aw=5,c_bar="...]
Compiling architecture imp of entity axi_lite_ipif_v3_0_4.pselect_f [\pselect_f(c_ab=5,c_aw=5,c_bar="...]
Compiling architecture imp of entity axi_lite_ipif_v3_0_4.pselect_f [\pselect_f(c_ab=5,c_aw=5,c_bar="...]
Compiling architecture imp of entity axi_lite_ipif_v3_0_4.pselect_f [\pselect_f(c_ab=5,c_aw=5,c_bar="...]
Compiling architecture imp of entity axi_lite_ipif_v3_0_4.pselect_f [\pselect_f(c_ab=5,c_aw=5,c_bar="...]
Compiling architecture imp of entity axi_lite_ipif_v3_0_4.pselect_f [\pselect_f(c_ab=5,c_aw=5,c_bar="...]
Compiling architecture imp of entity axi_lite_ipif_v3_0_4.address_decoder [\address_decoder(c_bus_awidth=9,...]
Compiling architecture imp of entity axi_lite_ipif_v3_0_4.slave_attachment [\slave_attachment(c_ard_addr_ran...]
Compiling architecture imp of entity axi_lite_ipif_v3_0_4.axi_lite_ipif [\axi_lite_ipif(c_s_axi_addr_widt...]
Compiling architecture implementation of entity interrupt_control_v3_1_4.interrupt_control [\interrupt_control(c_num_ce=16,c...]
Compiling architecture lut4_v of entity unisim.LUT4 [\LUT4(init="1111111111001010")(0...]
Compiling architecture fdrse_v of entity unisim.FDRSE [fdrse_default]
Compiling architecture implementation of entity axi_iic_v2_1_3.soft_reset [soft_reset_default]
Compiling architecture rtl of entity axi_iic_v2_1_3.axi_ipif_ssp1 [\axi_ipif_ssp1(c_num_iic_regs=18...]
Compiling architecture rtl of entity axi_iic_v2_1_3.reg_interface [\reg_interface(c_scl_inertial_de...]
Compiling architecture rtl of entity axi_iic_v2_1_3.debounce [\debounce(c_inertial_delay=0)\]
Compiling architecture rtl of entity axi_iic_v2_1_3.filter [\filter(scl_inertial_delay=0,sda...]
Compiling architecture rtl of entity axi_iic_v2_1_3.upcnt_n [\upcnt_n(c_size=10)\]
Compiling architecture rtl of entity axi_iic_v2_1_3.shift8 [shift8_default]
Compiling architecture rtl of entity axi_iic_v2_1_3.upcnt_n [\upcnt_n(c_size=4)\]
Compiling architecture rtl of entity axi_iic_v2_1_3.iic_control [\iic_control(c_scl_inertial_dela...]
Compiling architecture muxcy_l_v of entity unisim.MUXCY_L [muxcy_l_default]
Compiling architecture imp of entity axi_iic_v2_1_3.SRL_FIFO [\SRL_FIFO(c_depth=4)\]
Compiling architecture rtl of entity axi_iic_v2_1_3.dynamic_master [dynamic_master_default]
Compiling architecture imp of entity axi_iic_v2_1_3.SRL_FIFO [\SRL_FIFO(c_data_bits=2,c_depth=...]
Compiling architecture rtl of entity axi_iic_v2_1_3.iic [\iic(c_num_iic_regs=18,c_gpo_wid...]
Compiling architecture rtl of entity axi_iic_v2_1_3.axi_iic [\axi_iic(c_family="artix7",c_s_a...]
Compiling architecture mb_preset_axi_iic_0_0_arch of entity xil_defaultlib.mb_preset_axi_iic_0_0 [mb_preset_axi_iic_0_0_default]
Compiling architecture imp of entity axi_lite_ipif_v3_0_4.pselect_f [\pselect_f(c_ab=1,c_aw=7,c_bar="...]
Compiling architecture imp of entity axi_lite_ipif_v3_0_4.pselect_f [\pselect_f(c_ab=2,c_aw=7,c_bar="...]
Compiling architecture imp of entity axi_lite_ipif_v3_0_4.pselect_f [\pselect_f(c_ab=3,c_aw=3,c_bar="...]
Compiling architecture imp of entity axi_lite_ipif_v3_0_4.pselect_f [\pselect_f(c_ab=3,c_aw=3,c_bar="...]
Compiling architecture imp of entity axi_lite_ipif_v3_0_4.pselect_f [\pselect_f(c_ab=3,c_aw=3,c_bar="...]
Compiling architecture imp of entity axi_lite_ipif_v3_0_4.pselect_f [\pselect_f(c_ab=3,c_aw=3,c_bar="...]
Compiling architecture imp of entity axi_lite_ipif_v3_0_4.pselect_f [\pselect_f(c_ab=3,c_aw=3,c_bar="...]
Compiling architecture imp of entity axi_lite_ipif_v3_0_4.pselect_f [\pselect_f(c_ab=3,c_aw=3,c_bar="...]
Compiling architecture imp of entity axi_lite_ipif_v3_0_4.pselect_f [\pselect_f(c_ab=3,c_aw=3,c_bar="...]
Compiling architecture imp of entity axi_lite_ipif_v3_0_4.pselect_f [\pselect_f(c_ab=3,c_aw=3,c_bar="...]
Compiling architecture imp of entity axi_lite_ipif_v3_0_4.pselect_f [\pselect_f(c_ab=2,c_aw=7,c_bar="...]
Compiling architecture imp of entity axi_lite_ipif_v3_0_4.address_decoder [\address_decoder(c_bus_awidth=7,...]
Compiling architecture imp of entity axi_lite_ipif_v3_0_4.slave_attachment [\slave_attachment(c_ard_addr_ran...]
Compiling architecture imp of entity axi_lite_ipif_v3_0_4.axi_lite_ipif [\axi_lite_ipif(c_s_axi_addr_widt...]
Compiling architecture implementation of entity lib_cdc_v1_0_2.cdc_sync [\cdc_sync(c_vector_width=1,c_mtb...]
Compiling architecture fdre_v of entity unisim.FDRE [\FDRE(init='1')\]
Compiling architecture fdr_v of entity unisim.FDR [\FDR(init='1')\]
Compiling architecture implementation of entity lib_cdc_v1_0_2.cdc_sync [\cdc_sync(c_vector_width=1,c_mtb...]
Compiling architecture implementation of entity lib_cdc_v1_0_2.cdc_sync [\cdc_sync(c_vector_width=1,c_mtb...]
Compiling architecture imp of entity axi_quad_spi_v3_2_26.cross_clk_sync_fifo_1 [\cross_clk_sync_fifo_1(c_family=...]
Compiling architecture implementation of entity lib_cdc_v1_0_2.cdc_sync [\cdc_sync(c_vector_width=1)\]
Compiling architecture imp of entity axi_quad_spi_v3_2_26.counter_f [\counter_f(c_num_bits=4)(1,8)\]
Compiling module xpm.xpm_fifo_base(COMMON_CLOCK=0,FIF...
Compiling module xpm.xpm_fifo_async(FIFO_MEMORY_TYPE=...
Compiling architecture implementation of entity lib_fifo_v1_0_16.async_fifo_fg [\async_fifo_fg(c_allow_2n_depth=...]
Compiling architecture imp of entity axi_quad_spi_v3_2_26.qspi_fifo_ifmodule [\qspi_fifo_ifmodule(c_num_transf...]
Compiling architecture imp of entity axi_quad_spi_v3_2_26.qspi_occupancy_reg [\qspi_occupancy_reg(c_occupancy_...]
Compiling architecture startupe2_v of entity unisim.STARTUPE2 [\STARTUPE2(1,5)\]
Compiling architecture imp of entity axi_quad_spi_v3_2_26.qspi_startup_block [\qspi_startup_block(c_sub_family...]
Compiling module dist_mem_gen_v8_0_13.dist_mem_gen_v8_0_13(C_FAMILY="a...
Compiling architecture imp of entity axi_quad_spi_v3_2_26.qspi_look_up_logic [\qspi_look_up_logic(c_family="ar...]
Compiling architecture fd_v of entity unisim.FD [\FD(init='1')\]
Compiling architecture imp of entity axi_quad_spi_v3_2_26.qspi_mode_control_logic [\qspi_mode_control_logic(c_sck_r...]
Compiling architecture imp of entity axi_quad_spi_v3_2_26.qspi_status_slave_sel_reg [\qspi_status_slave_sel_reg(c_spi...]
Compiling architecture imp of entity axi_quad_spi_v3_2_26.reset_sync_module [reset_sync_module_default]
Compiling module xpm.xpm_cdc_sync_rst(DEST_SYNC_FF=2,...
Compiling module xpm.xpm_fifo_rst(COMMON_CLOCK=0)
Compiling module xpm.xpm_counter_updn
Compiling module xpm.xpm_memory_base(MEMORY_TYPE=1,ME...
Compiling module xpm.xpm_cdc_gray(DEST_SYNC_FF=2,INIT...
Compiling module xpm.xpm_fifo_reg_vec
Compiling module xpm.xpm_cdc_gray(INIT_SYNC_FF=1,WIDT...
Compiling module xpm.xpm_fifo_reg_vec(REG_WIDTH=5)
Compiling module xpm.xpm_cdc_gray(DEST_SYNC_FF=2,INIT...
Compiling module xpm.xpm_fifo_base(COMMON_CLOCK=0,FIF...
Compiling module xpm.xpm_fifo_async(FIFO_MEMORY_TYPE=...
Compiling architecture imp of entity axi_quad_spi_v3_2_26.qspi_cntrl_reg [\qspi_cntrl_reg(c_s_axi_data_wid...]
Compiling architecture implementation of entity axi_quad_spi_v3_2_26.soft_reset [\soft_reset(c_reset_width=16)\]
Compiling architecture implementation of entity interrupt_control_v3_1_4.interrupt_control [\interrupt_control(c_num_ce=16,c...]
Compiling architecture imp of entity axi_quad_spi_v3_2_26.qspi_core_interface [\qspi_core_interface(c_family="a...]
Compiling architecture fd_v of entity unisim.FD [fd_default]
Compiling architecture imp of entity axi_quad_spi_v3_2_26.axi_quad_spi_top [\axi_quad_spi_top(async_clk=1,c_...]
Compiling architecture imp of entity axi_quad_spi_v3_2_26.axi_quad_spi [\axi_quad_spi(async_clk=1,c_fami...]
Compiling architecture mb_preset_axi_quad_spi_0_0_arch of entity xil_defaultlib.mb_preset_axi_quad_spi_0_0 [mb_preset_axi_quad_spi_0_0_defau...]
Compiling module xil_defaultlib.bd_9e88_one_0
Compiling architecture implementation of entity lib_cdc_v1_0_2.cdc_sync [\cdc_sync(c_vector_width=2,c_mtb...]
Compiling architecture srl16e_v of entity unisim.SRL16E [\SRL16E(init="1111111111111111")...]
Compiling architecture srl16_v of entity unisim.SRL16 [\SRL16(init="1111111111111111")(...]
Compiling architecture imp of entity proc_sys_reset_v5_0_13.lpf [\lpf(c_ext_rst_width=4,c_aux_rst...]
Compiling architecture imp of entity proc_sys_reset_v5_0_13.upcnt_n [\upcnt_n(c_size=6)\]
Compiling architecture imp of entity proc_sys_reset_v5_0_13.sequence_psr [sequence_psr_default]
Compiling architecture imp of entity proc_sys_reset_v5_0_13.proc_sys_reset [\proc_sys_reset(c_family="artix7...]
Compiling architecture bd_9e88_psr_aclk_0_arch of entity xil_defaultlib.bd_9e88_psr_aclk_0 [bd_9e88_psr_aclk_0_default]
Compiling module xil_defaultlib.clk_map_imp_1NO9JPB
Compiling module xpm.xpm_cdc_async_rst(DEST_SYNC_FF=3...
Compiling module xil_defaultlib.bd_9e88_m00e_0
Compiling module xil_defaultlib.m00_exit_pipeline_imp_D8WIZO
Compiling module xpm.xpm_memory_base(MEMORY_TYPE=1,ME...
Compiling module xpm.xpm_memory_sdpram(MEMORY_SIZE=32...
Compiling module xpm.xpm_memory_base(MEMORY_TYPE=1,ME...
Compiling module xpm.xpm_memory_sdpram(MEMORY_SIZE=51...
Compiling module xil_defaultlib.bd_9e88_m00arn_0
Compiling module xil_defaultlib.bd_9e88_m00awn_0
Compiling module xpm.xpm_memory_base(MEMORY_TYPE=1,ME...
Compiling module xpm.xpm_memory_sdpram(MEMORY_SIZE=70...
Compiling module xpm.xpm_memory_base(MEMORY_TYPE=1,ME...
Compiling module xpm.xpm_memory_sdpram(MEMORY_SIZE=35...
Compiling module xil_defaultlib.bd_9e88_m00bn_0
Compiling module xpm.xpm_memory_base(MEMORY_TYPE=1,ME...
Compiling module xpm.xpm_memory_sdpram(MEMORY_SIZE=57...
Compiling module xil_defaultlib.bd_9e88_m00rn_0
Compiling module xpm.xpm_memory_base(MEMORY_TYPE=1,ME...
Compiling module xpm.xpm_memory_sdpram(MEMORY_SIZE=4,...
Compiling module xpm.xpm_memory_base(MEMORY_TYPE=1,ME...
Compiling module xpm.xpm_memory_sdpram(MEMORY_SIZE=48...
Compiling module xil_defaultlib.bd_9e88_m00wn_0
Compiling module xil_defaultlib.m00_nodes_imp_ZE0WZS
Compiling module xil_defaultlib.bd_9e88_m00s2a_0
Compiling module xil_defaultlib.bd_9e88_s00a2s_0
Compiling module xil_defaultlib.bd_9e88_s00mmu_0
Compiling module xil_defaultlib.bd_9e88_s00sic_0
Compiling module xil_defaultlib.bd_9e88_s00tr_0
Compiling module xil_defaultlib.s00_entry_pipeline_imp_1BVYTD3
Compiling module xpm.xpm_memory_base(MEMORY_TYPE=1,ME...
Compiling module xpm.xpm_memory_sdpram(MEMORY_SIZE=57...
Compiling module xpm.xpm_memory_base(MEMORY_TYPE=1,ME...
Compiling module xpm.xpm_memory_sdpram(MEMORY_SIZE=45...
Compiling module xil_defaultlib.bd_9e88_sarn_0
Compiling module xil_defaultlib.bd_9e88_sawn_0
Compiling module xpm.xpm_memory_base(MEMORY_TYPE=1,ME...
Compiling module xpm.xpm_memory_sdpram(MEMORY_SIZE=92...
Compiling module xil_defaultlib.bd_9e88_sbn_0
Compiling module xpm.xpm_memory_base(MEMORY_TYPE=1,ME...
Compiling module xpm.xpm_memory_sdpram(MEMORY_SIZE=59...
Compiling module xil_defaultlib.bd_9e88_srn_0
Compiling module xpm.xpm_memory_base(MEMORY_TYPE=1,ME...
Compiling module xpm.xpm_memory_sdpram(MEMORY_SIZE=63...
Compiling module xpm.xpm_memory_base(MEMORY_TYPE=1,ME...
Compiling module xpm.xpm_memory_sdpram(MEMORY_SIZE=62...
Compiling module xil_defaultlib.bd_9e88_swn_0
Compiling module xil_defaultlib.s00_nodes_imp_1FDPQ2L
Compiling module xil_defaultlib.bd_9e88_s01a2s_0
Compiling module xil_defaultlib.bd_9e88_s01mmu_0
Compiling module xil_defaultlib.bd_9e88_s01sic_0
Compiling module xil_defaultlib.bd_9e88_s01tr_0
Compiling module xil_defaultlib.s01_entry_pipeline_imp_FIAPRN
Compiling module xil_defaultlib.bd_9e88_sarn_1
Compiling module xil_defaultlib.bd_9e88_srn_1
Compiling module xil_defaultlib.s01_nodes_imp_A0WU2Z
Compiling module xil_defaultlib.bd_9e88_s02a2s_0
Compiling module xil_defaultlib.bd_9e88_s02mmu_0
Compiling module xil_defaultlib.bd_9e88_s02sic_0
Compiling module xil_defaultlib.bd_9e88_s02tr_0
Compiling module xil_defaultlib.s02_entry_pipeline_imp_I1C0R2
Compiling module xil_defaultlib.bd_9e88_sarn_2
Compiling module xil_defaultlib.bd_9e88_srn_2
Compiling module xil_defaultlib.s02_nodes_imp_OHJGY8
Compiling module xil_defaultlib.bd_9e88_s03a2s_0
Compiling module xil_defaultlib.bd_9e88_s03mmu_0
Compiling module xil_defaultlib.bd_9e88_s03sic_0
Compiling module xil_defaultlib.bd_9e88_s03tr_0
Compiling module xil_defaultlib.s03_entry_pipeline_imp_1OM04KA
Compiling module xil_defaultlib.bd_9e88_sawn_1
Compiling module xil_defaultlib.bd_9e88_sbn_1
Compiling module xil_defaultlib.bd_9e88_swn_1
Compiling module xil_defaultlib.s03_nodes_imp_1IQV1T2
Compiling module xil_defaultlib.bd_9e88_s04a2s_0
Compiling module xil_defaultlib.bd_9e88_s04mmu_0
Compiling module xil_defaultlib.bd_9e88_s04sic_0
Compiling module xil_defaultlib.bd_9e88_s04tr_0
Compiling module xil_defaultlib.s04_entry_pipeline_imp_1BY0E5W
Compiling module xil_defaultlib.bd_9e88_sarn_3
Compiling module xil_defaultlib.bd_9e88_sawn_2
Compiling module xil_defaultlib.bd_9e88_sbn_2
Compiling module xil_defaultlib.bd_9e88_srn_3
Compiling module xil_defaultlib.bd_9e88_swn_2
Compiling module xil_defaultlib.s04_nodes_imp_18JAJVQ
Compiling module xil_defaultlib.bd_9e88_arsw_0
Compiling module xil_defaultlib.bd_9e88_awsw_0
Compiling module xil_defaultlib.bd_9e88_bsw_0
Compiling module xil_defaultlib.bd_9e88_rsw_0
Compiling module xil_defaultlib.bd_9e88_wsw_0
Compiling module xil_defaultlib.switchboards_imp_1MI4G15
Compiling module xil_defaultlib.bd_9e88
Compiling module xil_defaultlib.mb_preset_axi_smc_0
Compiling architecture imp of entity axi_timer_v2_0_29.mux_onehot_f [\mux_onehot_f(c_nb=6,c_family="a...]
Compiling architecture imp of entity axi_timer_v2_0_29.counter_f [\counter_f(c_num_bits=32,c_famil...]
Compiling architecture imp of entity axi_timer_v2_0_29.count_module [\count_module(c_family="artix7")...]
Compiling architecture imp of entity axi_timer_v2_0_29.timer_control [\timer_control(c_ard_num_ce_arra...]
Compiling architecture lut2_v of entity unisim.LUT2 [\LUT2(init="1110")(0,3)\]
Compiling architecture fdrs_v of entity unisim.FDRS [fdrs_default]
Compiling architecture imp of entity axi_timer_v2_0_29.tc_core [\tc_core(c_family="artix7",c_ard...]
Compiling architecture imp of entity axi_lite_ipif_v3_0_4.address_decoder [\address_decoder(c_bus_awidth=5,...]
Compiling architecture imp of entity axi_lite_ipif_v3_0_4.slave_attachment [\slave_attachment(c_ard_addr_ran...]
Compiling architecture imp of entity axi_lite_ipif_v3_0_4.axi_lite_ipif [\axi_lite_ipif(c_s_axi_addr_widt...]
Compiling architecture imp of entity axi_timer_v2_0_29.axi_timer [\axi_timer(c_family="artix7")(1,...]
Compiling architecture mb_preset_axi_timer_0_0_arch of entity xil_defaultlib.mb_preset_axi_timer_0_0 [mb_preset_axi_timer_0_0_default]
Compiling architecture rtl of entity axi_uartlite_v2_0_31.baudrate [\baudrate(c_ratio=54)\]
Compiling architecture behavioral of entity lib_srl_fifo_v1_0_2.dynshreg_f [\dynshreg_f(c_depth=16,c_dwidth=...]
Compiling architecture imp of entity lib_srl_fifo_v1_0_2.srl_fifo_rbu_f [\srl_fifo_rbu_f(c_dwidth=8,c_fam...]
Compiling architecture imp of entity lib_srl_fifo_v1_0_2.srl_fifo_f [\srl_fifo_f(c_dwidth=8,c_family=...]
Compiling architecture rtl of entity axi_uartlite_v2_0_31.uartlite_rx [\uartlite_rx(c_family="artix7")(...]
Compiling architecture rtl of entity axi_uartlite_v2_0_31.uartlite_tx [\uartlite_tx(c_family="artix7")(...]
Compiling architecture rtl of entity axi_uartlite_v2_0_31.uartlite_core [\uartlite_core(c_family="artix7"...]
Compiling architecture imp of entity axi_lite_ipif_v3_0_4.address_decoder [\address_decoder(c_bus_awidth=4,...]
Compiling architecture imp of entity axi_lite_ipif_v3_0_4.slave_attachment [\slave_attachment(c_ard_addr_ran...]
Compiling architecture imp of entity axi_lite_ipif_v3_0_4.axi_lite_ipif [\axi_lite_ipif(c_s_axi_addr_widt...]
Compiling architecture rtl of entity axi_uartlite_v2_0_31.axi_uartlite [\axi_uartlite(c_family="artix7",...]
Compiling architecture mb_preset_axi_uartlite_0_0_arch of entity xil_defaultlib.mb_preset_axi_uartlite_0_0 [mb_preset_axi_uartlite_0_0_defau...]
Compiling architecture bscane2_v of entity unisim.BSCANE2 [\BSCANE2(jtag_chain=2)(1,5)\]
Compiling architecture imp of entity mdm_v3_2_23.MB_BSCANE2 [\MB_BSCANE2(c_target=artix7,jtag...]
Compiling architecture lut1_v of entity unisim.LUT1 [\LUT1(init="10")(0,1)\]
Compiling architecture imp of entity mdm_v3_2_23.MB_LUT1 [\MB_LUT1(c_target=artix7,init="1...]
Compiling architecture bufgctrl_v of entity unisim.BUFGCTRL [\BUFGCTRL(init_out=1,preselect_i...]
Compiling architecture bufgce_1_v of entity unisim.BUFGCE_1 [bufgce_1_default]
Compiling architecture imp of entity mdm_v3_2_23.MB_BUFGCE_1 [\MB_BUFGCE_1(c_target=artix7)\]
Compiling architecture imp of entity mdm_v3_2_23.xil_scan_reset_control [xil_scan_reset_control_default]
Compiling architecture fdc_1_v of entity unisim.FDC_1 [fdc_1_default]
Compiling architecture imp of entity mdm_v3_2_23.MB_FDC_1 [\MB_FDC_1(c_target=artix7)\]
Compiling architecture fdre_1_v of entity unisim.FDRE_1 [fdre_1_default]
Compiling architecture imp of entity mdm_v3_2_23.MB_FDRE_1 [\MB_FDRE_1(c_target=artix7)\]
Compiling architecture srl16e_v of entity unisim.SRL16E [\SRL16E(init="0000000101100111")...]
Compiling architecture imp of entity mdm_v3_2_23.MB_SRL16E [\MB_SRL16E(c_target=artix7,c_sta...]
Compiling architecture srl16e_v of entity unisim.SRL16E [\SRL16E(init="0100001010000111")...]
Compiling architecture imp of entity mdm_v3_2_23.MB_SRL16E [\MB_SRL16E(c_target=artix7,c_sta...]
Compiling architecture srl16e_v of entity unisim.SRL16E [\SRL16E(init="0100010001000011")...]
Compiling architecture imp of entity mdm_v3_2_23.MB_SRL16E [\MB_SRL16E(c_target=artix7,c_sta...]
Compiling architecture srl16e_v of entity unisim.SRL16E [\SRL16E(init="0101100001001101")...]
Compiling architecture imp of entity mdm_v3_2_23.MB_SRL16E [\MB_SRL16E(c_target=artix7,c_sta...]
Compiling architecture imp of entity mdm_v3_2_23.JTAG_CONTROL [\JTAG_CONTROL(c_target=artix7,c_...]
Compiling architecture imp of entity mdm_v3_2_23.MDM_Core [\MDM_Core(c_target=artix7,c_jtag...]
Compiling architecture imp of entity mdm_v3_2_23.MDM [\MDM(c_family="artix7",c_device=...]
Compiling architecture mb_preset_mdm_1_0_arch of entity xil_defaultlib.mb_preset_mdm_1_0 [mb_preset_mdm_1_0_default]
Compiling architecture imp of entity microblaze_v11_0_10.DAXI_interface [\DAXI_interface(c_data_size=32,c...]
Compiling architecture lut5_v of entity unisim.LUT5 [\LUT5(init="10101010101011000000...]
Compiling architecture imp of entity microblaze_v11_0_10.MB_LUT5 [\MB_LUT5(c_target=artix7,init="1...]
Compiling architecture lut4_v of entity unisim.LUT4 [\LUT4(init="1111111111101100")(0...]
Compiling architecture imp of entity microblaze_v11_0_10.MB_LUT4 [\MB_LUT4(c_target=artix7,init="1...]
Compiling architecture ram32x1d_v of entity unisim.RAM32X1D [ram32x1d_default]
Compiling architecture imp of entity microblaze_v11_0_10.MB_RAM32X1D [\MB_RAM32X1D(c_target=artix7,c_u...]
Compiling architecture imp of entity microblaze_v11_0_10.MB_RAM16X1D [\MB_RAM16X1D(c_target=artix7,c_u...]
Compiling architecture lut6_v of entity unisim.LUT6 [\LUT6(init="10101010111100001100...]
Compiling architecture imp of entity microblaze_v11_0_10.MB_LUT6 [\MB_LUT6(c_target=artix7,init="1...]
Compiling architecture fdse_v of entity unisim.FDSE [\FDSE(init='0')\]
Compiling architecture imp of entity microblaze_v11_0_10.MB_FDSE [\MB_FDSE(c_target=artix7,init='0...]
Compiling architecture lut6_v of entity unisim.LUT6 [\LUT6(init="10101010000011111100...]
Compiling architecture imp of entity microblaze_v11_0_10.MB_LUT6 [\MB_LUT6(c_target=artix7,init="1...]
Compiling architecture imp of entity microblaze_v11_0_10.Cache_Interface [\Cache_Interface(c_target=artix7...]
Compiling architecture imp of entity microblaze_v11_0_10.comparator [\comparator(c_target=artix7,c_is...]
Compiling architecture imp of entity microblaze_v11_0_10.cache_valid_bit_detect [\cache_valid_bit_detect(c_addr_s...]
Compiling architecture rb36_internal_vhdl_v of entity unisim.RB36_INTERNAL_VHDL [\RB36_INTERNAL_VHDL(init_a="0000...]
Compiling architecture ramb36e1_v of entity unisim.RAMB36E1 [\RAMB36E1(read_width_a=18,read_w...]
Compiling architecture imp of entity microblaze_v11_0_10.MB_RAMB36 [\MB_RAMB36(c_target=artix7,c_use...]
Compiling architecture imp of entity microblaze_v11_0_10.RAM_Module [\RAM_Module(c_id=300,c_target=ar...]
Compiling architecture rb36_internal_vhdl_v of entity unisim.RB36_INTERNAL_VHDL [\RB36_INTERNAL_VHDL(init_a="0000...]
Compiling architecture ramb36e1_v of entity unisim.RAMB36E1 [\RAMB36E1(read_width_a=4,read_wi...]
Compiling architecture imp of entity microblaze_v11_0_10.MB_RAMB36 [\MB_RAMB36(c_target=artix7,c_use...]
Compiling architecture imp of entity microblaze_v11_0_10.RAM_Module [\RAM_Module(c_id=400,c_target=ar...]
Compiling architecture imp of entity microblaze_v11_0_10.DCache_gti [\DCache_gti(c_target=artix7,c_us...]
Compiling architecture imp of entity microblaze_v11_0_10.comparator [\comparator(c_target=artix7,c_is...]
Compiling architecture imp of entity microblaze_v11_0_10.stream_cache [\stream_cache(c_target=artix7,c_...]
Compiling architecture lru_module of entity microblaze_v11_0_10.LRU_Module [\LRU_Module(c_line_size_log2=3)\]
Compiling architecture imp of entity microblaze_v11_0_10.victim_cache [\victim_cache(c_target=artix7,c_...]
Compiling architecture imp of entity microblaze_v11_0_10.cache_valid_bit_detect [\cache_valid_bit_detect(c_addr_s...]
Compiling architecture rb36_internal_vhdl_v of entity unisim.RB36_INTERNAL_VHDL [\RB36_INTERNAL_VHDL(init_a="0000...]
Compiling architecture ramb36e1_v of entity unisim.RAMB36E1 [\RAMB36E1(read_width_a=36,read_w...]
Compiling architecture imp of entity microblaze_v11_0_10.MB_RAMB36 [\MB_RAMB36(c_target=artix7,c_use...]
Compiling architecture imp of entity microblaze_v11_0_10.RAM_Module [\RAM_Module(c_id=1200,c_target=a...]
Compiling architecture imp of entity microblaze_v11_0_10.RAM_Module [\RAM_Module(c_id=1300,c_target=a...]
Compiling architecture imp of entity microblaze_v11_0_10.Cache_Interface [\Cache_Interface(c_target=artix7...]
Compiling architecture imp of entity microblaze_v11_0_10.Icache [\Icache(c_target=artix7,c_use_co...]
Compiling architecture srl16e_v of entity unisim.SRL16E [\SRL16E(init="1111111111111111")...]
Compiling architecture imp of entity microblaze_v11_0_10.MB_SRL16E [\MB_SRL16E(c_target=artix7,c_use...]
Compiling architecture srl16e_v of entity unisim.SRL16E [\SRL16E(init="1011111111111111")...]
Compiling architecture imp of entity microblaze_v11_0_10.MB_SRL16E [\MB_SRL16E(c_target=artix7,c_use...]
Compiling architecture srl16e_v of entity unisim.SRL16E [\SRL16E(15,0)\]
Compiling architecture imp of entity microblaze_v11_0_10.MB_SRL16E [\MB_SRL16E(c_target=artix7,c_use...]
Compiling architecture srl16e_v of entity unisim.SRL16E [\SRL16E(init="1000000000000000")...]
Compiling architecture imp of entity microblaze_v11_0_10.MB_SRL16E [\MB_SRL16E(c_target=artix7,c_use...]
Compiling architecture srl16e_v of entity unisim.SRL16E [\SRL16E(init="1001100100101011")...]
Compiling architecture imp of entity microblaze_v11_0_10.MB_SRL16E [\MB_SRL16E(c_target=artix7,c_use...]
Compiling architecture srl16e_v of entity unisim.SRL16E [\SRL16E(init="0000001111111000")...]
Compiling architecture imp of entity microblaze_v11_0_10.MB_SRL16E [\MB_SRL16E(c_target=artix7,c_use...]
Compiling architecture srl16e_v of entity unisim.SRL16E [\SRL16E(init="1110001101100100")...]
Compiling architecture imp of entity microblaze_v11_0_10.MB_SRL16E [\MB_SRL16E(c_target=artix7,c_use...]
Compiling architecture srl16e_v of entity unisim.SRL16E [\SRL16E(init="0010010100000000")...]
Compiling architecture imp of entity microblaze_v11_0_10.MB_SRL16E [\MB_SRL16E(c_target=artix7,c_use...]
Compiling architecture imp of entity microblaze_v11_0_10.mb_sync_bit [\mb_sync_bit(c_levels=1,c_reset_...]
Compiling architecture imp of entity microblaze_v11_0_10.mb_sync_vec [\mb_sync_vec(c_levels=1,c_reset_...]
Compiling architecture imp of entity microblaze_v11_0_10.mb_sync_bit [\mb_sync_bit(c_levels=1)\]
Compiling architecture imp of entity microblaze_v11_0_10.mb_sync_vec [\mb_sync_vec(c_width=10)\]
Compiling architecture srlc16e_v of entity unisim.SRLC16E [\SRLC16E(0,15)\]
Compiling architecture imp of entity microblaze_v11_0_10.MB_SRLC16E [\MB_SRLC16E(c_target=artix7,c_us...]
Compiling architecture imp of entity microblaze_v11_0_10.address_hit [\address_hit(c_target=artix7,c_u...]
Compiling architecture imp of entity microblaze_v11_0_10.address_hit [\address_hit(c_target=artix7,c_u...]
Compiling architecture imp of entity microblaze_v11_0_10.address_data_hit [\address_data_hit(c_target=artix...]
Compiling architecture imp of entity microblaze_v11_0_10.xil_scan_reset_control [xil_scan_reset_control_default]
Compiling architecture imp of entity microblaze_v11_0_10.Debug [\Debug(c_data_size=32,c_instr_si...]
Compiling architecture imp of entity microblaze_v11_0_10.interrupt_mode_converter [\interrupt_mode_converter(c_edge...]
Compiling architecture and2b1l_v of entity unisim.AND2B1L [and2b1l_default]
Compiling architecture imp of entity microblaze_v11_0_10.MB_AND2B1L [\MB_AND2B1L(c_target=artix7)\]
Compiling architecture imp of entity microblaze_v11_0_10.MB_MUXCY [\MB_MUXCY(c_target=artix7)\]
Compiling architecture imp of entity microblaze_v11_0_10.carry_or [\carry_or(c_target=artix7)\]
Compiling architecture imp of entity microblaze_v11_0_10.carry_and [\carry_and(c_target=artix7)\]
Compiling architecture lut6_v of entity unisim.LUT6 [\LUT6(init="10010000000010010000...]
Compiling architecture imp of entity microblaze_v11_0_10.MB_LUT6 [\MB_LUT6(c_target=artix7,init="1...]
Compiling architecture lut6_v of entity unisim.LUT6 [\LUT6(init="10010000000010010000...]
Compiling architecture imp of entity microblaze_v11_0_10.MB_LUT6 [\MB_LUT6(c_target=artix7,init="1...]
Compiling architecture imp of entity microblaze_v11_0_10.MB_FDRE [\MB_FDRE(c_target=artix7)\]
Compiling architecture imp of entity microblaze_v11_0_10.MB_MUXCY_XORCY [\MB_MUXCY_XORCY(c_target=artix7)...]
Compiling architecture muxf7_v of entity unisim.MUXF7 [muxf7_default]
Compiling architecture imp of entity microblaze_v11_0_10.MB_MUXF7 [\MB_MUXF7(c_target=artix7)\]
Compiling architecture imp of entity microblaze_v11_0_10.MB_FDR [\MB_FDR(c_target=artix7)\]
Compiling architecture imp of entity microblaze_v11_0_10.PC_Module_gti [\PC_Module_gti(c_data_size=32,c_...]
Compiling architecture lut6_v of entity unisim.LUT6 [\LUT6(init="00000000000000000000...]
Compiling architecture imp of entity microblaze_v11_0_10.MB_LUT6 [\MB_LUT6(c_target=artix7,init="0...]
Compiling architecture lut6_v of entity unisim.LUT6 [\LUT6(init="00000000000000001111...]
Compiling architecture imp of entity microblaze_v11_0_10.MB_LUT6 [\MB_LUT6(c_target=artix7,init="0...]
Compiling architecture lut6_v of entity unisim.LUT6 [\LUT6(init="11111111000000001111...]
Compiling architecture imp of entity microblaze_v11_0_10.MB_LUT6 [\MB_LUT6(c_target=artix7,init="1...]
Compiling architecture fdse_v of entity unisim.FDSE [fdse_default]
Compiling architecture fds_v of entity unisim.FDS [fds_default]
Compiling architecture imp of entity microblaze_v11_0_10.MB_FDS [\MB_FDS(c_target=artix7)\]
Compiling architecture lut6_v of entity unisim.LUT6 [\LUT6(init="00000000111111110000...]
Compiling architecture imp of entity microblaze_v11_0_10.MB_LUT6 [\MB_LUT6(c_target=artix7,init="0...]
Compiling architecture imp of entity microblaze_v11_0_10.PreFetch_Buffer_gti [\PreFetch_Buffer_gti(c_instr_siz...]
Compiling architecture imp of entity microblaze_v11_0_10.jump_logic [\jump_logic(c_instr_size=32,c_ta...]
Compiling architecture imp of entity microblaze_v11_0_10.Decode_gti [\Decode_gti(c_data_size=32,c_ins...]
Compiling architecture lut6_2_v of entity unisim.LUT6_2 [\LUT6_2(init="000000001111111100...]
Compiling architecture imp of entity microblaze_v11_0_10.MB_LUT6_2 [\MB_LUT6_2(c_target=artix7,init=...]
Compiling architecture lut4_v of entity unisim.LUT4 [\LUT4(init="0011110001011010")(0...]
Compiling architecture imp of entity microblaze_v11_0_10.MB_LUT4 [\MB_LUT4(c_target=artix7,init="0...]
Compiling architecture imp of entity microblaze_v11_0_10.Div_unit_gti [\Div_unit_gti(c_target=artix7,c_...]
Compiling architecture ram32m_v of entity unisim.RAM32M [ram32m_default]
Compiling architecture imp of entity microblaze_v11_0_10.MB_RAM32M [\MB_RAM32M(c_target=artix7,c_use...]
Compiling architecture imp of entity microblaze_v11_0_10.Register_File_gti [\Register_File_gti(c_data_size=3...]
Compiling architecture imp of entity microblaze_v11_0_10.Operand_Select_gti [\Operand_Select_gti(c_data_size=...]
Compiling architecture lut6_2_v of entity unisim.LUT6_2 [\LUT6_2(init="011000000111101010...]
Compiling architecture imp of entity microblaze_v11_0_10.MB_LUT6_2 [\MB_LUT6_2(c_target=artix7,init=...]
Compiling architecture imp of entity microblaze_v11_0_10.ALU_Bit [\ALU_Bit(c_target=artix7,c_allow...]
Compiling architecture lut6_v of entity unisim.LUT6 [\LUT6(init="01100000011110101010...]
Compiling architecture imp of entity microblaze_v11_0_10.MB_LUT6 [\MB_LUT6(c_target=artix7,init="0...]
Compiling architecture lut4_v of entity unisim.LUT4 [\LUT4(init="1111101000001010")(0...]
Compiling architecture imp of entity microblaze_v11_0_10.MB_LUT4 [\MB_LUT4(c_target=artix7,init="1...]
Compiling architecture mult_and_v of entity unisim.MULT_AND [mult_and_default]
Compiling architecture imp of entity microblaze_v11_0_10.MB_MULT_AND [\MB_MULT_AND(c_target=artix7)\]
Compiling architecture imp of entity microblaze_v11_0_10.ALU_Bit [\ALU_Bit(c_target=artix7,c_allow...]
Compiling architecture imp of entity microblaze_v11_0_10.ALU [\ALU(c_data_size=32,c_allow_lut6...]
Compiling architecture imp of entity microblaze_v11_0_10.MB_LUT6 [\MB_LUT6(c_target=rtl,init="1100...]
Compiling architecture imp of entity microblaze_v11_0_10.MB_LUT6 [\MB_LUT6(c_target=rtl,init="1100...]
Compiling architecture imp of entity microblaze_v11_0_10.MB_LUT6 [\MB_LUT6(c_target=rtl,init="1100...]
Compiling architecture imp of entity microblaze_v11_0_10.MB_MUXF7 [\MB_MUXF7(c_target=rtl)\]
Compiling architecture imp of entity microblaze_v11_0_10.carry_equal [\carry_equal(c_target=rtl,size=8...]
Compiling architecture imp of entity microblaze_v11_0_10.MB_LUT6 [\MB_LUT6(c_target=rtl,init="0000...]
Compiling architecture imp of entity microblaze_v11_0_10.MB_LUT6 [\MB_LUT6(c_target=rtl,init="0000...]
Compiling architecture imp of entity microblaze_v11_0_10.MB_LUT6 [\MB_LUT6(c_target=rtl,init="0111...]
Compiling architecture imp of entity microblaze_v11_0_10.count_leading_zeros [count_leading_zeros_default]
Compiling architecture imp of entity microblaze_v11_0_10.Shift_Logic_Module_gti [\Shift_Logic_Module_gti(c_data_s...]
Compiling architecture dsp48e1_v of entity unisim.DSP48E1 [\DSP48E1(acascreg=0,alumodereg=0...]
Compiling architecture imp of entity microblaze_v11_0_10.MB_DSP48E1 [\MB_DSP48E1(c_target=artix7,acas...]
Compiling architecture imp of entity microblaze_v11_0_10.dsp_module [\dsp_module(c_target=artix7,c_ab...]
Compiling architecture imp of entity microblaze_v11_0_10.dsp_module [\dsp_module(c_target=artix7,c_ab...]
Compiling architecture dsp48e1_v of entity unisim.DSP48E1 [\DSP48E1(acascreg=0,alumodereg=0...]
Compiling architecture imp of entity microblaze_v11_0_10.MB_DSP48E1 [\MB_DSP48E1(c_target=artix7,acas...]
Compiling architecture imp of entity microblaze_v11_0_10.dsp_module [\dsp_module(c_target=artix7,c_ab...]
Compiling architecture dsp48e1_v of entity unisim.DSP48E1 [\DSP48E1(acascreg=0,alumodereg=0...]
Compiling architecture imp of entity microblaze_v11_0_10.MB_DSP48E1 [\MB_DSP48E1(c_target=artix7,acas...]
Compiling architecture imp of entity microblaze_v11_0_10.dsp_module [\dsp_module(c_target=artix7,c_ab...]
Compiling architecture imp of entity microblaze_v11_0_10.mul_unit [\mul_unit(c_data_size=32,c_targe...]
Compiling architecture lut6_v of entity unisim.LUT6 [\LUT6(init="11111111000000000000...]
Compiling architecture imp of entity microblaze_v11_0_10.MB_LUT6 [\MB_LUT6(c_target=artix7,init="1...]
Compiling architecture imp of entity microblaze_v11_0_10.Barrel_Shifter_gti [\Barrel_Shifter_gti(c_data_size=...]
Compiling architecture imp of entity microblaze_v11_0_10.WB_Mux_Bit [\WB_Mux_Bit(c_target=artix7,c_lu...]
Compiling architecture imp of entity microblaze_v11_0_10.WB_Mux_Bit [\WB_Mux_Bit(c_target=artix7,c_lu...]
Compiling architecture imp of entity microblaze_v11_0_10.WB_Mux_Bit [\WB_Mux_Bit(c_target=artix7,c_lu...]
Compiling architecture imp of entity microblaze_v11_0_10.WB_Mux [\WB_Mux(c_data_size=32,c_daddr_s...]
Compiling architecture imp of entity microblaze_v11_0_10.Zero_Detect_gti [\Zero_Detect_gti(c_data_size=32,...]
Compiling architecture imp of entity microblaze_v11_0_10.Byte_Doublet_Handle_gti [\Byte_Doublet_Handle_gti(c_data_...]
Compiling architecture imp of entity microblaze_v11_0_10.Data_Flow_Logic [\Data_Flow_Logic(c_data_size=32,...]
Compiling architecture msr_reg of entity microblaze_v11_0_10.msr_reg_gti [\msr_reg_gti(c_data_size=32,c_ta...]
Compiling architecture lut6_2_v of entity unisim.LUT6_2 [\LUT6_2(init="111111110000000011...]
Compiling architecture imp of entity microblaze_v11_0_10.MB_LUT6_2 [\MB_LUT6_2(c_target=artix7,init=...]
Compiling architecture imp of entity microblaze_v11_0_10.mux_bus [\mux_bus(c_target=artix7,c_allow...]
Compiling architecture lut6_2_v of entity unisim.LUT6_2 [\LUT6_2(init="100101101001011010...]
Compiling architecture imp of entity microblaze_v11_0_10.MB_LUT6_2 [\MB_LUT6_2(c_target=artix7,init=...]
Compiling architecture imp of entity microblaze_v11_0_10.exception_registers_gti [\exception_registers_gti(c_data_...]
Compiling architecture lut4_v of entity unisim.LUT4 [\LUT4(init="0110101010100110")(0...]
Compiling architecture imp of entity microblaze_v11_0_10.MB_LUT4 [\MB_LUT4(c_target=artix7,init="0...]
Compiling architecture imp of entity microblaze_v11_0_10.carry_compare_const [\carry_compare_const(c_target=ar...]
Compiling architecture imp of entity microblaze_v11_0_10.carry_compare [\carry_compare(c_target=artix7,s...]
Compiling architecture imp of entity microblaze_v11_0_10.carry_compare [\carry_compare(c_target=artix7,s...]
Compiling architecture imp of entity microblaze_v11_0_10.find_first_bit [\find_first_bit(c_mant_size=23,c...]
Compiling architecture imp of entity microblaze_v11_0_10.FPU_ADDSUB [\FPU_ADDSUB(c_target=artix7,c_pr...]
Compiling architecture dsp48e1_v of entity unisim.DSP48E1 [\DSP48E1(acascreg=0,alumodereg=0...]
Compiling architecture imp of entity microblaze_v11_0_10.MB_DSP48E1 [\MB_DSP48E1(c_target=artix7,acas...]
Compiling architecture imp of entity microblaze_v11_0_10.dsp_module [\dsp_module(c_target=artix7,c_a_...]
Compiling architecture dsp48e1_v of entity unisim.DSP48E1 [\DSP48E1(acascreg=0,alumodereg=0...]
Compiling architecture imp of entity microblaze_v11_0_10.MB_DSP48E1 [\MB_DSP48E1(c_target=artix7,acas...]
Compiling architecture imp of entity microblaze_v11_0_10.dsp_module [\dsp_module(c_target=artix7,c_a_...]
Compiling architecture imp of entity microblaze_v11_0_10.FPU_MUL [\FPU_MUL(c_target=artix7,c_preci...]
Compiling architecture imp of entity microblaze_v11_0_10.FPU_DIV [\FPU_DIV(c_target=artix7,c_use_s...]
Compiling architecture imp of entity microblaze_v11_0_10.Fpu [\Fpu(c_data_size=32,c_target=art...]
Compiling architecture imp of entity microblaze_v11_0_10.PVR [\PVR(c_data_size=32,c_daddr_size...]
Compiling architecture imp of entity microblaze_v11_0_10.Data_Flow_gti [\Data_Flow_gti(c_data_size=32,c_...]
Compiling architecture imp of entity microblaze_v11_0_10.read_data_mux [\read_data_mux(c_data_size=32,c_...]
Compiling architecture imp of entity microblaze_v11_0_10.instr_mux [\instr_mux(c_instr_size=32,c_lmb...]
Compiling architecture imp of entity microblaze_v11_0_10.MMU_UTLB_RAM [mmu_utlb_ram_default]
Compiling architecture imp of entity microblaze_v11_0_10.carry_compare_mask [\carry_compare_mask(c_target=art...]
Compiling architecture imp of entity microblaze_v11_0_10.carry_compare_mask [\carry_compare_mask(c_target=art...]
Compiling architecture imp of entity microblaze_v11_0_10.carry_compare_mask [\carry_compare_mask(c_target=art...]
Compiling architecture imp of entity microblaze_v11_0_10.carry_compare [\carry_compare(c_target=artix7,s...]
Compiling architecture imp of entity microblaze_v11_0_10.carry_compare_mask [\carry_compare_mask(c_target=art...]
Compiling architecture imp of entity microblaze_v11_0_10.carry_compare [\carry_compare(c_target=artix7,s...]
Compiling architecture imp of entity microblaze_v11_0_10.MMU_UTLB [\MMU_UTLB(c_target=artix7,c_allo...]
Compiling architecture imp of entity microblaze_v11_0_10.carry_compare_mask [\carry_compare_mask(c_target=art...]
Compiling architecture imp of entity microblaze_v11_0_10.MMU_TLB [\MMU_TLB(c_target=artix7,c_allow...]
Compiling architecture imp of entity microblaze_v11_0_10.MMU_TLB [\MMU_TLB(c_target=artix7,c_allow...]
Compiling architecture imp of entity microblaze_v11_0_10.MMU [\MMU(c_data_size=32,c_daddr_size...]
Compiling architecture imp of entity microblaze_v11_0_10.MicroBlaze_GTi [\MicroBlaze_GTi(c_num_sync_ff_cl...]
Compiling architecture imp of entity microblaze_v11_0_10.mb_sync_bit [mb_sync_bit_default]
Compiling architecture imp of entity microblaze_v11_0_10.MicroBlaze_Core [\MicroBlaze_Core(c_freq=10000000...]
Compiling architecture imp of entity microblaze_v11_0_10.MicroBlaze [\MicroBlaze(c_freq=100000000,g_t...]
Compiling architecture mb_preset_microblaze_0_0_arch of entity xil_defaultlib.mb_preset_microblaze_0_0 [mb_preset_microblaze_0_0_default]
Compiling architecture byte_data_ram_a of entity axi_intc_v4_1_17.shared_ram_ivar [shared_ram_ivar_default]
Compiling architecture imp of entity axi_intc_v4_1_17.intc_core [\intc_core(c_family="artix7",c_n...]
Compiling architecture imp of entity axi_lite_ipif_v3_0_4.pselect_f [\pselect_f(c_ab=2,c_aw=9,c_bar="...]
Compiling architecture imp of entity axi_lite_ipif_v3_0_4.pselect_f [\pselect_f(c_ab=1,c_aw=9,c_bar="...]
Compiling architecture imp of entity axi_lite_ipif_v3_0_4.pselect_f [\pselect_f(c_ab=1,c_aw=1,c_bar="...]
Compiling architecture imp of entity axi_lite_ipif_v3_0_4.pselect_f [\pselect_f(c_ab=1,c_aw=1,c_bar="...]
Compiling architecture imp of entity axi_lite_ipif_v3_0_4.address_decoder [\address_decoder(c_bus_awidth=9,...]
Compiling architecture imp of entity axi_lite_ipif_v3_0_4.slave_attachment [\slave_attachment(c_ard_addr_ran...]
Compiling architecture imp of entity axi_lite_ipif_v3_0_4.axi_lite_ipif [\axi_lite_ipif(c_s_axi_addr_widt...]
Compiling architecture imp of entity axi_intc_v4_1_17.axi_intc [\axi_intc(c_family="artix7",c_in...]
Compiling architecture mb_preset_microblaze_0_axi_intc_0_arch of entity xil_defaultlib.mb_preset_microblaze_0_axi_intc_0 [mb_preset_microblaze_0_axi_intc_...]
Compiling module xil_defaultlib.m00_couplers_imp_1YCLQWI
Compiling module xil_defaultlib.m01_couplers_imp_BRMYI2
Compiling module xil_defaultlib.m02_couplers_imp_122Y26B
Compiling module xil_defaultlib.m03_couplers_imp_QBKR8B
Compiling module xil_defaultlib.m04_couplers_imp_5SNW5S
Compiling module xil_defaultlib.m05_couplers_imp_1I3UOJS
Compiling module xil_defaultlib.m06_couplers_imp_QQCE3L
Compiling module xil_defaultlib.m07_couplers_imp_1EZ0EGP
Compiling module xil_defaultlib.m08_couplers_imp_1VQWZQV
Compiling module xil_defaultlib.m09_couplers_imp_9XF35B
Compiling module xil_defaultlib.s00_couplers_imp_S74SOE
Compiling module axi_crossbar_v2_1_28.axi_crossbar_v2_1_28_addr_arbite...
Compiling module generic_baseblocks_v2_1_0.generic_baseblocks_v2_1_0_carry_...
Compiling module generic_baseblocks_v2_1_0.generic_baseblocks_v2_1_0_compar...
Compiling module generic_baseblocks_v2_1_0.generic_baseblocks_v2_1_0_compar...
Compiling module generic_baseblocks_v2_1_0.generic_baseblocks_v2_1_0_compar...
Compiling module generic_baseblocks_v2_1_0.generic_baseblocks_v2_1_0_compar...
Compiling module generic_baseblocks_v2_1_0.generic_baseblocks_v2_1_0_compar...
Compiling module generic_baseblocks_v2_1_0.generic_baseblocks_v2_1_0_compar...
Compiling module generic_baseblocks_v2_1_0.generic_baseblocks_v2_1_0_compar...
Compiling module generic_baseblocks_v2_1_0.generic_baseblocks_v2_1_0_compar...
Compiling module generic_baseblocks_v2_1_0.generic_baseblocks_v2_1_0_compar...
Compiling module generic_baseblocks_v2_1_0.generic_baseblocks_v2_1_0_compar...
Compiling module axi_crossbar_v2_1_28.axi_crossbar_v2_1_28_addr_decode...
Compiling module axi_crossbar_v2_1_28.axi_crossbar_v2_1_28_splitter(C_...
Compiling module axi_crossbar_v2_1_28.axi_crossbar_v2_1_28_splitter
Compiling module generic_baseblocks_v2_1_0.generic_baseblocks_v2_1_0_mux_en...
Compiling module generic_baseblocks_v2_1_0.generic_baseblocks_v2_1_0_mux_en...
Compiling module generic_baseblocks_v2_1_0.generic_baseblocks_v2_1_0_mux_en...
Compiling module axi_register_slice_v2_1_27.axi_register_slice_v2_1_27_axic_...
Compiling module generic_baseblocks_v2_1_0.generic_baseblocks_v2_1_0_mux_en...
Compiling module axi_crossbar_v2_1_28.axi_crossbar_v2_1_28_decerr_slav...
Compiling module axi_crossbar_v2_1_28.axi_crossbar_v2_1_28_crossbar_sa...
Compiling module axi_crossbar_v2_1_28.axi_crossbar_v2_1_28_axi_crossba...
Compiling module xil_defaultlib.mb_preset_xbar_0
Compiling module xil_defaultlib.mb_preset_microblaze_0_axi_perip...
Compiling architecture imp of entity lmb_bram_if_cntlr_v4_0_21.pselect_mask [\pselect_mask(c_bar="00000000000...]
Compiling architecture imp of entity lmb_bram_if_cntlr_v4_0_21.lmb_mux [\lmb_mux(c_target=artix7,c_basea...]
Compiling architecture imp of entity lmb_bram_if_cntlr_v4_0_21.lmb_bram_if_cntlr [\lmb_bram_if_cntlr(c_family="art...]
Compiling architecture mb_preset_dlmb_bram_if_cntlr_0_arch of entity xil_defaultlib.mb_preset_dlmb_bram_if_cntlr_0 [mb_preset_dlmb_bram_if_cntlr_0_d...]
Compiling architecture imp of entity lmb_v10_v3_0_12.lmb_v10 [\lmb_v10(c_lmb_num_slaves=1)\]
Compiling architecture mb_preset_dlmb_v10_0_arch of entity xil_defaultlib.mb_preset_dlmb_v10_0 [mb_preset_dlmb_v10_0_default]
Compiling architecture imp of entity lmb_bram_if_cntlr_v4_0_21.pselect_mask [\pselect_mask(c_bar="00000000000...]
Compiling architecture imp of entity lmb_bram_if_cntlr_v4_0_21.lmb_mux [\lmb_mux(c_target=artix7,c_basea...]
Compiling architecture imp of entity lmb_bram_if_cntlr_v4_0_21.lmb_bram_if_cntlr [\lmb_bram_if_cntlr(c_family="art...]
Compiling architecture mb_preset_ilmb_bram_if_cntlr_0_arch of entity xil_defaultlib.mb_preset_ilmb_bram_if_cntlr_0 [mb_preset_ilmb_bram_if_cntlr_0_d...]
Compiling architecture mb_preset_ilmb_v10_0_arch of entity xil_defaultlib.mb_preset_ilmb_v10_0 [mb_preset_ilmb_v10_0_default]
Compiling module blk_mem_gen_v8_4_5.blk_mem_gen_v8_4_5_output_stage(...
Compiling module blk_mem_gen_v8_4_5.blk_mem_gen_v8_4_5_softecc_outpu...
Compiling module blk_mem_gen_v8_4_5.blk_mem_gen_v8_4_5_mem_module(C_...
Compiling module blk_mem_gen_v8_4_5.blk_mem_gen_v8_4_5(C_FAMILY="art...
Compiling module xil_defaultlib.mb_preset_lmb_bram_0
Compiling module xil_defaultlib.microblaze_0_local_memory_imp_13...
Compiling module xlconcat_v2_1_4.xlconcat_v2_1_4_xlconcat(dout_wi...
Compiling module xil_defaultlib.mb_preset_microblaze_0_xlconcat_...
Compiling module xil_defaultlib.mig_7series_v4_2_iodelay_ctrl(IO...
Compiling module unisims_ver.IBUFDS(IBUF_LOW_PWR="FALSE")
Compiling module unisims_ver.IBUFGDS(IBUF_LOW_PWR="FALSE")
Compiling module xil_defaultlib.mig_7series_v4_2_clk_ibuf(DIFF_T...
Compiling module unisims_ver.XADC(INIT_40=16'b01000000000000,...
Compiling module xil_defaultlib.mig_7series_v4_2_tempmon_default
Compiling module unisims_ver.PLLE2_ADV(CLKFBOUT_MULT=4,CLKIN1...
Compiling module unisims_ver.BUFH
Compiling module unisims_ver.MMCME2_ADV(BANDWIDTH="HIGH",CLKF...
Compiling module xil_defaultlib.mig_7series_v4_2_infrastructure(...
Compiling module unisims_ver.SRLC32E_default
Compiling module xil_defaultlib.mig_7series_v4_2_rank_cntrl(DQRD...
Compiling module xil_defaultlib.mig_7series_v4_2_round_robin_arb...
Compiling module xil_defaultlib.mig_7series_v4_2_round_robin_arb...
Compiling module xil_defaultlib.mig_7series_v4_2_rank_common(MAI...
Compiling module xil_defaultlib.mig_7series_v4_2_rank_mach(CS_WI...
Compiling module xil_defaultlib.mig_7series_v4_2_bank_compare(CO...
Compiling module xil_defaultlib.mig_7series_v4_2_bank_state(DATA...
Compiling module xil_defaultlib.mig_7series_v4_2_bank_queue_defa...
Compiling module xil_defaultlib.mig_7series_v4_2_bank_cntrl(COL_...
Compiling module xil_defaultlib.mig_7series_v4_2_bank_state(DATA...
Compiling module xil_defaultlib.mig_7series_v4_2_bank_queue(ID=1...
Compiling module xil_defaultlib.mig_7series_v4_2_bank_cntrl(COL_...
Compiling module xil_defaultlib.mig_7series_v4_2_bank_state(DATA...
Compiling module xil_defaultlib.mig_7series_v4_2_bank_queue(ID=2...
Compiling module xil_defaultlib.mig_7series_v4_2_bank_cntrl(COL_...
Compiling module xil_defaultlib.mig_7series_v4_2_bank_state(DATA...
Compiling module xil_defaultlib.mig_7series_v4_2_bank_queue(ID=3...
Compiling module xil_defaultlib.mig_7series_v4_2_bank_cntrl(COL_...
Compiling module xil_defaultlib.mig_7series_v4_2_bank_common(LOW...
Compiling module xil_defaultlib.mig_7series_v4_2_round_robin_arb...
Compiling module xil_defaultlib.mig_7series_v4_2_arb_row_col(nCK...
Compiling module xil_defaultlib.mig_7series_v4_2_arb_select(CS_W...
Compiling module xil_defaultlib.mig_7series_v4_2_arb_mux(CS_WIDT...
Compiling module xil_defaultlib.mig_7series_v4_2_bank_mach(COL_W...
Compiling module unisims_ver.RAM32M
Compiling module xil_defaultlib.mig_7series_v4_2_col_mach(COL_WI...
Compiling module xil_defaultlib.mig_7series_v4_2_mc(CL=6,COL_WID...
Compiling module unisims_ver.OBUFT
Compiling module unisims_ver.IOBUF_INTERMDISABLE(IBUF_LOW_PWR...
Compiling module unisims_ver.IOBUFDS_DIFF_OUT_INTERMDISABLE(D...
Compiling module unisims_ver.IDDR
Compiling module xil_defaultlib.mig_7series_v4_2_poc_pd_default
Compiling module xil_defaultlib.mig_7series_v4_2_ddr_of_pre_fifo...
Compiling module xil_defaultlib.mig_7series_v4_2_ddr_of_pre_fifo...
Compiling module xil_defaultlib.mig_7series_v4_2_ddr_if_post_fif...
Compiling module xil_defaultlib.mig_7series_v4_2_ddr_of_pre_fifo...
Compiling module unisims_ver.PHASER_IN_PHY(BURST_MODE="TRUE",...
Compiling module unisims_ver.PHASER_OUT_PHY(CLKOUT_DIV=2,DATA...
Compiling module unisims_ver.IN_FIFO
Compiling module unisims_ver.OUT_FIFO
Compiling module unisims_ver.ISERDESE2(INTERFACE_TYPE="MEMORY...
Compiling module unisims_ver.IDELAYE2(HIGH_PERFORMANCE_MODE="...
Compiling module unisims_ver.OSERDESE2(INIT_OQ=1'b1,INIT_TQ=1...
Compiling module unisims_ver.OSERDESE2(INIT_OQ=1'b1,INIT_TQ=1...
Compiling module xil_defaultlib.mig_7series_v4_2_ddr_byte_group_...
Compiling module xil_defaultlib.mig_7series_v4_2_ddr_byte_lane(P...
Compiling module xil_defaultlib.mig_7series_v4_2_ddr_byte_group_...
Compiling module xil_defaultlib.mig_7series_v4_2_ddr_byte_lane(A...
Compiling module xil_defaultlib.mig_7series_v4_2_ddr_byte_lane(A...
Compiling module xil_defaultlib.mig_7series_v4_2_ddr_byte_lane(A...
Compiling module unisims_ver.PHY_CONTROL(AO_TOGGLE=1,BURST_MO...
Compiling module unisims_ver.PHASER_REF
Compiling module xil_defaultlib.mig_7series_v4_2_ddr_phy_4lanes(...
WARNING: [VRFC 10-8809] cannot index into scalar type parameter/localparam 'PRESENT_DATA_A' [C:/Users/guanxian/Desktop/ac701-state/xilinx-ac701-2022.2.ip_user_files/bd/mb_preset/ip/mb_preset_mig_7series_0_0/mb_preset_mig_7series_0_0/user_design/rtl/phy/mig_7series_v4_2_ddr_phy_4lanes.v:709]
WARNING: [VRFC 10-8809] cannot index into scalar type parameter/localparam 'PRESENT_DATA_B' [C:/Users/guanxian/Desktop/ac701-state/xilinx-ac701-2022.2.ip_user_files/bd/mb_preset/ip/mb_preset_mig_7series_0_0/mb_preset_mig_7series_0_0/user_design/rtl/phy/mig_7series_v4_2_ddr_phy_4lanes.v:708]
WARNING: [VRFC 10-8809] cannot index into scalar type parameter/localparam 'PRESENT_DATA_C' [C:/Users/guanxian/Desktop/ac701-state/xilinx-ac701-2022.2.ip_user_files/bd/mb_preset/ip/mb_preset_mig_7series_0_0/mb_preset_mig_7series_0_0/user_design/rtl/phy/mig_7series_v4_2_ddr_phy_4lanes.v:707]
WARNING: [VRFC 10-8809] cannot index into scalar type parameter/localparam 'PRESENT_DATA_D' [C:/Users/guanxian/Desktop/ac701-state/xilinx-ac701-2022.2.ip_user_files/bd/mb_preset/ip/mb_preset_mig_7series_0_0/mb_preset_mig_7series_0_0/user_design/rtl/phy/mig_7series_v4_2_ddr_phy_4lanes.v:706]
Compiling module unisims_ver.PHASER_OUT_PHY(FINE_DELAY=60,MEM...
Compiling module unisims_ver.OUT_FIFO(ARRAY_MODE="ARRAY_MODE_...
Compiling module unisims_ver.OSERDESE2(DATA_RATE_OQ="SDR",DAT...
Compiling module xil_defaultlib.mig_7series_v4_2_ddr_byte_group_...
Compiling module xil_defaultlib.mig_7series_v4_2_ddr_byte_lane(A...
Compiling module xil_defaultlib.mig_7series_v4_2_ddr_byte_group_...
Compiling module unisims_ver.OBUFDS
Compiling module xil_defaultlib.mig_7series_v4_2_ddr_byte_lane(A...
Compiling module xil_defaultlib.mig_7series_v4_2_ddr_byte_group_...
Compiling module xil_defaultlib.mig_7series_v4_2_ddr_byte_lane(A...
Compiling module unisims_ver.PHY_CONTROL(AO_TOGGLE=1,BURST_MO...
Compiling module xil_defaultlib.mig_7series_v4_2_ddr_phy_4lanes(...
Compiling module xil_defaultlib.mig_7series_v4_2_ddr_mc_phy(BYTE...
Compiling module xil_defaultlib.mig_7series_v4_2_ddr_mc_phy_wrap...
Compiling module xil_defaultlib.mig_7series_v4_2_ddr_prbs_gen(DQ...
Compiling module xil_defaultlib.mig_7series_v4_2_ddr_phy_init(tC...
Compiling module xil_defaultlib.mig_7series_v4_2_ddr_phy_wrcal(n...
Compiling module xil_defaultlib.mig_7series_v4_2_ddr_phy_wrlvl(D...
Compiling module xil_defaultlib.mig_7series_v4_2_ddr_phy_ck_addr...
Compiling module xil_defaultlib.mig_7series_v4_2_ddr_phy_dqs_fou...
Compiling module xil_defaultlib.mig_7series_v4_2_ddr_phy_rdlvl(n...
Compiling module xil_defaultlib.mig_7series_v4_2_ddr_phy_prbs_rd...
Compiling module xil_defaultlib.mig_7series_v4_2_ddr_phy_tempmon...
Compiling module xil_defaultlib.mig_7series_v4_2_ddr_calib_top(n...
Compiling module xil_defaultlib.mig_7series_v4_2_ddr_phy_top(DDR...
Compiling module xil_defaultlib.mig_7series_v4_2_mem_intfc(DDR3_...
Compiling module xil_defaultlib.mig_7series_v4_2_ui_cmd(ADDR_WID...
Compiling module xil_defaultlib.mig_7series_v4_2_ui_wr_data(APP_...
Compiling module xil_defaultlib.mig_7series_v4_2_ui_rd_data(APP_...
Compiling module xil_defaultlib.mig_7series_v4_2_ui_top(APP_DATA...
Compiling module xil_defaultlib.mig_7series_v4_2_ddr_axic_regist...
Compiling module xil_defaultlib.mig_7series_v4_2_ddr_axic_regist...
Compiling module xil_defaultlib.mig_7series_v4_2_ddr_axic_regist...
Compiling module xil_defaultlib.mig_7series_v4_2_ddr_axic_regist...
Compiling module xil_defaultlib.mig_7series_v4_2_ddr_axi_registe...
Compiling module xil_defaultlib.mig_7series_v4_2_axi_mc_incr_cmd...
Compiling module xil_defaultlib.mig_7series_v4_2_axi_mc_wrap_cmd...
Compiling module xil_defaultlib.mig_7series_v4_2_axi_mc_cmd_tran...
Compiling module xil_defaultlib.mig_7series_v4_2_axi_mc_wr_cmd_f...
Compiling module xil_defaultlib.mig_7series_v4_2_axi_mc_aw_chann...
Compiling module xil_defaultlib.mig_7series_v4_2_axi_mc_w_channe...
Compiling module xil_defaultlib.mig_7series_v4_2_axi_mc_fifo(C_W...
Compiling module xil_defaultlib.mig_7series_v4_2_axi_mc_b_channe...
Compiling module xil_defaultlib.mig_7series_v4_2_axi_mc_incr_cmd...
Compiling module xil_defaultlib.mig_7series_v4_2_axi_mc_wrap_cmd...
Compiling module xil_defaultlib.mig_7series_v4_2_axi_mc_cmd_tran...
Compiling module xil_defaultlib.mig_7series_v4_2_axi_mc_cmd_fsm(...
Compiling module xil_defaultlib.mig_7series_v4_2_axi_mc_ar_chann...
Compiling module xil_defaultlib.mig_7series_v4_2_axi_mc_fifo(C_W...
Compiling module xil_defaultlib.mig_7series_v4_2_axi_mc_fifo(C_W...
Compiling module xil_defaultlib.mig_7series_v4_2_axi_mc_r_channe...
Compiling module xil_defaultlib.mig_7series_v4_2_axi_mc_cmd_arbi...
Compiling module xil_defaultlib.mig_7series_v4_2_axi_mc(C_FAMILY...
Compiling module xil_defaultlib.mig_7series_v4_2_memc_ui_top_axi...
Compiling module xil_defaultlib.mb_preset_mig_7series_0_0_mig_de...
Compiling module xil_defaultlib.mb_preset_mig_7series_0_0
Compiling architecture imp of entity proc_sys_reset_v5_0_13.lpf [\lpf(c_ext_rst_width=4,c_aux_rst...]
Compiling architecture imp of entity proc_sys_reset_v5_0_13.proc_sys_reset [\proc_sys_reset(c_family="artix7...]
Compiling architecture mb_preset_rst_mig_7series_0_100m_0_arch of entity xil_defaultlib.mb_preset_rst_mig_7series_0_100M_0 [mb_preset_rst_mig_7series_0_100m...]
Compiling architecture mb_preset_rst_mig_7series_0_100m_1_0_arch of entity xil_defaultlib.mb_preset_rst_mig_7series_0_100M_1_0 [mb_preset_rst_mig_7series_0_100m...]
Compiling module xil_defaultlib.state
Compiling module xil_defaultlib.mb_preset_state_0_0
Compiling module xil_defaultlib.bd_c467_ila_lib_0
Compiling module xil_defaultlib.bd_c467
Compiling module xil_defaultlib.mb_preset_system_ila_0_1
Compiling module xil_defaultlib.mb_preset
Compiling module xil_defaultlib.mb_preset_wrapper
Compiling module xil_defaultlib.glbl
Built simulation snapshot mb_preset_wrapper_behav
