INFO: [VRFC 10-2263] Analyzing Verilog file "C:/Users/guanxian/Desktop/ac701-state/xilinx-ac701-2022.2.srcs/sources_1/new/state.v" into library xil_defaultlib
INFO: [VRFC 10-311] analyzing module state
INFO: [VRFC 10-2263] Analyzing Verilog file "C:/Users/guanxian/Desktop/ac701-state/xilinx-ac701-2022.2.ip_user_files/bd/mb_preset/ip/mb_preset_mig_7series_0_0/mb_preset_mig_7series_0_0/user_design/rtl/axi/mig_7series_v4_2_axi_ctrl_addr_decode.v" into library xil_defaultlib
INFO: [VRFC 10-311] analyzing module mig_7series_v4_2_axi_ctrl_addr_decode
INFO: [VRFC 10-2263] Analyzing Verilog file "C:/Users/guanxian/Desktop/ac701-state/xilinx-ac701-2022.2.ip_user_files/bd/mb_preset/ip/mb_preset_mig_7series_0_0/mb_preset_mig_7series_0_0/user_design/rtl/axi/mig_7series_v4_2_axi_ctrl_read.v" into library xil_defaultlib
INFO: [VRFC 10-311] analyzing module mig_7series_v4_2_axi_ctrl_read
INFO: [VRFC 10-2263] Analyzing Verilog file "C:/Users/guanxian/Desktop/ac701-state/xilinx-ac701-2022.2.ip_user_files/bd/mb_preset/ip/mb_preset_mig_7series_0_0/mb_preset_mig_7series_0_0/user_design/rtl/axi/mig_7series_v4_2_axi_ctrl_reg.v" into library xil_defaultlib
INFO: [VRFC 10-311] analyzing module mig_7series_v4_2_axi_ctrl_reg
INFO: [VRFC 10-2263] Analyzing Verilog file "C:/Users/guanxian/Desktop/ac701-state/xilinx-ac701-2022.2.ip_user_files/bd/mb_preset/ip/mb_preset_mig_7series_0_0/mb_preset_mig_7series_0_0/user_design/rtl/axi/mig_7series_v4_2_axi_ctrl_reg_bank.v" into library xil_defaultlib
INFO: [VRFC 10-311] analyzing module mig_7series_v4_2_axi_ctrl_reg_bank
INFO: [VRFC 10-2263] Analyzing Verilog file "C:/Users/guanxian/Desktop/ac701-state/xilinx-ac701-2022.2.ip_user_files/bd/mb_preset/ip/mb_preset_mig_7series_0_0/mb_preset_mig_7series_0_0/user_design/rtl/axi/mig_7series_v4_2_axi_ctrl_top.v" into library xil_defaultlib
INFO: [VRFC 10-311] analyzing module mig_7series_v4_2_axi_ctrl_top
INFO: [VRFC 10-2263] Analyzing Verilog file "C:/Users/guanxian/Desktop/ac701-state/xilinx-ac701-2022.2.ip_user_files/bd/mb_preset/ip/mb_preset_mig_7series_0_0/mb_preset_mig_7series_0_0/user_design/rtl/axi/mig_7series_v4_2_axi_ctrl_write.v" into library xil_defaultlib
INFO: [VRFC 10-311] analyzing module mig_7series_v4_2_axi_ctrl_write
INFO: [VRFC 10-2263] Analyzing Verilog file "C:/Users/guanxian/Desktop/ac701-state/xilinx-ac701-2022.2.ip_user_files/bd/mb_preset/ip/mb_preset_mig_7series_0_0/mb_preset_mig_7series_0_0/user_design/rtl/axi/mig_7series_v4_2_axi_mc.v" into library xil_defaultlib
INFO: [VRFC 10-311] analyzing module mig_7series_v4_2_axi_mc
INFO: [VRFC 10-2263] Analyzing Verilog file "C:/Users/guanxian/Desktop/ac701-state/xilinx-ac701-2022.2.ip_user_files/bd/mb_preset/ip/mb_preset_mig_7series_0_0/mb_preset_mig_7series_0_0/user_design/rtl/axi/mig_7series_v4_2_axi_mc_ar_channel.v" into library xil_defaultlib
INFO: [VRFC 10-311] analyzing module mig_7series_v4_2_axi_mc_ar_channel
INFO: [VRFC 10-2263] Analyzing Verilog file "C:/Users/guanxian/Desktop/ac701-state/xilinx-ac701-2022.2.ip_user_files/bd/mb_preset/ip/mb_preset_mig_7series_0_0/mb_preset_mig_7series_0_0/user_design/rtl/axi/mig_7series_v4_2_axi_mc_aw_channel.v" into library xil_defaultlib
INFO: [VRFC 10-311] analyzing module mig_7series_v4_2_axi_mc_aw_channel
INFO: [VRFC 10-2263] Analyzing Verilog file "C:/Users/guanxian/Desktop/ac701-state/xilinx-ac701-2022.2.ip_user_files/bd/mb_preset/ip/mb_preset_mig_7series_0_0/mb_preset_mig_7series_0_0/user_design/rtl/axi/mig_7series_v4_2_axi_mc_b_channel.v" into library xil_defaultlib
INFO: [VRFC 10-311] analyzing module mig_7series_v4_2_axi_mc_b_channel
INFO: [VRFC 10-2263] Analyzing Verilog file "C:/Users/guanxian/Desktop/ac701-state/xilinx-ac701-2022.2.ip_user_files/bd/mb_preset/ip/mb_preset_mig_7series_0_0/mb_preset_mig_7series_0_0/user_design/rtl/axi/mig_7series_v4_2_axi_mc_cmd_arbiter.v" into library xil_defaultlib
INFO: [VRFC 10-311] analyzing module mig_7series_v4_2_axi_mc_cmd_arbiter
INFO: [VRFC 10-2263] Analyzing Verilog file "C:/Users/guanxian/Desktop/ac701-state/xilinx-ac701-2022.2.ip_user_files/bd/mb_preset/ip/mb_preset_mig_7series_0_0/mb_preset_mig_7series_0_0/user_design/rtl/axi/mig_7series_v4_2_axi_mc_cmd_fsm.v" into library xil_defaultlib
INFO: [VRFC 10-311] analyzing module mig_7series_v4_2_axi_mc_cmd_fsm
INFO: [VRFC 10-2263] Analyzing Verilog file "C:/Users/guanxian/Desktop/ac701-state/xilinx-ac701-2022.2.ip_user_files/bd/mb_preset/ip/mb_preset_mig_7series_0_0/mb_preset_mig_7series_0_0/user_design/rtl/axi/mig_7series_v4_2_axi_mc_cmd_translator.v" into library xil_defaultlib
INFO: [VRFC 10-311] analyzing module mig_7series_v4_2_axi_mc_cmd_translator
INFO: [VRFC 10-2263] Analyzing Verilog file "C:/Users/guanxian/Desktop/ac701-state/xilinx-ac701-2022.2.ip_user_files/bd/mb_preset/ip/mb_preset_mig_7series_0_0/mb_preset_mig_7series_0_0/user_design/rtl/axi/mig_7series_v4_2_axi_mc_fifo.v" into library xil_defaultlib
INFO: [VRFC 10-311] analyzing module mig_7series_v4_2_axi_mc_fifo
INFO: [VRFC 10-2263] Analyzing Verilog file "C:/Users/guanxian/Desktop/ac701-state/xilinx-ac701-2022.2.ip_user_files/bd/mb_preset/ip/mb_preset_mig_7series_0_0/mb_preset_mig_7series_0_0/user_design/rtl/axi/mig_7series_v4_2_axi_mc_incr_cmd.v" into library xil_defaultlib
INFO: [VRFC 10-311] analyzing module mig_7series_v4_2_axi_mc_incr_cmd
INFO: [VRFC 10-2263] Analyzing Verilog file "C:/Users/guanxian/Desktop/ac701-state/xilinx-ac701-2022.2.ip_user_files/bd/mb_preset/ip/mb_preset_mig_7series_0_0/mb_preset_mig_7series_0_0/user_design/rtl/axi/mig_7series_v4_2_axi_mc_r_channel.v" into library xil_defaultlib
INFO: [VRFC 10-311] analyzing module mig_7series_v4_2_axi_mc_r_channel
INFO: [VRFC 10-2263] Analyzing Verilog file "C:/Users/guanxian/Desktop/ac701-state/xilinx-ac701-2022.2.ip_user_files/bd/mb_preset/ip/mb_preset_mig_7series_0_0/mb_preset_mig_7series_0_0/user_design/rtl/axi/mig_7series_v4_2_axi_mc_simple_fifo.v" into library xil_defaultlib
INFO: [VRFC 10-311] analyzing module mig_7series_v4_2_axi_mc_simple_fifo
INFO: [VRFC 10-2263] Analyzing Verilog file "C:/Users/guanxian/Desktop/ac701-state/xilinx-ac701-2022.2.ip_user_files/bd/mb_preset/ip/mb_preset_mig_7series_0_0/mb_preset_mig_7series_0_0/user_design/rtl/axi/mig_7series_v4_2_axi_mc_wrap_cmd.v" into library xil_defaultlib
INFO: [VRFC 10-311] analyzing module mig_7series_v4_2_axi_mc_wrap_cmd
INFO: [VRFC 10-2263] Analyzing Verilog file "C:/Users/guanxian/Desktop/ac701-state/xilinx-ac701-2022.2.ip_user_files/bd/mb_preset/ip/mb_preset_mig_7series_0_0/mb_preset_mig_7series_0_0/user_design/rtl/axi/mig_7series_v4_2_axi_mc_wr_cmd_fsm.v" into library xil_defaultlib
INFO: [VRFC 10-311] analyzing module mig_7series_v4_2_axi_mc_wr_cmd_fsm
INFO: [VRFC 10-2263] Analyzing Verilog file "C:/Users/guanxian/Desktop/ac701-state/xilinx-ac701-2022.2.ip_user_files/bd/mb_preset/ip/mb_preset_mig_7series_0_0/mb_preset_mig_7series_0_0/user_design/rtl/axi/mig_7series_v4_2_axi_mc_w_channel.v" into library xil_defaultlib
INFO: [VRFC 10-311] analyzing module mig_7series_v4_2_axi_mc_w_channel
INFO: [VRFC 10-2263] Analyzing Verilog file "C:/Users/guanxian/Desktop/ac701-state/xilinx-ac701-2022.2.ip_user_files/bd/mb_preset/ip/mb_preset_mig_7series_0_0/mb_preset_mig_7series_0_0/user_design/rtl/axi/mig_7series_v4_2_ddr_axic_register_slice.v" into library xil_defaultlib
INFO: [VRFC 10-311] analyzing module mig_7series_v4_2_ddr_axic_register_slice
INFO: [VRFC 10-2263] Analyzing Verilog file "C:/Users/guanxian/Desktop/ac701-state/xilinx-ac701-2022.2.ip_user_files/bd/mb_preset/ip/mb_preset_mig_7series_0_0/mb_preset_mig_7series_0_0/user_design/rtl/axi/mig_7series_v4_2_ddr_axi_register_slice.v" into library xil_defaultlib
INFO: [VRFC 10-311] analyzing module mig_7series_v4_2_ddr_axi_register_slice
INFO: [VRFC 10-2263] Analyzing Verilog file "C:/Users/guanxian/Desktop/ac701-state/xilinx-ac701-2022.2.ip_user_files/bd/mb_preset/ip/mb_preset_mig_7series_0_0/mb_preset_mig_7series_0_0/user_design/rtl/axi/mig_7series_v4_2_ddr_axi_upsizer.v" into library xil_defaultlib
INFO: [VRFC 10-311] analyzing module mig_7series_v4_2_ddr_axi_upsizer
INFO: [VRFC 10-2263] Analyzing Verilog file "C:/Users/guanxian/Desktop/ac701-state/xilinx-ac701-2022.2.ip_user_files/bd/mb_preset/ip/mb_preset_mig_7series_0_0/mb_preset_mig_7series_0_0/user_design/rtl/axi/mig_7series_v4_2_ddr_a_upsizer.v" into library xil_defaultlib
INFO: [VRFC 10-311] analyzing module mig_7series_v4_2_ddr_a_upsizer
INFO: [VRFC 10-2263] Analyzing Verilog file "C:/Users/guanxian/Desktop/ac701-state/xilinx-ac701-2022.2.ip_user_files/bd/mb_preset/ip/mb_preset_mig_7series_0_0/mb_preset_mig_7series_0_0/user_design/rtl/axi/mig_7series_v4_2_ddr_carry_and.v" into library xil_defaultlib
INFO: [VRFC 10-311] analyzing module mig_7series_v4_2_ddr_carry_and
INFO: [VRFC 10-2263] Analyzing Verilog file "C:/Users/guanxian/Desktop/ac701-state/xilinx-ac701-2022.2.ip_user_files/bd/mb_preset/ip/mb_preset_mig_7series_0_0/mb_preset_mig_7series_0_0/user_design/rtl/axi/mig_7series_v4_2_ddr_carry_latch_and.v" into library xil_defaultlib
INFO: [VRFC 10-311] analyzing module mig_7series_v4_2_ddr_carry_latch_and
INFO: [VRFC 10-2263] Analyzing Verilog file "C:/Users/guanxian/Desktop/ac701-state/xilinx-ac701-2022.2.ip_user_files/bd/mb_preset/ip/mb_preset_mig_7series_0_0/mb_preset_mig_7series_0_0/user_design/rtl/axi/mig_7series_v4_2_ddr_carry_latch_or.v" into library xil_defaultlib
INFO: [VRFC 10-311] analyzing module mig_7series_v4_2_ddr_carry_latch_or
INFO: [VRFC 10-2263] Analyzing Verilog file "C:/Users/guanxian/Desktop/ac701-state/xilinx-ac701-2022.2.ip_user_files/bd/mb_preset/ip/mb_preset_mig_7series_0_0/mb_preset_mig_7series_0_0/user_design/rtl/axi/mig_7series_v4_2_ddr_carry_or.v" into library xil_defaultlib
INFO: [VRFC 10-311] analyzing module mig_7series_v4_2_ddr_carry_or
INFO: [VRFC 10-2263] Analyzing Verilog file "C:/Users/guanxian/Desktop/ac701-state/xilinx-ac701-2022.2.ip_user_files/bd/mb_preset/ip/mb_preset_mig_7series_0_0/mb_preset_mig_7series_0_0/user_design/rtl/axi/mig_7series_v4_2_ddr_command_fifo.v" into library xil_defaultlib
INFO: [VRFC 10-311] analyzing module mig_7series_v4_2_ddr_command_fifo
INFO: [VRFC 10-2263] Analyzing Verilog file "C:/Users/guanxian/Desktop/ac701-state/xilinx-ac701-2022.2.ip_user_files/bd/mb_preset/ip/mb_preset_mig_7series_0_0/mb_preset_mig_7series_0_0/user_design/rtl/axi/mig_7series_v4_2_ddr_comparator.v" into library xil_defaultlib
INFO: [VRFC 10-311] analyzing module mig_7series_v4_2_ddr_comparator
INFO: [VRFC 10-2263] Analyzing Verilog file "C:/Users/guanxian/Desktop/ac701-state/xilinx-ac701-2022.2.ip_user_files/bd/mb_preset/ip/mb_preset_mig_7series_0_0/mb_preset_mig_7series_0_0/user_design/rtl/axi/mig_7series_v4_2_ddr_comparator_sel.v" into library xil_defaultlib
INFO: [VRFC 10-311] analyzing module mig_7series_v4_2_ddr_comparator_sel
INFO: [VRFC 10-2263] Analyzing Verilog file "C:/Users/guanxian/Desktop/ac701-state/xilinx-ac701-2022.2.ip_user_files/bd/mb_preset/ip/mb_preset_mig_7series_0_0/mb_preset_mig_7series_0_0/user_design/rtl/axi/mig_7series_v4_2_ddr_comparator_sel_static.v" into library xil_defaultlib
INFO: [VRFC 10-311] analyzing module mig_7series_v4_2_ddr_comparator_sel_static
INFO: [VRFC 10-2263] Analyzing Verilog file "C:/Users/guanxian/Desktop/ac701-state/xilinx-ac701-2022.2.ip_user_files/bd/mb_preset/ip/mb_preset_mig_7series_0_0/mb_preset_mig_7series_0_0/user_design/rtl/axi/mig_7series_v4_2_ddr_r_upsizer.v" into library xil_defaultlib
INFO: [VRFC 10-311] analyzing module mig_7series_v4_2_ddr_r_upsizer
INFO: [VRFC 10-2263] Analyzing Verilog file "C:/Users/guanxian/Desktop/ac701-state/xilinx-ac701-2022.2.ip_user_files/bd/mb_preset/ip/mb_preset_mig_7series_0_0/mb_preset_mig_7series_0_0/user_design/rtl/axi/mig_7series_v4_2_ddr_w_upsizer.v" into library xil_defaultlib
INFO: [VRFC 10-311] analyzing module mig_7series_v4_2_ddr_w_upsizer
INFO: [VRFC 10-2263] Analyzing Verilog file "C:/Users/guanxian/Desktop/ac701-state/xilinx-ac701-2022.2.ip_user_files/bd/mb_preset/ip/mb_preset_mig_7series_0_0/mb_preset_mig_7series_0_0/user_design/rtl/clocking/mig_7series_v4_2_clk_ibuf.v" into library xil_defaultlib
INFO: [VRFC 10-311] analyzing module mig_7series_v4_2_clk_ibuf
INFO: [VRFC 10-2263] Analyzing Verilog file "C:/Users/guanxian/Desktop/ac701-state/xilinx-ac701-2022.2.ip_user_files/bd/mb_preset/ip/mb_preset_mig_7series_0_0/mb_preset_mig_7series_0_0/user_design/rtl/clocking/mig_7series_v4_2_infrastructure.v" into library xil_defaultlib
INFO: [VRFC 10-311] analyzing module mig_7series_v4_2_infrastructure
INFO: [VRFC 10-2263] Analyzing Verilog file "C:/Users/guanxian/Desktop/ac701-state/xilinx-ac701-2022.2.ip_user_files/bd/mb_preset/ip/mb_preset_mig_7series_0_0/mb_preset_mig_7series_0_0/user_design/rtl/clocking/mig_7series_v4_2_iodelay_ctrl.v" into library xil_defaultlib
INFO: [VRFC 10-311] analyzing module mig_7series_v4_2_iodelay_ctrl
INFO: [VRFC 10-2263] Analyzing Verilog file "C:/Users/guanxian/Desktop/ac701-state/xilinx-ac701-2022.2.ip_user_files/bd/mb_preset/ip/mb_preset_mig_7series_0_0/mb_preset_mig_7series_0_0/user_design/rtl/clocking/mig_7series_v4_2_tempmon.v" into library xil_defaultlib
INFO: [VRFC 10-311] analyzing module mig_7series_v4_2_tempmon
INFO: [VRFC 10-2263] Analyzing Verilog file "C:/Users/guanxian/Desktop/ac701-state/xilinx-ac701-2022.2.ip_user_files/bd/mb_preset/ip/mb_preset_mig_7series_0_0/mb_preset_mig_7series_0_0/user_design/rtl/controller/mig_7series_v4_2_arb_mux.v" into library xil_defaultlib
INFO: [VRFC 10-311] analyzing module mig_7series_v4_2_arb_mux
INFO: [VRFC 10-2263] Analyzing Verilog file "C:/Users/guanxian/Desktop/ac701-state/xilinx-ac701-2022.2.ip_user_files/bd/mb_preset/ip/mb_preset_mig_7series_0_0/mb_preset_mig_7series_0_0/user_design/rtl/controller/mig_7series_v4_2_arb_row_col.v" into library xil_defaultlib
INFO: [VRFC 10-311] analyzing module mig_7series_v4_2_arb_row_col
WARNING: [VRFC 10-8332] begin/end is required for generate-for in this mode of Verilog [C:/Users/guanxian/Desktop/ac701-state/xilinx-ac701-2022.2.ip_user_files/bd/mb_preset/ip/mb_preset_mig_7series_0_0/mb_preset_mig_7series_0_0/user_design/rtl/controller/mig_7series_v4_2_arb_row_col.v:252]
INFO: [VRFC 10-2263] Analyzing Verilog file "C:/Users/guanxian/Desktop/ac701-state/xilinx-ac701-2022.2.ip_user_files/bd/mb_preset/ip/mb_preset_mig_7series_0_0/mb_preset_mig_7series_0_0/user_design/rtl/controller/mig_7series_v4_2_arb_select.v" into library xil_defaultlib
INFO: [VRFC 10-311] analyzing module mig_7series_v4_2_arb_select
INFO: [VRFC 10-2263] Analyzing Verilog file "C:/Users/guanxian/Desktop/ac701-state/xilinx-ac701-2022.2.ip_user_files/bd/mb_preset/ip/mb_preset_mig_7series_0_0/mb_preset_mig_7series_0_0/user_design/rtl/controller/mig_7series_v4_2_bank_cntrl.v" into library xil_defaultlib
INFO: [VRFC 10-311] analyzing module mig_7series_v4_2_bank_cntrl
INFO: [VRFC 10-2263] Analyzing Verilog file "C:/Users/guanxian/Desktop/ac701-state/xilinx-ac701-2022.2.ip_user_files/bd/mb_preset/ip/mb_preset_mig_7series_0_0/mb_preset_mig_7series_0_0/user_design/rtl/controller/mig_7series_v4_2_bank_common.v" into library xil_defaultlib
INFO: [VRFC 10-311] analyzing module mig_7series_v4_2_bank_common
INFO: [VRFC 10-2263] Analyzing Verilog file "C:/Users/guanxian/Desktop/ac701-state/xilinx-ac701-2022.2.ip_user_files/bd/mb_preset/ip/mb_preset_mig_7series_0_0/mb_preset_mig_7series_0_0/user_design/rtl/controller/mig_7series_v4_2_bank_compare.v" into library xil_defaultlib
INFO: [VRFC 10-311] analyzing module mig_7series_v4_2_bank_compare
INFO: [VRFC 10-2263] Analyzing Verilog file "C:/Users/guanxian/Desktop/ac701-state/xilinx-ac701-2022.2.ip_user_files/bd/mb_preset/ip/mb_preset_mig_7series_0_0/mb_preset_mig_7series_0_0/user_design/rtl/controller/mig_7series_v4_2_bank_mach.v" into library xil_defaultlib
INFO: [VRFC 10-311] analyzing module mig_7series_v4_2_bank_mach
INFO: [VRFC 10-2263] Analyzing Verilog file "C:/Users/guanxian/Desktop/ac701-state/xilinx-ac701-2022.2.ip_user_files/bd/mb_preset/ip/mb_preset_mig_7series_0_0/mb_preset_mig_7series_0_0/user_design/rtl/controller/mig_7series_v4_2_bank_queue.v" into library xil_defaultlib
INFO: [VRFC 10-311] analyzing module mig_7series_v4_2_bank_queue
INFO: [VRFC 10-2263] Analyzing Verilog file "C:/Users/guanxian/Desktop/ac701-state/xilinx-ac701-2022.2.ip_user_files/bd/mb_preset/ip/mb_preset_mig_7series_0_0/mb_preset_mig_7series_0_0/user_design/rtl/controller/mig_7series_v4_2_bank_state.v" into library xil_defaultlib
INFO: [VRFC 10-311] analyzing module mig_7series_v4_2_bank_state
INFO: [VRFC 10-2263] Analyzing Verilog file "C:/Users/guanxian/Desktop/ac701-state/xilinx-ac701-2022.2.ip_user_files/bd/mb_preset/ip/mb_preset_mig_7series_0_0/mb_preset_mig_7series_0_0/user_design/rtl/controller/mig_7series_v4_2_col_mach.v" into library xil_defaultlib
INFO: [VRFC 10-311] analyzing module mig_7series_v4_2_col_mach
INFO: [VRFC 10-2263] Analyzing Verilog file "C:/Users/guanxian/Desktop/ac701-state/xilinx-ac701-2022.2.ip_user_files/bd/mb_preset/ip/mb_preset_mig_7series_0_0/mb_preset_mig_7series_0_0/user_design/rtl/controller/mig_7series_v4_2_mc.v" into library xil_defaultlib
INFO: [VRFC 10-311] analyzing module mig_7series_v4_2_mc
INFO: [VRFC 10-2263] Analyzing Verilog file "C:/Users/guanxian/Desktop/ac701-state/xilinx-ac701-2022.2.ip_user_files/bd/mb_preset/ip/mb_preset_mig_7series_0_0/mb_preset_mig_7series_0_0/user_design/rtl/controller/mig_7series_v4_2_rank_cntrl.v" into library xil_defaultlib
INFO: [VRFC 10-311] analyzing module mig_7series_v4_2_rank_cntrl
INFO: [VRFC 10-2263] Analyzing Verilog file "C:/Users/guanxian/Desktop/ac701-state/xilinx-ac701-2022.2.ip_user_files/bd/mb_preset/ip/mb_preset_mig_7series_0_0/mb_preset_mig_7series_0_0/user_design/rtl/controller/mig_7series_v4_2_rank_common.v" into library xil_defaultlib
INFO: [VRFC 10-311] analyzing module mig_7series_v4_2_rank_common
INFO: [VRFC 10-2263] Analyzing Verilog file "C:/Users/guanxian/Desktop/ac701-state/xilinx-ac701-2022.2.ip_user_files/bd/mb_preset/ip/mb_preset_mig_7series_0_0/mb_preset_mig_7series_0_0/user_design/rtl/controller/mig_7series_v4_2_rank_mach.v" into library xil_defaultlib
INFO: [VRFC 10-311] analyzing module mig_7series_v4_2_rank_mach
INFO: [VRFC 10-2263] Analyzing Verilog file "C:/Users/guanxian/Desktop/ac701-state/xilinx-ac701-2022.2.ip_user_files/bd/mb_preset/ip/mb_preset_mig_7series_0_0/mb_preset_mig_7series_0_0/user_design/rtl/controller/mig_7series_v4_2_round_robin_arb.v" into library xil_defaultlib
INFO: [VRFC 10-311] analyzing module mig_7series_v4_2_round_robin_arb
INFO: [VRFC 10-2263] Analyzing Verilog file "C:/Users/guanxian/Desktop/ac701-state/xilinx-ac701-2022.2.ip_user_files/bd/mb_preset/ip/mb_preset_mig_7series_0_0/mb_preset_mig_7series_0_0/user_design/rtl/ecc/mig_7series_v4_2_ecc_buf.v" into library xil_defaultlib
INFO: [VRFC 10-311] analyzing module mig_7series_v4_2_ecc_buf
INFO: [VRFC 10-2263] Analyzing Verilog file "C:/Users/guanxian/Desktop/ac701-state/xilinx-ac701-2022.2.ip_user_files/bd/mb_preset/ip/mb_preset_mig_7series_0_0/mb_preset_mig_7series_0_0/user_design/rtl/ecc/mig_7series_v4_2_ecc_dec_fix.v" into library xil_defaultlib
INFO: [VRFC 10-311] analyzing module mig_7series_v4_2_ecc_dec_fix
INFO: [VRFC 10-2263] Analyzing Verilog file "C:/Users/guanxian/Desktop/ac701-state/xilinx-ac701-2022.2.ip_user_files/bd/mb_preset/ip/mb_preset_mig_7series_0_0/mb_preset_mig_7series_0_0/user_design/rtl/ecc/mig_7series_v4_2_ecc_gen.v" into library xil_defaultlib
INFO: [VRFC 10-311] analyzing module mig_7series_v4_2_ecc_gen
INFO: [VRFC 10-2263] Analyzing Verilog file "C:/Users/guanxian/Desktop/ac701-state/xilinx-ac701-2022.2.ip_user_files/bd/mb_preset/ip/mb_preset_mig_7series_0_0/mb_preset_mig_7series_0_0/user_design/rtl/ecc/mig_7series_v4_2_ecc_merge_enc.v" into library xil_defaultlib
INFO: [VRFC 10-311] analyzing module mig_7series_v4_2_ecc_merge_enc
INFO: [VRFC 10-2263] Analyzing Verilog file "C:/Users/guanxian/Desktop/ac701-state/xilinx-ac701-2022.2.ip_user_files/bd/mb_preset/ip/mb_preset_mig_7series_0_0/mb_preset_mig_7series_0_0/user_design/rtl/ecc/mig_7series_v4_2_fi_xor.v" into library xil_defaultlib
INFO: [VRFC 10-311] analyzing module mig_7series_v4_2_fi_xor
INFO: [VRFC 10-2263] Analyzing Verilog file "C:/Users/guanxian/Desktop/ac701-state/xilinx-ac701-2022.2.ip_user_files/bd/mb_preset/ip/mb_preset_mig_7series_0_0/mb_preset_mig_7series_0_0/user_design/rtl/ip_top/mig_7series_v4_2_memc_ui_top_axi.v" into library xil_defaultlib
INFO: [VRFC 10-311] analyzing module mig_7series_v4_2_memc_ui_top_axi
INFO: [VRFC 10-2263] Analyzing Verilog file "C:/Users/guanxian/Desktop/ac701-state/xilinx-ac701-2022.2.ip_user_files/bd/mb_preset/ip/mb_preset_mig_7series_0_0/mb_preset_mig_7series_0_0/user_design/rtl/ip_top/mig_7series_v4_2_mem_intfc.v" into library xil_defaultlib
INFO: [VRFC 10-311] analyzing module mig_7series_v4_2_mem_intfc
INFO: [VRFC 10-2263] Analyzing Verilog file "C:/Users/guanxian/Desktop/ac701-state/xilinx-ac701-2022.2.ip_user_files/bd/mb_preset/ip/mb_preset_mig_7series_0_0/mb_preset_mig_7series_0_0/user_design/rtl/phy/mig_7series_v4_2_ddr_byte_group_io.v" into library xil_defaultlib
INFO: [VRFC 10-311] analyzing module mig_7series_v4_2_ddr_byte_group_io
INFO: [VRFC 10-2263] Analyzing Verilog file "C:/Users/guanxian/Desktop/ac701-state/xilinx-ac701-2022.2.ip_user_files/bd/mb_preset/ip/mb_preset_mig_7series_0_0/mb_preset_mig_7series_0_0/user_design/rtl/phy/mig_7series_v4_2_ddr_byte_lane.v" into library xil_defaultlib
INFO: [VRFC 10-311] analyzing module mig_7series_v4_2_ddr_byte_lane
INFO: [VRFC 10-2263] Analyzing Verilog file "C:/Users/guanxian/Desktop/ac701-state/xilinx-ac701-2022.2.ip_user_files/bd/mb_preset/ip/mb_preset_mig_7series_0_0/mb_preset_mig_7series_0_0/user_design/rtl/phy/mig_7series_v4_2_ddr_calib_top.v" into library xil_defaultlib
INFO: [VRFC 10-311] analyzing module mig_7series_v4_2_ddr_calib_top
INFO: [VRFC 10-2263] Analyzing Verilog file "C:/Users/guanxian/Desktop/ac701-state/xilinx-ac701-2022.2.ip_user_files/bd/mb_preset/ip/mb_preset_mig_7series_0_0/mb_preset_mig_7series_0_0/user_design/rtl/phy/mig_7series_v4_2_ddr_if_post_fifo.v" into library xil_defaultlib
INFO: [VRFC 10-311] analyzing module mig_7series_v4_2_ddr_if_post_fifo
INFO: [VRFC 10-2263] Analyzing Verilog file "C:/Users/guanxian/Desktop/ac701-state/xilinx-ac701-2022.2.ip_user_files/bd/mb_preset/ip/mb_preset_mig_7series_0_0/mb_preset_mig_7series_0_0/user_design/rtl/phy/mig_7series_v4_2_ddr_mc_phy.v" into library xil_defaultlib
INFO: [VRFC 10-311] analyzing module mig_7series_v4_2_ddr_mc_phy
INFO: [VRFC 10-2263] Analyzing Verilog file "C:/Users/guanxian/Desktop/ac701-state/xilinx-ac701-2022.2.ip_user_files/bd/mb_preset/ip/mb_preset_mig_7series_0_0/mb_preset_mig_7series_0_0/user_design/rtl/phy/mig_7series_v4_2_ddr_mc_phy_wrapper.v" into library xil_defaultlib
INFO: [VRFC 10-311] analyzing module mig_7series_v4_2_ddr_mc_phy_wrapper
INFO: [VRFC 10-2263] Analyzing Verilog file "C:/Users/guanxian/Desktop/ac701-state/xilinx-ac701-2022.2.ip_user_files/bd/mb_preset/ip/mb_preset_mig_7series_0_0/mb_preset_mig_7series_0_0/user_design/rtl/phy/mig_7series_v4_2_ddr_of_pre_fifo.v" into library xil_defaultlib
INFO: [VRFC 10-311] analyzing module mig_7series_v4_2_ddr_of_pre_fifo
INFO: [VRFC 10-2263] Analyzing Verilog file "C:/Users/guanxian/Desktop/ac701-state/xilinx-ac701-2022.2.ip_user_files/bd/mb_preset/ip/mb_preset_mig_7series_0_0/mb_preset_mig_7series_0_0/user_design/rtl/phy/mig_7series_v4_2_ddr_phy_4lanes.v" into library xil_defaultlib
INFO: [VRFC 10-311] analyzing module mig_7series_v4_2_ddr_phy_4lanes
INFO: [VRFC 10-2263] Analyzing Verilog file "C:/Users/guanxian/Desktop/ac701-state/xilinx-ac701-2022.2.ip_user_files/bd/mb_preset/ip/mb_preset_mig_7series_0_0/mb_preset_mig_7series_0_0/user_design/rtl/phy/mig_7series_v4_2_ddr_phy_ck_addr_cmd_delay.v" into library xil_defaultlib
INFO: [VRFC 10-311] analyzing module mig_7series_v4_2_ddr_phy_ck_addr_cmd_delay
INFO: [VRFC 10-2263] Analyzing Verilog file "C:/Users/guanxian/Desktop/ac701-state/xilinx-ac701-2022.2.ip_user_files/bd/mb_preset/ip/mb_preset_mig_7series_0_0/mb_preset_mig_7series_0_0/user_design/rtl/phy/mig_7series_v4_2_ddr_phy_dqs_found_cal.v" into library xil_defaultlib
INFO: [VRFC 10-311] analyzing module mig_7series_v4_2_ddr_phy_dqs_found_cal
INFO: [VRFC 10-2263] Analyzing Verilog file "C:/Users/guanxian/Desktop/ac701-state/xilinx-ac701-2022.2.ip_user_files/bd/mb_preset/ip/mb_preset_mig_7series_0_0/mb_preset_mig_7series_0_0/user_design/rtl/phy/mig_7series_v4_2_ddr_phy_dqs_found_cal_hr.v" into library xil_defaultlib
INFO: [VRFC 10-311] analyzing module mig_7series_v4_2_ddr_phy_dqs_found_cal_hr
INFO: [VRFC 10-2263] Analyzing Verilog file "C:/Users/guanxian/Desktop/ac701-state/xilinx-ac701-2022.2.ip_user_files/bd/mb_preset/ip/mb_preset_mig_7series_0_0/mb_preset_mig_7series_0_0/user_design/rtl/phy/mig_7series_v4_2_ddr_phy_init.v" into library xil_defaultlib
INFO: [VRFC 10-311] analyzing module mig_7series_v4_2_ddr_phy_init
INFO: [VRFC 10-2263] Analyzing Verilog file "C:/Users/guanxian/Desktop/ac701-state/xilinx-ac701-2022.2.ip_user_files/bd/mb_preset/ip/mb_preset_mig_7series_0_0/mb_preset_mig_7series_0_0/user_design/rtl/phy/mig_7series_v4_2_ddr_phy_ocd_cntlr.v" into library xil_defaultlib
INFO: [VRFC 10-311] analyzing module mig_7series_v4_2_ddr_phy_ocd_cntlr
INFO: [VRFC 10-2263] Analyzing Verilog file "C:/Users/guanxian/Desktop/ac701-state/xilinx-ac701-2022.2.ip_user_files/bd/mb_preset/ip/mb_preset_mig_7series_0_0/mb_preset_mig_7series_0_0/user_design/rtl/phy/mig_7series_v4_2_ddr_phy_ocd_data.v" into library xil_defaultlib
INFO: [VRFC 10-311] analyzing module mig_7series_v4_2_ddr_phy_ocd_data
INFO: [VRFC 10-2263] Analyzing Verilog file "C:/Users/guanxian/Desktop/ac701-state/xilinx-ac701-2022.2.ip_user_files/bd/mb_preset/ip/mb_preset_mig_7series_0_0/mb_preset_mig_7series_0_0/user_design/rtl/phy/mig_7series_v4_2_ddr_phy_ocd_edge.v" into library xil_defaultlib
INFO: [VRFC 10-311] analyzing module mig_7series_v4_2_ddr_phy_ocd_edge
INFO: [VRFC 10-2263] Analyzing Verilog file "C:/Users/guanxian/Desktop/ac701-state/xilinx-ac701-2022.2.ip_user_files/bd/mb_preset/ip/mb_preset_mig_7series_0_0/mb_preset_mig_7series_0_0/user_design/rtl/phy/mig_7series_v4_2_ddr_phy_ocd_lim.v" into library xil_defaultlib
INFO: [VRFC 10-311] analyzing module mig_7series_v4_2_ddr_phy_ocd_lim
INFO: [VRFC 10-2263] Analyzing Verilog file "C:/Users/guanxian/Desktop/ac701-state/xilinx-ac701-2022.2.ip_user_files/bd/mb_preset/ip/mb_preset_mig_7series_0_0/mb_preset_mig_7series_0_0/user_design/rtl/phy/mig_7series_v4_2_ddr_phy_ocd_mux.v" into library xil_defaultlib
INFO: [VRFC 10-311] analyzing module mig_7series_v4_2_ddr_phy_ocd_mux
INFO: [VRFC 10-2263] Analyzing Verilog file "C:/Users/guanxian/Desktop/ac701-state/xilinx-ac701-2022.2.ip_user_files/bd/mb_preset/ip/mb_preset_mig_7series_0_0/mb_preset_mig_7series_0_0/user_design/rtl/phy/mig_7series_v4_2_ddr_phy_ocd_po_cntlr.v" into library xil_defaultlib
INFO: [VRFC 10-311] analyzing module mig_7series_v4_2_ddr_phy_ocd_po_cntlr
INFO: [VRFC 10-2263] Analyzing Verilog file "C:/Users/guanxian/Desktop/ac701-state/xilinx-ac701-2022.2.ip_user_files/bd/mb_preset/ip/mb_preset_mig_7series_0_0/mb_preset_mig_7series_0_0/user_design/rtl/phy/mig_7series_v4_2_ddr_phy_ocd_samp.v" into library xil_defaultlib
INFO: [VRFC 10-311] analyzing module mig_7series_v4_2_ddr_phy_ocd_samp
INFO: [VRFC 10-2263] Analyzing Verilog file "C:/Users/guanxian/Desktop/ac701-state/xilinx-ac701-2022.2.ip_user_files/bd/mb_preset/ip/mb_preset_mig_7series_0_0/mb_preset_mig_7series_0_0/user_design/rtl/phy/mig_7series_v4_2_ddr_phy_oclkdelay_cal.v" into library xil_defaultlib
INFO: [VRFC 10-311] analyzing module mig_7series_v4_2_ddr_phy_oclkdelay_cal
INFO: [VRFC 10-2263] Analyzing Verilog file "C:/Users/guanxian/Desktop/ac701-state/xilinx-ac701-2022.2.ip_user_files/bd/mb_preset/ip/mb_preset_mig_7series_0_0/mb_preset_mig_7series_0_0/user_design/rtl/phy/mig_7series_v4_2_ddr_phy_prbs_rdlvl.v" into library xil_defaultlib
INFO: [VRFC 10-311] analyzing module mig_7series_v4_2_ddr_phy_prbs_rdlvl
INFO: [VRFC 10-2263] Analyzing Verilog file "C:/Users/guanxian/Desktop/ac701-state/xilinx-ac701-2022.2.ip_user_files/bd/mb_preset/ip/mb_preset_mig_7series_0_0/mb_preset_mig_7series_0_0/user_design/rtl/phy/mig_7series_v4_2_ddr_phy_rdlvl.v" into library xil_defaultlib
INFO: [VRFC 10-311] analyzing module mig_7series_v4_2_ddr_phy_rdlvl
INFO: [VRFC 10-2263] Analyzing Verilog file "C:/Users/guanxian/Desktop/ac701-state/xilinx-ac701-2022.2.ip_user_files/bd/mb_preset/ip/mb_preset_mig_7series_0_0/mb_preset_mig_7series_0_0/user_design/rtl/phy/mig_7series_v4_2_ddr_phy_tempmon.v" into library xil_defaultlib
INFO: [VRFC 10-311] analyzing module mig_7series_v4_2_ddr_phy_tempmon
INFO: [VRFC 10-2263] Analyzing Verilog file "C:/Users/guanxian/Desktop/ac701-state/xilinx-ac701-2022.2.ip_user_files/bd/mb_preset/ip/mb_preset_mig_7series_0_0/mb_preset_mig_7series_0_0/user_design/rtl/phy/mig_7series_v4_2_ddr_phy_top.v" into library xil_defaultlib
INFO: [VRFC 10-311] analyzing module mig_7series_v4_2_ddr_phy_top
INFO: [VRFC 10-2263] Analyzing Verilog file "C:/Users/guanxian/Desktop/ac701-state/xilinx-ac701-2022.2.ip_user_files/bd/mb_preset/ip/mb_preset_mig_7series_0_0/mb_preset_mig_7series_0_0/user_design/rtl/phy/mig_7series_v4_2_ddr_phy_wrcal.v" into library xil_defaultlib
INFO: [VRFC 10-311] analyzing module mig_7series_v4_2_ddr_phy_wrcal
INFO: [VRFC 10-2263] Analyzing Verilog file "C:/Users/guanxian/Desktop/ac701-state/xilinx-ac701-2022.2.ip_user_files/bd/mb_preset/ip/mb_preset_mig_7series_0_0/mb_preset_mig_7series_0_0/user_design/rtl/phy/mig_7series_v4_2_ddr_phy_wrlvl.v" into library xil_defaultlib
INFO: [VRFC 10-311] analyzing module mig_7series_v4_2_ddr_phy_wrlvl
INFO: [VRFC 10-2263] Analyzing Verilog file "C:/Users/guanxian/Desktop/ac701-state/xilinx-ac701-2022.2.ip_user_files/bd/mb_preset/ip/mb_preset_mig_7series_0_0/mb_preset_mig_7series_0_0/user_design/rtl/phy/mig_7series_v4_2_ddr_phy_wrlvl_off_delay.v" into library xil_defaultlib
INFO: [VRFC 10-311] analyzing module mig_7series_v4_2_ddr_phy_wrlvl_off_delay
INFO: [VRFC 10-2263] Analyzing Verilog file "C:/Users/guanxian/Desktop/ac701-state/xilinx-ac701-2022.2.ip_user_files/bd/mb_preset/ip/mb_preset_mig_7series_0_0/mb_preset_mig_7series_0_0/user_design/rtl/phy/mig_7series_v4_2_ddr_prbs_gen.v" into library xil_defaultlib
INFO: [VRFC 10-311] analyzing module mig_7series_v4_2_ddr_prbs_gen
INFO: [VRFC 10-2263] Analyzing Verilog file "C:/Users/guanxian/Desktop/ac701-state/xilinx-ac701-2022.2.ip_user_files/bd/mb_preset/ip/mb_preset_mig_7series_0_0/mb_preset_mig_7series_0_0/user_design/rtl/phy/mig_7series_v4_2_ddr_skip_calib_tap.v" into library xil_defaultlib
INFO: [VRFC 10-311] analyzing module mig_7series_v4_2_ddr_skip_calib_tap
INFO: [VRFC 10-2263] Analyzing Verilog file "C:/Users/guanxian/Desktop/ac701-state/xilinx-ac701-2022.2.ip_user_files/bd/mb_preset/ip/mb_preset_mig_7series_0_0/mb_preset_mig_7series_0_0/user_design/rtl/phy/mig_7series_v4_2_poc_cc.v" into library xil_defaultlib
INFO: [VRFC 10-311] analyzing module mig_7series_v4_2_poc_cc
INFO: [VRFC 10-2263] Analyzing Verilog file "C:/Users/guanxian/Desktop/ac701-state/xilinx-ac701-2022.2.ip_user_files/bd/mb_preset/ip/mb_preset_mig_7series_0_0/mb_preset_mig_7series_0_0/user_design/rtl/phy/mig_7series_v4_2_poc_edge_store.v" into library xil_defaultlib
INFO: [VRFC 10-311] analyzing module mig_7series_v4_2_poc_edge_store
INFO: [VRFC 10-2263] Analyzing Verilog file "C:/Users/guanxian/Desktop/ac701-state/xilinx-ac701-2022.2.ip_user_files/bd/mb_preset/ip/mb_preset_mig_7series_0_0/mb_preset_mig_7series_0_0/user_design/rtl/phy/mig_7series_v4_2_poc_meta.v" into library xil_defaultlib
INFO: [VRFC 10-311] analyzing module mig_7series_v4_2_poc_meta
INFO: [VRFC 10-2263] Analyzing Verilog file "C:/Users/guanxian/Desktop/ac701-state/xilinx-ac701-2022.2.ip_user_files/bd/mb_preset/ip/mb_preset_mig_7series_0_0/mb_preset_mig_7series_0_0/user_design/rtl/phy/mig_7series_v4_2_poc_pd.v" into library xil_defaultlib
INFO: [VRFC 10-311] analyzing module mig_7series_v4_2_poc_pd
INFO: [VRFC 10-2263] Analyzing Verilog file "C:/Users/guanxian/Desktop/ac701-state/xilinx-ac701-2022.2.ip_user_files/bd/mb_preset/ip/mb_preset_mig_7series_0_0/mb_preset_mig_7series_0_0/user_design/rtl/phy/mig_7series_v4_2_poc_tap_base.v" into library xil_defaultlib
INFO: [VRFC 10-311] analyzing module mig_7series_v4_2_poc_tap_base
INFO: [VRFC 10-2263] Analyzing Verilog file "C:/Users/guanxian/Desktop/ac701-state/xilinx-ac701-2022.2.ip_user_files/bd/mb_preset/ip/mb_preset_mig_7series_0_0/mb_preset_mig_7series_0_0/user_design/rtl/phy/mig_7series_v4_2_poc_top.v" into library xil_defaultlib
INFO: [VRFC 10-311] analyzing module mig_7series_v4_2_poc_top
INFO: [VRFC 10-2263] Analyzing Verilog file "C:/Users/guanxian/Desktop/ac701-state/xilinx-ac701-2022.2.ip_user_files/bd/mb_preset/ip/mb_preset_mig_7series_0_0/mb_preset_mig_7series_0_0/user_design/rtl/ui/mig_7series_v4_2_ui_cmd.v" into library xil_defaultlib
INFO: [VRFC 10-311] analyzing module mig_7series_v4_2_ui_cmd
INFO: [VRFC 10-2263] Analyzing Verilog file "C:/Users/guanxian/Desktop/ac701-state/xilinx-ac701-2022.2.ip_user_files/bd/mb_preset/ip/mb_preset_mig_7series_0_0/mb_preset_mig_7series_0_0/user_design/rtl/ui/mig_7series_v4_2_ui_rd_data.v" into library xil_defaultlib
INFO: [VRFC 10-311] analyzing module mig_7series_v4_2_ui_rd_data
INFO: [VRFC 10-2263] Analyzing Verilog file "C:/Users/guanxian/Desktop/ac701-state/xilinx-ac701-2022.2.ip_user_files/bd/mb_preset/ip/mb_preset_mig_7series_0_0/mb_preset_mig_7series_0_0/user_design/rtl/ui/mig_7series_v4_2_ui_top.v" into library xil_defaultlib
INFO: [VRFC 10-311] analyzing module mig_7series_v4_2_ui_top
INFO: [VRFC 10-2263] Analyzing Verilog file "C:/Users/guanxian/Desktop/ac701-state/xilinx-ac701-2022.2.ip_user_files/bd/mb_preset/ip/mb_preset_mig_7series_0_0/mb_preset_mig_7series_0_0/user_design/rtl/ui/mig_7series_v4_2_ui_wr_data.v" into library xil_defaultlib
INFO: [VRFC 10-311] analyzing module mig_7series_v4_2_ui_wr_data
INFO: [VRFC 10-2263] Analyzing Verilog file "C:/Users/guanxian/Desktop/ac701-state/xilinx-ac701-2022.2.ip_user_files/bd/mb_preset/ip/mb_preset_mig_7series_0_0/mb_preset_mig_7series_0_0/user_design/rtl/mb_preset_mig_7series_0_0_mig_sim.v" into library xil_defaultlib
INFO: [VRFC 10-311] analyzing module mb_preset_mig_7series_0_0_mig
INFO: [VRFC 10-2263] Analyzing Verilog file "C:/Users/guanxian/Desktop/ac701-state/xilinx-ac701-2022.2.ip_user_files/bd/mb_preset/ip/mb_preset_mig_7series_0_0/mb_preset_mig_7series_0_0/user_design/rtl/mb_preset_mig_7series_0_0.v" into library xil_defaultlib
INFO: [VRFC 10-311] analyzing module mb_preset_mig_7series_0_0
INFO: [VRFC 10-2263] Analyzing Verilog file "C:/Users/guanxian/Desktop/ac701-state/xilinx-ac701-2022.2.ip_user_files/bd/mb_preset/ip/mb_preset_lmb_bram_0/sim/mb_preset_lmb_bram_0.v" into library xil_defaultlib
INFO: [VRFC 10-311] analyzing module mb_preset_lmb_bram_0
INFO: [VRFC 10-2263] Analyzing Verilog file "C:/Users/guanxian/Desktop/ac701-state/xilinx-ac701-2022.2.ip_user_files/bd/mb_preset/ip/mb_preset_xbar_0/sim/mb_preset_xbar_0.v" into library xil_defaultlib
INFO: [VRFC 10-311] analyzing module mb_preset_xbar_0
INFO: [VRFC 10-2263] Analyzing Verilog file "C:/Users/guanxian/Desktop/ac701-state/xilinx-ac701-2022.2.ip_user_files/bd/mb_preset/ip/mb_preset_microblaze_0_xlconcat_0/sim/mb_preset_microblaze_0_xlconcat_0.v" into library xil_defaultlib
INFO: [VRFC 10-311] analyzing module mb_preset_microblaze_0_xlconcat_0
INFO: [VRFC 10-2263] Analyzing Verilog file "C:/Users/guanxian/Desktop/ac701-state/xilinx-ac701-2022.2.ip_user_files/bd/mb_preset/ip/mb_preset_axi_smc_0/bd_0/ip/ip_0/sim/bd_9e88_one_0.v" into library xil_defaultlib
INFO: [VRFC 10-311] analyzing module bd_9e88_one_0
INFO: [VRFC 10-2263] Analyzing SystemVerilog file "C:/Users/guanxian/Desktop/ac701-state/xilinx-ac701-2022.2.ip_user_files/bd/mb_preset/ip/mb_preset_axi_smc_0/bd_0/ip/ip_2/sim/bd_9e88_arsw_0.sv" into library xil_defaultlib
INFO: [VRFC 10-311] analyzing module bd_9e88_arsw_0
INFO: [VRFC 10-2263] Analyzing SystemVerilog file "C:/Users/guanxian/Desktop/ac701-state/xilinx-ac701-2022.2.ip_user_files/bd/mb_preset/ip/mb_preset_axi_smc_0/bd_0/ip/ip_3/sim/bd_9e88_rsw_0.sv" into library xil_defaultlib
INFO: [VRFC 10-311] analyzing module bd_9e88_rsw_0
INFO: [VRFC 10-2263] Analyzing SystemVerilog file "C:/Users/guanxian/Desktop/ac701-state/xilinx-ac701-2022.2.ip_user_files/bd/mb_preset/ip/mb_preset_axi_smc_0/bd_0/ip/ip_4/sim/bd_9e88_awsw_0.sv" into library xil_defaultlib
INFO: [VRFC 10-311] analyzing module bd_9e88_awsw_0
INFO: [VRFC 10-2263] Analyzing SystemVerilog file "C:/Users/guanxian/Desktop/ac701-state/xilinx-ac701-2022.2.ip_user_files/bd/mb_preset/ip/mb_preset_axi_smc_0/bd_0/ip/ip_5/sim/bd_9e88_wsw_0.sv" into library xil_defaultlib
INFO: [VRFC 10-311] analyzing module bd_9e88_wsw_0
INFO: [VRFC 10-2263] Analyzing SystemVerilog file "C:/Users/guanxian/Desktop/ac701-state/xilinx-ac701-2022.2.ip_user_files/bd/mb_preset/ip/mb_preset_axi_smc_0/bd_0/ip/ip_6/sim/bd_9e88_bsw_0.sv" into library xil_defaultlib
INFO: [VRFC 10-311] analyzing module bd_9e88_bsw_0
INFO: [VRFC 10-2263] Analyzing SystemVerilog file "C:/Users/guanxian/Desktop/ac701-state/xilinx-ac701-2022.2.ip_user_files/bd/mb_preset/ip/mb_preset_axi_smc_0/bd_0/ip/ip_7/sim/bd_9e88_s00mmu_0.sv" into library xil_defaultlib
INFO: [VRFC 10-311] analyzing module bd_9e88_s00mmu_0
INFO: [VRFC 10-2263] Analyzing SystemVerilog file "C:/Users/guanxian/Desktop/ac701-state/xilinx-ac701-2022.2.ip_user_files/bd/mb_preset/ip/mb_preset_axi_smc_0/bd_0/ip/ip_8/sim/bd_9e88_s00tr_0.sv" into library xil_defaultlib
INFO: [VRFC 10-311] analyzing module bd_9e88_s00tr_0
INFO: [VRFC 10-2263] Analyzing SystemVerilog file "C:/Users/guanxian/Desktop/ac701-state/xilinx-ac701-2022.2.ip_user_files/bd/mb_preset/ip/mb_preset_axi_smc_0/bd_0/ip/ip_9/sim/bd_9e88_s00sic_0.sv" into library xil_defaultlib
INFO: [VRFC 10-311] analyzing module bd_9e88_s00sic_0
INFO: [VRFC 10-2263] Analyzing SystemVerilog file "C:/Users/guanxian/Desktop/ac701-state/xilinx-ac701-2022.2.ip_user_files/bd/mb_preset/ip/mb_preset_axi_smc_0/bd_0/ip/ip_10/sim/bd_9e88_s00a2s_0.sv" into library xil_defaultlib
INFO: [VRFC 10-311] analyzing module bd_9e88_s00a2s_0
INFO: [VRFC 10-2263] Analyzing SystemVerilog file "C:/Users/guanxian/Desktop/ac701-state/xilinx-ac701-2022.2.ip_user_files/bd/mb_preset/ip/mb_preset_axi_smc_0/bd_0/ip/ip_11/sim/bd_9e88_sarn_0.sv" into library xil_defaultlib
INFO: [VRFC 10-311] analyzing module bd_9e88_sarn_0
INFO: [VRFC 10-2263] Analyzing SystemVerilog file "C:/Users/guanxian/Desktop/ac701-state/xilinx-ac701-2022.2.ip_user_files/bd/mb_preset/ip/mb_preset_axi_smc_0/bd_0/ip/ip_12/sim/bd_9e88_srn_0.sv" into library xil_defaultlib
INFO: [VRFC 10-311] analyzing module bd_9e88_srn_0
INFO: [VRFC 10-2263] Analyzing SystemVerilog file "C:/Users/guanxian/Desktop/ac701-state/xilinx-ac701-2022.2.ip_user_files/bd/mb_preset/ip/mb_preset_axi_smc_0/bd_0/ip/ip_13/sim/bd_9e88_sawn_0.sv" into library xil_defaultlib
INFO: [VRFC 10-311] analyzing module bd_9e88_sawn_0
INFO: [VRFC 10-2263] Analyzing SystemVerilog file "C:/Users/guanxian/Desktop/ac701-state/xilinx-ac701-2022.2.ip_user_files/bd/mb_preset/ip/mb_preset_axi_smc_0/bd_0/ip/ip_14/sim/bd_9e88_swn_0.sv" into library xil_defaultlib
INFO: [VRFC 10-311] analyzing module bd_9e88_swn_0
INFO: [VRFC 10-2263] Analyzing SystemVerilog file "C:/Users/guanxian/Desktop/ac701-state/xilinx-ac701-2022.2.ip_user_files/bd/mb_preset/ip/mb_preset_axi_smc_0/bd_0/ip/ip_15/sim/bd_9e88_sbn_0.sv" into library xil_defaultlib
INFO: [VRFC 10-311] analyzing module bd_9e88_sbn_0
INFO: [VRFC 10-2263] Analyzing SystemVerilog file "C:/Users/guanxian/Desktop/ac701-state/xilinx-ac701-2022.2.ip_user_files/bd/mb_preset/ip/mb_preset_axi_smc_0/bd_0/ip/ip_16/sim/bd_9e88_s01mmu_0.sv" into library xil_defaultlib
INFO: [VRFC 10-311] analyzing module bd_9e88_s01mmu_0
INFO: [VRFC 10-2263] Analyzing SystemVerilog file "C:/Users/guanxian/Desktop/ac701-state/xilinx-ac701-2022.2.ip_user_files/bd/mb_preset/ip/mb_preset_axi_smc_0/bd_0/ip/ip_17/sim/bd_9e88_s01tr_0.sv" into library xil_defaultlib
INFO: [VRFC 10-311] analyzing module bd_9e88_s01tr_0
INFO: [VRFC 10-2263] Analyzing SystemVerilog file "C:/Users/guanxian/Desktop/ac701-state/xilinx-ac701-2022.2.ip_user_files/bd/mb_preset/ip/mb_preset_axi_smc_0/bd_0/ip/ip_18/sim/bd_9e88_s01sic_0.sv" into library xil_defaultlib
INFO: [VRFC 10-311] analyzing module bd_9e88_s01sic_0
INFO: [VRFC 10-2263] Analyzing SystemVerilog file "C:/Users/guanxian/Desktop/ac701-state/xilinx-ac701-2022.2.ip_user_files/bd/mb_preset/ip/mb_preset_axi_smc_0/bd_0/ip/ip_19/sim/bd_9e88_s01a2s_0.sv" into library xil_defaultlib
INFO: [VRFC 10-311] analyzing module bd_9e88_s01a2s_0
INFO: [VRFC 10-2263] Analyzing SystemVerilog file "C:/Users/guanxian/Desktop/ac701-state/xilinx-ac701-2022.2.ip_user_files/bd/mb_preset/ip/mb_preset_axi_smc_0/bd_0/ip/ip_20/sim/bd_9e88_sarn_1.sv" into library xil_defaultlib
INFO: [VRFC 10-311] analyzing module bd_9e88_sarn_1
INFO: [VRFC 10-2263] Analyzing SystemVerilog file "C:/Users/guanxian/Desktop/ac701-state/xilinx-ac701-2022.2.ip_user_files/bd/mb_preset/ip/mb_preset_axi_smc_0/bd_0/ip/ip_21/sim/bd_9e88_srn_1.sv" into library xil_defaultlib
INFO: [VRFC 10-311] analyzing module bd_9e88_srn_1
INFO: [VRFC 10-2263] Analyzing SystemVerilog file "C:/Users/guanxian/Desktop/ac701-state/xilinx-ac701-2022.2.ip_user_files/bd/mb_preset/ip/mb_preset_axi_smc_0/bd_0/ip/ip_22/sim/bd_9e88_s02mmu_0.sv" into library xil_defaultlib
INFO: [VRFC 10-311] analyzing module bd_9e88_s02mmu_0
INFO: [VRFC 10-2263] Analyzing SystemVerilog file "C:/Users/guanxian/Desktop/ac701-state/xilinx-ac701-2022.2.ip_user_files/bd/mb_preset/ip/mb_preset_axi_smc_0/bd_0/ip/ip_23/sim/bd_9e88_s02tr_0.sv" into library xil_defaultlib
INFO: [VRFC 10-311] analyzing module bd_9e88_s02tr_0
INFO: [VRFC 10-2263] Analyzing SystemVerilog file "C:/Users/guanxian/Desktop/ac701-state/xilinx-ac701-2022.2.ip_user_files/bd/mb_preset/ip/mb_preset_axi_smc_0/bd_0/ip/ip_24/sim/bd_9e88_s02sic_0.sv" into library xil_defaultlib
INFO: [VRFC 10-311] analyzing module bd_9e88_s02sic_0
INFO: [VRFC 10-2263] Analyzing SystemVerilog file "C:/Users/guanxian/Desktop/ac701-state/xilinx-ac701-2022.2.ip_user_files/bd/mb_preset/ip/mb_preset_axi_smc_0/bd_0/ip/ip_25/sim/bd_9e88_s02a2s_0.sv" into library xil_defaultlib
INFO: [VRFC 10-311] analyzing module bd_9e88_s02a2s_0
INFO: [VRFC 10-2263] Analyzing SystemVerilog file "C:/Users/guanxian/Desktop/ac701-state/xilinx-ac701-2022.2.ip_user_files/bd/mb_preset/ip/mb_preset_axi_smc_0/bd_0/ip/ip_26/sim/bd_9e88_sarn_2.sv" into library xil_defaultlib
INFO: [VRFC 10-311] analyzing module bd_9e88_sarn_2
INFO: [VRFC 10-2263] Analyzing SystemVerilog file "C:/Users/guanxian/Desktop/ac701-state/xilinx-ac701-2022.2.ip_user_files/bd/mb_preset/ip/mb_preset_axi_smc_0/bd_0/ip/ip_27/sim/bd_9e88_srn_2.sv" into library xil_defaultlib
INFO: [VRFC 10-311] analyzing module bd_9e88_srn_2
INFO: [VRFC 10-2263] Analyzing SystemVerilog file "C:/Users/guanxian/Desktop/ac701-state/xilinx-ac701-2022.2.ip_user_files/bd/mb_preset/ip/mb_preset_axi_smc_0/bd_0/ip/ip_28/sim/bd_9e88_s03mmu_0.sv" into library xil_defaultlib
INFO: [VRFC 10-311] analyzing module bd_9e88_s03mmu_0
INFO: [VRFC 10-2263] Analyzing SystemVerilog file "C:/Users/guanxian/Desktop/ac701-state/xilinx-ac701-2022.2.ip_user_files/bd/mb_preset/ip/mb_preset_axi_smc_0/bd_0/ip/ip_29/sim/bd_9e88_s03tr_0.sv" into library xil_defaultlib
INFO: [VRFC 10-311] analyzing module bd_9e88_s03tr_0
INFO: [VRFC 10-2263] Analyzing SystemVerilog file "C:/Users/guanxian/Desktop/ac701-state/xilinx-ac701-2022.2.ip_user_files/bd/mb_preset/ip/mb_preset_axi_smc_0/bd_0/ip/ip_30/sim/bd_9e88_s03sic_0.sv" into library xil_defaultlib
INFO: [VRFC 10-311] analyzing module bd_9e88_s03sic_0
INFO: [VRFC 10-2263] Analyzing SystemVerilog file "C:/Users/guanxian/Desktop/ac701-state/xilinx-ac701-2022.2.ip_user_files/bd/mb_preset/ip/mb_preset_axi_smc_0/bd_0/ip/ip_31/sim/bd_9e88_s03a2s_0.sv" into library xil_defaultlib
INFO: [VRFC 10-311] analyzing module bd_9e88_s03a2s_0
INFO: [VRFC 10-2263] Analyzing SystemVerilog file "C:/Users/guanxian/Desktop/ac701-state/xilinx-ac701-2022.2.ip_user_files/bd/mb_preset/ip/mb_preset_axi_smc_0/bd_0/ip/ip_32/sim/bd_9e88_sawn_1.sv" into library xil_defaultlib
INFO: [VRFC 10-311] analyzing module bd_9e88_sawn_1
INFO: [VRFC 10-2263] Analyzing SystemVerilog file "C:/Users/guanxian/Desktop/ac701-state/xilinx-ac701-2022.2.ip_user_files/bd/mb_preset/ip/mb_preset_axi_smc_0/bd_0/ip/ip_33/sim/bd_9e88_swn_1.sv" into library xil_defaultlib
INFO: [VRFC 10-311] analyzing module bd_9e88_swn_1
INFO: [VRFC 10-2263] Analyzing SystemVerilog file "C:/Users/guanxian/Desktop/ac701-state/xilinx-ac701-2022.2.ip_user_files/bd/mb_preset/ip/mb_preset_axi_smc_0/bd_0/ip/ip_34/sim/bd_9e88_sbn_1.sv" into library xil_defaultlib
INFO: [VRFC 10-311] analyzing module bd_9e88_sbn_1
INFO: [VRFC 10-2263] Analyzing SystemVerilog file "C:/Users/guanxian/Desktop/ac701-state/xilinx-ac701-2022.2.ip_user_files/bd/mb_preset/ip/mb_preset_axi_smc_0/bd_0/ip/ip_35/sim/bd_9e88_s04mmu_0.sv" into library xil_defaultlib
INFO: [VRFC 10-311] analyzing module bd_9e88_s04mmu_0
INFO: [VRFC 10-2263] Analyzing SystemVerilog file "C:/Users/guanxian/Desktop/ac701-state/xilinx-ac701-2022.2.ip_user_files/bd/mb_preset/ip/mb_preset_axi_smc_0/bd_0/ip/ip_36/sim/bd_9e88_s04tr_0.sv" into library xil_defaultlib
INFO: [VRFC 10-311] analyzing module bd_9e88_s04tr_0
INFO: [VRFC 10-2263] Analyzing SystemVerilog file "C:/Users/guanxian/Desktop/ac701-state/xilinx-ac701-2022.2.ip_user_files/bd/mb_preset/ip/mb_preset_axi_smc_0/bd_0/ip/ip_37/sim/bd_9e88_s04sic_0.sv" into library xil_defaultlib
INFO: [VRFC 10-311] analyzing module bd_9e88_s04sic_0
INFO: [VRFC 10-2263] Analyzing SystemVerilog file "C:/Users/guanxian/Desktop/ac701-state/xilinx-ac701-2022.2.ip_user_files/bd/mb_preset/ip/mb_preset_axi_smc_0/bd_0/ip/ip_38/sim/bd_9e88_s04a2s_0.sv" into library xil_defaultlib
INFO: [VRFC 10-311] analyzing module bd_9e88_s04a2s_0
INFO: [VRFC 10-2263] Analyzing SystemVerilog file "C:/Users/guanxian/Desktop/ac701-state/xilinx-ac701-2022.2.ip_user_files/bd/mb_preset/ip/mb_preset_axi_smc_0/bd_0/ip/ip_39/sim/bd_9e88_sarn_3.sv" into library xil_defaultlib
INFO: [VRFC 10-311] analyzing module bd_9e88_sarn_3
INFO: [VRFC 10-2263] Analyzing SystemVerilog file "C:/Users/guanxian/Desktop/ac701-state/xilinx-ac701-2022.2.ip_user_files/bd/mb_preset/ip/mb_preset_axi_smc_0/bd_0/ip/ip_40/sim/bd_9e88_srn_3.sv" into library xil_defaultlib
INFO: [VRFC 10-311] analyzing module bd_9e88_srn_3
INFO: [VRFC 10-2263] Analyzing SystemVerilog file "C:/Users/guanxian/Desktop/ac701-state/xilinx-ac701-2022.2.ip_user_files/bd/mb_preset/ip/mb_preset_axi_smc_0/bd_0/ip/ip_41/sim/bd_9e88_sawn_2.sv" into library xil_defaultlib
INFO: [VRFC 10-311] analyzing module bd_9e88_sawn_2
INFO: [VRFC 10-2263] Analyzing SystemVerilog file "C:/Users/guanxian/Desktop/ac701-state/xilinx-ac701-2022.2.ip_user_files/bd/mb_preset/ip/mb_preset_axi_smc_0/bd_0/ip/ip_42/sim/bd_9e88_swn_2.sv" into library xil_defaultlib
INFO: [VRFC 10-311] analyzing module bd_9e88_swn_2
INFO: [VRFC 10-2263] Analyzing SystemVerilog file "C:/Users/guanxian/Desktop/ac701-state/xilinx-ac701-2022.2.ip_user_files/bd/mb_preset/ip/mb_preset_axi_smc_0/bd_0/ip/ip_43/sim/bd_9e88_sbn_2.sv" into library xil_defaultlib
INFO: [VRFC 10-311] analyzing module bd_9e88_sbn_2
INFO: [VRFC 10-2263] Analyzing SystemVerilog file "C:/Users/guanxian/Desktop/ac701-state/xilinx-ac701-2022.2.ip_user_files/bd/mb_preset/ip/mb_preset_axi_smc_0/bd_0/ip/ip_44/sim/bd_9e88_m00s2a_0.sv" into library xil_defaultlib
INFO: [VRFC 10-311] analyzing module bd_9e88_m00s2a_0
INFO: [VRFC 10-2263] Analyzing SystemVerilog file "C:/Users/guanxian/Desktop/ac701-state/xilinx-ac701-2022.2.ip_user_files/bd/mb_preset/ip/mb_preset_axi_smc_0/bd_0/ip/ip_45/sim/bd_9e88_m00arn_0.sv" into library xil_defaultlib
INFO: [VRFC 10-311] analyzing module bd_9e88_m00arn_0
INFO: [VRFC 10-2263] Analyzing SystemVerilog file "C:/Users/guanxian/Desktop/ac701-state/xilinx-ac701-2022.2.ip_user_files/bd/mb_preset/ip/mb_preset_axi_smc_0/bd_0/ip/ip_46/sim/bd_9e88_m00rn_0.sv" into library xil_defaultlib
INFO: [VRFC 10-311] analyzing module bd_9e88_m00rn_0
INFO: [VRFC 10-2263] Analyzing SystemVerilog file "C:/Users/guanxian/Desktop/ac701-state/xilinx-ac701-2022.2.ip_user_files/bd/mb_preset/ip/mb_preset_axi_smc_0/bd_0/ip/ip_47/sim/bd_9e88_m00awn_0.sv" into library xil_defaultlib
INFO: [VRFC 10-311] analyzing module bd_9e88_m00awn_0
INFO: [VRFC 10-2263] Analyzing SystemVerilog file "C:/Users/guanxian/Desktop/ac701-state/xilinx-ac701-2022.2.ip_user_files/bd/mb_preset/ip/mb_preset_axi_smc_0/bd_0/ip/ip_48/sim/bd_9e88_m00wn_0.sv" into library xil_defaultlib
INFO: [VRFC 10-311] analyzing module bd_9e88_m00wn_0
INFO: [VRFC 10-2263] Analyzing SystemVerilog file "C:/Users/guanxian/Desktop/ac701-state/xilinx-ac701-2022.2.ip_user_files/bd/mb_preset/ip/mb_preset_axi_smc_0/bd_0/ip/ip_49/sim/bd_9e88_m00bn_0.sv" into library xil_defaultlib
INFO: [VRFC 10-311] analyzing module bd_9e88_m00bn_0
INFO: [VRFC 10-2263] Analyzing SystemVerilog file "C:/Users/guanxian/Desktop/ac701-state/xilinx-ac701-2022.2.ip_user_files/bd/mb_preset/ip/mb_preset_axi_smc_0/bd_0/ip/ip_50/sim/bd_9e88_m00e_0.sv" into library xil_defaultlib
INFO: [VRFC 10-311] analyzing module bd_9e88_m00e_0
INFO: [VRFC 10-2263] Analyzing Verilog file "C:/Users/guanxian/Desktop/ac701-state/xilinx-ac701-2022.2.ip_user_files/bd/mb_preset/ip/mb_preset_axi_smc_0/bd_0/sim/bd_9e88.v" into library xil_defaultlib
INFO: [VRFC 10-311] analyzing module bd_9e88
INFO: [VRFC 10-311] analyzing module clk_map_imp_1NO9JPB
INFO: [VRFC 10-311] analyzing module m00_exit_pipeline_imp_D8WIZO
INFO: [VRFC 10-311] analyzing module m00_nodes_imp_ZE0WZS
INFO: [VRFC 10-311] analyzing module s00_entry_pipeline_imp_1BVYTD3
INFO: [VRFC 10-311] analyzing module s00_nodes_imp_1FDPQ2L
INFO: [VRFC 10-311] analyzing module s01_entry_pipeline_imp_FIAPRN
INFO: [VRFC 10-311] analyzing module s01_nodes_imp_A0WU2Z
INFO: [VRFC 10-311] analyzing module s02_entry_pipeline_imp_I1C0R2
INFO: [VRFC 10-311] analyzing module s02_nodes_imp_OHJGY8
INFO: [VRFC 10-311] analyzing module s03_entry_pipeline_imp_1OM04KA
INFO: [VRFC 10-311] analyzing module s03_nodes_imp_1IQV1T2
INFO: [VRFC 10-311] analyzing module s04_entry_pipeline_imp_1BY0E5W
INFO: [VRFC 10-311] analyzing module s04_nodes_imp_18JAJVQ
INFO: [VRFC 10-311] analyzing module switchboards_imp_1MI4G15
INFO: [VRFC 10-2263] Analyzing Verilog file "C:/Users/guanxian/Desktop/ac701-state/xilinx-ac701-2022.2.ip_user_files/bd/mb_preset/ip/mb_preset_axi_smc_0/sim/mb_preset_axi_smc_0.v" into library xil_defaultlib
INFO: [VRFC 10-311] analyzing module mb_preset_axi_smc_0
INFO: [VRFC 10-2263] Analyzing Verilog file "C:/Users/guanxian/Desktop/ac701-state/xilinx-ac701-2022.2.ip_user_files/bd/mb_preset/ip/mb_preset_axi_ethernet_0_0/bd_0/ip/ip_1/synth/common/bd_b764_mac_0_block_reset_sync.v" into library xil_defaultlib
INFO: [VRFC 10-311] analyzing module bd_b764_mac_0_block_reset_sync
INFO: [VRFC 10-2263] Analyzing Verilog file "C:/Users/guanxian/Desktop/ac701-state/xilinx-ac701-2022.2.ip_user_files/bd/mb_preset/ip/mb_preset_axi_ethernet_0_0/bd_0/ip/ip_1/synth/common/bd_b764_mac_0_block_sync_block.v" into library xil_defaultlib
INFO: [VRFC 10-311] analyzing module bd_b764_mac_0_block_sync_block
INFO: [VRFC 10-2263] Analyzing Verilog file "C:/Users/guanxian/Desktop/ac701-state/xilinx-ac701-2022.2.ip_user_files/bd/mb_preset/ip/mb_preset_axi_ethernet_0_0/bd_0/ip/ip_1/synth/bd_b764_mac_0_axi4_lite_ipif_wrapper.v" into library xil_defaultlib
INFO: [VRFC 10-311] analyzing module bd_b764_mac_0_axi4_lite_ipif_wrapper
INFO: [VRFC 10-2263] Analyzing Verilog file "C:/Users/guanxian/Desktop/ac701-state/xilinx-ac701-2022.2.ip_user_files/bd/mb_preset/ip/mb_preset_axi_ethernet_0_0/bd_0/ip/ip_1/synth/bd_b764_mac_0_clk_en_gen.v" into library xil_defaultlib
INFO: [VRFC 10-311] analyzing module bd_b764_mac_0_clk_en_gen
INFO: [VRFC 10-2263] Analyzing Verilog file "C:/Users/guanxian/Desktop/ac701-state/xilinx-ac701-2022.2.ip_user_files/bd/mb_preset/ip/mb_preset_axi_ethernet_0_0/bd_0/ip/ip_1/synth/physical/bd_b764_mac_0_rgmii_v2_0_if.v" into library xil_defaultlib
INFO: [VRFC 10-311] analyzing module bd_b764_mac_0_rgmii_v2_0_if
INFO: [VRFC 10-2263] Analyzing Verilog file "C:/Users/guanxian/Desktop/ac701-state/xilinx-ac701-2022.2.ip_user_files/bd/mb_preset/ip/mb_preset_axi_ethernet_0_0/bd_0/ip/ip_1/synth/statistics/bd_b764_mac_0_vector_decode.v" into library xil_defaultlib
INFO: [VRFC 10-311] analyzing module bd_b764_mac_0_vector_decode
INFO: [VRFC 10-2263] Analyzing Verilog file "C:/Users/guanxian/Desktop/ac701-state/xilinx-ac701-2022.2.ip_user_files/bd/mb_preset/ip/mb_preset_axi_ethernet_0_0/bd_0/ip/ip_1/synth/bd_b764_mac_0_block.v" into library xil_defaultlib
INFO: [VRFC 10-311] analyzing module bd_b764_mac_0_block
INFO: [VRFC 10-2263] Analyzing Verilog file "C:/Users/guanxian/Desktop/ac701-state/xilinx-ac701-2022.2.ip_user_files/bd/mb_preset/ip/mb_preset_axi_ethernet_0_0/bd_0/ip/ip_1/synth/bd_b764_mac_0_support.v" into library xil_defaultlib
INFO: [VRFC 10-311] analyzing module bd_b764_mac_0_support
INFO: [VRFC 10-2263] Analyzing Verilog file "C:/Users/guanxian/Desktop/ac701-state/xilinx-ac701-2022.2.ip_user_files/bd/mb_preset/ip/mb_preset_axi_ethernet_0_0/bd_0/ip/ip_1/synth/bd_b764_mac_0_support_clocking.v" into library xil_defaultlib
INFO: [VRFC 10-311] analyzing module bd_b764_mac_0_support_clocking
INFO: [VRFC 10-2263] Analyzing Verilog file "C:/Users/guanxian/Desktop/ac701-state/xilinx-ac701-2022.2.ip_user_files/bd/mb_preset/ip/mb_preset_axi_ethernet_0_0/bd_0/ip/ip_1/synth/bd_b764_mac_0_support_resets.v" into library xil_defaultlib
INFO: [VRFC 10-311] analyzing module bd_b764_mac_0_support_resets
INFO: [VRFC 10-2263] Analyzing Verilog file "C:/Users/guanxian/Desktop/ac701-state/xilinx-ac701-2022.2.ip_user_files/bd/mb_preset/ip/mb_preset_axi_ethernet_0_0/bd_0/ip/ip_1/synth/bd_b764_mac_0.v" into library xil_defaultlib
INFO: [VRFC 10-311] analyzing module bd_b764_mac_0
INFO: [VRFC 10-2263] Analyzing Verilog file "C:/Users/guanxian/Desktop/ac701-state/xilinx-ac701-2022.2.ip_user_files/bd/mb_preset/ip/mb_preset_axi_ethernet_0_0/bd_0/ip/ip_4/sim/bd_b764_xlconstant_0_0.v" into library xil_defaultlib
INFO: [VRFC 10-311] analyzing module bd_b764_xlconstant_0_0
INFO: [VRFC 10-2263] Analyzing Verilog file "C:/Users/guanxian/Desktop/ac701-state/xilinx-ac701-2022.2.ip_user_files/bd/mb_preset/ip/mb_preset_axi_ethernet_0_0/bd_0/ip/ip_5/sim/bd_b764_util_vector_logic_0_0.v" into library xil_defaultlib
INFO: [VRFC 10-311] analyzing module bd_b764_util_vector_logic_0_0
INFO: [VRFC 10-2263] Analyzing Verilog file "C:/Users/guanxian/Desktop/ac701-state/xilinx-ac701-2022.2.ip_user_files/bd/mb_preset/ip/mb_preset_axi_ethernet_0_0/bd_0/sim/bd_b764.v" into library xil_defaultlib
INFO: [VRFC 10-311] analyzing module bd_b764
INFO: [VRFC 10-2263] Analyzing Verilog file "C:/Users/guanxian/Desktop/ac701-state/xilinx-ac701-2022.2.ip_user_files/bd/mb_preset/ip/mb_preset_axi_ethernet_0_0/sim/mb_preset_axi_ethernet_0_0.v" into library xil_defaultlib
INFO: [VRFC 10-311] analyzing module mb_preset_axi_ethernet_0_0
INFO: [VRFC 10-2263] Analyzing Verilog file "C:/Users/guanxian/Desktop/ac701-state/xilinx-ac701-2022.2.ip_user_files/bd/mb_preset/ip/mb_preset_axi_ethernet_0_refclk_0/mb_preset_axi_ethernet_0_refclk_0_clk_wiz.v" into library xil_defaultlib
INFO: [VRFC 10-311] analyzing module mb_preset_axi_ethernet_0_refclk_0_clk_wiz
INFO: [VRFC 10-2263] Analyzing Verilog file "C:/Users/guanxian/Desktop/ac701-state/xilinx-ac701-2022.2.ip_user_files/bd/mb_preset/ip/mb_preset_axi_ethernet_0_refclk_0/mb_preset_axi_ethernet_0_refclk_0.v" into library xil_defaultlib
INFO: [VRFC 10-311] analyzing module mb_preset_axi_ethernet_0_refclk_0
INFO: [VRFC 10-2263] Analyzing Verilog file "C:/Users/guanxian/Desktop/ac701-state/xilinx-ac701-2022.2.ip_user_files/bd/mb_preset/ip/mb_preset_system_ila_0_1/bd_0/ip/ip_0/sim/bd_c467_ila_lib_0.v" into library xil_defaultlib
INFO: [VRFC 10-311] analyzing module bd_c467_ila_lib_0
INFO: [VRFC 10-2263] Analyzing Verilog file "C:/Users/guanxian/Desktop/ac701-state/xilinx-ac701-2022.2.ip_user_files/bd/mb_preset/ip/mb_preset_system_ila_0_1/bd_0/sim/bd_c467.v" into library xil_defaultlib
INFO: [VRFC 10-311] analyzing module bd_c467
INFO: [VRFC 10-2263] Analyzing Verilog file "C:/Users/guanxian/Desktop/ac701-state/xilinx-ac701-2022.2.ip_user_files/bd/mb_preset/ip/mb_preset_system_ila_0_1/sim/mb_preset_system_ila_0_1.v" into library xil_defaultlib
INFO: [VRFC 10-311] analyzing module mb_preset_system_ila_0_1
INFO: [VRFC 10-2263] Analyzing Verilog file "C:/Users/guanxian/Desktop/ac701-state/xilinx-ac701-2022.2.ip_user_files/bd/mb_preset/ip/mb_preset_state_0_0/sim/mb_preset_state_0_0.v" into library xil_defaultlib
INFO: [VRFC 10-311] analyzing module mb_preset_state_0_0
INFO: [VRFC 10-2263] Analyzing Verilog file "C:/Users/guanxian/Desktop/ac701-state/xilinx-ac701-2022.2.ip_user_files/bd/mb_preset/sim/mb_preset.v" into library xil_defaultlib
INFO: [VRFC 10-311] analyzing module m00_couplers_imp_1YCLQWI
INFO: [VRFC 10-311] analyzing module m01_couplers_imp_BRMYI2
INFO: [VRFC 10-311] analyzing module m02_couplers_imp_122Y26B
INFO: [VRFC 10-311] analyzing module m03_couplers_imp_QBKR8B
INFO: [VRFC 10-311] analyzing module m04_couplers_imp_5SNW5S
INFO: [VRFC 10-311] analyzing module m05_couplers_imp_1I3UOJS
INFO: [VRFC 10-311] analyzing module m06_couplers_imp_QQCE3L
INFO: [VRFC 10-311] analyzing module m07_couplers_imp_1EZ0EGP
INFO: [VRFC 10-311] analyzing module m08_couplers_imp_1VQWZQV
INFO: [VRFC 10-311] analyzing module m09_couplers_imp_9XF35B
INFO: [VRFC 10-311] analyzing module mb_preset
INFO: [VRFC 10-311] analyzing module mb_preset_microblaze_0_axi_periph_0
INFO: [VRFC 10-311] analyzing module microblaze_0_local_memory_imp_133MWYI
INFO: [VRFC 10-311] analyzing module s00_couplers_imp_S74SOE
INFO: [VRFC 10-2263] Analyzing Verilog file "C:/Users/guanxian/Desktop/ac701-state/xilinx-ac701-2022.2.srcs/sources_1/imports/hdl/mb_preset_wrapper.v" into library xil_defaultlib
INFO: [VRFC 10-311] analyzing module mb_preset_wrapper
INFO: [VRFC 10-2263] Analyzing Verilog file "C:/Users/guanxian/Desktop/ac701-state/xilinx-ac701-2022.2.sim/sim_1/behav/xsim/glbl.v" into library xil_defaultlib
INFO: [VRFC 10-311] analyzing module glbl
