
*** Running vivado
    with args -log mb_preset_axi_gpio_2_0.vds -m64 -product Vivado -mode batch -messageDb vivado.pb -notrace -source mb_preset_axi_gpio_2_0.tcl


****** Vivado v2022.2 (64-bit)
  **** SW Build 3671981 on Fri Oct 14 04:59:54 MDT 2022
  **** IP Build 3669848 on Fri Oct 14 08:30:02 MDT 2022
    ** Copyright 1986-2022 Xilinx, Inc. All Rights Reserved.

Sourcing tcl script '/home/xbrbbot/.Xilinx/Vivado/Vivado_init.tcl'
484 Beta devices matching pattern found, 484 enabled.
enable_beta_device: Time (s): cpu = 00:00:10 ; elapsed = 00:00:11 . Memory (MB): peak = 2067.172 ; gain = 130.633 ; free physical = 8213 ; free virtual = 445992
source mb_preset_axi_gpio_2_0.tcl -notrace
INFO: [IP_Flow 19-6924] IPCACHE: Running cache check for IP inst: mb_preset_axi_gpio_2_0
Command: synth_design -top mb_preset_axi_gpio_2_0 -part xc7a200tfbg676-2 -incremental_mode off -mode out_of_context
Starting synth_design
Attempting to get a license for feature 'Synthesis' and/or device 'xc7a200t'
INFO: [Common 17-349] Got license for feature 'Synthesis' and/or device 'xc7a200t'
INFO: [Device 21-403] Loading part xc7a200tfbg676-2
INFO: [Synth 8-7079] Multithreading enabled for synth_design using a maximum of 4 processes.
INFO: [Synth 8-7078] Launching helper process for spawning children vivado processes
INFO: [Synth 8-7075] Helper process launched with PID 6853
INFO: [Synth 8-11241] undeclared symbol 'REGCCE', assumed default net type 'wire' [/proj/xbuilds/SWIP/2022.2_1014_0655/installs/lin64/Vivado/2022.2/data/verilog/src/unimacro/BRAM_SINGLE_MACRO.v:2170]
---------------------------------------------------------------------------------
Starting RTL Elaboration : Time (s): cpu = 00:00:04 ; elapsed = 00:00:05 . Memory (MB): peak = 2835.410 ; gain = 373.770 ; free physical = 3640 ; free virtual = 441512
Synthesis current peak Physical Memory [PSS] (MB): peak = 1990.840; parent = 1871.923; children = 118.917
Synthesis current peak Virtual Memory [VSS] (MB): peak = 3845.266; parent = 2839.383; children = 1005.883
---------------------------------------------------------------------------------
INFO: [Synth 8-638] synthesizing module 'mb_preset_axi_gpio_2_0' [/tmp/jenkins-BUILDS-hw_designs_builds-2022.2-297_xilinx-ac701/bsps/xilinx-ac701-2022.2/hw_proj/xilinx-ac701-2022.2/xilinx-ac701-2022.2.gen/sources_1/bd/mb_preset/ip/mb_preset_axi_gpio_2_0/synth/mb_preset_axi_gpio_2_0.vhd:84]
	Parameter C_FAMILY bound to: artix7 - type: string 
	Parameter C_S_AXI_ADDR_WIDTH bound to: 9 - type: integer 
	Parameter C_S_AXI_DATA_WIDTH bound to: 32 - type: integer 
	Parameter C_GPIO_WIDTH bound to: 3 - type: integer 
	Parameter C_GPIO2_WIDTH bound to: 32 - type: integer 
	Parameter C_ALL_INPUTS bound to: 1 - type: integer 
	Parameter C_ALL_INPUTS_2 bound to: 0 - type: integer 
	Parameter C_ALL_OUTPUTS bound to: 0 - type: integer 
	Parameter C_ALL_OUTPUTS_2 bound to: 0 - type: integer 
	Parameter C_INTERRUPT_PRESENT bound to: 0 - type: integer 
	Parameter C_DOUT_DEFAULT bound to: 32'b00000000000000000000000000000000 
	Parameter C_TRI_DEFAULT bound to: 32'b11111111111111111111111111111111 
	Parameter C_IS_DUAL bound to: 0 - type: integer 
	Parameter C_DOUT_DEFAULT_2 bound to: 32'b00000000000000000000000000000000 
	Parameter C_TRI_DEFAULT_2 bound to: 32'b11111111111111111111111111111111 
INFO: [Synth 8-3491] module 'axi_gpio' declared at '/tmp/jenkins-BUILDS-hw_designs_builds-2022.2-297_xilinx-ac701/bsps/xilinx-ac701-2022.2/hw_proj/xilinx-ac701-2022.2/xilinx-ac701-2022.2.gen/sources_1/bd/mb_preset/ipshared/6219/hdl/axi_gpio_v2_0_vh_rfs.vhd:1265' bound to instance 'U0' of component 'axi_gpio' [/tmp/jenkins-BUILDS-hw_designs_builds-2022.2-297_xilinx-ac701/bsps/xilinx-ac701-2022.2/hw_proj/xilinx-ac701-2022.2/xilinx-ac701-2022.2.gen/sources_1/bd/mb_preset/ip/mb_preset_axi_gpio_2_0/synth/mb_preset_axi_gpio_2_0.vhd:168]
INFO: [Synth 8-638] synthesizing module 'axi_gpio' [/tmp/jenkins-BUILDS-hw_designs_builds-2022.2-297_xilinx-ac701/bsps/xilinx-ac701-2022.2/hw_proj/xilinx-ac701-2022.2/xilinx-ac701-2022.2.gen/sources_1/bd/mb_preset/ipshared/6219/hdl/axi_gpio_v2_0_vh_rfs.vhd:1351]
INFO: [Synth 8-638] synthesizing module 'axi_lite_ipif' [/tmp/jenkins-BUILDS-hw_designs_builds-2022.2-297_xilinx-ac701/bsps/xilinx-ac701-2022.2/hw_proj/xilinx-ac701-2022.2/xilinx-ac701-2022.2.gen/sources_1/bd/mb_preset/ipshared/66ea/hdl/axi_lite_ipif_v3_0_vh_rfs.vhd:2948]
INFO: [Synth 8-638] synthesizing module 'slave_attachment' [/tmp/jenkins-BUILDS-hw_designs_builds-2022.2-297_xilinx-ac701/bsps/xilinx-ac701-2022.2/hw_proj/xilinx-ac701-2022.2/xilinx-ac701-2022.2.gen/sources_1/bd/mb_preset/ipshared/66ea/hdl/axi_lite_ipif_v3_0_vh_rfs.vhd:2341]
INFO: [Synth 8-638] synthesizing module 'address_decoder' [/tmp/jenkins-BUILDS-hw_designs_builds-2022.2-297_xilinx-ac701/bsps/xilinx-ac701-2022.2/hw_proj/xilinx-ac701-2022.2/xilinx-ac701-2022.2.gen/sources_1/bd/mb_preset/ipshared/66ea/hdl/axi_lite_ipif_v3_0_vh_rfs.vhd:1775]
INFO: [Synth 8-638] synthesizing module 'pselect_f' [/tmp/jenkins-BUILDS-hw_designs_builds-2022.2-297_xilinx-ac701/bsps/xilinx-ac701-2022.2/hw_proj/xilinx-ac701-2022.2/xilinx-ac701-2022.2.gen/sources_1/bd/mb_preset/ipshared/66ea/hdl/axi_lite_ipif_v3_0_vh_rfs.vhd:1534]
INFO: [Synth 8-256] done synthesizing module 'pselect_f' (0#1) [/tmp/jenkins-BUILDS-hw_designs_builds-2022.2-297_xilinx-ac701/bsps/xilinx-ac701-2022.2/hw_proj/xilinx-ac701-2022.2/xilinx-ac701-2022.2.gen/sources_1/bd/mb_preset/ipshared/66ea/hdl/axi_lite_ipif_v3_0_vh_rfs.vhd:1534]
INFO: [Synth 8-638] synthesizing module 'pselect_f__parameterized0' [/tmp/jenkins-BUILDS-hw_designs_builds-2022.2-297_xilinx-ac701/bsps/xilinx-ac701-2022.2/hw_proj/xilinx-ac701-2022.2/xilinx-ac701-2022.2.gen/sources_1/bd/mb_preset/ipshared/66ea/hdl/axi_lite_ipif_v3_0_vh_rfs.vhd:1534]
INFO: [Synth 8-256] done synthesizing module 'pselect_f__parameterized0' (0#1) [/tmp/jenkins-BUILDS-hw_designs_builds-2022.2-297_xilinx-ac701/bsps/xilinx-ac701-2022.2/hw_proj/xilinx-ac701-2022.2/xilinx-ac701-2022.2.gen/sources_1/bd/mb_preset/ipshared/66ea/hdl/axi_lite_ipif_v3_0_vh_rfs.vhd:1534]
INFO: [Synth 8-638] synthesizing module 'pselect_f__parameterized1' [/tmp/jenkins-BUILDS-hw_designs_builds-2022.2-297_xilinx-ac701/bsps/xilinx-ac701-2022.2/hw_proj/xilinx-ac701-2022.2/xilinx-ac701-2022.2.gen/sources_1/bd/mb_preset/ipshared/66ea/hdl/axi_lite_ipif_v3_0_vh_rfs.vhd:1534]
INFO: [Synth 8-256] done synthesizing module 'pselect_f__parameterized1' (0#1) [/tmp/jenkins-BUILDS-hw_designs_builds-2022.2-297_xilinx-ac701/bsps/xilinx-ac701-2022.2/hw_proj/xilinx-ac701-2022.2/xilinx-ac701-2022.2.gen/sources_1/bd/mb_preset/ipshared/66ea/hdl/axi_lite_ipif_v3_0_vh_rfs.vhd:1534]
INFO: [Synth 8-638] synthesizing module 'pselect_f__parameterized2' [/tmp/jenkins-BUILDS-hw_designs_builds-2022.2-297_xilinx-ac701/bsps/xilinx-ac701-2022.2/hw_proj/xilinx-ac701-2022.2/xilinx-ac701-2022.2.gen/sources_1/bd/mb_preset/ipshared/66ea/hdl/axi_lite_ipif_v3_0_vh_rfs.vhd:1534]
INFO: [Synth 8-256] done synthesizing module 'pselect_f__parameterized2' (0#1) [/tmp/jenkins-BUILDS-hw_designs_builds-2022.2-297_xilinx-ac701/bsps/xilinx-ac701-2022.2/hw_proj/xilinx-ac701-2022.2/xilinx-ac701-2022.2.gen/sources_1/bd/mb_preset/ipshared/66ea/hdl/axi_lite_ipif_v3_0_vh_rfs.vhd:1534]
INFO: [Synth 8-256] done synthesizing module 'address_decoder' (0#1) [/tmp/jenkins-BUILDS-hw_designs_builds-2022.2-297_xilinx-ac701/bsps/xilinx-ac701-2022.2/hw_proj/xilinx-ac701-2022.2/xilinx-ac701-2022.2.gen/sources_1/bd/mb_preset/ipshared/66ea/hdl/axi_lite_ipif_v3_0_vh_rfs.vhd:1775]
INFO: [Synth 8-226] default block is never used [/tmp/jenkins-BUILDS-hw_designs_builds-2022.2-297_xilinx-ac701/bsps/xilinx-ac701-2022.2/hw_proj/xilinx-ac701-2022.2/xilinx-ac701-2022.2.gen/sources_1/bd/mb_preset/ipshared/66ea/hdl/axi_lite_ipif_v3_0_vh_rfs.vhd:2550]
INFO: [Synth 8-256] done synthesizing module 'slave_attachment' (0#1) [/tmp/jenkins-BUILDS-hw_designs_builds-2022.2-297_xilinx-ac701/bsps/xilinx-ac701-2022.2/hw_proj/xilinx-ac701-2022.2/xilinx-ac701-2022.2.gen/sources_1/bd/mb_preset/ipshared/66ea/hdl/axi_lite_ipif_v3_0_vh_rfs.vhd:2341]
INFO: [Synth 8-256] done synthesizing module 'axi_lite_ipif' (0#1) [/tmp/jenkins-BUILDS-hw_designs_builds-2022.2-297_xilinx-ac701/bsps/xilinx-ac701-2022.2/hw_proj/xilinx-ac701-2022.2/xilinx-ac701-2022.2.gen/sources_1/bd/mb_preset/ipshared/66ea/hdl/axi_lite_ipif_v3_0_vh_rfs.vhd:2948]
INFO: [Synth 8-638] synthesizing module 'GPIO_Core' [/tmp/jenkins-BUILDS-hw_designs_builds-2022.2-297_xilinx-ac701/bsps/xilinx-ac701-2022.2/hw_proj/xilinx-ac701-2022.2/xilinx-ac701-2022.2.gen/sources_1/bd/mb_preset/ipshared/6219/hdl/axi_gpio_v2_0_vh_rfs.vhd:178]
INFO: [Synth 8-226] default block is never used [/tmp/jenkins-BUILDS-hw_designs_builds-2022.2-297_xilinx-ac701/bsps/xilinx-ac701-2022.2/hw_proj/xilinx-ac701-2022.2/xilinx-ac701-2022.2.gen/sources_1/bd/mb_preset/ipshared/6219/hdl/axi_gpio_v2_0_vh_rfs.vhd:443]
INFO: [Synth 8-638] synthesizing module 'cdc_sync' [/tmp/jenkins-BUILDS-hw_designs_builds-2022.2-297_xilinx-ac701/bsps/xilinx-ac701-2022.2/hw_proj/xilinx-ac701-2022.2/xilinx-ac701-2022.2.gen/sources_1/bd/mb_preset/ipshared/ef1e/hdl/lib_cdc_v1_0_rfs.vhd:106]
	Parameter INIT bound to: 1'b0 
INFO: [Synth 8-113] binding component instance 'CROSS2_PLEVEL_IN2SCNDRY_IN_cdc_to' to cell 'FDR' [/tmp/jenkins-BUILDS-hw_designs_builds-2022.2-297_xilinx-ac701/bsps/xilinx-ac701-2022.2/hw_proj/xilinx-ac701-2022.2/xilinx-ac701-2022.2.gen/sources_1/bd/mb_preset/ipshared/ef1e/hdl/lib_cdc_v1_0_rfs.vhd:736]
	Parameter INIT bound to: 1'b0 
INFO: [Synth 8-113] binding component instance 'CROSS2_PLEVEL_IN2SCNDRY_IN_cdc_to' to cell 'FDR' [/tmp/jenkins-BUILDS-hw_designs_builds-2022.2-297_xilinx-ac701/bsps/xilinx-ac701-2022.2/hw_proj/xilinx-ac701-2022.2/xilinx-ac701-2022.2.gen/sources_1/bd/mb_preset/ipshared/ef1e/hdl/lib_cdc_v1_0_rfs.vhd:736]
	Parameter INIT bound to: 1'b0 
INFO: [Synth 8-113] binding component instance 'CROSS2_PLEVEL_IN2SCNDRY_IN_cdc_to' to cell 'FDR' [/tmp/jenkins-BUILDS-hw_designs_builds-2022.2-297_xilinx-ac701/bsps/xilinx-ac701-2022.2/hw_proj/xilinx-ac701-2022.2/xilinx-ac701-2022.2.gen/sources_1/bd/mb_preset/ipshared/ef1e/hdl/lib_cdc_v1_0_rfs.vhd:736]
	Parameter INIT bound to: 1'b0 
INFO: [Synth 8-113] binding component instance 'CROSS2_PLEVEL_IN2SCNDRY_s_level_out_bus_d2' to cell 'FDR' [/tmp/jenkins-BUILDS-hw_designs_builds-2022.2-297_xilinx-ac701/bsps/xilinx-ac701-2022.2/hw_proj/xilinx-ac701-2022.2/xilinx-ac701-2022.2.gen/sources_1/bd/mb_preset/ipshared/ef1e/hdl/lib_cdc_v1_0_rfs.vhd:772]
	Parameter INIT bound to: 1'b0 
INFO: [Synth 8-113] binding component instance 'CROSS2_PLEVEL_IN2SCNDRY_s_level_out_bus_d2' to cell 'FDR' [/tmp/jenkins-BUILDS-hw_designs_builds-2022.2-297_xilinx-ac701/bsps/xilinx-ac701-2022.2/hw_proj/xilinx-ac701-2022.2/xilinx-ac701-2022.2.gen/sources_1/bd/mb_preset/ipshared/ef1e/hdl/lib_cdc_v1_0_rfs.vhd:772]
	Parameter INIT bound to: 1'b0 
INFO: [Synth 8-113] binding component instance 'CROSS2_PLEVEL_IN2SCNDRY_s_level_out_bus_d2' to cell 'FDR' [/tmp/jenkins-BUILDS-hw_designs_builds-2022.2-297_xilinx-ac701/bsps/xilinx-ac701-2022.2/hw_proj/xilinx-ac701-2022.2/xilinx-ac701-2022.2.gen/sources_1/bd/mb_preset/ipshared/ef1e/hdl/lib_cdc_v1_0_rfs.vhd:772]
	Parameter INIT bound to: 1'b0 
INFO: [Synth 8-113] binding component instance 'CROSS2_PLEVEL_IN2SCNDRY_s_level_out_bus_d3' to cell 'FDR' [/tmp/jenkins-BUILDS-hw_designs_builds-2022.2-297_xilinx-ac701/bsps/xilinx-ac701-2022.2/hw_proj/xilinx-ac701-2022.2/xilinx-ac701-2022.2.gen/sources_1/bd/mb_preset/ipshared/ef1e/hdl/lib_cdc_v1_0_rfs.vhd:788]
	Parameter INIT bound to: 1'b0 
INFO: [Synth 8-113] binding component instance 'CROSS2_PLEVEL_IN2SCNDRY_s_level_out_bus_d3' to cell 'FDR' [/tmp/jenkins-BUILDS-hw_designs_builds-2022.2-297_xilinx-ac701/bsps/xilinx-ac701-2022.2/hw_proj/xilinx-ac701-2022.2/xilinx-ac701-2022.2.gen/sources_1/bd/mb_preset/ipshared/ef1e/hdl/lib_cdc_v1_0_rfs.vhd:788]
	Parameter INIT bound to: 1'b0 
INFO: [Synth 8-113] binding component instance 'CROSS2_PLEVEL_IN2SCNDRY_s_level_out_bus_d3' to cell 'FDR' [/tmp/jenkins-BUILDS-hw_designs_builds-2022.2-297_xilinx-ac701/bsps/xilinx-ac701-2022.2/hw_proj/xilinx-ac701-2022.2/xilinx-ac701-2022.2.gen/sources_1/bd/mb_preset/ipshared/ef1e/hdl/lib_cdc_v1_0_rfs.vhd:788]
	Parameter INIT bound to: 1'b0 
INFO: [Synth 8-113] binding component instance 'CROSS2_PLEVEL_IN2SCNDRY_s_level_out_bus_d4' to cell 'FDR' [/tmp/jenkins-BUILDS-hw_designs_builds-2022.2-297_xilinx-ac701/bsps/xilinx-ac701-2022.2/hw_proj/xilinx-ac701-2022.2/xilinx-ac701-2022.2.gen/sources_1/bd/mb_preset/ipshared/ef1e/hdl/lib_cdc_v1_0_rfs.vhd:804]
	Parameter INIT bound to: 1'b0 
INFO: [Synth 8-113] binding component instance 'CROSS2_PLEVEL_IN2SCNDRY_s_level_out_bus_d4' to cell 'FDR' [/tmp/jenkins-BUILDS-hw_designs_builds-2022.2-297_xilinx-ac701/bsps/xilinx-ac701-2022.2/hw_proj/xilinx-ac701-2022.2/xilinx-ac701-2022.2.gen/sources_1/bd/mb_preset/ipshared/ef1e/hdl/lib_cdc_v1_0_rfs.vhd:804]
	Parameter INIT bound to: 1'b0 
INFO: [Synth 8-113] binding component instance 'CROSS2_PLEVEL_IN2SCNDRY_s_level_out_bus_d4' to cell 'FDR' [/tmp/jenkins-BUILDS-hw_designs_builds-2022.2-297_xilinx-ac701/bsps/xilinx-ac701-2022.2/hw_proj/xilinx-ac701-2022.2/xilinx-ac701-2022.2.gen/sources_1/bd/mb_preset/ipshared/ef1e/hdl/lib_cdc_v1_0_rfs.vhd:804]
	Parameter INIT bound to: 1'b0 
INFO: [Synth 8-113] binding component instance 'CROSS2_PLEVEL_IN2SCNDRY_s_level_out_bus_d5' to cell 'FDR' [/tmp/jenkins-BUILDS-hw_designs_builds-2022.2-297_xilinx-ac701/bsps/xilinx-ac701-2022.2/hw_proj/xilinx-ac701-2022.2/xilinx-ac701-2022.2.gen/sources_1/bd/mb_preset/ipshared/ef1e/hdl/lib_cdc_v1_0_rfs.vhd:821]
	Parameter INIT bound to: 1'b0 
INFO: [Synth 8-113] binding component instance 'CROSS2_PLEVEL_IN2SCNDRY_s_level_out_bus_d5' to cell 'FDR' [/tmp/jenkins-BUILDS-hw_designs_builds-2022.2-297_xilinx-ac701/bsps/xilinx-ac701-2022.2/hw_proj/xilinx-ac701-2022.2/xilinx-ac701-2022.2.gen/sources_1/bd/mb_preset/ipshared/ef1e/hdl/lib_cdc_v1_0_rfs.vhd:821]
	Parameter INIT bound to: 1'b0 
INFO: [Synth 8-113] binding component instance 'CROSS2_PLEVEL_IN2SCNDRY_s_level_out_bus_d5' to cell 'FDR' [/tmp/jenkins-BUILDS-hw_designs_builds-2022.2-297_xilinx-ac701/bsps/xilinx-ac701-2022.2/hw_proj/xilinx-ac701-2022.2/xilinx-ac701-2022.2.gen/sources_1/bd/mb_preset/ipshared/ef1e/hdl/lib_cdc_v1_0_rfs.vhd:821]
	Parameter INIT bound to: 1'b0 
INFO: [Synth 8-113] binding component instance 'CROSS2_PLEVEL_IN2SCNDRY_s_level_out_bus_d6' to cell 'FDR' [/tmp/jenkins-BUILDS-hw_designs_builds-2022.2-297_xilinx-ac701/bsps/xilinx-ac701-2022.2/hw_proj/xilinx-ac701-2022.2/xilinx-ac701-2022.2.gen/sources_1/bd/mb_preset/ipshared/ef1e/hdl/lib_cdc_v1_0_rfs.vhd:837]
	Parameter INIT bound to: 1'b0 
INFO: [Synth 8-113] binding component instance 'CROSS2_PLEVEL_IN2SCNDRY_s_level_out_bus_d6' to cell 'FDR' [/tmp/jenkins-BUILDS-hw_designs_builds-2022.2-297_xilinx-ac701/bsps/xilinx-ac701-2022.2/hw_proj/xilinx-ac701-2022.2/xilinx-ac701-2022.2.gen/sources_1/bd/mb_preset/ipshared/ef1e/hdl/lib_cdc_v1_0_rfs.vhd:837]
	Parameter INIT bound to: 1'b0 
INFO: [Synth 8-113] binding component instance 'CROSS2_PLEVEL_IN2SCNDRY_s_level_out_bus_d6' to cell 'FDR' [/tmp/jenkins-BUILDS-hw_designs_builds-2022.2-297_xilinx-ac701/bsps/xilinx-ac701-2022.2/hw_proj/xilinx-ac701-2022.2/xilinx-ac701-2022.2.gen/sources_1/bd/mb_preset/ipshared/ef1e/hdl/lib_cdc_v1_0_rfs.vhd:837]
INFO: [Synth 8-256] done synthesizing module 'cdc_sync' (0#1) [/tmp/jenkins-BUILDS-hw_designs_builds-2022.2-297_xilinx-ac701/bsps/xilinx-ac701-2022.2/hw_proj/xilinx-ac701-2022.2/xilinx-ac701-2022.2.gen/sources_1/bd/mb_preset/ipshared/ef1e/hdl/lib_cdc_v1_0_rfs.vhd:106]
INFO: [Synth 8-256] done synthesizing module 'GPIO_Core' (0#1) [/tmp/jenkins-BUILDS-hw_designs_builds-2022.2-297_xilinx-ac701/bsps/xilinx-ac701-2022.2/hw_proj/xilinx-ac701-2022.2/xilinx-ac701-2022.2.gen/sources_1/bd/mb_preset/ipshared/6219/hdl/axi_gpio_v2_0_vh_rfs.vhd:178]
INFO: [Synth 8-256] done synthesizing module 'axi_gpio' (0#1) [/tmp/jenkins-BUILDS-hw_designs_builds-2022.2-297_xilinx-ac701/bsps/xilinx-ac701-2022.2/hw_proj/xilinx-ac701-2022.2/xilinx-ac701-2022.2.gen/sources_1/bd/mb_preset/ipshared/6219/hdl/axi_gpio_v2_0_vh_rfs.vhd:1351]
INFO: [Synth 8-256] done synthesizing module 'mb_preset_axi_gpio_2_0' (0#1) [/tmp/jenkins-BUILDS-hw_designs_builds-2022.2-297_xilinx-ac701/bsps/xilinx-ac701-2022.2/hw_proj/xilinx-ac701-2022.2/xilinx-ac701-2022.2.gen/sources_1/bd/mb_preset/ip/mb_preset_axi_gpio_2_0/synth/mb_preset_axi_gpio_2_0.vhd:84]
WARNING: [Synth 8-6014] Unused sequential element Not_Dual.ALLIN1_ND.READ_REG_GEN[0].GPIO_DBus_i_reg was removed.  [/tmp/jenkins-BUILDS-hw_designs_builds-2022.2-297_xilinx-ac701/bsps/xilinx-ac701-2022.2/hw_proj/xilinx-ac701-2022.2/xilinx-ac701-2022.2.gen/sources_1/bd/mb_preset/ipshared/6219/hdl/axi_gpio_v2_0_vh_rfs.vhd:351]
WARNING: [Synth 8-6014] Unused sequential element Not_Dual.ALLIN1_ND.READ_REG_GEN[1].GPIO_DBus_i_reg was removed.  [/tmp/jenkins-BUILDS-hw_designs_builds-2022.2-297_xilinx-ac701/bsps/xilinx-ac701-2022.2/hw_proj/xilinx-ac701-2022.2/xilinx-ac701-2022.2.gen/sources_1/bd/mb_preset/ipshared/6219/hdl/axi_gpio_v2_0_vh_rfs.vhd:351]
WARNING: [Synth 8-6014] Unused sequential element Not_Dual.ALLIN1_ND.READ_REG_GEN[2].GPIO_DBus_i_reg was removed.  [/tmp/jenkins-BUILDS-hw_designs_builds-2022.2-297_xilinx-ac701/bsps/xilinx-ac701-2022.2/hw_proj/xilinx-ac701-2022.2/xilinx-ac701-2022.2.gen/sources_1/bd/mb_preset/ipshared/6219/hdl/axi_gpio_v2_0_vh_rfs.vhd:351]
WARNING: [Synth 8-7129] Port prmry_aclk in module cdc_sync is either unconnected or has no load
WARNING: [Synth 8-7129] Port prmry_resetn in module cdc_sync is either unconnected or has no load
WARNING: [Synth 8-7129] Port prmry_in in module cdc_sync is either unconnected or has no load
WARNING: [Synth 8-7129] Port scndry_resetn in module cdc_sync is either unconnected or has no load
WARNING: [Synth 8-7129] Port ABus_Reg[1] in module GPIO_Core is either unconnected or has no load
WARNING: [Synth 8-7129] Port ABus_Reg[2] in module GPIO_Core is either unconnected or has no load
WARNING: [Synth 8-7129] Port ABus_Reg[3] in module GPIO_Core is either unconnected or has no load
WARNING: [Synth 8-7129] Port ABus_Reg[4] in module GPIO_Core is either unconnected or has no load
WARNING: [Synth 8-7129] Port ABus_Reg[7] in module GPIO_Core is either unconnected or has no load
WARNING: [Synth 8-7129] Port ABus_Reg[8] in module GPIO_Core is either unconnected or has no load
WARNING: [Synth 8-7129] Port BE_Reg[0] in module GPIO_Core is either unconnected or has no load
WARNING: [Synth 8-7129] Port BE_Reg[1] in module GPIO_Core is either unconnected or has no load
WARNING: [Synth 8-7129] Port BE_Reg[2] in module GPIO_Core is either unconnected or has no load
WARNING: [Synth 8-7129] Port BE_Reg[3] in module GPIO_Core is either unconnected or has no load
WARNING: [Synth 8-7129] Port GPIO2_IO_I[0] in module GPIO_Core is either unconnected or has no load
WARNING: [Synth 8-7129] Port GPIO2_IO_I[1] in module GPIO_Core is either unconnected or has no load
WARNING: [Synth 8-7129] Port GPIO2_IO_I[2] in module GPIO_Core is either unconnected or has no load
WARNING: [Synth 8-7129] Port GPIO2_IO_I[3] in module GPIO_Core is either unconnected or has no load
WARNING: [Synth 8-7129] Port GPIO2_IO_I[4] in module GPIO_Core is either unconnected or has no load
WARNING: [Synth 8-7129] Port GPIO2_IO_I[5] in module GPIO_Core is either unconnected or has no load
WARNING: [Synth 8-7129] Port GPIO2_IO_I[6] in module GPIO_Core is either unconnected or has no load
WARNING: [Synth 8-7129] Port GPIO2_IO_I[7] in module GPIO_Core is either unconnected or has no load
WARNING: [Synth 8-7129] Port GPIO2_IO_I[8] in module GPIO_Core is either unconnected or has no load
WARNING: [Synth 8-7129] Port GPIO2_IO_I[9] in module GPIO_Core is either unconnected or has no load
WARNING: [Synth 8-7129] Port GPIO2_IO_I[10] in module GPIO_Core is either unconnected or has no load
WARNING: [Synth 8-7129] Port GPIO2_IO_I[11] in module GPIO_Core is either unconnected or has no load
WARNING: [Synth 8-7129] Port GPIO2_IO_I[12] in module GPIO_Core is either unconnected or has no load
WARNING: [Synth 8-7129] Port GPIO2_IO_I[13] in module GPIO_Core is either unconnected or has no load
WARNING: [Synth 8-7129] Port GPIO2_IO_I[14] in module GPIO_Core is either unconnected or has no load
WARNING: [Synth 8-7129] Port GPIO2_IO_I[15] in module GPIO_Core is either unconnected or has no load
WARNING: [Synth 8-7129] Port GPIO2_IO_I[16] in module GPIO_Core is either unconnected or has no load
WARNING: [Synth 8-7129] Port GPIO2_IO_I[17] in module GPIO_Core is either unconnected or has no load
WARNING: [Synth 8-7129] Port GPIO2_IO_I[18] in module GPIO_Core is either unconnected or has no load
WARNING: [Synth 8-7129] Port GPIO2_IO_I[19] in module GPIO_Core is either unconnected or has no load
WARNING: [Synth 8-7129] Port GPIO2_IO_I[20] in module GPIO_Core is either unconnected or has no load
WARNING: [Synth 8-7129] Port GPIO2_IO_I[21] in module GPIO_Core is either unconnected or has no load
WARNING: [Synth 8-7129] Port GPIO2_IO_I[22] in module GPIO_Core is either unconnected or has no load
WARNING: [Synth 8-7129] Port GPIO2_IO_I[23] in module GPIO_Core is either unconnected or has no load
WARNING: [Synth 8-7129] Port GPIO2_IO_I[24] in module GPIO_Core is either unconnected or has no load
WARNING: [Synth 8-7129] Port GPIO2_IO_I[25] in module GPIO_Core is either unconnected or has no load
WARNING: [Synth 8-7129] Port GPIO2_IO_I[26] in module GPIO_Core is either unconnected or has no load
WARNING: [Synth 8-7129] Port GPIO2_IO_I[27] in module GPIO_Core is either unconnected or has no load
WARNING: [Synth 8-7129] Port GPIO2_IO_I[28] in module GPIO_Core is either unconnected or has no load
WARNING: [Synth 8-7129] Port GPIO2_IO_I[29] in module GPIO_Core is either unconnected or has no load
WARNING: [Synth 8-7129] Port GPIO2_IO_I[30] in module GPIO_Core is either unconnected or has no load
WARNING: [Synth 8-7129] Port GPIO2_IO_I[31] in module GPIO_Core is either unconnected or has no load
WARNING: [Synth 8-7129] Port Address_In_Erly[0] in module address_decoder is either unconnected or has no load
WARNING: [Synth 8-7129] Port Address_In_Erly[1] in module address_decoder is either unconnected or has no load
WARNING: [Synth 8-7129] Port Address_In_Erly[2] in module address_decoder is either unconnected or has no load
WARNING: [Synth 8-7129] Port Address_In_Erly[3] in module address_decoder is either unconnected or has no load
WARNING: [Synth 8-7129] Port Address_In_Erly[4] in module address_decoder is either unconnected or has no load
WARNING: [Synth 8-7129] Port Address_In_Erly[7] in module address_decoder is either unconnected or has no load
WARNING: [Synth 8-7129] Port Address_In_Erly[8] in module address_decoder is either unconnected or has no load
WARNING: [Synth 8-7129] Port Bus_RNW in module address_decoder is either unconnected or has no load
WARNING: [Synth 8-7129] Port S_AXI_WSTRB[3] in module slave_attachment is either unconnected or has no load
WARNING: [Synth 8-7129] Port S_AXI_WSTRB[2] in module slave_attachment is either unconnected or has no load
WARNING: [Synth 8-7129] Port S_AXI_WSTRB[1] in module slave_attachment is either unconnected or has no load
WARNING: [Synth 8-7129] Port S_AXI_WSTRB[0] in module slave_attachment is either unconnected or has no load
---------------------------------------------------------------------------------
Finished RTL Elaboration : Time (s): cpu = 00:00:06 ; elapsed = 00:00:07 . Memory (MB): peak = 2910.348 ; gain = 448.707 ; free physical = 3739 ; free virtual = 441583
Synthesis current peak Physical Memory [PSS] (MB): peak = 1990.840; parent = 1871.923; children = 119.052
Synthesis current peak Virtual Memory [VSS] (MB): peak = 3916.234; parent = 2910.352; children = 1005.883
---------------------------------------------------------------------------------
---------------------------------------------------------------------------------
Start Handling Custom Attributes
---------------------------------------------------------------------------------
---------------------------------------------------------------------------------
Finished Handling Custom Attributes : Time (s): cpu = 00:00:06 ; elapsed = 00:00:07 . Memory (MB): peak = 2925.191 ; gain = 463.551 ; free physical = 3839 ; free virtual = 441684
Synthesis current peak Physical Memory [PSS] (MB): peak = 1990.840; parent = 1871.923; children = 119.052
Synthesis current peak Virtual Memory [VSS] (MB): peak = 3931.078; parent = 2925.195; children = 1005.883
---------------------------------------------------------------------------------
---------------------------------------------------------------------------------
Finished RTL Optimization Phase 1 : Time (s): cpu = 00:00:06 ; elapsed = 00:00:07 . Memory (MB): peak = 2925.191 ; gain = 463.551 ; free physical = 3807 ; free virtual = 441651
Synthesis current peak Physical Memory [PSS] (MB): peak = 1990.840; parent = 1871.923; children = 119.052
Synthesis current peak Virtual Memory [VSS] (MB): peak = 3931.078; parent = 2925.195; children = 1005.883
---------------------------------------------------------------------------------
Netlist sorting complete. Time (s): cpu = 00:00:00 ; elapsed = 00:00:00.01 . Memory (MB): peak = 2931.129 ; gain = 0.000 ; free physical = 3894 ; free virtual = 441739
INFO: [Netlist 29-17] Analyzing 18 Unisim elements for replacement
INFO: [Netlist 29-28] Unisim Transformation completed in 0 CPU seconds
INFO: [Project 1-570] Preparing netlist for logic optimization

Processing XDC Constraints
Initializing timing engine
Parsing XDC File [/tmp/jenkins-BUILDS-hw_designs_builds-2022.2-297_xilinx-ac701/bsps/xilinx-ac701-2022.2/hw_proj/xilinx-ac701-2022.2/xilinx-ac701-2022.2.gen/sources_1/bd/mb_preset/ip/mb_preset_axi_gpio_2_0/mb_preset_axi_gpio_2_0_ooc.xdc] for cell 'U0'
Finished Parsing XDC File [/tmp/jenkins-BUILDS-hw_designs_builds-2022.2-297_xilinx-ac701/bsps/xilinx-ac701-2022.2/hw_proj/xilinx-ac701-2022.2/xilinx-ac701-2022.2.gen/sources_1/bd/mb_preset/ip/mb_preset_axi_gpio_2_0/mb_preset_axi_gpio_2_0_ooc.xdc] for cell 'U0'
Parsing XDC File [/tmp/jenkins-BUILDS-hw_designs_builds-2022.2-297_xilinx-ac701/bsps/xilinx-ac701-2022.2/hw_proj/xilinx-ac701-2022.2/xilinx-ac701-2022.2.gen/sources_1/bd/mb_preset/ip/mb_preset_axi_gpio_2_0/mb_preset_axi_gpio_2_0_board.xdc] for cell 'U0'
Finished Parsing XDC File [/tmp/jenkins-BUILDS-hw_designs_builds-2022.2-297_xilinx-ac701/bsps/xilinx-ac701-2022.2/hw_proj/xilinx-ac701-2022.2/xilinx-ac701-2022.2.gen/sources_1/bd/mb_preset/ip/mb_preset_axi_gpio_2_0/mb_preset_axi_gpio_2_0_board.xdc] for cell 'U0'
Parsing XDC File [/tmp/jenkins-BUILDS-hw_designs_builds-2022.2-297_xilinx-ac701/bsps/xilinx-ac701-2022.2/hw_proj/xilinx-ac701-2022.2/xilinx-ac701-2022.2.gen/sources_1/bd/mb_preset/ip/mb_preset_axi_gpio_2_0/mb_preset_axi_gpio_2_0.xdc] for cell 'U0'
Finished Parsing XDC File [/tmp/jenkins-BUILDS-hw_designs_builds-2022.2-297_xilinx-ac701/bsps/xilinx-ac701-2022.2/hw_proj/xilinx-ac701-2022.2/xilinx-ac701-2022.2.gen/sources_1/bd/mb_preset/ip/mb_preset_axi_gpio_2_0/mb_preset_axi_gpio_2_0.xdc] for cell 'U0'
Parsing XDC File [/tmp/jenkins-BUILDS-hw_designs_builds-2022.2-297_xilinx-ac701/bsps/xilinx-ac701-2022.2/hw_proj/xilinx-ac701-2022.2/xilinx-ac701-2022.2.runs/mb_preset_axi_gpio_2_0_synth_1/dont_touch.xdc]
Finished Parsing XDC File [/tmp/jenkins-BUILDS-hw_designs_builds-2022.2-297_xilinx-ac701/bsps/xilinx-ac701-2022.2/hw_proj/xilinx-ac701-2022.2/xilinx-ac701-2022.2.runs/mb_preset_axi_gpio_2_0_synth_1/dont_touch.xdc]
Completed Processing XDC Constraints

Netlist sorting complete. Time (s): cpu = 00:00:00 ; elapsed = 00:00:00 . Memory (MB): peak = 3020.941 ; gain = 0.000 ; free physical = 5003 ; free virtual = 442896
INFO: [Project 1-111] Unisim Transformation Summary:
  A total of 18 instances were transformed.
  FDR => FDRE: 18 instances

Constraint Validation Runtime : Time (s): cpu = 00:00:00.02 ; elapsed = 00:00:00.02 . Memory (MB): peak = 3020.941 ; gain = 0.000 ; free physical = 5017 ; free virtual = 442910
INFO: [Designutils 20-5008] Incremental synthesis strategy off
INFO: [Synth 8-11241] undeclared symbol 'REGCCE', assumed default net type 'wire' [/proj/xbuilds/SWIP/2022.2_1014_0655/installs/lin64/Vivado/2022.2/data/verilog/src/unimacro/BRAM_SINGLE_MACRO.v:2170]
---------------------------------------------------------------------------------
Finished Constraint Validation : Time (s): cpu = 00:00:14 ; elapsed = 00:00:16 . Memory (MB): peak = 3020.941 ; gain = 559.301 ; free physical = 5743 ; free virtual = 443579
Synthesis current peak Physical Memory [PSS] (MB): peak = 1990.840; parent = 1871.923; children = 120.398
Synthesis current peak Virtual Memory [VSS] (MB): peak = 4026.828; parent = 3020.945; children = 1005.883
---------------------------------------------------------------------------------
---------------------------------------------------------------------------------
Start Loading Part and Timing Information
---------------------------------------------------------------------------------
Loading part: xc7a200tfbg676-2
---------------------------------------------------------------------------------
Finished Loading Part and Timing Information : Time (s): cpu = 00:00:14 ; elapsed = 00:00:16 . Memory (MB): peak = 3020.941 ; gain = 559.301 ; free physical = 5726 ; free virtual = 443561
Synthesis current peak Physical Memory [PSS] (MB): peak = 1990.840; parent = 1871.923; children = 120.402
Synthesis current peak Virtual Memory [VSS] (MB): peak = 4026.828; parent = 3020.945; children = 1005.883
---------------------------------------------------------------------------------
---------------------------------------------------------------------------------
Start Applying 'set_property' XDC Constraints
---------------------------------------------------------------------------------
Applied set_property KEEP_HIERARCHY = SOFT for U0. (constraint file  /tmp/jenkins-BUILDS-hw_designs_builds-2022.2-297_xilinx-ac701/bsps/xilinx-ac701-2022.2/hw_proj/xilinx-ac701-2022.2/xilinx-ac701-2022.2.runs/mb_preset_axi_gpio_2_0_synth_1/dont_touch.xdc, line 9).
Applied set_property KEEP = true for gpio_io_i[0]. (constraint file  auto generated constraint).
---------------------------------------------------------------------------------
Finished applying 'set_property' XDC Constraints : Time (s): cpu = 00:00:14 ; elapsed = 00:00:16 . Memory (MB): peak = 3020.941 ; gain = 559.301 ; free physical = 5728 ; free virtual = 443564
Synthesis current peak Physical Memory [PSS] (MB): peak = 1990.840; parent = 1871.923; children = 120.403
Synthesis current peak Virtual Memory [VSS] (MB): peak = 4026.828; parent = 3020.945; children = 1005.883
---------------------------------------------------------------------------------
INFO: [Synth 8-802] inferred FSM for state register 'state_reg' in module 'slave_attachment'
---------------------------------------------------------------------------------------------------
                   State |                     New Encoding |                Previous Encoding 
---------------------------------------------------------------------------------------------------
                 iSTATE2 |                             0001 |                               00
                  iSTATE |                             0010 |                               01
                 iSTATE0 |                             0100 |                               10
                 iSTATE1 |                             1000 |                               11
---------------------------------------------------------------------------------------------------
INFO: [Synth 8-3354] encoded FSM with state register 'state_reg' using encoding 'one-hot' in module 'slave_attachment'
---------------------------------------------------------------------------------
Finished RTL Optimization Phase 2 : Time (s): cpu = 00:00:15 ; elapsed = 00:00:17 . Memory (MB): peak = 3020.941 ; gain = 559.301 ; free physical = 5788 ; free virtual = 443632
Synthesis current peak Physical Memory [PSS] (MB): peak = 1990.840; parent = 1871.923; children = 120.403
Synthesis current peak Virtual Memory [VSS] (MB): peak = 4026.828; parent = 3020.945; children = 1005.883
---------------------------------------------------------------------------------
---------------------------------------------------------------------------------
Start RTL Component Statistics 
---------------------------------------------------------------------------------
Detailed RTL Component Info : 
+---Adders : 
	   2 Input    4 Bit       Adders := 1     
+---Registers : 
	               32 Bit    Registers := 2     
	                9 Bit    Registers := 1     
	                4 Bit    Registers := 1     
	                3 Bit    Registers := 3     
	                2 Bit    Registers := 3     
	                1 Bit    Registers := 18    
+---Muxes : 
	   5 Input   32 Bit        Muxes := 1     
	   2 Input   32 Bit        Muxes := 1     
	   2 Input    9 Bit        Muxes := 1     
	   4 Input    4 Bit        Muxes := 1     
	   2 Input    4 Bit        Muxes := 5     
	   2 Input    3 Bit        Muxes := 2     
	   2 Input    2 Bit        Muxes := 3     
	   3 Input    2 Bit        Muxes := 1     
	   4 Input    2 Bit        Muxes := 1     
	   2 Input    1 Bit        Muxes := 11    
	   4 Input    1 Bit        Muxes := 3     
---------------------------------------------------------------------------------
Finished RTL Component Statistics 
---------------------------------------------------------------------------------
---------------------------------------------------------------------------------
Start Part Resource Summary
---------------------------------------------------------------------------------
Part Resources:
DSPs: 740 (col length:100)
BRAMs: 730 (col length: RAMB18 100 RAMB36 50)
---------------------------------------------------------------------------------
Finished Part Resource Summary
---------------------------------------------------------------------------------
---------------------------------------------------------------------------------
Start Cross Boundary and Area Optimization
---------------------------------------------------------------------------------
WARNING: [Synth 8-7080] Parallel synthesis criteria is not met
WARNING: [Synth 8-7129] Port s_axi_wstrb[3] in module axi_gpio is either unconnected or has no load
WARNING: [Synth 8-7129] Port s_axi_wstrb[2] in module axi_gpio is either unconnected or has no load
WARNING: [Synth 8-7129] Port s_axi_wstrb[1] in module axi_gpio is either unconnected or has no load
WARNING: [Synth 8-7129] Port s_axi_wstrb[0] in module axi_gpio is either unconnected or has no load
WARNING: [Synth 8-7129] Port gpio2_io_i[31] in module axi_gpio is either unconnected or has no load
WARNING: [Synth 8-7129] Port gpio2_io_i[30] in module axi_gpio is either unconnected or has no load
WARNING: [Synth 8-7129] Port gpio2_io_i[29] in module axi_gpio is either unconnected or has no load
WARNING: [Synth 8-7129] Port gpio2_io_i[28] in module axi_gpio is either unconnected or has no load
WARNING: [Synth 8-7129] Port gpio2_io_i[27] in module axi_gpio is either unconnected or has no load
WARNING: [Synth 8-7129] Port gpio2_io_i[26] in module axi_gpio is either unconnected or has no load
WARNING: [Synth 8-7129] Port gpio2_io_i[25] in module axi_gpio is either unconnected or has no load
WARNING: [Synth 8-7129] Port gpio2_io_i[24] in module axi_gpio is either unconnected or has no load
WARNING: [Synth 8-7129] Port gpio2_io_i[23] in module axi_gpio is either unconnected or has no load
WARNING: [Synth 8-7129] Port gpio2_io_i[22] in module axi_gpio is either unconnected or has no load
WARNING: [Synth 8-7129] Port gpio2_io_i[21] in module axi_gpio is either unconnected or has no load
WARNING: [Synth 8-7129] Port gpio2_io_i[20] in module axi_gpio is either unconnected or has no load
WARNING: [Synth 8-7129] Port gpio2_io_i[19] in module axi_gpio is either unconnected or has no load
WARNING: [Synth 8-7129] Port gpio2_io_i[18] in module axi_gpio is either unconnected or has no load
WARNING: [Synth 8-7129] Port gpio2_io_i[17] in module axi_gpio is either unconnected or has no load
WARNING: [Synth 8-7129] Port gpio2_io_i[16] in module axi_gpio is either unconnected or has no load
WARNING: [Synth 8-7129] Port gpio2_io_i[15] in module axi_gpio is either unconnected or has no load
WARNING: [Synth 8-7129] Port gpio2_io_i[14] in module axi_gpio is either unconnected or has no load
WARNING: [Synth 8-7129] Port gpio2_io_i[13] in module axi_gpio is either unconnected or has no load
WARNING: [Synth 8-7129] Port gpio2_io_i[12] in module axi_gpio is either unconnected or has no load
WARNING: [Synth 8-7129] Port gpio2_io_i[11] in module axi_gpio is either unconnected or has no load
WARNING: [Synth 8-7129] Port gpio2_io_i[10] in module axi_gpio is either unconnected or has no load
WARNING: [Synth 8-7129] Port gpio2_io_i[9] in module axi_gpio is either unconnected or has no load
WARNING: [Synth 8-7129] Port gpio2_io_i[8] in module axi_gpio is either unconnected or has no load
WARNING: [Synth 8-7129] Port gpio2_io_i[7] in module axi_gpio is either unconnected or has no load
WARNING: [Synth 8-7129] Port gpio2_io_i[6] in module axi_gpio is either unconnected or has no load
WARNING: [Synth 8-7129] Port gpio2_io_i[5] in module axi_gpio is either unconnected or has no load
WARNING: [Synth 8-7129] Port gpio2_io_i[4] in module axi_gpio is either unconnected or has no load
WARNING: [Synth 8-7129] Port gpio2_io_i[3] in module axi_gpio is either unconnected or has no load
WARNING: [Synth 8-7129] Port gpio2_io_i[2] in module axi_gpio is either unconnected or has no load
WARNING: [Synth 8-7129] Port gpio2_io_i[1] in module axi_gpio is either unconnected or has no load
WARNING: [Synth 8-7129] Port gpio2_io_i[0] in module axi_gpio is either unconnected or has no load
INFO: [Synth 8-3332] Sequential element (gpio_core_1/Not_Dual.INPUT_DOUBLE_REGS3/GENERATE_LEVEL_P_S_CDC.MULTI_BIT.FOR_CROSS_PLEVEL_IN2SCNDRY_bus_d5[0].CROSS2_PLEVEL_IN2SCNDRY_s_level_out_bus_d5) is unused and will be removed from module axi_gpio.
INFO: [Synth 8-3332] Sequential element (gpio_core_1/Not_Dual.INPUT_DOUBLE_REGS3/GENERATE_LEVEL_P_S_CDC.MULTI_BIT.FOR_CROSS_PLEVEL_IN2SCNDRY_bus_d5[1].CROSS2_PLEVEL_IN2SCNDRY_s_level_out_bus_d5) is unused and will be removed from module axi_gpio.
INFO: [Synth 8-3332] Sequential element (gpio_core_1/Not_Dual.INPUT_DOUBLE_REGS3/GENERATE_LEVEL_P_S_CDC.MULTI_BIT.FOR_CROSS_PLEVEL_IN2SCNDRY_bus_d5[2].CROSS2_PLEVEL_IN2SCNDRY_s_level_out_bus_d5) is unused and will be removed from module axi_gpio.
INFO: [Synth 8-3332] Sequential element (gpio_core_1/Not_Dual.INPUT_DOUBLE_REGS3/GENERATE_LEVEL_P_S_CDC.MULTI_BIT.FOR_CROSS_PLEVEL_IN2SCNDRY_bus_d6[0].CROSS2_PLEVEL_IN2SCNDRY_s_level_out_bus_d6) is unused and will be removed from module axi_gpio.
INFO: [Synth 8-3332] Sequential element (gpio_core_1/Not_Dual.INPUT_DOUBLE_REGS3/GENERATE_LEVEL_P_S_CDC.MULTI_BIT.FOR_CROSS_PLEVEL_IN2SCNDRY_bus_d6[1].CROSS2_PLEVEL_IN2SCNDRY_s_level_out_bus_d6) is unused and will be removed from module axi_gpio.
INFO: [Synth 8-3332] Sequential element (gpio_core_1/Not_Dual.INPUT_DOUBLE_REGS3/GENERATE_LEVEL_P_S_CDC.MULTI_BIT.FOR_CROSS_PLEVEL_IN2SCNDRY_bus_d6[2].CROSS2_PLEVEL_IN2SCNDRY_s_level_out_bus_d6) is unused and will be removed from module axi_gpio.
---------------------------------------------------------------------------------
Finished Cross Boundary and Area Optimization : Time (s): cpu = 00:00:16 ; elapsed = 00:00:18 . Memory (MB): peak = 3020.941 ; gain = 559.301 ; free physical = 5733 ; free virtual = 443591
Synthesis current peak Physical Memory [PSS] (MB): peak = 1990.840; parent = 1871.923; children = 120.691
Synthesis current peak Virtual Memory [VSS] (MB): peak = 4026.828; parent = 3020.945; children = 1005.883
---------------------------------------------------------------------------------
---------------------------------------------------------------------------------
Start Applying XDC Timing Constraints
---------------------------------------------------------------------------------
---------------------------------------------------------------------------------
Finished Applying XDC Timing Constraints : Time (s): cpu = 00:00:21 ; elapsed = 00:00:23 . Memory (MB): peak = 3020.941 ; gain = 559.301 ; free physical = 11006 ; free virtual = 448859
Synthesis current peak Physical Memory [PSS] (MB): peak = 2063.205; parent = 1941.739; children = 121.466
Synthesis current peak Virtual Memory [VSS] (MB): peak = 4026.828; parent = 3020.945; children = 1005.883
---------------------------------------------------------------------------------
---------------------------------------------------------------------------------
Start Timing Optimization
---------------------------------------------------------------------------------
---------------------------------------------------------------------------------
Finished Timing Optimization : Time (s): cpu = 00:00:22 ; elapsed = 00:00:24 . Memory (MB): peak = 3020.941 ; gain = 559.301 ; free physical = 12505 ; free virtual = 450357
Synthesis current peak Physical Memory [PSS] (MB): peak = 2063.205; parent = 1941.739; children = 121.691
Synthesis current peak Virtual Memory [VSS] (MB): peak = 4026.828; parent = 3020.945; children = 1005.883
---------------------------------------------------------------------------------
---------------------------------------------------------------------------------
Start Technology Mapping
---------------------------------------------------------------------------------
---------------------------------------------------------------------------------
Finished Technology Mapping : Time (s): cpu = 00:00:22 ; elapsed = 00:00:24 . Memory (MB): peak = 3020.941 ; gain = 559.301 ; free physical = 12639 ; free virtual = 450492
Synthesis current peak Physical Memory [PSS] (MB): peak = 2063.205; parent = 1941.739; children = 121.691
Synthesis current peak Virtual Memory [VSS] (MB): peak = 4026.828; parent = 3020.945; children = 1005.883
---------------------------------------------------------------------------------
---------------------------------------------------------------------------------
Start IO Insertion
---------------------------------------------------------------------------------
---------------------------------------------------------------------------------
Start Flattening Before IO Insertion
---------------------------------------------------------------------------------
---------------------------------------------------------------------------------
Finished Flattening Before IO Insertion
---------------------------------------------------------------------------------
---------------------------------------------------------------------------------
Start Final Netlist Cleanup
---------------------------------------------------------------------------------
---------------------------------------------------------------------------------
Finished Final Netlist Cleanup
---------------------------------------------------------------------------------
---------------------------------------------------------------------------------
Finished IO Insertion : Time (s): cpu = 00:00:25 ; elapsed = 00:00:28 . Memory (MB): peak = 3020.941 ; gain = 559.301 ; free physical = 20135 ; free virtual = 458016
Synthesis current peak Physical Memory [PSS] (MB): peak = 2064.961; parent = 1942.715; children = 122.246
Synthesis current peak Virtual Memory [VSS] (MB): peak = 4026.828; parent = 3020.945; children = 1005.883
---------------------------------------------------------------------------------
---------------------------------------------------------------------------------
Start Renaming Generated Instances
---------------------------------------------------------------------------------
---------------------------------------------------------------------------------
Finished Renaming Generated Instances : Time (s): cpu = 00:00:25 ; elapsed = 00:00:28 . Memory (MB): peak = 3020.941 ; gain = 559.301 ; free physical = 20094 ; free virtual = 457975
Synthesis current peak Physical Memory [PSS] (MB): peak = 2064.961; parent = 1942.715; children = 122.246
Synthesis current peak Virtual Memory [VSS] (MB): peak = 4026.828; parent = 3020.945; children = 1005.883
---------------------------------------------------------------------------------
---------------------------------------------------------------------------------
Start Rebuilding User Hierarchy
---------------------------------------------------------------------------------
---------------------------------------------------------------------------------
Finished Rebuilding User Hierarchy : Time (s): cpu = 00:00:25 ; elapsed = 00:00:28 . Memory (MB): peak = 3020.941 ; gain = 559.301 ; free physical = 20144 ; free virtual = 458025
Synthesis current peak Physical Memory [PSS] (MB): peak = 2064.961; parent = 1942.715; children = 122.246
Synthesis current peak Virtual Memory [VSS] (MB): peak = 4026.828; parent = 3020.945; children = 1005.883
---------------------------------------------------------------------------------
---------------------------------------------------------------------------------
Start Renaming Generated Ports
---------------------------------------------------------------------------------
---------------------------------------------------------------------------------
Finished Renaming Generated Ports : Time (s): cpu = 00:00:25 ; elapsed = 00:00:28 . Memory (MB): peak = 3020.941 ; gain = 559.301 ; free physical = 20134 ; free virtual = 458015
Synthesis current peak Physical Memory [PSS] (MB): peak = 2064.961; parent = 1942.715; children = 122.246
Synthesis current peak Virtual Memory [VSS] (MB): peak = 4026.828; parent = 3020.945; children = 1005.883
---------------------------------------------------------------------------------
---------------------------------------------------------------------------------
Start Handling Custom Attributes
---------------------------------------------------------------------------------
---------------------------------------------------------------------------------
Finished Handling Custom Attributes : Time (s): cpu = 00:00:25 ; elapsed = 00:00:28 . Memory (MB): peak = 3020.941 ; gain = 559.301 ; free physical = 20145 ; free virtual = 458016
Synthesis current peak Physical Memory [PSS] (MB): peak = 2064.961; parent = 1942.715; children = 122.246
Synthesis current peak Virtual Memory [VSS] (MB): peak = 4026.828; parent = 3020.945; children = 1005.883
---------------------------------------------------------------------------------
---------------------------------------------------------------------------------
Start Renaming Generated Nets
---------------------------------------------------------------------------------
---------------------------------------------------------------------------------
Finished Renaming Generated Nets : Time (s): cpu = 00:00:25 ; elapsed = 00:00:28 . Memory (MB): peak = 3020.941 ; gain = 559.301 ; free physical = 20180 ; free virtual = 458051
Synthesis current peak Physical Memory [PSS] (MB): peak = 2064.961; parent = 1942.715; children = 122.246
Synthesis current peak Virtual Memory [VSS] (MB): peak = 4026.828; parent = 3020.945; children = 1005.883
---------------------------------------------------------------------------------
---------------------------------------------------------------------------------
Start Writing Synthesis Report
---------------------------------------------------------------------------------

Report BlackBoxes: 
+-+--------------+----------+
| |BlackBox name |Instances |
+-+--------------+----------+
+-+--------------+----------+

Report Cell Usage: 
+------+-----+------+
|      |Cell |Count |
+------+-----+------+
|1     |LUT1 |     2|
|2     |LUT2 |    10|
|3     |LUT3 |     7|
|4     |LUT4 |     4|
|5     |LUT5 |     8|
|6     |LUT6 |    18|
|7     |FDR  |    12|
|8     |FDRE |    43|
|9     |FDSE |     4|
+------+-----+------+
---------------------------------------------------------------------------------
Finished Writing Synthesis Report : Time (s): cpu = 00:00:25 ; elapsed = 00:00:28 . Memory (MB): peak = 3020.941 ; gain = 559.301 ; free physical = 20097 ; free virtual = 457967
Synthesis current peak Physical Memory [PSS] (MB): peak = 2064.961; parent = 1942.715; children = 122.246
Synthesis current peak Virtual Memory [VSS] (MB): peak = 4026.828; parent = 3020.945; children = 1005.883
---------------------------------------------------------------------------------
Synthesis finished with 0 errors, 0 critical warnings and 37 warnings.
Synthesis Optimization Runtime : Time (s): cpu = 00:00:23 ; elapsed = 00:00:25 . Memory (MB): peak = 3020.941 ; gain = 463.551 ; free physical = 21404 ; free virtual = 459274
Synthesis Optimization Complete : Time (s): cpu = 00:00:26 ; elapsed = 00:00:28 . Memory (MB): peak = 3020.949 ; gain = 559.301 ; free physical = 21395 ; free virtual = 459266
INFO: [Project 1-571] Translating synthesized netlist
Netlist sorting complete. Time (s): cpu = 00:00:00 ; elapsed = 00:00:00 . Memory (MB): peak = 3020.949 ; gain = 0.000 ; free physical = 21312 ; free virtual = 459182
INFO: [Netlist 29-17] Analyzing 12 Unisim elements for replacement
INFO: [Netlist 29-28] Unisim Transformation completed in 0 CPU seconds
INFO: [Project 1-570] Preparing netlist for logic optimization
INFO: [Opt 31-138] Pushed 0 inverter(s) to 0 load pin(s).
Netlist sorting complete. Time (s): cpu = 00:00:00 ; elapsed = 00:00:00 . Memory (MB): peak = 3020.949 ; gain = 0.000 ; free physical = 20259 ; free virtual = 458130
INFO: [Project 1-111] Unisim Transformation Summary:
  A total of 12 instances were transformed.
  FDR => FDRE: 12 instances

Synth Design complete, checksum: a7aba431
INFO: [Common 17-83] Releasing license: Synthesis
71 Infos, 98 Warnings, 0 Critical Warnings and 0 Errors encountered.
synth_design completed successfully
synth_design: Time (s): cpu = 00:00:34 ; elapsed = 00:00:35 . Memory (MB): peak = 3020.949 ; gain = 918.090 ; free physical = 20419 ; free virtual = 458289
INFO: [Common 17-1381] The checkpoint '/tmp/jenkins-BUILDS-hw_designs_builds-2022.2-297_xilinx-ac701/bsps/xilinx-ac701-2022.2/hw_proj/xilinx-ac701-2022.2/xilinx-ac701-2022.2.runs/mb_preset_axi_gpio_2_0_synth_1/mb_preset_axi_gpio_2_0.dcp' has been generated.
INFO: [Coretcl 2-1648] Added synthesis output to IP cache for IP mb_preset_axi_gpio_2_0, cache-ID = 1da77dd3b6be7fe7
INFO: [Coretcl 2-1174] Renamed 8 cell refs.
INFO: [Common 17-1381] The checkpoint '/tmp/jenkins-BUILDS-hw_designs_builds-2022.2-297_xilinx-ac701/bsps/xilinx-ac701-2022.2/hw_proj/xilinx-ac701-2022.2/xilinx-ac701-2022.2.runs/mb_preset_axi_gpio_2_0_synth_1/mb_preset_axi_gpio_2_0.dcp' has been generated.
INFO: [runtcl-4] Executing : report_utilization -file mb_preset_axi_gpio_2_0_utilization_synth.rpt -pb mb_preset_axi_gpio_2_0_utilization_synth.pb
INFO: [Common 17-206] Exiting Vivado at Fri Oct 14 13:23:50 2022...
