TRACE::2023-03-07.16:14:53::SCWPlatform::Trying to open the hw design at C:/Users/guanxian/Desktop/ac701-state/mb_preset_wrapper/hw/mb_preset_wrapper.xsa
TRACE::2023-03-07.16:14:53::SCWPlatform::DSA given C:/Users/guanxian/Desktop/ac701-state/mb_preset_wrapper/hw/mb_preset_wrapper.xsa
TRACE::2023-03-07.16:14:53::SCWPlatform::DSA absoulate path C:/Users/guanxian/Desktop/ac701-state/mb_preset_wrapper/hw/mb_preset_wrapper.xsa
TRACE::2023-03-07.16:14:53::SCWPlatform::DSA directory C:/Users/guanxian/Desktop/ac701-state/mb_preset_wrapper/hw
TRACE::2023-03-07.16:14:53::SCWPlatform:: Platform Path C:/Users/guanxian/Desktop/ac701-state/mb_preset_wrapper/hw/mb_preset_wrapper.xsa
TRACE::2023-03-07.16:14:53::SCWPlatform:: Unique name xilinx:ac701::0.0
TRACE::2023-03-07.16:14:53::SCWPlatform::Do not have an existing db opened. 
TRACE::2023-03-07.16:14:58::SCWPlatform::Opened new HwDB with name mb_preset_wrapper_0
TRACE::2023-03-07.16:14:58::SCWWriter::formatted JSON is {
	"platformName":	"mb_preset_wrapper",
	"sprVersion":	"2.0",
	"mode":	"gui",
	"dsaType":	"Fixed",
	"platformDesc":	"mb_preset_wrapper",
	"platHandOff":	"<platformDir>.xsa",
	"platIntHandOff":	"<platformDir>/hw/mb_preset_wrapper.xsa",
	"deviceType":	"FPGA",
	"platIsPrebuiltAutogen":	"false",
	"platIsNoBootBsp":	"false",
	"hasFsblMakeHasChanges":	"false",
	"hasPmufwMakeHasChanges":	"false",
	"platPreBuiltFlag":	false,
	"platformSamplesDir":	""
}
TRACE::2023-03-07.16:14:58::SCWWriter::formatted JSON is {
	"platformName":	"mb_preset_wrapper",
	"sprVersion":	"2.0",
	"mode":	"gui",
	"dsaType":	"Fixed",
	"platformDesc":	"mb_preset_wrapper",
	"platHandOff":	"<platformDir>.xsa",
	"platIntHandOff":	"<platformDir>/hw/mb_preset_wrapper.xsa",
	"deviceType":	"FPGA",
	"platIsPrebuiltAutogen":	"false",
	"platIsNoBootBsp":	"false",
	"hasFsblMakeHasChanges":	"false",
	"hasPmufwMakeHasChanges":	"false",
	"platPreBuiltFlag":	false,
	"platformSamplesDir":	"",
	"platActiveSys":	"mb_preset_wrapper",
	"systems":	[{
			"systemName":	"mb_preset_wrapper",
			"systemDesc":	"mb_preset_wrapper",
			"sysIsBootAutoGen":	"true",
			"systemDispName":	"mb_preset_wrapper"
		}]
}
TRACE::2023-03-07.16:14:58::SCWPlatform::Boot application domains not present, creating them
TRACE::2023-03-07.16:14:58::SCWPlatform::Pure FPGA device, no boot application will be created.
TRACE::2023-03-07.16:14:58::SCWWriter::formatted JSON is {
	"platformName":	"mb_preset_wrapper",
	"sprVersion":	"2.0",
	"mode":	"gui",
	"dsaType":	"Fixed",
	"platformDesc":	"mb_preset_wrapper",
	"platHandOff":	"<platformDir>.xsa",
	"platIntHandOff":	"<platformDir>/hw/mb_preset_wrapper.xsa",
	"deviceType":	"FPGA",
	"platIsPrebuiltAutogen":	"false",
	"platIsNoBootBsp":	"false",
	"hasFsblMakeHasChanges":	"false",
	"hasPmufwMakeHasChanges":	"false",
	"platPreBuiltFlag":	false,
	"platformSamplesDir":	"",
	"platActiveSys":	"mb_preset_wrapper",
	"systems":	[{
			"systemName":	"mb_preset_wrapper",
			"systemDesc":	"mb_preset_wrapper",
			"sysIsBootAutoGen":	"true",
			"systemDispName":	"mb_preset_wrapper"
		}]
}
TRACE::2023-03-07.16:14:58::SCWWriter::formatted JSON is {
	"platformName":	"mb_preset_wrapper",
	"sprVersion":	"2.0",
	"mode":	"gui",
	"dsaType":	"Fixed",
	"platformDesc":	"mb_preset_wrapper",
	"platHandOff":	"<platformDir>.xsa",
	"platIntHandOff":	"<platformDir>/hw/mb_preset_wrapper.xsa",
	"deviceType":	"FPGA",
	"platIsPrebuiltAutogen":	"false",
	"platIsNoBootBsp":	"false",
	"hasFsblMakeHasChanges":	"false",
	"hasPmufwMakeHasChanges":	"false",
	"platPreBuiltFlag":	false,
	"platformSamplesDir":	"",
	"platActiveSys":	"mb_preset_wrapper",
	"systems":	[{
			"systemName":	"mb_preset_wrapper",
			"systemDesc":	"mb_preset_wrapper",
			"sysIsBootAutoGen":	"true",
			"systemDispName":	"mb_preset_wrapper"
		}]
}
TRACE::2023-03-07.16:14:58::SCWPlatform::Trying to open the hw design at C:/Users/guanxian/Desktop/ac701-state/mb_preset_wrapper/hw/mb_preset_wrapper.xsa
TRACE::2023-03-07.16:14:58::SCWPlatform::DSA given C:/Users/guanxian/Desktop/ac701-state/mb_preset_wrapper/hw/mb_preset_wrapper.xsa
TRACE::2023-03-07.16:14:58::SCWPlatform::DSA absoulate path C:/Users/guanxian/Desktop/ac701-state/mb_preset_wrapper/hw/mb_preset_wrapper.xsa
TRACE::2023-03-07.16:14:58::SCWPlatform::DSA directory C:/Users/guanxian/Desktop/ac701-state/mb_preset_wrapper/hw
TRACE::2023-03-07.16:14:58::SCWPlatform:: Platform Path C:/Users/guanxian/Desktop/ac701-state/mb_preset_wrapper/hw/mb_preset_wrapper.xsa
TRACE::2023-03-07.16:14:58::SCWPlatform:: Unique name xilinx:ac701::0.0
TRACE::2023-03-07.16:14:58::SCWPlatform::Trying to set the existing hwdb with name mb_preset_wrapper_0
TRACE::2023-03-07.16:14:58::SCWPlatform::Opened existing hwdb mb_preset_wrapper_0
TRACE::2023-03-07.16:14:58::SCWPlatform::Found the Hw Db part of the input DSA
TRACE::2023-03-07.16:14:58::SCWPlatform::Trying to open the hw design at C:/Users/guanxian/Desktop/ac701-state/mb_preset_wrapper/hw/mb_preset_wrapper.xsa
TRACE::2023-03-07.16:14:58::SCWPlatform::DSA given C:/Users/guanxian/Desktop/ac701-state/mb_preset_wrapper/hw/mb_preset_wrapper.xsa
TRACE::2023-03-07.16:14:58::SCWPlatform::DSA absoulate path C:/Users/guanxian/Desktop/ac701-state/mb_preset_wrapper/hw/mb_preset_wrapper.xsa
TRACE::2023-03-07.16:14:58::SCWPlatform::DSA directory C:/Users/guanxian/Desktop/ac701-state/mb_preset_wrapper/hw
TRACE::2023-03-07.16:14:58::SCWPlatform:: Platform Path C:/Users/guanxian/Desktop/ac701-state/mb_preset_wrapper/hw/mb_preset_wrapper.xsa
TRACE::2023-03-07.16:14:58::SCWPlatform:: Unique name xilinx:ac701::0.0
TRACE::2023-03-07.16:14:58::SCWPlatform::Trying to set the existing hwdb with name mb_preset_wrapper_0
TRACE::2023-03-07.16:14:58::SCWPlatform::Opened existing hwdb mb_preset_wrapper_0
TRACE::2023-03-07.16:14:58::SCWPlatform::Found the Hw Db part of the input DSA
TRACE::2023-03-07.16:14:58::SCWDomain::checking for install qemu data   : 
TRACE::2023-03-07.16:14:58::SCWPlatform::Trying to open the hw design at C:/Users/guanxian/Desktop/ac701-state/mb_preset_wrapper/hw/mb_preset_wrapper.xsa
TRACE::2023-03-07.16:14:58::SCWPlatform::DSA given C:/Users/guanxian/Desktop/ac701-state/mb_preset_wrapper/hw/mb_preset_wrapper.xsa
TRACE::2023-03-07.16:14:58::SCWPlatform::DSA absoulate path C:/Users/guanxian/Desktop/ac701-state/mb_preset_wrapper/hw/mb_preset_wrapper.xsa
TRACE::2023-03-07.16:14:58::SCWPlatform::DSA directory C:/Users/guanxian/Desktop/ac701-state/mb_preset_wrapper/hw
TRACE::2023-03-07.16:14:58::SCWPlatform:: Platform Path C:/Users/guanxian/Desktop/ac701-state/mb_preset_wrapper/hw/mb_preset_wrapper.xsa
TRACE::2023-03-07.16:14:58::SCWPlatform:: Unique name xilinx:ac701::0.0
TRACE::2023-03-07.16:14:58::SCWPlatform::Trying to set the existing hwdb with name mb_preset_wrapper_0
TRACE::2023-03-07.16:14:58::SCWPlatform::Opened existing hwdb mb_preset_wrapper_0
TRACE::2023-03-07.16:14:58::SCWPlatform::Found the Hw Db part of the input DSA
TRACE::2023-03-07.16:14:58::SCWPlatform::Trying to open the hw design at C:/Users/guanxian/Desktop/ac701-state/mb_preset_wrapper/hw/mb_preset_wrapper.xsa
TRACE::2023-03-07.16:14:58::SCWPlatform::DSA given C:/Users/guanxian/Desktop/ac701-state/mb_preset_wrapper/hw/mb_preset_wrapper.xsa
TRACE::2023-03-07.16:14:58::SCWPlatform::DSA absoulate path C:/Users/guanxian/Desktop/ac701-state/mb_preset_wrapper/hw/mb_preset_wrapper.xsa
TRACE::2023-03-07.16:14:58::SCWPlatform::DSA directory C:/Users/guanxian/Desktop/ac701-state/mb_preset_wrapper/hw
TRACE::2023-03-07.16:14:58::SCWPlatform:: Platform Path C:/Users/guanxian/Desktop/ac701-state/mb_preset_wrapper/hw/mb_preset_wrapper.xsa
TRACE::2023-03-07.16:14:58::SCWPlatform:: Unique name xilinx:ac701::0.0
TRACE::2023-03-07.16:14:58::SCWPlatform::Trying to set the existing hwdb with name mb_preset_wrapper_0
TRACE::2023-03-07.16:14:58::SCWPlatform::Opened existing hwdb mb_preset_wrapper_0
TRACE::2023-03-07.16:14:58::SCWPlatform::Found the Hw Db part of the input DSA
TRACE::2023-03-07.16:14:58::SCWPlatform::Trying to open the hw design at C:/Users/guanxian/Desktop/ac701-state/mb_preset_wrapper/hw/mb_preset_wrapper.xsa
TRACE::2023-03-07.16:14:58::SCWPlatform::DSA given C:/Users/guanxian/Desktop/ac701-state/mb_preset_wrapper/hw/mb_preset_wrapper.xsa
TRACE::2023-03-07.16:14:58::SCWPlatform::DSA absoulate path C:/Users/guanxian/Desktop/ac701-state/mb_preset_wrapper/hw/mb_preset_wrapper.xsa
TRACE::2023-03-07.16:14:58::SCWPlatform::DSA directory C:/Users/guanxian/Desktop/ac701-state/mb_preset_wrapper/hw
TRACE::2023-03-07.16:14:58::SCWPlatform:: Platform Path C:/Users/guanxian/Desktop/ac701-state/mb_preset_wrapper/hw/mb_preset_wrapper.xsa
TRACE::2023-03-07.16:14:58::SCWPlatform:: Unique name xilinx:ac701::0.0
TRACE::2023-03-07.16:14:58::SCWPlatform::Trying to set the existing hwdb with name mb_preset_wrapper_0
TRACE::2023-03-07.16:14:58::SCWPlatform::Opened existing hwdb mb_preset_wrapper_0
TRACE::2023-03-07.16:14:58::SCWPlatform::Found the Hw Db part of the input DSA
TRACE::2023-03-07.16:14:58::SCWMssOS::Checking the sw design at  C:/Users/guanxian/Desktop/ac701-state/mb_preset_wrapper/microblaze_0/freertos10_xilinx_microblaze_0/bsp/system.mss
TRACE::2023-03-07.16:14:58::SCWMssOS::DEBUG:  swdes dump  
TRACE::2023-03-07.16:14:58::SCWMssOS::No sw design opened at  C:/Users/guanxian/Desktop/ac701-state/mb_preset_wrapper/microblaze_0/freertos10_xilinx_microblaze_0/bsp/system.mss
TRACE::2023-03-07.16:14:58::SCWMssOS::mss does not exists at C:/Users/guanxian/Desktop/ac701-state/mb_preset_wrapper/microblaze_0/freertos10_xilinx_microblaze_0/bsp/system.mss
TRACE::2023-03-07.16:14:58::SCWMssOS::Creating sw design at  C:/Users/guanxian/Desktop/ac701-state/mb_preset_wrapper/microblaze_0/freertos10_xilinx_microblaze_0/bsp/system.mss
TRACE::2023-03-07.16:14:58::SCWMssOS::Adding the swdes entry, created swdb C:/Users/guanxian/Desktop/ac701-state/mb_preset_wrapper/microblaze_0/freertos10_xilinx_microblaze_0/bsp/system.mss with des name C:/Users/guanxian/Desktop/ac701-state/mb_preset_wrapper/microblaze_0/freertos10_xilinx_microblaze_0/bsp/system.mss
TRACE::2023-03-07.16:14:58::SCWMssOS::updating the scw layer changes to swdes at   C:/Users/guanxian/Desktop/ac701-state/mb_preset_wrapper/microblaze_0/freertos10_xilinx_microblaze_0/bsp/system.mss
TRACE::2023-03-07.16:14:58::SCWMssOS::Writing mss at C:/Users/guanxian/Desktop/ac701-state/mb_preset_wrapper/microblaze_0/freertos10_xilinx_microblaze_0/bsp/system.mss
TRACE::2023-03-07.16:14:58::SCWMssOS::Completed writing the mss file at C:/Users/guanxian/Desktop/ac701-state/mb_preset_wrapper/microblaze_0/freertos10_xilinx_microblaze_0/bsp
TRACE::2023-03-07.16:14:58::SCWMssOS::Picking up changes from newly written mss file into SCW Layer. 
TRACE::2023-03-07.16:14:58::SCWMssOS::Updated the changes from newly written mss file into SCW Layer. 
TRACE::2023-03-07.16:14:58::SCWMssOS::Completed writing the mss file at C:/Users/guanxian/Desktop/ac701-state/mb_preset_wrapper/microblaze_0/freertos10_xilinx_microblaze_0/bsp
TRACE::2023-03-07.16:14:58::SCWMssOS::Forcing BSP Sources regeneration.
TRACE::2023-03-07.16:15:02::SCWMssOS::Saving the mss changes C:/Users/guanxian/Desktop/ac701-state/mb_preset_wrapper/microblaze_0/freertos10_xilinx_microblaze_0/bsp/system.mss
TRACE::2023-03-07.16:15:02::SCWMssOS::Adding the swdes entry, mss present, able to open swdb C:/Users/guanxian/Desktop/ac701-state/mb_preset_wrapper/microblaze_0/freertos10_xilinx_microblaze_0/bsp/system.mss with des name system
TRACE::2023-03-07.16:15:02::SCWMssOS::Writing the mss file completed C:/Users/guanxian/Desktop/ac701-state/mb_preset_wrapper/microblaze_0/freertos10_xilinx_microblaze_0/bsp/system.mss
TRACE::2023-03-07.16:15:02::SCWMssOS::Commit changes completed.
TRACE::2023-03-07.16:15:02::SCWPlatform::Trying to open the hw design at C:/Users/guanxian/Desktop/ac701-state/mb_preset_wrapper/hw/mb_preset_wrapper.xsa
TRACE::2023-03-07.16:15:02::SCWPlatform::DSA given C:/Users/guanxian/Desktop/ac701-state/mb_preset_wrapper/hw/mb_preset_wrapper.xsa
TRACE::2023-03-07.16:15:02::SCWPlatform::DSA absoulate path C:/Users/guanxian/Desktop/ac701-state/mb_preset_wrapper/hw/mb_preset_wrapper.xsa
TRACE::2023-03-07.16:15:02::SCWPlatform::DSA directory C:/Users/guanxian/Desktop/ac701-state/mb_preset_wrapper/hw
TRACE::2023-03-07.16:15:02::SCWPlatform:: Platform Path C:/Users/guanxian/Desktop/ac701-state/mb_preset_wrapper/hw/mb_preset_wrapper.xsa
TRACE::2023-03-07.16:15:02::SCWPlatform:: Unique name xilinx:ac701::0.0
TRACE::2023-03-07.16:15:02::SCWPlatform::Trying to set the existing hwdb with name mb_preset_wrapper_0
TRACE::2023-03-07.16:15:02::SCWPlatform::Opened existing hwdb mb_preset_wrapper_0
TRACE::2023-03-07.16:15:02::SCWPlatform::Found the Hw Db part of the input DSA
TRACE::2023-03-07.16:15:02::SCWMssOS::Checking the sw design at  C:/Users/guanxian/Desktop/ac701-state/mb_preset_wrapper/microblaze_0/freertos10_xilinx_microblaze_0/bsp/system.mss
TRACE::2023-03-07.16:15:02::SCWMssOS::DEBUG:  swdes dump  C:/Users/guanxian/Desktop/ac701-state/mb_preset_wrapper/microblaze_0/freertos10_xilinx_microblaze_0/bsp/system.mss|system||

TRACE::2023-03-07.16:15:02::SCWMssOS::Sw design exists and opened at  C:/Users/guanxian/Desktop/ac701-state/mb_preset_wrapper/microblaze_0/freertos10_xilinx_microblaze_0/bsp/system.mss
TRACE::2023-03-07.16:15:02::SCWPlatform::Trying to open the hw design at C:/Users/guanxian/Desktop/ac701-state/mb_preset_wrapper/hw/mb_preset_wrapper.xsa
TRACE::2023-03-07.16:15:02::SCWPlatform::DSA given C:/Users/guanxian/Desktop/ac701-state/mb_preset_wrapper/hw/mb_preset_wrapper.xsa
TRACE::2023-03-07.16:15:02::SCWPlatform::DSA absoulate path C:/Users/guanxian/Desktop/ac701-state/mb_preset_wrapper/hw/mb_preset_wrapper.xsa
TRACE::2023-03-07.16:15:02::SCWPlatform::DSA directory C:/Users/guanxian/Desktop/ac701-state/mb_preset_wrapper/hw
TRACE::2023-03-07.16:15:02::SCWPlatform:: Platform Path C:/Users/guanxian/Desktop/ac701-state/mb_preset_wrapper/hw/mb_preset_wrapper.xsa
TRACE::2023-03-07.16:15:02::SCWPlatform:: Unique name xilinx:ac701::0.0
TRACE::2023-03-07.16:15:02::SCWPlatform::Trying to set the existing hwdb with name mb_preset_wrapper_0
TRACE::2023-03-07.16:15:02::SCWPlatform::Opened existing hwdb mb_preset_wrapper_0
TRACE::2023-03-07.16:15:02::SCWPlatform::Found the Hw Db part of the input DSA
TRACE::2023-03-07.16:15:02::SCWMssOS::Checking the sw design at  C:/Users/guanxian/Desktop/ac701-state/mb_preset_wrapper/microblaze_0/freertos10_xilinx_microblaze_0/bsp/system.mss
TRACE::2023-03-07.16:15:02::SCWMssOS::DEBUG:  swdes dump  C:/Users/guanxian/Desktop/ac701-state/mb_preset_wrapper/microblaze_0/freertos10_xilinx_microblaze_0/bsp/system.mss|system||

TRACE::2023-03-07.16:15:02::SCWMssOS::Sw design exists and opened at  C:/Users/guanxian/Desktop/ac701-state/mb_preset_wrapper/microblaze_0/freertos10_xilinx_microblaze_0/bsp/system.mss
TRACE::2023-03-07.16:15:02::SCWPlatform::Trying to open the hw design at C:/Users/guanxian/Desktop/ac701-state/mb_preset_wrapper/hw/mb_preset_wrapper.xsa
TRACE::2023-03-07.16:15:02::SCWPlatform::DSA given C:/Users/guanxian/Desktop/ac701-state/mb_preset_wrapper/hw/mb_preset_wrapper.xsa
TRACE::2023-03-07.16:15:02::SCWPlatform::DSA absoulate path C:/Users/guanxian/Desktop/ac701-state/mb_preset_wrapper/hw/mb_preset_wrapper.xsa
TRACE::2023-03-07.16:15:02::SCWPlatform::DSA directory C:/Users/guanxian/Desktop/ac701-state/mb_preset_wrapper/hw
TRACE::2023-03-07.16:15:02::SCWPlatform:: Platform Path C:/Users/guanxian/Desktop/ac701-state/mb_preset_wrapper/hw/mb_preset_wrapper.xsa
TRACE::2023-03-07.16:15:02::SCWPlatform:: Unique name xilinx:ac701::0.0
TRACE::2023-03-07.16:15:02::SCWPlatform::Trying to set the existing hwdb with name mb_preset_wrapper_0
TRACE::2023-03-07.16:15:02::SCWPlatform::Opened existing hwdb mb_preset_wrapper_0
TRACE::2023-03-07.16:15:02::SCWPlatform::Found the Hw Db part of the input DSA
TRACE::2023-03-07.16:15:02::SCWMssOS::Checking the sw design at  C:/Users/guanxian/Desktop/ac701-state/mb_preset_wrapper/microblaze_0/freertos10_xilinx_microblaze_0/bsp/system.mss
TRACE::2023-03-07.16:15:02::SCWMssOS::DEBUG:  swdes dump  C:/Users/guanxian/Desktop/ac701-state/mb_preset_wrapper/microblaze_0/freertos10_xilinx_microblaze_0/bsp/system.mss|system||

TRACE::2023-03-07.16:15:02::SCWMssOS::Sw design exists and opened at  C:/Users/guanxian/Desktop/ac701-state/mb_preset_wrapper/microblaze_0/freertos10_xilinx_microblaze_0/bsp/system.mss
TRACE::2023-03-07.16:15:02::SCWWriter::formatted JSON is {
	"platformName":	"mb_preset_wrapper",
	"sprVersion":	"2.0",
	"mode":	"gui",
	"dsaType":	"Fixed",
	"platformDesc":	"mb_preset_wrapper",
	"platHandOff":	"<platformDir>.xsa",
	"platIntHandOff":	"<platformDir>/hw/mb_preset_wrapper.xsa",
	"deviceType":	"FPGA",
	"platIsPrebuiltAutogen":	"false",
	"platIsNoBootBsp":	"false",
	"hasFsblMakeHasChanges":	"false",
	"hasPmufwMakeHasChanges":	"false",
	"platPreBuiltFlag":	false,
	"platformSamplesDir":	"",
	"platActiveSys":	"mb_preset_wrapper",
	"systems":	[{
			"systemName":	"mb_preset_wrapper",
			"systemDesc":	"mb_preset_wrapper",
			"sysIsBootAutoGen":	"true",
			"systemDispName":	"mb_preset_wrapper",
			"sysActiveDom":	"freertos10_xilinx_microblaze_0",
			"sysDefaultDom":	"freertos10_xilinx_microblaze_0",
			"domains":	[{
					"domainName":	"freertos10_xilinx_microblaze_0",
					"domainDispName":	"freertos10_xilinx_microblaze_0",
					"domainDesc":	"freertos10_xilinx_microblaze_0",
					"processors":	"microblaze_0",
					"os":	"freertos10_xilinx",
					"sdxOs":	"freertos10_xilinx",
					"debugEnable":	"False",
					"domRuntimes":	["cpp"],
					"swRepo":	"",
					"mssOsVer":	"1.12",
					"mssFile":	"",
					"md5Digest":	"5287c2c0ac2b9eaa2942d4e658eba0d6",
					"compatibleApp":	"freertos_lwip_echo_server",
					"domType":	"mssDomain",
					"arch":	"32-bit",
					"appSettings":	{
						"appCompilerFlags":	"",
						"appLinkerFlags":	""
					},
					"addedLibs":	["lwip211:1.8"],
					"libOptions":	{
						"libsContainingOptions":	[]
					},
					"prebuiltLibs":	{
						"prebuiltIncPath":	[],
						"prebuiltLibPath":	[]
					},
					"isolation":	{
					}
				}]
		}]
}
LOG::2023-03-07.16:15:02::SCWPlatform::Started generating the artifacts platform mb_preset_wrapper
TRACE::2023-03-07.16:15:02::SCWPlatform::Sanity checking of platform is completed
LOG::2023-03-07.16:15:02::SCWPlatform::Started generating the artifacts for system configuration mb_preset_wrapper
LOG::2023-03-07.16:15:02::SCWSystem::Checking the domain freertos10_xilinx_microblaze_0
LOG::2023-03-07.16:15:02::SCWSystem::Not a boot domain 
LOG::2023-03-07.16:15:02::SCWSystem::Started Processing the domain freertos10_xilinx_microblaze_0
TRACE::2023-03-07.16:15:02::SCWDomain::Generating domain artifcats
TRACE::2023-03-07.16:15:02::SCWMssOS::Generating standalone artifcats
TRACE::2023-03-07.16:15:02::SCWMssOS:: Copying the user libraries. 
TRACE::2023-03-07.16:15:02::SCWPlatform::Trying to open the hw design at C:/Users/guanxian/Desktop/ac701-state/mb_preset_wrapper/hw/mb_preset_wrapper.xsa
TRACE::2023-03-07.16:15:02::SCWPlatform::DSA given C:/Users/guanxian/Desktop/ac701-state/mb_preset_wrapper/hw/mb_preset_wrapper.xsa
TRACE::2023-03-07.16:15:02::SCWPlatform::DSA absoulate path C:/Users/guanxian/Desktop/ac701-state/mb_preset_wrapper/hw/mb_preset_wrapper.xsa
TRACE::2023-03-07.16:15:02::SCWPlatform::DSA directory C:/Users/guanxian/Desktop/ac701-state/mb_preset_wrapper/hw
TRACE::2023-03-07.16:15:02::SCWPlatform:: Platform Path C:/Users/guanxian/Desktop/ac701-state/mb_preset_wrapper/hw/mb_preset_wrapper.xsa
TRACE::2023-03-07.16:15:02::SCWPlatform:: Unique name xilinx:ac701::0.0
TRACE::2023-03-07.16:15:02::SCWPlatform::Trying to set the existing hwdb with name mb_preset_wrapper_0
TRACE::2023-03-07.16:15:02::SCWPlatform::Opened existing hwdb mb_preset_wrapper_0
TRACE::2023-03-07.16:15:02::SCWPlatform::Found the Hw Db part of the input DSA
TRACE::2023-03-07.16:15:02::SCWMssOS::Checking the sw design at  C:/Users/guanxian/Desktop/ac701-state/mb_preset_wrapper/microblaze_0/freertos10_xilinx_microblaze_0/bsp/system.mss
TRACE::2023-03-07.16:15:02::SCWMssOS::DEBUG:  swdes dump  C:/Users/guanxian/Desktop/ac701-state/mb_preset_wrapper/microblaze_0/freertos10_xilinx_microblaze_0/bsp/system.mss|system||

TRACE::2023-03-07.16:15:02::SCWMssOS::Sw design exists and opened at  C:/Users/guanxian/Desktop/ac701-state/mb_preset_wrapper/microblaze_0/freertos10_xilinx_microblaze_0/bsp/system.mss
TRACE::2023-03-07.16:15:02::SCWMssOS::Completed writing the mss file at C:/Users/guanxian/Desktop/ac701-state/mb_preset_wrapper/microblaze_0/freertos10_xilinx_microblaze_0/bsp
TRACE::2023-03-07.16:15:02::SCWMssOS::Mss edits present, copying mssfile into export location C:/Users/guanxian/Desktop/ac701-state/mb_preset_wrapper/microblaze_0/freertos10_xilinx_microblaze_0/bsp/system.mss
TRACE::2023-03-07.16:15:02::SCWMssOS::bsp generated is upto date with the mss file. Skipping bsp generation.
TRACE::2023-03-07.16:15:02::SCWMssOS::BSP is already built. skipping the bsp build ... 
TRACE::2023-03-07.16:15:02::SCWDomain::Skipping the build for domain :  freertos10_xilinx_microblaze_0
TRACE::2023-03-07.16:15:02::SCWMssOS::skipping the bsp build ... 
TRACE::2023-03-07.16:15:02::SCWMssOS::Copying to export directory.
TRACE::2023-03-07.16:15:02::SCWMssOS:: Checking if to create the Supporting Applications
TRACE::2023-03-07.16:15:02::SCWMssOS:: No Linux domain exists, trying to generate FSBL 
LOG::2023-03-07.16:15:02::SCWSystem::Completed Processing the domain freertos10_xilinx_microblaze_0
LOG::2023-03-07.16:15:02::SCWSystem::Completed Processing the sysconfig mb_preset_wrapper
LOG::2023-03-07.16:15:02::SCWPlatform::Completed generating the artifacts for system configuration mb_preset_wrapper
TRACE::2023-03-07.16:15:02::SCWPlatform::Started preparing the platform 
TRACE::2023-03-07.16:15:02::SCWSystem::Writing the bif file for system config mb_preset_wrapper
TRACE::2023-03-07.16:15:02::SCWSystem::dir created 
TRACE::2023-03-07.16:15:02::SCWSystem::Writing the bif 
TRACE::2023-03-07.16:15:02::SCWPlatform::Started writing the spfm file 
TRACE::2023-03-07.16:15:02::SCWPlatform::Started writing the xpfm file 
TRACE::2023-03-07.16:15:02::SCWPlatform::Completed generating the platform
TRACE::2023-03-07.16:15:02::SCWMssOS::Saving the mss changes C:/Users/guanxian/Desktop/ac701-state/mb_preset_wrapper/microblaze_0/freertos10_xilinx_microblaze_0/bsp/system.mss
TRACE::2023-03-07.16:15:02::SCWMssOS::Found a swdesign opened with the mssfile.
TRACE::2023-03-07.16:15:02::SCWMssOS::Completed writemss as part of save.
TRACE::2023-03-07.16:15:02::SCWMssOS::Commit changes completed.
TRACE::2023-03-07.16:15:02::SCWPlatform::Trying to open the hw design at C:/Users/guanxian/Desktop/ac701-state/mb_preset_wrapper/hw/mb_preset_wrapper.xsa
TRACE::2023-03-07.16:15:02::SCWPlatform::DSA given C:/Users/guanxian/Desktop/ac701-state/mb_preset_wrapper/hw/mb_preset_wrapper.xsa
TRACE::2023-03-07.16:15:02::SCWPlatform::DSA absoulate path C:/Users/guanxian/Desktop/ac701-state/mb_preset_wrapper/hw/mb_preset_wrapper.xsa
TRACE::2023-03-07.16:15:02::SCWPlatform::DSA directory C:/Users/guanxian/Desktop/ac701-state/mb_preset_wrapper/hw
TRACE::2023-03-07.16:15:02::SCWPlatform:: Platform Path C:/Users/guanxian/Desktop/ac701-state/mb_preset_wrapper/hw/mb_preset_wrapper.xsa
TRACE::2023-03-07.16:15:02::SCWPlatform:: Unique name xilinx:ac701::0.0
TRACE::2023-03-07.16:15:02::SCWPlatform::Trying to set the existing hwdb with name mb_preset_wrapper_0
TRACE::2023-03-07.16:15:02::SCWPlatform::Opened existing hwdb mb_preset_wrapper_0
TRACE::2023-03-07.16:15:02::SCWPlatform::Found the Hw Db part of the input DSA
TRACE::2023-03-07.16:15:02::SCWMssOS::Checking the sw design at  C:/Users/guanxian/Desktop/ac701-state/mb_preset_wrapper/microblaze_0/freertos10_xilinx_microblaze_0/bsp/system.mss
TRACE::2023-03-07.16:15:02::SCWMssOS::DEBUG:  swdes dump  C:/Users/guanxian/Desktop/ac701-state/mb_preset_wrapper/microblaze_0/freertos10_xilinx_microblaze_0/bsp/system.mss|system||

TRACE::2023-03-07.16:15:02::SCWMssOS::Sw design exists and opened at  C:/Users/guanxian/Desktop/ac701-state/mb_preset_wrapper/microblaze_0/freertos10_xilinx_microblaze_0/bsp/system.mss
TRACE::2023-03-07.16:15:02::SCWPlatform::Trying to open the hw design at C:/Users/guanxian/Desktop/ac701-state/mb_preset_wrapper/hw/mb_preset_wrapper.xsa
TRACE::2023-03-07.16:15:02::SCWPlatform::DSA given C:/Users/guanxian/Desktop/ac701-state/mb_preset_wrapper/hw/mb_preset_wrapper.xsa
TRACE::2023-03-07.16:15:02::SCWPlatform::DSA absoulate path C:/Users/guanxian/Desktop/ac701-state/mb_preset_wrapper/hw/mb_preset_wrapper.xsa
TRACE::2023-03-07.16:15:02::SCWPlatform::DSA directory C:/Users/guanxian/Desktop/ac701-state/mb_preset_wrapper/hw
TRACE::2023-03-07.16:15:02::SCWPlatform:: Platform Path C:/Users/guanxian/Desktop/ac701-state/mb_preset_wrapper/hw/mb_preset_wrapper.xsa
TRACE::2023-03-07.16:15:02::SCWPlatform:: Unique name xilinx:ac701::0.0
TRACE::2023-03-07.16:15:02::SCWPlatform::Trying to set the existing hwdb with name mb_preset_wrapper_0
TRACE::2023-03-07.16:15:02::SCWPlatform::Opened existing hwdb mb_preset_wrapper_0
TRACE::2023-03-07.16:15:02::SCWPlatform::Found the Hw Db part of the input DSA
TRACE::2023-03-07.16:15:02::SCWMssOS::Checking the sw design at  C:/Users/guanxian/Desktop/ac701-state/mb_preset_wrapper/microblaze_0/freertos10_xilinx_microblaze_0/bsp/system.mss
TRACE::2023-03-07.16:15:02::SCWMssOS::DEBUG:  swdes dump  C:/Users/guanxian/Desktop/ac701-state/mb_preset_wrapper/microblaze_0/freertos10_xilinx_microblaze_0/bsp/system.mss|system||

TRACE::2023-03-07.16:15:02::SCWMssOS::Sw design exists and opened at  C:/Users/guanxian/Desktop/ac701-state/mb_preset_wrapper/microblaze_0/freertos10_xilinx_microblaze_0/bsp/system.mss
TRACE::2023-03-07.16:15:02::SCWPlatform::Trying to open the hw design at C:/Users/guanxian/Desktop/ac701-state/mb_preset_wrapper/hw/mb_preset_wrapper.xsa
TRACE::2023-03-07.16:15:02::SCWPlatform::DSA given C:/Users/guanxian/Desktop/ac701-state/mb_preset_wrapper/hw/mb_preset_wrapper.xsa
TRACE::2023-03-07.16:15:02::SCWPlatform::DSA absoulate path C:/Users/guanxian/Desktop/ac701-state/mb_preset_wrapper/hw/mb_preset_wrapper.xsa
TRACE::2023-03-07.16:15:02::SCWPlatform::DSA directory C:/Users/guanxian/Desktop/ac701-state/mb_preset_wrapper/hw
TRACE::2023-03-07.16:15:02::SCWPlatform:: Platform Path C:/Users/guanxian/Desktop/ac701-state/mb_preset_wrapper/hw/mb_preset_wrapper.xsa
TRACE::2023-03-07.16:15:02::SCWPlatform:: Unique name xilinx:ac701::0.0
TRACE::2023-03-07.16:15:02::SCWPlatform::Trying to set the existing hwdb with name mb_preset_wrapper_0
TRACE::2023-03-07.16:15:02::SCWPlatform::Opened existing hwdb mb_preset_wrapper_0
TRACE::2023-03-07.16:15:02::SCWPlatform::Found the Hw Db part of the input DSA
TRACE::2023-03-07.16:15:02::SCWMssOS::Checking the sw design at  C:/Users/guanxian/Desktop/ac701-state/mb_preset_wrapper/microblaze_0/freertos10_xilinx_microblaze_0/bsp/system.mss
TRACE::2023-03-07.16:15:02::SCWMssOS::DEBUG:  swdes dump  C:/Users/guanxian/Desktop/ac701-state/mb_preset_wrapper/microblaze_0/freertos10_xilinx_microblaze_0/bsp/system.mss|system||

TRACE::2023-03-07.16:15:02::SCWMssOS::Sw design exists and opened at  C:/Users/guanxian/Desktop/ac701-state/mb_preset_wrapper/microblaze_0/freertos10_xilinx_microblaze_0/bsp/system.mss
TRACE::2023-03-07.16:15:02::SCWWriter::formatted JSON is {
	"platformName":	"mb_preset_wrapper",
	"sprVersion":	"2.0",
	"mode":	"gui",
	"dsaType":	"Fixed",
	"platformDesc":	"mb_preset_wrapper",
	"platHandOff":	"<platformDir>.xsa",
	"platIntHandOff":	"<platformDir>/hw/mb_preset_wrapper.xsa",
	"deviceType":	"FPGA",
	"platIsPrebuiltAutogen":	"false",
	"platIsNoBootBsp":	"false",
	"hasFsblMakeHasChanges":	"false",
	"hasPmufwMakeHasChanges":	"false",
	"platPreBuiltFlag":	false,
	"platformSamplesDir":	"",
	"platActiveSys":	"mb_preset_wrapper",
	"systems":	[{
			"systemName":	"mb_preset_wrapper",
			"systemDesc":	"mb_preset_wrapper",
			"sysIsBootAutoGen":	"true",
			"systemDispName":	"mb_preset_wrapper",
			"sysActiveDom":	"freertos10_xilinx_microblaze_0",
			"sysDefaultDom":	"freertos10_xilinx_microblaze_0",
			"domains":	[{
					"domainName":	"freertos10_xilinx_microblaze_0",
					"domainDispName":	"freertos10_xilinx_microblaze_0",
					"domainDesc":	"freertos10_xilinx_microblaze_0",
					"processors":	"microblaze_0",
					"os":	"freertos10_xilinx",
					"sdxOs":	"freertos10_xilinx",
					"debugEnable":	"False",
					"domRuntimes":	["cpp"],
					"swRepo":	"",
					"mssOsVer":	"1.12",
					"mssFile":	"",
					"md5Digest":	"5287c2c0ac2b9eaa2942d4e658eba0d6",
					"compatibleApp":	"freertos_lwip_echo_server",
					"domType":	"mssDomain",
					"arch":	"32-bit",
					"appSettings":	{
						"appCompilerFlags":	"",
						"appLinkerFlags":	""
					},
					"addedLibs":	["lwip211:1.8"],
					"libOptions":	{
						"libsContainingOptions":	[]
					},
					"prebuiltLibs":	{
						"prebuiltIncPath":	[],
						"prebuiltLibPath":	[]
					},
					"isolation":	{
					}
				}]
		}]
}
KEYINFO::2023-03-07.16:15:02::SCWPlatform::updated the xpfm file.
TRACE::2023-03-07.16:15:03::SCWPlatform::Trying to open the hw design at C:/Users/guanxian/Desktop/ac701-state/mb_preset_wrapper/hw/mb_preset_wrapper.xsa
TRACE::2023-03-07.16:15:03::SCWPlatform::DSA given C:/Users/guanxian/Desktop/ac701-state/mb_preset_wrapper/hw/mb_preset_wrapper.xsa
TRACE::2023-03-07.16:15:03::SCWPlatform::DSA absoulate path C:/Users/guanxian/Desktop/ac701-state/mb_preset_wrapper/hw/mb_preset_wrapper.xsa
TRACE::2023-03-07.16:15:03::SCWPlatform::DSA directory C:/Users/guanxian/Desktop/ac701-state/mb_preset_wrapper/hw
TRACE::2023-03-07.16:15:03::SCWPlatform:: Platform Path C:/Users/guanxian/Desktop/ac701-state/mb_preset_wrapper/hw/mb_preset_wrapper.xsa
TRACE::2023-03-07.16:15:03::SCWPlatform:: Unique name xilinx:ac701::0.0
TRACE::2023-03-07.16:15:03::SCWPlatform::Trying to set the existing hwdb with name mb_preset_wrapper_0
TRACE::2023-03-07.16:15:03::SCWPlatform::Opened existing hwdb mb_preset_wrapper_0
TRACE::2023-03-07.16:15:03::SCWPlatform::Found the Hw Db part of the input DSA
TRACE::2023-03-07.16:15:03::SCWMssOS::Checking the sw design at  C:/Users/guanxian/Desktop/ac701-state/mb_preset_wrapper/microblaze_0/freertos10_xilinx_microblaze_0/bsp/system.mss
TRACE::2023-03-07.16:15:03::SCWMssOS::DEBUG:  swdes dump  C:/Users/guanxian/Desktop/ac701-state/mb_preset_wrapper/microblaze_0/freertos10_xilinx_microblaze_0/bsp/system.mss|system||

TRACE::2023-03-07.16:15:03::SCWMssOS::Sw design exists and opened at  C:/Users/guanxian/Desktop/ac701-state/mb_preset_wrapper/microblaze_0/freertos10_xilinx_microblaze_0/bsp/system.mss
TRACE::2023-03-07.16:15:03::SCWMssOS::Saving the mss changes C:/Users/guanxian/Desktop/ac701-state/mb_preset_wrapper/microblaze_0/freertos10_xilinx_microblaze_0/bsp/system.mss
TRACE::2023-03-07.16:15:03::SCWMssOS::Found a swdesign opened with the mssfile.
TRACE::2023-03-07.16:15:03::SCWMssOS::Completed writemss as part of save.
TRACE::2023-03-07.16:15:03::SCWMssOS::Commit changes completed.
TRACE::2023-03-07.16:15:03::SCWPlatform::Trying to open the hw design at C:/Users/guanxian/Desktop/ac701-state/mb_preset_wrapper/hw/mb_preset_wrapper.xsa
TRACE::2023-03-07.16:15:03::SCWPlatform::DSA given C:/Users/guanxian/Desktop/ac701-state/mb_preset_wrapper/hw/mb_preset_wrapper.xsa
TRACE::2023-03-07.16:15:03::SCWPlatform::DSA absoulate path C:/Users/guanxian/Desktop/ac701-state/mb_preset_wrapper/hw/mb_preset_wrapper.xsa
TRACE::2023-03-07.16:15:03::SCWPlatform::DSA directory C:/Users/guanxian/Desktop/ac701-state/mb_preset_wrapper/hw
TRACE::2023-03-07.16:15:03::SCWPlatform:: Platform Path C:/Users/guanxian/Desktop/ac701-state/mb_preset_wrapper/hw/mb_preset_wrapper.xsa
TRACE::2023-03-07.16:15:03::SCWPlatform:: Unique name xilinx:ac701::0.0
TRACE::2023-03-07.16:15:03::SCWPlatform::Trying to set the existing hwdb with name mb_preset_wrapper_0
TRACE::2023-03-07.16:15:03::SCWPlatform::Opened existing hwdb mb_preset_wrapper_0
TRACE::2023-03-07.16:15:03::SCWPlatform::Found the Hw Db part of the input DSA
TRACE::2023-03-07.16:15:03::SCWMssOS::Checking the sw design at  C:/Users/guanxian/Desktop/ac701-state/mb_preset_wrapper/microblaze_0/freertos10_xilinx_microblaze_0/bsp/system.mss
TRACE::2023-03-07.16:15:03::SCWMssOS::DEBUG:  swdes dump  C:/Users/guanxian/Desktop/ac701-state/mb_preset_wrapper/microblaze_0/freertos10_xilinx_microblaze_0/bsp/system.mss|system||

TRACE::2023-03-07.16:15:03::SCWMssOS::Sw design exists and opened at  C:/Users/guanxian/Desktop/ac701-state/mb_preset_wrapper/microblaze_0/freertos10_xilinx_microblaze_0/bsp/system.mss
TRACE::2023-03-07.16:15:03::SCWPlatform::Trying to open the hw design at C:/Users/guanxian/Desktop/ac701-state/mb_preset_wrapper/hw/mb_preset_wrapper.xsa
TRACE::2023-03-07.16:15:03::SCWPlatform::DSA given C:/Users/guanxian/Desktop/ac701-state/mb_preset_wrapper/hw/mb_preset_wrapper.xsa
TRACE::2023-03-07.16:15:03::SCWPlatform::DSA absoulate path C:/Users/guanxian/Desktop/ac701-state/mb_preset_wrapper/hw/mb_preset_wrapper.xsa
TRACE::2023-03-07.16:15:03::SCWPlatform::DSA directory C:/Users/guanxian/Desktop/ac701-state/mb_preset_wrapper/hw
TRACE::2023-03-07.16:15:03::SCWPlatform:: Platform Path C:/Users/guanxian/Desktop/ac701-state/mb_preset_wrapper/hw/mb_preset_wrapper.xsa
TRACE::2023-03-07.16:15:03::SCWPlatform:: Unique name xilinx:ac701::0.0
TRACE::2023-03-07.16:15:03::SCWPlatform::Trying to set the existing hwdb with name mb_preset_wrapper_0
TRACE::2023-03-07.16:15:03::SCWPlatform::Opened existing hwdb mb_preset_wrapper_0
TRACE::2023-03-07.16:15:03::SCWPlatform::Found the Hw Db part of the input DSA
TRACE::2023-03-07.16:15:03::SCWMssOS::Checking the sw design at  C:/Users/guanxian/Desktop/ac701-state/mb_preset_wrapper/microblaze_0/freertos10_xilinx_microblaze_0/bsp/system.mss
TRACE::2023-03-07.16:15:03::SCWMssOS::DEBUG:  swdes dump  C:/Users/guanxian/Desktop/ac701-state/mb_preset_wrapper/microblaze_0/freertos10_xilinx_microblaze_0/bsp/system.mss|system||

TRACE::2023-03-07.16:15:03::SCWMssOS::Sw design exists and opened at  C:/Users/guanxian/Desktop/ac701-state/mb_preset_wrapper/microblaze_0/freertos10_xilinx_microblaze_0/bsp/system.mss
TRACE::2023-03-07.16:15:03::SCWPlatform::Trying to open the hw design at C:/Users/guanxian/Desktop/ac701-state/mb_preset_wrapper/hw/mb_preset_wrapper.xsa
TRACE::2023-03-07.16:15:03::SCWPlatform::DSA given C:/Users/guanxian/Desktop/ac701-state/mb_preset_wrapper/hw/mb_preset_wrapper.xsa
TRACE::2023-03-07.16:15:03::SCWPlatform::DSA absoulate path C:/Users/guanxian/Desktop/ac701-state/mb_preset_wrapper/hw/mb_preset_wrapper.xsa
TRACE::2023-03-07.16:15:03::SCWPlatform::DSA directory C:/Users/guanxian/Desktop/ac701-state/mb_preset_wrapper/hw
TRACE::2023-03-07.16:15:03::SCWPlatform:: Platform Path C:/Users/guanxian/Desktop/ac701-state/mb_preset_wrapper/hw/mb_preset_wrapper.xsa
TRACE::2023-03-07.16:15:03::SCWPlatform:: Unique name xilinx:ac701::0.0
TRACE::2023-03-07.16:15:03::SCWPlatform::Trying to set the existing hwdb with name mb_preset_wrapper_0
TRACE::2023-03-07.16:15:03::SCWPlatform::Opened existing hwdb mb_preset_wrapper_0
TRACE::2023-03-07.16:15:03::SCWPlatform::Found the Hw Db part of the input DSA
TRACE::2023-03-07.16:15:03::SCWMssOS::Checking the sw design at  C:/Users/guanxian/Desktop/ac701-state/mb_preset_wrapper/microblaze_0/freertos10_xilinx_microblaze_0/bsp/system.mss
TRACE::2023-03-07.16:15:03::SCWMssOS::DEBUG:  swdes dump  C:/Users/guanxian/Desktop/ac701-state/mb_preset_wrapper/microblaze_0/freertos10_xilinx_microblaze_0/bsp/system.mss|system||

TRACE::2023-03-07.16:15:03::SCWMssOS::Sw design exists and opened at  C:/Users/guanxian/Desktop/ac701-state/mb_preset_wrapper/microblaze_0/freertos10_xilinx_microblaze_0/bsp/system.mss
TRACE::2023-03-07.16:15:03::SCWWriter::formatted JSON is {
	"platformName":	"mb_preset_wrapper",
	"sprVersion":	"2.0",
	"mode":	"gui",
	"dsaType":	"Fixed",
	"platformDesc":	"mb_preset_wrapper",
	"platHandOff":	"<platformDir>.xsa",
	"platIntHandOff":	"<platformDir>/hw/mb_preset_wrapper.xsa",
	"deviceType":	"FPGA",
	"platIsPrebuiltAutogen":	"false",
	"platIsNoBootBsp":	"false",
	"hasFsblMakeHasChanges":	"false",
	"hasPmufwMakeHasChanges":	"false",
	"platPreBuiltFlag":	false,
	"platformSamplesDir":	"",
	"platActiveSys":	"mb_preset_wrapper",
	"systems":	[{
			"systemName":	"mb_preset_wrapper",
			"systemDesc":	"mb_preset_wrapper",
			"sysIsBootAutoGen":	"true",
			"systemDispName":	"mb_preset_wrapper",
			"sysActiveDom":	"freertos10_xilinx_microblaze_0",
			"sysDefaultDom":	"freertos10_xilinx_microblaze_0",
			"domains":	[{
					"domainName":	"freertos10_xilinx_microblaze_0",
					"domainDispName":	"freertos10_xilinx_microblaze_0",
					"domainDesc":	"freertos10_xilinx_microblaze_0",
					"processors":	"microblaze_0",
					"os":	"freertos10_xilinx",
					"sdxOs":	"freertos10_xilinx",
					"debugEnable":	"False",
					"domRuntimes":	["cpp"],
					"swRepo":	"",
					"mssOsVer":	"1.12",
					"mssFile":	"",
					"md5Digest":	"5287c2c0ac2b9eaa2942d4e658eba0d6",
					"compatibleApp":	"freertos_lwip_echo_server",
					"domType":	"mssDomain",
					"arch":	"32-bit",
					"appSettings":	{
						"appCompilerFlags":	"",
						"appLinkerFlags":	""
					},
					"addedLibs":	["lwip211:1.8"],
					"libOptions":	{
						"libsContainingOptions":	[]
					},
					"prebuiltLibs":	{
						"prebuiltIncPath":	[],
						"prebuiltLibPath":	[]
					},
					"isolation":	{
					}
				}]
		}]
}
TRACE::2023-03-07.16:15:03::SCWPlatform::Trying to open the hw design at C:/Users/guanxian/Desktop/ac701-state/mb_preset_wrapper/hw/mb_preset_wrapper.xsa
TRACE::2023-03-07.16:15:03::SCWPlatform::DSA given C:/Users/guanxian/Desktop/ac701-state/mb_preset_wrapper/hw/mb_preset_wrapper.xsa
TRACE::2023-03-07.16:15:03::SCWPlatform::DSA absoulate path C:/Users/guanxian/Desktop/ac701-state/mb_preset_wrapper/hw/mb_preset_wrapper.xsa
TRACE::2023-03-07.16:15:03::SCWPlatform::DSA directory C:/Users/guanxian/Desktop/ac701-state/mb_preset_wrapper/hw
TRACE::2023-03-07.16:15:03::SCWPlatform:: Platform Path C:/Users/guanxian/Desktop/ac701-state/mb_preset_wrapper/hw/mb_preset_wrapper.xsa
TRACE::2023-03-07.16:15:03::SCWPlatform:: Unique name xilinx:ac701::0.0
TRACE::2023-03-07.16:15:03::SCWPlatform::Trying to set the existing hwdb with name mb_preset_wrapper_0
TRACE::2023-03-07.16:15:03::SCWPlatform::Opened existing hwdb mb_preset_wrapper_0
TRACE::2023-03-07.16:15:03::SCWPlatform::Found the Hw Db part of the input DSA
TRACE::2023-03-07.16:15:03::SCWMssOS::Checking the sw design at  C:/Users/guanxian/Desktop/ac701-state/mb_preset_wrapper/microblaze_0/freertos10_xilinx_microblaze_0/bsp/system.mss
TRACE::2023-03-07.16:15:03::SCWMssOS::DEBUG:  swdes dump  C:/Users/guanxian/Desktop/ac701-state/mb_preset_wrapper/microblaze_0/freertos10_xilinx_microblaze_0/bsp/system.mss|system||

TRACE::2023-03-07.16:15:03::SCWMssOS::Sw design exists and opened at  C:/Users/guanxian/Desktop/ac701-state/mb_preset_wrapper/microblaze_0/freertos10_xilinx_microblaze_0/bsp/system.mss
TRACE::2023-03-07.16:15:03::SCWPlatform::Trying to open the hw design at C:/Users/guanxian/Desktop/ac701-state/mb_preset_wrapper/hw/mb_preset_wrapper.xsa
TRACE::2023-03-07.16:15:03::SCWPlatform::DSA given C:/Users/guanxian/Desktop/ac701-state/mb_preset_wrapper/hw/mb_preset_wrapper.xsa
TRACE::2023-03-07.16:15:03::SCWPlatform::DSA absoulate path C:/Users/guanxian/Desktop/ac701-state/mb_preset_wrapper/hw/mb_preset_wrapper.xsa
TRACE::2023-03-07.16:15:03::SCWPlatform::DSA directory C:/Users/guanxian/Desktop/ac701-state/mb_preset_wrapper/hw
TRACE::2023-03-07.16:15:03::SCWPlatform:: Platform Path C:/Users/guanxian/Desktop/ac701-state/mb_preset_wrapper/hw/mb_preset_wrapper.xsa
TRACE::2023-03-07.16:15:03::SCWPlatform:: Unique name xilinx:ac701::0.0
TRACE::2023-03-07.16:15:03::SCWPlatform::Trying to set the existing hwdb with name mb_preset_wrapper_0
TRACE::2023-03-07.16:15:03::SCWPlatform::Opened existing hwdb mb_preset_wrapper_0
TRACE::2023-03-07.16:15:03::SCWPlatform::Found the Hw Db part of the input DSA
TRACE::2023-03-07.16:15:03::SCWMssOS::Checking the sw design at  C:/Users/guanxian/Desktop/ac701-state/mb_preset_wrapper/microblaze_0/freertos10_xilinx_microblaze_0/bsp/system.mss
TRACE::2023-03-07.16:15:03::SCWMssOS::DEBUG:  swdes dump  C:/Users/guanxian/Desktop/ac701-state/mb_preset_wrapper/microblaze_0/freertos10_xilinx_microblaze_0/bsp/system.mss|system||

TRACE::2023-03-07.16:15:03::SCWMssOS::Sw design exists and opened at  C:/Users/guanxian/Desktop/ac701-state/mb_preset_wrapper/microblaze_0/freertos10_xilinx_microblaze_0/bsp/system.mss
TRACE::2023-03-07.16:15:03::SCWMssOS::Saving the mss changes C:/Users/guanxian/Desktop/ac701-state/mb_preset_wrapper/microblaze_0/freertos10_xilinx_microblaze_0/bsp/system.mss
TRACE::2023-03-07.16:15:03::SCWMssOS::Found a swdesign opened with the mssfile.
TRACE::2023-03-07.16:15:03::SCWMssOS::Completed writemss as part of save.
TRACE::2023-03-07.16:15:03::SCWMssOS::Commit changes completed.
TRACE::2023-03-07.16:15:03::SCWPlatform::Trying to open the hw design at C:/Users/guanxian/Desktop/ac701-state/mb_preset_wrapper/hw/mb_preset_wrapper.xsa
TRACE::2023-03-07.16:15:03::SCWPlatform::DSA given C:/Users/guanxian/Desktop/ac701-state/mb_preset_wrapper/hw/mb_preset_wrapper.xsa
TRACE::2023-03-07.16:15:03::SCWPlatform::DSA absoulate path C:/Users/guanxian/Desktop/ac701-state/mb_preset_wrapper/hw/mb_preset_wrapper.xsa
TRACE::2023-03-07.16:15:03::SCWPlatform::DSA directory C:/Users/guanxian/Desktop/ac701-state/mb_preset_wrapper/hw
TRACE::2023-03-07.16:15:03::SCWPlatform:: Platform Path C:/Users/guanxian/Desktop/ac701-state/mb_preset_wrapper/hw/mb_preset_wrapper.xsa
TRACE::2023-03-07.16:15:03::SCWPlatform:: Unique name xilinx:ac701::0.0
TRACE::2023-03-07.16:15:03::SCWPlatform::Trying to set the existing hwdb with name mb_preset_wrapper_0
TRACE::2023-03-07.16:15:03::SCWPlatform::Opened existing hwdb mb_preset_wrapper_0
TRACE::2023-03-07.16:15:03::SCWPlatform::Found the Hw Db part of the input DSA
TRACE::2023-03-07.16:15:03::SCWMssOS::Checking the sw design at  C:/Users/guanxian/Desktop/ac701-state/mb_preset_wrapper/microblaze_0/freertos10_xilinx_microblaze_0/bsp/system.mss
TRACE::2023-03-07.16:15:03::SCWMssOS::DEBUG:  swdes dump  C:/Users/guanxian/Desktop/ac701-state/mb_preset_wrapper/microblaze_0/freertos10_xilinx_microblaze_0/bsp/system.mss|system||

TRACE::2023-03-07.16:15:03::SCWMssOS::Sw design exists and opened at  C:/Users/guanxian/Desktop/ac701-state/mb_preset_wrapper/microblaze_0/freertos10_xilinx_microblaze_0/bsp/system.mss
TRACE::2023-03-07.16:15:03::SCWPlatform::Trying to open the hw design at C:/Users/guanxian/Desktop/ac701-state/mb_preset_wrapper/hw/mb_preset_wrapper.xsa
TRACE::2023-03-07.16:15:03::SCWPlatform::DSA given C:/Users/guanxian/Desktop/ac701-state/mb_preset_wrapper/hw/mb_preset_wrapper.xsa
TRACE::2023-03-07.16:15:03::SCWPlatform::DSA absoulate path C:/Users/guanxian/Desktop/ac701-state/mb_preset_wrapper/hw/mb_preset_wrapper.xsa
TRACE::2023-03-07.16:15:03::SCWPlatform::DSA directory C:/Users/guanxian/Desktop/ac701-state/mb_preset_wrapper/hw
TRACE::2023-03-07.16:15:04::SCWPlatform:: Platform Path C:/Users/guanxian/Desktop/ac701-state/mb_preset_wrapper/hw/mb_preset_wrapper.xsa
TRACE::2023-03-07.16:15:04::SCWPlatform:: Unique name xilinx:ac701::0.0
TRACE::2023-03-07.16:15:04::SCWPlatform::Trying to set the existing hwdb with name mb_preset_wrapper_0
TRACE::2023-03-07.16:15:04::SCWPlatform::Opened existing hwdb mb_preset_wrapper_0
TRACE::2023-03-07.16:15:04::SCWPlatform::Found the Hw Db part of the input DSA
TRACE::2023-03-07.16:15:04::SCWMssOS::Checking the sw design at  C:/Users/guanxian/Desktop/ac701-state/mb_preset_wrapper/microblaze_0/freertos10_xilinx_microblaze_0/bsp/system.mss
TRACE::2023-03-07.16:15:04::SCWMssOS::DEBUG:  swdes dump  C:/Users/guanxian/Desktop/ac701-state/mb_preset_wrapper/microblaze_0/freertos10_xilinx_microblaze_0/bsp/system.mss|system||

TRACE::2023-03-07.16:15:04::SCWMssOS::Sw design exists and opened at  C:/Users/guanxian/Desktop/ac701-state/mb_preset_wrapper/microblaze_0/freertos10_xilinx_microblaze_0/bsp/system.mss
TRACE::2023-03-07.16:15:04::SCWPlatform::Trying to open the hw design at C:/Users/guanxian/Desktop/ac701-state/mb_preset_wrapper/hw/mb_preset_wrapper.xsa
TRACE::2023-03-07.16:15:04::SCWPlatform::DSA given C:/Users/guanxian/Desktop/ac701-state/mb_preset_wrapper/hw/mb_preset_wrapper.xsa
TRACE::2023-03-07.16:15:04::SCWPlatform::DSA absoulate path C:/Users/guanxian/Desktop/ac701-state/mb_preset_wrapper/hw/mb_preset_wrapper.xsa
TRACE::2023-03-07.16:15:04::SCWPlatform::DSA directory C:/Users/guanxian/Desktop/ac701-state/mb_preset_wrapper/hw
TRACE::2023-03-07.16:15:04::SCWPlatform:: Platform Path C:/Users/guanxian/Desktop/ac701-state/mb_preset_wrapper/hw/mb_preset_wrapper.xsa
TRACE::2023-03-07.16:15:04::SCWPlatform:: Unique name xilinx:ac701::0.0
TRACE::2023-03-07.16:15:04::SCWPlatform::Trying to set the existing hwdb with name mb_preset_wrapper_0
TRACE::2023-03-07.16:15:04::SCWPlatform::Opened existing hwdb mb_preset_wrapper_0
TRACE::2023-03-07.16:15:04::SCWPlatform::Found the Hw Db part of the input DSA
TRACE::2023-03-07.16:15:04::SCWMssOS::Checking the sw design at  C:/Users/guanxian/Desktop/ac701-state/mb_preset_wrapper/microblaze_0/freertos10_xilinx_microblaze_0/bsp/system.mss
TRACE::2023-03-07.16:15:04::SCWMssOS::DEBUG:  swdes dump  C:/Users/guanxian/Desktop/ac701-state/mb_preset_wrapper/microblaze_0/freertos10_xilinx_microblaze_0/bsp/system.mss|system||

TRACE::2023-03-07.16:15:04::SCWMssOS::Sw design exists and opened at  C:/Users/guanxian/Desktop/ac701-state/mb_preset_wrapper/microblaze_0/freertos10_xilinx_microblaze_0/bsp/system.mss
TRACE::2023-03-07.16:15:04::SCWWriter::formatted JSON is {
	"platformName":	"mb_preset_wrapper",
	"sprVersion":	"2.0",
	"mode":	"gui",
	"dsaType":	"Fixed",
	"platformDesc":	"mb_preset_wrapper",
	"platHandOff":	"<platformDir>.xsa",
	"platIntHandOff":	"<platformDir>/hw/mb_preset_wrapper.xsa",
	"deviceType":	"FPGA",
	"platIsPrebuiltAutogen":	"false",
	"platIsNoBootBsp":	"false",
	"hasFsblMakeHasChanges":	"false",
	"hasPmufwMakeHasChanges":	"false",
	"platPreBuiltFlag":	false,
	"platformSamplesDir":	"",
	"platActiveSys":	"mb_preset_wrapper",
	"systems":	[{
			"systemName":	"mb_preset_wrapper",
			"systemDesc":	"mb_preset_wrapper",
			"sysIsBootAutoGen":	"true",
			"systemDispName":	"mb_preset_wrapper",
			"sysActiveDom":	"freertos10_xilinx_microblaze_0",
			"sysDefaultDom":	"freertos10_xilinx_microblaze_0",
			"domains":	[{
					"domainName":	"freertos10_xilinx_microblaze_0",
					"domainDispName":	"freertos10_xilinx_microblaze_0",
					"domainDesc":	"freertos10_xilinx_microblaze_0",
					"processors":	"microblaze_0",
					"os":	"freertos10_xilinx",
					"sdxOs":	"freertos10_xilinx",
					"debugEnable":	"False",
					"domRuntimes":	["cpp"],
					"swRepo":	"",
					"mssOsVer":	"1.12",
					"mssFile":	"",
					"md5Digest":	"5287c2c0ac2b9eaa2942d4e658eba0d6",
					"compatibleApp":	"freertos_lwip_echo_server",
					"domType":	"mssDomain",
					"arch":	"32-bit",
					"appSettings":	{
						"appCompilerFlags":	"",
						"appLinkerFlags":	""
					},
					"addedLibs":	["lwip211:1.8"],
					"libOptions":	{
						"libsContainingOptions":	[]
					},
					"prebuiltLibs":	{
						"prebuiltIncPath":	[],
						"prebuiltLibPath":	[]
					},
					"isolation":	{
					}
				}]
		}]
}
LOG::2023-03-07.16:15:04::SCWPlatform::Started generating the artifacts platform mb_preset_wrapper
TRACE::2023-03-07.16:15:04::SCWPlatform::Sanity checking of platform is completed
LOG::2023-03-07.16:15:04::SCWPlatform::Started generating the artifacts for system configuration mb_preset_wrapper
LOG::2023-03-07.16:15:04::SCWSystem::Started Processing the domain freertos10_xilinx_microblaze_0
TRACE::2023-03-07.16:15:04::SCWDomain::Generating domain artifcats
TRACE::2023-03-07.16:15:04::SCWMssOS::Generating standalone artifcats
TRACE::2023-03-07.16:15:04::SCWMssOS:: Copying the user libraries. 
TRACE::2023-03-07.16:15:04::SCWPlatform::Trying to open the hw design at C:/Users/guanxian/Desktop/ac701-state/mb_preset_wrapper/hw/mb_preset_wrapper.xsa
TRACE::2023-03-07.16:15:04::SCWPlatform::DSA given C:/Users/guanxian/Desktop/ac701-state/mb_preset_wrapper/hw/mb_preset_wrapper.xsa
TRACE::2023-03-07.16:15:04::SCWPlatform::DSA absoulate path C:/Users/guanxian/Desktop/ac701-state/mb_preset_wrapper/hw/mb_preset_wrapper.xsa
TRACE::2023-03-07.16:15:04::SCWPlatform::DSA directory C:/Users/guanxian/Desktop/ac701-state/mb_preset_wrapper/hw
TRACE::2023-03-07.16:15:04::SCWPlatform:: Platform Path C:/Users/guanxian/Desktop/ac701-state/mb_preset_wrapper/hw/mb_preset_wrapper.xsa
TRACE::2023-03-07.16:15:04::SCWPlatform:: Unique name xilinx:ac701::0.0
TRACE::2023-03-07.16:15:04::SCWPlatform::Trying to set the existing hwdb with name mb_preset_wrapper_0
TRACE::2023-03-07.16:15:04::SCWPlatform::Opened existing hwdb mb_preset_wrapper_0
TRACE::2023-03-07.16:15:04::SCWPlatform::Found the Hw Db part of the input DSA
TRACE::2023-03-07.16:15:04::SCWMssOS::Checking the sw design at  C:/Users/guanxian/Desktop/ac701-state/mb_preset_wrapper/microblaze_0/freertos10_xilinx_microblaze_0/bsp/system.mss
TRACE::2023-03-07.16:15:04::SCWMssOS::DEBUG:  swdes dump  C:/Users/guanxian/Desktop/ac701-state/mb_preset_wrapper/microblaze_0/freertos10_xilinx_microblaze_0/bsp/system.mss|system||

TRACE::2023-03-07.16:15:04::SCWMssOS::Sw design exists and opened at  C:/Users/guanxian/Desktop/ac701-state/mb_preset_wrapper/microblaze_0/freertos10_xilinx_microblaze_0/bsp/system.mss
TRACE::2023-03-07.16:15:04::SCWMssOS::Completed writing the mss file at C:/Users/guanxian/Desktop/ac701-state/mb_preset_wrapper/microblaze_0/freertos10_xilinx_microblaze_0/bsp
TRACE::2023-03-07.16:15:04::SCWMssOS::Mss edits present, copying mssfile into export location C:/Users/guanxian/Desktop/ac701-state/mb_preset_wrapper/microblaze_0/freertos10_xilinx_microblaze_0/bsp/system.mss
TRACE::2023-03-07.16:15:04::SCWMssOS::bsp generated is upto date with the mss file. Skipping bsp generation.
TRACE::2023-03-07.16:15:04::SCWMssOS::BSP is already built. skipping the bsp build ... 
TRACE::2023-03-07.16:15:04::SCWDomain::Building the domain as part of full build :  freertos10_xilinx_microblaze_0
TRACE::2023-03-07.16:15:04::SCWMssOS::skipping the bsp build ... 
TRACE::2023-03-07.16:15:04::SCWMssOS::Copying to export directory.
TRACE::2023-03-07.16:15:04::SCWMssOS:: Checking if to create the Supporting Applications
TRACE::2023-03-07.16:15:04::SCWMssOS:: No Linux domain exists, trying to generate FSBL 
LOG::2023-03-07.16:15:04::SCWSystem::Completed Processing the domain freertos10_xilinx_microblaze_0
LOG::2023-03-07.16:15:04::SCWSystem::Completed Processing the sysconfig mb_preset_wrapper
LOG::2023-03-07.16:15:04::SCWPlatform::Completed generating the artifacts for system configuration mb_preset_wrapper
TRACE::2023-03-07.16:15:04::SCWPlatform::Started preparing the platform 
TRACE::2023-03-07.16:15:04::SCWSystem::Writing the bif file for system config mb_preset_wrapper
TRACE::2023-03-07.16:15:04::SCWSystem::dir created 
TRACE::2023-03-07.16:15:04::SCWSystem::Writing the bif 
TRACE::2023-03-07.16:15:04::SCWPlatform::Started writing the spfm file 
TRACE::2023-03-07.16:15:04::SCWPlatform::Started writing the xpfm file 
TRACE::2023-03-07.16:15:04::SCWPlatform::Completed generating the platform
TRACE::2023-03-07.16:15:04::SCWMssOS::Saving the mss changes C:/Users/guanxian/Desktop/ac701-state/mb_preset_wrapper/microblaze_0/freertos10_xilinx_microblaze_0/bsp/system.mss
TRACE::2023-03-07.16:15:04::SCWMssOS::Found a swdesign opened with the mssfile.
TRACE::2023-03-07.16:15:04::SCWMssOS::Completed writemss as part of save.
TRACE::2023-03-07.16:15:04::SCWMssOS::Commit changes completed.
TRACE::2023-03-07.16:15:04::SCWPlatform::Trying to open the hw design at C:/Users/guanxian/Desktop/ac701-state/mb_preset_wrapper/hw/mb_preset_wrapper.xsa
TRACE::2023-03-07.16:15:04::SCWPlatform::DSA given C:/Users/guanxian/Desktop/ac701-state/mb_preset_wrapper/hw/mb_preset_wrapper.xsa
TRACE::2023-03-07.16:15:04::SCWPlatform::DSA absoulate path C:/Users/guanxian/Desktop/ac701-state/mb_preset_wrapper/hw/mb_preset_wrapper.xsa
TRACE::2023-03-07.16:15:04::SCWPlatform::DSA directory C:/Users/guanxian/Desktop/ac701-state/mb_preset_wrapper/hw
TRACE::2023-03-07.16:15:04::SCWPlatform:: Platform Path C:/Users/guanxian/Desktop/ac701-state/mb_preset_wrapper/hw/mb_preset_wrapper.xsa
TRACE::2023-03-07.16:15:04::SCWPlatform:: Unique name xilinx:ac701::0.0
TRACE::2023-03-07.16:15:04::SCWPlatform::Trying to set the existing hwdb with name mb_preset_wrapper_0
TRACE::2023-03-07.16:15:04::SCWPlatform::Opened existing hwdb mb_preset_wrapper_0
TRACE::2023-03-07.16:15:04::SCWPlatform::Found the Hw Db part of the input DSA
TRACE::2023-03-07.16:15:04::SCWMssOS::Checking the sw design at  C:/Users/guanxian/Desktop/ac701-state/mb_preset_wrapper/microblaze_0/freertos10_xilinx_microblaze_0/bsp/system.mss
TRACE::2023-03-07.16:15:04::SCWMssOS::DEBUG:  swdes dump  C:/Users/guanxian/Desktop/ac701-state/mb_preset_wrapper/microblaze_0/freertos10_xilinx_microblaze_0/bsp/system.mss|system||

TRACE::2023-03-07.16:15:04::SCWMssOS::Sw design exists and opened at  C:/Users/guanxian/Desktop/ac701-state/mb_preset_wrapper/microblaze_0/freertos10_xilinx_microblaze_0/bsp/system.mss
TRACE::2023-03-07.16:15:04::SCWPlatform::Trying to open the hw design at C:/Users/guanxian/Desktop/ac701-state/mb_preset_wrapper/hw/mb_preset_wrapper.xsa
TRACE::2023-03-07.16:15:04::SCWPlatform::DSA given C:/Users/guanxian/Desktop/ac701-state/mb_preset_wrapper/hw/mb_preset_wrapper.xsa
TRACE::2023-03-07.16:15:04::SCWPlatform::DSA absoulate path C:/Users/guanxian/Desktop/ac701-state/mb_preset_wrapper/hw/mb_preset_wrapper.xsa
TRACE::2023-03-07.16:15:04::SCWPlatform::DSA directory C:/Users/guanxian/Desktop/ac701-state/mb_preset_wrapper/hw
TRACE::2023-03-07.16:15:04::SCWPlatform:: Platform Path C:/Users/guanxian/Desktop/ac701-state/mb_preset_wrapper/hw/mb_preset_wrapper.xsa
TRACE::2023-03-07.16:15:04::SCWPlatform:: Unique name xilinx:ac701::0.0
TRACE::2023-03-07.16:15:04::SCWPlatform::Trying to set the existing hwdb with name mb_preset_wrapper_0
TRACE::2023-03-07.16:15:04::SCWPlatform::Opened existing hwdb mb_preset_wrapper_0
TRACE::2023-03-07.16:15:04::SCWPlatform::Found the Hw Db part of the input DSA
TRACE::2023-03-07.16:15:04::SCWMssOS::Checking the sw design at  C:/Users/guanxian/Desktop/ac701-state/mb_preset_wrapper/microblaze_0/freertos10_xilinx_microblaze_0/bsp/system.mss
TRACE::2023-03-07.16:15:04::SCWMssOS::DEBUG:  swdes dump  C:/Users/guanxian/Desktop/ac701-state/mb_preset_wrapper/microblaze_0/freertos10_xilinx_microblaze_0/bsp/system.mss|system||

TRACE::2023-03-07.16:15:04::SCWMssOS::Sw design exists and opened at  C:/Users/guanxian/Desktop/ac701-state/mb_preset_wrapper/microblaze_0/freertos10_xilinx_microblaze_0/bsp/system.mss
TRACE::2023-03-07.16:15:04::SCWPlatform::Trying to open the hw design at C:/Users/guanxian/Desktop/ac701-state/mb_preset_wrapper/hw/mb_preset_wrapper.xsa
TRACE::2023-03-07.16:15:04::SCWPlatform::DSA given C:/Users/guanxian/Desktop/ac701-state/mb_preset_wrapper/hw/mb_preset_wrapper.xsa
TRACE::2023-03-07.16:15:04::SCWPlatform::DSA absoulate path C:/Users/guanxian/Desktop/ac701-state/mb_preset_wrapper/hw/mb_preset_wrapper.xsa
TRACE::2023-03-07.16:15:04::SCWPlatform::DSA directory C:/Users/guanxian/Desktop/ac701-state/mb_preset_wrapper/hw
TRACE::2023-03-07.16:15:04::SCWPlatform:: Platform Path C:/Users/guanxian/Desktop/ac701-state/mb_preset_wrapper/hw/mb_preset_wrapper.xsa
TRACE::2023-03-07.16:15:04::SCWPlatform:: Unique name xilinx:ac701::0.0
TRACE::2023-03-07.16:15:04::SCWPlatform::Trying to set the existing hwdb with name mb_preset_wrapper_0
TRACE::2023-03-07.16:15:04::SCWPlatform::Opened existing hwdb mb_preset_wrapper_0
TRACE::2023-03-07.16:15:04::SCWPlatform::Found the Hw Db part of the input DSA
TRACE::2023-03-07.16:15:04::SCWMssOS::Checking the sw design at  C:/Users/guanxian/Desktop/ac701-state/mb_preset_wrapper/microblaze_0/freertos10_xilinx_microblaze_0/bsp/system.mss
TRACE::2023-03-07.16:15:04::SCWMssOS::DEBUG:  swdes dump  C:/Users/guanxian/Desktop/ac701-state/mb_preset_wrapper/microblaze_0/freertos10_xilinx_microblaze_0/bsp/system.mss|system||

TRACE::2023-03-07.16:15:04::SCWMssOS::Sw design exists and opened at  C:/Users/guanxian/Desktop/ac701-state/mb_preset_wrapper/microblaze_0/freertos10_xilinx_microblaze_0/bsp/system.mss
TRACE::2023-03-07.16:15:04::SCWWriter::formatted JSON is {
	"platformName":	"mb_preset_wrapper",
	"sprVersion":	"2.0",
	"mode":	"gui",
	"dsaType":	"Fixed",
	"platformDesc":	"mb_preset_wrapper",
	"platHandOff":	"<platformDir>.xsa",
	"platIntHandOff":	"<platformDir>/hw/mb_preset_wrapper.xsa",
	"deviceType":	"FPGA",
	"platIsPrebuiltAutogen":	"false",
	"platIsNoBootBsp":	"false",
	"hasFsblMakeHasChanges":	"false",
	"hasPmufwMakeHasChanges":	"false",
	"platPreBuiltFlag":	false,
	"platformSamplesDir":	"",
	"platActiveSys":	"mb_preset_wrapper",
	"systems":	[{
			"systemName":	"mb_preset_wrapper",
			"systemDesc":	"mb_preset_wrapper",
			"sysIsBootAutoGen":	"true",
			"systemDispName":	"mb_preset_wrapper",
			"sysActiveDom":	"freertos10_xilinx_microblaze_0",
			"sysDefaultDom":	"freertos10_xilinx_microblaze_0",
			"domains":	[{
					"domainName":	"freertos10_xilinx_microblaze_0",
					"domainDispName":	"freertos10_xilinx_microblaze_0",
					"domainDesc":	"freertos10_xilinx_microblaze_0",
					"processors":	"microblaze_0",
					"os":	"freertos10_xilinx",
					"sdxOs":	"freertos10_xilinx",
					"debugEnable":	"False",
					"domRuntimes":	["cpp"],
					"swRepo":	"",
					"mssOsVer":	"1.12",
					"mssFile":	"",
					"md5Digest":	"5287c2c0ac2b9eaa2942d4e658eba0d6",
					"compatibleApp":	"freertos_lwip_echo_server",
					"domType":	"mssDomain",
					"arch":	"32-bit",
					"appSettings":	{
						"appCompilerFlags":	"",
						"appLinkerFlags":	""
					},
					"addedLibs":	["lwip211:1.8"],
					"libOptions":	{
						"libsContainingOptions":	[]
					},
					"prebuiltLibs":	{
						"prebuiltIncPath":	[],
						"prebuiltLibPath":	[]
					},
					"isolation":	{
					}
				}]
		}]
}
KEYINFO::2023-03-07.16:15:04::SCWPlatform::updated the xpfm file.
LOG::2023-03-07.16:15:28::SCWPlatform::Started generating the artifacts platform mb_preset_wrapper
TRACE::2023-03-07.16:15:28::SCWPlatform::Sanity checking of platform is completed
LOG::2023-03-07.16:15:28::SCWPlatform::Started generating the artifacts for system configuration mb_preset_wrapper
LOG::2023-03-07.16:15:28::SCWSystem::Checking the domain freertos10_xilinx_microblaze_0
LOG::2023-03-07.16:15:28::SCWSystem::Not a boot domain 
LOG::2023-03-07.16:15:28::SCWSystem::Started Processing the domain freertos10_xilinx_microblaze_0
TRACE::2023-03-07.16:15:28::SCWDomain::Generating domain artifcats
TRACE::2023-03-07.16:15:28::SCWMssOS::Generating standalone artifcats
TRACE::2023-03-07.16:15:28::SCWMssOS:: Copying the user libraries. 
TRACE::2023-03-07.16:15:28::SCWPlatform::Trying to open the hw design at C:/Users/guanxian/Desktop/ac701-state/mb_preset_wrapper/hw/mb_preset_wrapper.xsa
TRACE::2023-03-07.16:15:28::SCWPlatform::DSA given C:/Users/guanxian/Desktop/ac701-state/mb_preset_wrapper/hw/mb_preset_wrapper.xsa
TRACE::2023-03-07.16:15:28::SCWPlatform::DSA absoulate path C:/Users/guanxian/Desktop/ac701-state/mb_preset_wrapper/hw/mb_preset_wrapper.xsa
TRACE::2023-03-07.16:15:28::SCWPlatform::DSA directory C:/Users/guanxian/Desktop/ac701-state/mb_preset_wrapper/hw
TRACE::2023-03-07.16:15:28::SCWPlatform:: Platform Path C:/Users/guanxian/Desktop/ac701-state/mb_preset_wrapper/hw/mb_preset_wrapper.xsa
TRACE::2023-03-07.16:15:28::SCWPlatform:: Unique name xilinx:ac701::0.0
TRACE::2023-03-07.16:15:28::SCWPlatform::Trying to set the existing hwdb with name mb_preset_wrapper_0
TRACE::2023-03-07.16:15:28::SCWPlatform::Opened existing hwdb mb_preset_wrapper_0
TRACE::2023-03-07.16:15:28::SCWPlatform::Found the Hw Db part of the input DSA
TRACE::2023-03-07.16:15:28::SCWMssOS::Checking the sw design at  C:/Users/guanxian/Desktop/ac701-state/mb_preset_wrapper/microblaze_0/freertos10_xilinx_microblaze_0/bsp/system.mss
TRACE::2023-03-07.16:15:28::SCWMssOS::DEBUG:  swdes dump  C:/Users/guanxian/Desktop/ac701-state/mb_preset_wrapper/microblaze_0/freertos10_xilinx_microblaze_0/bsp/system.mss|system||

TRACE::2023-03-07.16:15:28::SCWMssOS::Sw design exists and opened at  C:/Users/guanxian/Desktop/ac701-state/mb_preset_wrapper/microblaze_0/freertos10_xilinx_microblaze_0/bsp/system.mss
TRACE::2023-03-07.16:15:28::SCWMssOS::Completed writing the mss file at C:/Users/guanxian/Desktop/ac701-state/mb_preset_wrapper/microblaze_0/freertos10_xilinx_microblaze_0/bsp
TRACE::2023-03-07.16:15:28::SCWMssOS::Mss edits present, copying mssfile into export location C:/Users/guanxian/Desktop/ac701-state/mb_preset_wrapper/microblaze_0/freertos10_xilinx_microblaze_0/bsp/system.mss
TRACE::2023-03-07.16:15:28::SCWMssOS::bsp generated is upto date with the mss file. Skipping bsp generation.
TRACE::2023-03-07.16:15:28::SCWMssOS::BSP is already built. skipping the bsp build ... 
TRACE::2023-03-07.16:15:28::SCWDomain::Building the domain as part of full build :  freertos10_xilinx_microblaze_0
TRACE::2023-03-07.16:15:28::SCWMssOS::doing bsp build ... 
TRACE::2023-03-07.16:15:28::SCWMssOS::System Command Ran  C: & cd  C:/Users/guanxian/Desktop/ac701-state/mb_preset_wrapper/microblaze_0/freertos10_xilinx_microblaze_0/bsp & make 
TRACE::2023-03-07.16:15:28::SCWMssOS::make --no-print-directory seq_libs

TRACE::2023-03-07.16:15:29::SCWMssOS::"Running Make include in microblaze_0/libsrc/axidma_v9_15/src"

TRACE::2023-03-07.16:15:29::SCWMssOS::make -C microblaze_0/libsrc/axidma_v9_15/src -s include  "SHELL=CMD" "COMPILER=mb-gcc" "ASSEMBLER=mb-as" "ARCHIVER=mb-ar" "COMP
TRACE::2023-03-07.16:15:29::SCWMssOS::ILER_FLAGS=  -O2 -c -mcpu=v11.0 -mhard-float -mlittle-endian -mno-xl-soft-div -mno-xl-soft-mul -mxl-barrel-shift -mxl-multiply-
TRACE::2023-03-07.16:15:29::SCWMssOS::high -mxl-pattern-compare" "EXTRA_COMPILER_FLAGS=-g -ffunction-sections -fdata-sections -Wall -Wextra -fno-tree-loop-distribute
TRACE::2023-03-07.16:15:29::SCWMssOS::-patterns"

TRACE::2023-03-07.16:15:30::SCWMssOS::"Running Make include in microblaze_0/libsrc/axiethernet_v5_14/src"

TRACE::2023-03-07.16:15:30::SCWMssOS::make -C microblaze_0/libsrc/axiethernet_v5_14/src -s include  "SHELL=CMD" "COMPILER=mb-gcc" "ASSEMBLER=mb-as" "ARCHIVER=mb-ar" 
TRACE::2023-03-07.16:15:30::SCWMssOS::"COMPILER_FLAGS=  -O2 -c -mcpu=v11.0 -mhard-float -mlittle-endian -mno-xl-soft-div -mno-xl-soft-mul -mxl-barrel-shift -mxl-mult
TRACE::2023-03-07.16:15:30::SCWMssOS::iply-high -mxl-pattern-compare" "EXTRA_COMPILER_FLAGS=-g -ffunction-sections -fdata-sections -Wall -Wextra -fno-tree-loop-distr
TRACE::2023-03-07.16:15:30::SCWMssOS::ibute-patterns"

TRACE::2023-03-07.16:15:31::SCWMssOS::"Running Make include in microblaze_0/libsrc/bram_v4_8/src"

TRACE::2023-03-07.16:15:31::SCWMssOS::make -C microblaze_0/libsrc/bram_v4_8/src -s include  "SHELL=CMD" "COMPILER=mb-gcc" "ASSEMBLER=mb-as" "ARCHIVER=mb-ar" "COMPILE
TRACE::2023-03-07.16:15:31::SCWMssOS::R_FLAGS=  -O2 -c -mcpu=v11.0 -mhard-float -mlittle-endian -mno-xl-soft-div -mno-xl-soft-mul -mxl-barrel-shift -mxl-multiply-hig
TRACE::2023-03-07.16:15:31::SCWMssOS::h -mxl-pattern-compare" "EXTRA_COMPILER_FLAGS=-g -ffunction-sections -fdata-sections -Wall -Wextra -fno-tree-loop-distribute-pa
TRACE::2023-03-07.16:15:31::SCWMssOS::tterns"

TRACE::2023-03-07.16:15:32::SCWMssOS::"Running Make include in microblaze_0/libsrc/cpu_v2_16/src"

TRACE::2023-03-07.16:15:32::SCWMssOS::make -C microblaze_0/libsrc/cpu_v2_16/src -s include  "SHELL=CMD" "COMPILER=mb-gcc" "ASSEMBLER=mb-as" "ARCHIVER=mb-ar" "COMPILE
TRACE::2023-03-07.16:15:32::SCWMssOS::R_FLAGS=  -O2 -c -mcpu=v11.0 -mhard-float -mlittle-endian -mno-xl-soft-div -mno-xl-soft-mul -mxl-barrel-shift -mxl-multiply-hig
TRACE::2023-03-07.16:15:32::SCWMssOS::h -mxl-pattern-compare" "EXTRA_COMPILER_FLAGS=-g -ffunction-sections -fdata-sections -Wall -Wextra -fno-tree-loop-distribute-pa
TRACE::2023-03-07.16:15:32::SCWMssOS::tterns"

TRACE::2023-03-07.16:15:32::SCWMssOS::"Running Make include in microblaze_0/libsrc/freertos10_xilinx_v1_12/src"

TRACE::2023-03-07.16:15:32::SCWMssOS::make -C microblaze_0/libsrc/freertos10_xilinx_v1_12/src -s include  "SHELL=CMD" "COMPILER=mb-gcc" "ASSEMBLER=mb-as" "ARCHIVER=m
TRACE::2023-03-07.16:15:32::SCWMssOS::b-ar" "COMPILER_FLAGS=  -O2 -c -mcpu=v11.0 -mhard-float -mlittle-endian -mno-xl-soft-div -mno-xl-soft-mul -mxl-barrel-shift -mx
TRACE::2023-03-07.16:15:32::SCWMssOS::l-multiply-high -mxl-pattern-compare" "EXTRA_COMPILER_FLAGS=-g -ffunction-sections -fdata-sections -Wall -Wextra -fno-tree-loop
TRACE::2023-03-07.16:15:32::SCWMssOS::-distribute-patterns"

TRACE::2023-03-07.16:15:36::SCWMssOS::"includes"

TRACE::2023-03-07.16:15:42::SCWMssOS::"Running Make include in microblaze_0/libsrc/gpio_v4_9/src"

TRACE::2023-03-07.16:15:42::SCWMssOS::make -C microblaze_0/libsrc/gpio_v4_9/src -s include  "SHELL=CMD" "COMPILER=mb-gcc" "ASSEMBLER=mb-as" "ARCHIVER=mb-ar" "COMPILE
TRACE::2023-03-07.16:15:42::SCWMssOS::R_FLAGS=  -O2 -c -mcpu=v11.0 -mhard-float -mlittle-endian -mno-xl-soft-div -mno-xl-soft-mul -mxl-barrel-shift -mxl-multiply-hig
TRACE::2023-03-07.16:15:42::SCWMssOS::h -mxl-pattern-compare" "EXTRA_COMPILER_FLAGS=-g -ffunction-sections -fdata-sections -Wall -Wextra -fno-tree-loop-distribute-pa
TRACE::2023-03-07.16:15:42::SCWMssOS::tterns"

TRACE::2023-03-07.16:15:43::SCWMssOS::"Running Make include in microblaze_0/libsrc/iic_v3_9/src"

TRACE::2023-03-07.16:15:43::SCWMssOS::make -C microblaze_0/libsrc/iic_v3_9/src -s include  "SHELL=CMD" "COMPILER=mb-gcc" "ASSEMBLER=mb-as" "ARCHIVER=mb-ar" "COMPILER
TRACE::2023-03-07.16:15:43::SCWMssOS::_FLAGS=  -O2 -c -mcpu=v11.0 -mhard-float -mlittle-endian -mno-xl-soft-div -mno-xl-soft-mul -mxl-barrel-shift -mxl-multiply-high
TRACE::2023-03-07.16:15:43::SCWMssOS:: -mxl-pattern-compare" "EXTRA_COMPILER_FLAGS=-g -ffunction-sections -fdata-sections -Wall -Wextra -fno-tree-loop-distribute-pat
TRACE::2023-03-07.16:15:43::SCWMssOS::terns"

TRACE::2023-03-07.16:15:44::SCWMssOS::"Running Make include in microblaze_0/libsrc/intc_v3_15/src"

TRACE::2023-03-07.16:15:44::SCWMssOS::make -C microblaze_0/libsrc/intc_v3_15/src -s include  "SHELL=CMD" "COMPILER=mb-gcc" "ASSEMBLER=mb-as" "ARCHIVER=mb-ar" "COMPIL
TRACE::2023-03-07.16:15:44::SCWMssOS::ER_FLAGS=  -O2 -c -mcpu=v11.0 -mhard-float -mlittle-endian -mno-xl-soft-div -mno-xl-soft-mul -mxl-barrel-shift -mxl-multiply-hi
TRACE::2023-03-07.16:15:44::SCWMssOS::gh -mxl-pattern-compare" "EXTRA_COMPILER_FLAGS=-g -ffunction-sections -fdata-sections -Wall -Wextra -fno-tree-loop-distribute-p
TRACE::2023-03-07.16:15:44::SCWMssOS::atterns"

TRACE::2023-03-07.16:15:44::SCWMssOS::"Running Make include in microblaze_0/libsrc/lwip211_v1_8/src"

TRACE::2023-03-07.16:15:44::SCWMssOS::make -C microblaze_0/libsrc/lwip211_v1_8/src -s include  "SHELL=CMD" "COMPILER=mb-gcc" "ASSEMBLER=mb-as" "ARCHIVER=mb-ar" "COMP
TRACE::2023-03-07.16:15:44::SCWMssOS::ILER_FLAGS=  -O2 -c -mcpu=v11.0 -mhard-float -mlittle-endian -mno-xl-soft-div -mno-xl-soft-mul -mxl-barrel-shift -mxl-multiply-
TRACE::2023-03-07.16:15:44::SCWMssOS::high -mxl-pattern-compare" "EXTRA_COMPILER_FLAGS=-g -ffunction-sections -fdata-sections -Wall -Wextra -fno-tree-loop-distribute
TRACE::2023-03-07.16:15:44::SCWMssOS::-patterns"

TRACE::2023-03-07.16:15:47::SCWMssOS::"Running Make include in microblaze_0/libsrc/spi_v4_9/src"

TRACE::2023-03-07.16:15:47::SCWMssOS::make -C microblaze_0/libsrc/spi_v4_9/src -s include  "SHELL=CMD" "COMPILER=mb-gcc" "ASSEMBLER=mb-as" "ARCHIVER=mb-ar" "COMPILER
TRACE::2023-03-07.16:15:47::SCWMssOS::_FLAGS=  -O2 -c -mcpu=v11.0 -mhard-float -mlittle-endian -mno-xl-soft-div -mno-xl-soft-mul -mxl-barrel-shift -mxl-multiply-high
TRACE::2023-03-07.16:15:47::SCWMssOS:: -mxl-pattern-compare" "EXTRA_COMPILER_FLAGS=-g -ffunction-sections -fdata-sections -Wall -Wextra -fno-tree-loop-distribute-pat
TRACE::2023-03-07.16:15:47::SCWMssOS::terns"

TRACE::2023-03-07.16:15:47::SCWMssOS::"Running Make include in microblaze_0/libsrc/tmrctr_v4_9/src"

TRACE::2023-03-07.16:15:47::SCWMssOS::make -C microblaze_0/libsrc/tmrctr_v4_9/src -s include  "SHELL=CMD" "COMPILER=mb-gcc" "ASSEMBLER=mb-as" "ARCHIVER=mb-ar" "COMPI
TRACE::2023-03-07.16:15:47::SCWMssOS::LER_FLAGS=  -O2 -c -mcpu=v11.0 -mhard-float -mlittle-endian -mno-xl-soft-div -mno-xl-soft-mul -mxl-barrel-shift -mxl-multiply-h
TRACE::2023-03-07.16:15:47::SCWMssOS::igh -mxl-pattern-compare" "EXTRA_COMPILER_FLAGS=-g -ffunction-sections -fdata-sections -Wall -Wextra -fno-tree-loop-distribute-
TRACE::2023-03-07.16:15:47::SCWMssOS::patterns"

TRACE::2023-03-07.16:15:48::SCWMssOS::"Running Make include in microblaze_0/libsrc/uartlite_v3_7/src"

TRACE::2023-03-07.16:15:48::SCWMssOS::make -C microblaze_0/libsrc/uartlite_v3_7/src -s include  "SHELL=CMD" "COMPILER=mb-gcc" "ASSEMBLER=mb-as" "ARCHIVER=mb-ar" "COM
TRACE::2023-03-07.16:15:48::SCWMssOS::PILER_FLAGS=  -O2 -c -mcpu=v11.0 -mhard-float -mlittle-endian -mno-xl-soft-div -mno-xl-soft-mul -mxl-barrel-shift -mxl-multiply
TRACE::2023-03-07.16:15:48::SCWMssOS::-high -mxl-pattern-compare" "EXTRA_COMPILER_FLAGS=-g -ffunction-sections -fdata-sections -Wall -Wextra -fno-tree-loop-distribut
TRACE::2023-03-07.16:15:48::SCWMssOS::e-patterns"

TRACE::2023-03-07.16:15:49::SCWMssOS::"Running Make libs in microblaze_0/libsrc/lwip211_v1_8/src"

TRACE::2023-03-07.16:15:49::SCWMssOS::make -C microblaze_0/libsrc/lwip211_v1_8/src -s libs  "SHELL=CMD" "COMPILER=mb-gcc" "ASSEMBLER=mb-as" "ARCHIVER=mb-ar" "COMPILE
TRACE::2023-03-07.16:15:49::SCWMssOS::R_FLAGS=  -O2 -c -mcpu=v11.0 -mhard-float -mlittle-endian -mno-xl-soft-div -mno-xl-soft-mul -mxl-barrel-shift -mxl-multiply-hig
TRACE::2023-03-07.16:15:49::SCWMssOS::h -mxl-pattern-compare" "EXTRA_COMPILER_FLAGS=-g -ffunction-sections -fdata-sections -Wall -Wextra -fno-tree-loop-distribute-pa
TRACE::2023-03-07.16:15:49::SCWMssOS::tterns"

TRACE::2023-03-07.16:15:49::SCWMssOS::"Compiling lwip src and adapter files"

TRACE::2023-03-07.16:16:25::SCWMssOS::'Finished building libraries sequentially.'

TRACE::2023-03-07.16:16:26::SCWMssOS::make -j 14 --no-print-directory par_libs

TRACE::2023-03-07.16:16:26::SCWMssOS::"Running Make include in microblaze_0/libsrc/axidma_v9_15/src"

TRACE::2023-03-07.16:16:26::SCWMssOS::"Running Make include in microblaze_0/libsrc/axiethernet_v5_14/src"

TRACE::2023-03-07.16:16:26::SCWMssOS::"Running Make include in microblaze_0/libsrc/bram_v4_8/src"

TRACE::2023-03-07.16:16:26::SCWMssOS::"Running Make include in microblaze_0/libsrc/cpu_v2_16/src"

TRACE::2023-03-07.16:16:26::SCWMssOS::"Running Make include in microblaze_0/libsrc/freertos10_xilinx_v1_12/src"

TRACE::2023-03-07.16:16:26::SCWMssOS::"Running Make include in microblaze_0/libsrc/gpio_v4_9/src"

TRACE::2023-03-07.16:16:26::SCWMssOS::make -C microblaze_0/libsrc/axidma_v9_15/src -s include  "SHELL=CMD" "COMPILER=mb-gcc" "ASSEMBLER=mb-as" "ARCHIVER=mb-ar" "COMP
TRACE::2023-03-07.16:16:26::SCWMssOS::ILER_FLAGS=  -O2 -c -mcpu=v11.0 -mhard-float -mlittle-endian -mno-xl-soft-div -mno-xl-soft-mul -mxl-barrel-shift -mxl-multiply-
TRACE::2023-03-07.16:16:26::SCWMssOS::high -mxl-pattern-compare" "EXTRA_COMPILER_FLAGS=-g -ffunction-sections -fdata-sections -Wall -Wextra -fno-tree-loop-distribute
TRACE::2023-03-07.16:16:26::SCWMssOS::-patterns"

TRACE::2023-03-07.16:16:26::SCWMssOS::"Running Make include in microblaze_0/libsrc/iic_v3_9/src"

TRACE::2023-03-07.16:16:26::SCWMssOS::make -C microblaze_0/libsrc/axiethernet_v5_14/src -s include  "SHELL=CMD" "COMPILER=mb-gcc" "ASSEMBLER=mb-as" "ARCHIVER=mb-ar" 
TRACE::2023-03-07.16:16:26::SCWMssOS::"COMPILER_FLAGS=  -O2 -c -mcpu=v11.0 -mhard-float -mlittle-endian -mno-xl-soft-div -mno-xl-soft-mul -mxl-barrel-shift -mxl-mult
TRACE::2023-03-07.16:16:26::SCWMssOS::iply-high -mxl-pattern-compare" "EXTRA_COMPILER_FLAGS=-g -ffunction-sections -fdata-sections -Wall -Wextra -fno-tree-loop-distr
TRACE::2023-03-07.16:16:26::SCWMssOS::ibute-patterns"

TRACE::2023-03-07.16:16:26::SCWMssOS::"Running Make include in microblaze_0/libsrc/intc_v3_15/src"

TRACE::2023-03-07.16:16:26::SCWMssOS::make -C microblaze_0/libsrc/bram_v4_8/src -s include  "SHELL=CMD" "COMPILER=mb-gcc" "ASSEMBLER=mb-as" "ARCHIVER=mb-ar" "COMPILE
TRACE::2023-03-07.16:16:26::SCWMssOS::R_FLAGS=  -O2 -c -mcpu=v11.0 -mhard-float -mlittle-endian -mno-xl-soft-div -mno-xl-soft-mul -mxl-barrel-shift -mxl-multiply-hig
TRACE::2023-03-07.16:16:26::SCWMssOS::h -mxl-pattern-compare" "EXTRA_COMPILER_FLAGS=-g -ffunction-sections -fdata-sections -Wall -Wextra -fno-tree-loop-distribute-pa
TRACE::2023-03-07.16:16:26::SCWMssOS::tterns"

TRACE::2023-03-07.16:16:26::SCWMssOS::"Running Make include in microblaze_0/libsrc/lwip211_v1_8/src"

TRACE::2023-03-07.16:16:26::SCWMssOS::"Running Make include in microblaze_0/libsrc/spi_v4_9/src"

TRACE::2023-03-07.16:16:26::SCWMssOS::make -C microblaze_0/libsrc/cpu_v2_16/src -s include  "SHELL=CMD" "COMPILER=mb-gcc" "ASSEMBLER=mb-as" "ARCHIVER=mb-ar" "COMPILE
TRACE::2023-03-07.16:16:26::SCWMssOS::R_FLAGS=  -O2 -c -mcpu=v11.0 -mhard-float -mlittle-endian -mno-xl-soft-div -mno-xl-soft-mul -mxl-barrel-shift -mxl-multiply-hig
TRACE::2023-03-07.16:16:26::SCWMssOS::h -mxl-pattern-compare" "EXTRA_COMPILER_FLAGS=-g -ffunction-sections -fdata-sections -Wall -Wextra -fno-tree-loop-distribute-pa
TRACE::2023-03-07.16:16:26::SCWMssOS::tterns"

TRACE::2023-03-07.16:16:26::SCWMssOS::make -C microblaze_0/libsrc/freertos10_xilinx_v1_12/src -s include  "SHELL=CMD" "COMPILER=mb-gcc" "ASSEMBLER=mb-as" "ARCHIVER=m
TRACE::2023-03-07.16:16:26::SCWMssOS::b-ar" "COMPILER_FLAGS=  -O2 -c -mcpu=v11.0 -mhard-float -mlittle-endian -mno-xl-soft-div -mno-xl-soft-mul -mxl-barrel-shift -mx
TRACE::2023-03-07.16:16:26::SCWMssOS::l-multiply-high -mxl-pattern-compare" "EXTRA_COMPILER_FLAGS=-g -ffunction-sections -fdata-sections -Wall -Wextra -fno-tree-loop
TRACE::2023-03-07.16:16:26::SCWMssOS::-distribute-patterns"

TRACE::2023-03-07.16:16:26::SCWMssOS::make -C microblaze_0/libsrc/gpio_v4_9/src -s include  "SHELL=CMD" "COMPILER=mb-gcc" "ASSEMBLER=mb-as" "ARCHIVER=mb-ar" "COMPILE
TRACE::2023-03-07.16:16:26::SCWMssOS::R_FLAGS=  -O2 -c -mcpu=v11.0 -mhard-float -mlittle-endian -mno-xl-soft-div -mno-xl-soft-mul -mxl-barrel-shift -mxl-multiply-hig
TRACE::2023-03-07.16:16:26::SCWMssOS::h -mxl-pattern-compare" "EXTRA_COMPILER_FLAGS=-g -ffunction-sections -fdata-sections -Wall -Wextra -fno-tree-loop-distribute-pa
TRACE::2023-03-07.16:16:26::SCWMssOS::tterns"

TRACE::2023-03-07.16:16:26::SCWMssOS::"Running Make include in microblaze_0/libsrc/tmrctr_v4_9/src"

TRACE::2023-03-07.16:16:26::SCWMssOS::make -C microblaze_0/libsrc/iic_v3_9/src -s include  "SHELL=CMD" "COMPILER=mb-gcc" "ASSEMBLER=mb-as" "ARCHIVER=mb-ar" "COMPILER
TRACE::2023-03-07.16:16:26::SCWMssOS::_FLAGS=  -O2 -c -mcpu=v11.0 -mhard-float -mlittle-endian -mno-xl-soft-div -mno-xl-soft-mul -mxl-barrel-shift -mxl-multiply-high
TRACE::2023-03-07.16:16:26::SCWMssOS:: -mxl-pattern-compare" "EXTRA_COMPILER_FLAGS=-g -ffunction-sections -fdata-sections -Wall -Wextra -fno-tree-loop-distribute-pat
TRACE::2023-03-07.16:16:26::SCWMssOS::terns"

TRACE::2023-03-07.16:16:26::SCWMssOS::make -C microblaze_0/libsrc/intc_v3_15/src -s include  "SHELL=CMD" "COMPILER=mb-gcc" "ASSEMBLER=mb-as" "ARCHIVER=mb-ar" "COMPIL
TRACE::2023-03-07.16:16:26::SCWMssOS::ER_FLAGS=  -O2 -c -mcpu=v11.0 -mhard-float -mlittle-endian -mno-xl-soft-div -mno-xl-soft-mul -mxl-barrel-shift -mxl-multiply-hi
TRACE::2023-03-07.16:16:26::SCWMssOS::gh -mxl-pattern-compare" "EXTRA_COMPILER_FLAGS=-g -ffunction-sections -fdata-sections -Wall -Wextra -fno-tree-loop-distribute-p
TRACE::2023-03-07.16:16:26::SCWMssOS::atterns"

TRACE::2023-03-07.16:16:26::SCWMssOS::make -C microblaze_0/libsrc/lwip211_v1_8/src -s include  "SHELL=CMD" "COMPILER=mb-gcc" "ASSEMBLER=mb-as" "ARCHIVER=mb-ar" "COMP
TRACE::2023-03-07.16:16:26::SCWMssOS::ILER_FLAGS=  -O2 -c -mcpu=v11.0 -mhard-float -mlittle-endian -mno-xl-soft-div -mno-xl-soft-mul -mxl-barrel-shift -mxl-multiply-
TRACE::2023-03-07.16:16:26::SCWMssOS::high -mxl-pattern-compare" "EXTRA_COMPILER_FLAGS=-g -ffunction-sections -fdata-sections -Wall -Wextra -fno-tree-loop-distribute
TRACE::2023-03-07.16:16:26::SCWMssOS::-patterns"

TRACE::2023-03-07.16:16:26::SCWMssOS::make -C microblaze_0/libsrc/spi_v4_9/src -s include  "SHELL=CMD" "COMPILER=mb-gcc" "ASSEMBLER=mb-as" "ARCHIVER=mb-ar" "COMPILER
TRACE::2023-03-07.16:16:26::SCWMssOS::_FLAGS=  -O2 -c -mcpu=v11.0 -mhard-float -mlittle-endian -mno-xl-soft-div -mno-xl-soft-mul -mxl-barrel-shift -mxl-multiply-high
TRACE::2023-03-07.16:16:26::SCWMssOS:: -mxl-pattern-compare" "EXTRA_COMPILER_FLAGS=-g -ffunction-sections -fdata-sections -Wall -Wextra -fno-tree-loop-distribute-pat
TRACE::2023-03-07.16:16:26::SCWMssOS::terns"

TRACE::2023-03-07.16:16:26::SCWMssOS::"Running Make include in microblaze_0/libsrc/uartlite_v3_7/src"

TRACE::2023-03-07.16:16:26::SCWMssOS::make -C microblaze_0/libsrc/tmrctr_v4_9/src -s include  "SHELL=CMD" "COMPILER=mb-gcc" "ASSEMBLER=mb-as" "ARCHIVER=mb-ar" "COMPI
TRACE::2023-03-07.16:16:26::SCWMssOS::LER_FLAGS=  -O2 -c -mcpu=v11.0 -mhard-float -mlittle-endian -mno-xl-soft-div -mno-xl-soft-mul -mxl-barrel-shift -mxl-multiply-h
TRACE::2023-03-07.16:16:26::SCWMssOS::igh -mxl-pattern-compare" "EXTRA_COMPILER_FLAGS=-g -ffunction-sections -fdata-sections -Wall -Wextra -fno-tree-loop-distribute-
TRACE::2023-03-07.16:16:26::SCWMssOS::patterns"

TRACE::2023-03-07.16:16:26::SCWMssOS::make -C microblaze_0/libsrc/uartlite_v3_7/src -s include  "SHELL=CMD" "COMPILER=mb-gcc" "ASSEMBLER=mb-as" "ARCHIVER=mb-ar" "COM
TRACE::2023-03-07.16:16:26::SCWMssOS::PILER_FLAGS=  -O2 -c -mcpu=v11.0 -mhard-float -mlittle-endian -mno-xl-soft-div -mno-xl-soft-mul -mxl-barrel-shift -mxl-multiply
TRACE::2023-03-07.16:16:26::SCWMssOS::-high -mxl-pattern-compare" "EXTRA_COMPILER_FLAGS=-g -ffunction-sections -fdata-sections -Wall -Wextra -fno-tree-loop-distribut
TRACE::2023-03-07.16:16:26::SCWMssOS::e-patterns"

TRACE::2023-03-07.16:16:26::SCWMssOS::"includes"

TRACE::2023-03-07.16:16:28::SCWMssOS::"Running Make libs in microblaze_0/libsrc/axidma_v9_15/src"

TRACE::2023-03-07.16:16:28::SCWMssOS::"Running Make libs in microblaze_0/libsrc/axiethernet_v5_14/src"

TRACE::2023-03-07.16:16:28::SCWMssOS::"Running Make libs in microblaze_0/libsrc/bram_v4_8/src"

TRACE::2023-03-07.16:16:28::SCWMssOS::"Running Make libs in microblaze_0/libsrc/cpu_v2_16/src"

TRACE::2023-03-07.16:16:28::SCWMssOS::"Running Make libs in microblaze_0/libsrc/freertos10_xilinx_v1_12/src"

TRACE::2023-03-07.16:16:28::SCWMssOS::"Running Make libs in microblaze_0/libsrc/gpio_v4_9/src"

TRACE::2023-03-07.16:16:28::SCWMssOS::"Running Make libs in microblaze_0/libsrc/iic_v3_9/src"

TRACE::2023-03-07.16:16:28::SCWMssOS::make -C microblaze_0/libsrc/axidma_v9_15/src -s libs  "SHELL=CMD" "COMPILER=mb-gcc" "ASSEMBLER=mb-as" "ARCHIVER=mb-ar" "COMPILE
TRACE::2023-03-07.16:16:28::SCWMssOS::R_FLAGS=  -O2 -c -mcpu=v11.0 -mhard-float -mlittle-endian -mno-xl-soft-div -mno-xl-soft-mul -mxl-barrel-shift -mxl-multiply-hig
TRACE::2023-03-07.16:16:28::SCWMssOS::h -mxl-pattern-compare" "EXTRA_COMPILER_FLAGS=-g -ffunction-sections -fdata-sections -Wall -Wextra -fno-tree-loop-distribute-pa
TRACE::2023-03-07.16:16:28::SCWMssOS::tterns"

TRACE::2023-03-07.16:16:28::SCWMssOS::"Running Make libs in microblaze_0/libsrc/intc_v3_15/src"

TRACE::2023-03-07.16:16:28::SCWMssOS::make -C microblaze_0/libsrc/axiethernet_v5_14/src -s libs  "SHELL=CMD" "COMPILER=mb-gcc" "ASSEMBLER=mb-as" "ARCHIVER=mb-ar" "CO
TRACE::2023-03-07.16:16:28::SCWMssOS::MPILER_FLAGS=  -O2 -c -mcpu=v11.0 -mhard-float -mlittle-endian -mno-xl-soft-div -mno-xl-soft-mul -mxl-barrel-shift -mxl-multipl
TRACE::2023-03-07.16:16:28::SCWMssOS::y-high -mxl-pattern-compare" "EXTRA_COMPILER_FLAGS=-g -ffunction-sections -fdata-sections -Wall -Wextra -fno-tree-loop-distribu
TRACE::2023-03-07.16:16:28::SCWMssOS::te-patterns"

TRACE::2023-03-07.16:16:29::SCWMssOS::"Running Make libs in microblaze_0/libsrc/spi_v4_9/src"

TRACE::2023-03-07.16:16:29::SCWMssOS::make -C microblaze_0/libsrc/bram_v4_8/src -s libs  "SHELL=CMD" "COMPILER=mb-gcc" "ASSEMBLER=mb-as" "ARCHIVER=mb-ar" "COMPILER_F
TRACE::2023-03-07.16:16:29::SCWMssOS::LAGS=  -O2 -c -mcpu=v11.0 -mhard-float -mlittle-endian -mno-xl-soft-div -mno-xl-soft-mul -mxl-barrel-shift -mxl-multiply-high -
TRACE::2023-03-07.16:16:29::SCWMssOS::mxl-pattern-compare" "EXTRA_COMPILER_FLAGS=-g -ffunction-sections -fdata-sections -Wall -Wextra -fno-tree-loop-distribute-patte
TRACE::2023-03-07.16:16:29::SCWMssOS::rns"

TRACE::2023-03-07.16:16:29::SCWMssOS::"Running Make libs in microblaze_0/libsrc/tmrctr_v4_9/src"

TRACE::2023-03-07.16:16:29::SCWMssOS::make -C microblaze_0/libsrc/cpu_v2_16/src -s libs  "SHELL=CMD" "COMPILER=mb-gcc" "ASSEMBLER=mb-as" "ARCHIVER=mb-ar" "COMPILER_F
TRACE::2023-03-07.16:16:29::SCWMssOS::LAGS=  -O2 -c -mcpu=v11.0 -mhard-float -mlittle-endian -mno-xl-soft-div -mno-xl-soft-mul -mxl-barrel-shift -mxl-multiply-high -
TRACE::2023-03-07.16:16:29::SCWMssOS::mxl-pattern-compare" "EXTRA_COMPILER_FLAGS=-g -ffunction-sections -fdata-sections -Wall -Wextra -fno-tree-loop-distribute-patte
TRACE::2023-03-07.16:16:29::SCWMssOS::rns"

TRACE::2023-03-07.16:16:29::SCWMssOS::make -C microblaze_0/libsrc/freertos10_xilinx_v1_12/src -s libs  "SHELL=CMD" "COMPILER=mb-gcc" "ASSEMBLER=mb-as" "ARCHIVER=mb-a
TRACE::2023-03-07.16:16:29::SCWMssOS::r" "COMPILER_FLAGS=  -O2 -c -mcpu=v11.0 -mhard-float -mlittle-endian -mno-xl-soft-div -mno-xl-soft-mul -mxl-barrel-shift -mxl-m
TRACE::2023-03-07.16:16:29::SCWMssOS::ultiply-high -mxl-pattern-compare" "EXTRA_COMPILER_FLAGS=-g -ffunction-sections -fdata-sections -Wall -Wextra -fno-tree-loop-di
TRACE::2023-03-07.16:16:29::SCWMssOS::stribute-patterns"

TRACE::2023-03-07.16:16:29::SCWMssOS::"Running Make libs in microblaze_0/libsrc/uartlite_v3_7/src"

TRACE::2023-03-07.16:16:29::SCWMssOS::make -C microblaze_0/libsrc/gpio_v4_9/src -s libs  "SHELL=CMD" "COMPILER=mb-gcc" "ASSEMBLER=mb-as" "ARCHIVER=mb-ar" "COMPILER_F
TRACE::2023-03-07.16:16:29::SCWMssOS::LAGS=  -O2 -c -mcpu=v11.0 -mhard-float -mlittle-endian -mno-xl-soft-div -mno-xl-soft-mul -mxl-barrel-shift -mxl-multiply-high -
TRACE::2023-03-07.16:16:29::SCWMssOS::mxl-pattern-compare" "EXTRA_COMPILER_FLAGS=-g -ffunction-sections -fdata-sections -Wall -Wextra -fno-tree-loop-distribute-patte
TRACE::2023-03-07.16:16:29::SCWMssOS::rns"

TRACE::2023-03-07.16:16:29::SCWMssOS::make -C microblaze_0/libsrc/iic_v3_9/src -s libs  "SHELL=CMD" "COMPILER=mb-gcc" "ASSEMBLER=mb-as" "ARCHIVER=mb-ar" "COMPILER_FL
TRACE::2023-03-07.16:16:29::SCWMssOS::AGS=  -O2 -c -mcpu=v11.0 -mhard-float -mlittle-endian -mno-xl-soft-div -mno-xl-soft-mul -mxl-barrel-shift -mxl-multiply-high -m
TRACE::2023-03-07.16:16:29::SCWMssOS::xl-pattern-compare" "EXTRA_COMPILER_FLAGS=-g -ffunction-sections -fdata-sections -Wall -Wextra -fno-tree-loop-distribute-patter
TRACE::2023-03-07.16:16:29::SCWMssOS::ns"

TRACE::2023-03-07.16:16:29::SCWMssOS::make -C microblaze_0/libsrc/intc_v3_15/src -s libs  "SHELL=CMD" "COMPILER=mb-gcc" "ASSEMBLER=mb-as" "ARCHIVER=mb-ar" "COMPILER_
TRACE::2023-03-07.16:16:29::SCWMssOS::FLAGS=  -O2 -c -mcpu=v11.0 -mhard-float -mlittle-endian -mno-xl-soft-div -mno-xl-soft-mul -mxl-barrel-shift -mxl-multiply-high 
TRACE::2023-03-07.16:16:29::SCWMssOS::-mxl-pattern-compare" "EXTRA_COMPILER_FLAGS=-g -ffunction-sections -fdata-sections -Wall -Wextra -fno-tree-loop-distribute-patt
TRACE::2023-03-07.16:16:29::SCWMssOS::erns"

TRACE::2023-03-07.16:16:29::SCWMssOS::make -C microblaze_0/libsrc/spi_v4_9/src -s libs  "SHELL=CMD" "COMPILER=mb-gcc" "ASSEMBLER=mb-as" "ARCHIVER=mb-ar" "COMPILER_FL
TRACE::2023-03-07.16:16:29::SCWMssOS::AGS=  -O2 -c -mcpu=v11.0 -mhard-float -mlittle-endian -mno-xl-soft-div -mno-xl-soft-mul -mxl-barrel-shift -mxl-multiply-high -m
TRACE::2023-03-07.16:16:29::SCWMssOS::xl-pattern-compare" "EXTRA_COMPILER_FLAGS=-g -ffunction-sections -fdata-sections -Wall -Wextra -fno-tree-loop-distribute-patter
TRACE::2023-03-07.16:16:29::SCWMssOS::ns"

TRACE::2023-03-07.16:16:29::SCWMssOS::make -C microblaze_0/libsrc/tmrctr_v4_9/src -s libs  "SHELL=CMD" "COMPILER=mb-gcc" "ASSEMBLER=mb-as" "ARCHIVER=mb-ar" "COMPILER
TRACE::2023-03-07.16:16:29::SCWMssOS::_FLAGS=  -O2 -c -mcpu=v11.0 -mhard-float -mlittle-endian -mno-xl-soft-div -mno-xl-soft-mul -mxl-barrel-shift -mxl-multiply-high
TRACE::2023-03-07.16:16:29::SCWMssOS:: -mxl-pattern-compare" "EXTRA_COMPILER_FLAGS=-g -ffunction-sections -fdata-sections -Wall -Wextra -fno-tree-loop-distribute-pat
TRACE::2023-03-07.16:16:29::SCWMssOS::terns"

TRACE::2023-03-07.16:16:29::SCWMssOS::make -C microblaze_0/libsrc/uartlite_v3_7/src -s libs  "SHELL=CMD" "COMPILER=mb-gcc" "ASSEMBLER=mb-as" "ARCHIVER=mb-ar" "COMPIL
TRACE::2023-03-07.16:16:29::SCWMssOS::ER_FLAGS=  -O2 -c -mcpu=v11.0 -mhard-float -mlittle-endian -mno-xl-soft-div -mno-xl-soft-mul -mxl-barrel-shift -mxl-multiply-hi
TRACE::2023-03-07.16:16:29::SCWMssOS::gh -mxl-pattern-compare" "EXTRA_COMPILER_FLAGS=-g -ffunction-sections -fdata-sections -Wall -Wextra -fno-tree-loop-distribute-p
TRACE::2023-03-07.16:16:29::SCWMssOS::atterns"

TRACE::2023-03-07.16:16:43::SCWMssOS::'Finished building libraries parallelly.'

TRACE::2023-03-07.16:16:43::SCWMssOS::make --no-print-directory archive

TRACE::2023-03-07.16:16:43::SCWMssOS::mb-ar -r  microblaze_0/lib/libxil.a microblaze_0/lib/_exit.o microblaze_0/lib/errno.o microblaze_0/lib/fcntl.o microblaze_0/lib
TRACE::2023-03-07.16:16:43::SCWMssOS::/hw_exception_handler.o microblaze_0/lib/inbyte.o microblaze_0/lib/microblaze_disable_dcache.o microblaze_0/lib/microblaze_disa
TRACE::2023-03-07.16:16:43::SCWMssOS::ble_exceptions.o microblaze_0/lib/microblaze_disable_icache.o microblaze_0/lib/microblaze_disable_interrupts.o microblaze_0/lib
TRACE::2023-03-07.16:16:43::SCWMssOS::/microblaze_enable_dcache.o microblaze_0/lib/microblaze_enable_exceptions.o microblaze_0/lib/microblaze_enable_icache.o microbl
TRACE::2023-03-07.16:16:43::SCWMssOS::aze_0/lib/microblaze_enable_interrupts.o microblaze_0/lib/microblaze_exception_handler.o microblaze_0/lib/microblaze_flush_cach
TRACE::2023-03-07.16:16:43::SCWMssOS::e_ext.o microblaze_0/lib/microblaze_flush_cache_ext_range.o microblaze_0/lib/microblaze_flush_dcache.o microblaze_0/lib/microbl
TRACE::2023-03-07.16:16:43::SCWMssOS::aze_flush_dcache_range.o microblaze_0/lib/microblaze_init_dcache_range.o microblaze_0/lib/microblaze_init_icache_range.o microb
TRACE::2023-03-07.16:16:43::SCWMssOS::laze_0/lib/microblaze_interrupts_g.o microblaze_0/lib/microblaze_invalidate_cache_ext.o microblaze_0/lib/microblaze_invalidate_
TRACE::2023-03-07.16:16:43::SCWMssOS::cache_ext_range.o microblaze_0/lib/microblaze_invalidate_dcache.o microblaze_0/lib/microblaze_invalidate_dcache_range.o microbl
TRACE::2023-03-07.16:16:43::SCWMssOS::aze_0/lib/microblaze_invalidate_icache.o microblaze_0/lib/microblaze_invalidate_icache_range.o microblaze_0/lib/microblaze_scru
TRACE::2023-03-07.16:16:43::SCWMssOS::b.o microblaze_0/lib/microblaze_selftest.o microblaze_0/lib/microblaze_sleep.o microblaze_0/lib/microblaze_update_dcache.o micr
TRACE::2023-03-07.16:16:43::SCWMssOS::oblaze_0/lib/microblaze_update_icache.o microblaze_0/lib/outbyte.o microblaze_0/lib/print.o microblaze_0/lib/pvr.o microblaze_0
TRACE::2023-03-07.16:16:43::SCWMssOS::/lib/xaxidma.o microblaze_0/lib/xaxidma_bd.o microblaze_0/lib/xaxidma_bdring.o microblaze_0/lib/xaxidma_g.o microblaze_0/lib/xa
TRACE::2023-03-07.16:16:43::SCWMssOS::xidma_selftest.o microblaze_0/lib/xaxidma_sinit.o microblaze_0/lib/xaxiethernet.o microblaze_0/lib/xaxiethernet_control.o micro
TRACE::2023-03-07.16:16:43::SCWMssOS::blaze_0/lib/xaxiethernet_g.o microblaze_0/lib/xaxiethernet_sinit.o microblaze_0/lib/xbram.o microblaze_0/lib/xbram_g.o microbla
TRACE::2023-03-07.16:16:43::SCWMssOS::ze_0/lib/xbram_intr.o microblaze_0/lib/xbram_selftest.o microblaze_0/lib/xbram_sinit.o microblaze_0/lib/xgpio.o microblaze_0/li
TRACE::2023-03-07.16:16:43::SCWMssOS::b/xgpio_extra.o microblaze_0/lib/xgpio_g.o microblaze_0/lib/xgpio_intr.o microblaze_0/lib/xgpio_selftest.o microblaze_0/lib/xgp
TRACE::2023-03-07.16:16:43::SCWMssOS::io_sinit.o microblaze_0/lib/xiic.o microblaze_0/lib/xiic_dyn_master.o microblaze_0/lib/xiic_g.o microblaze_0/lib/xiic_intr.o mi
TRACE::2023-03-07.16:16:43::SCWMssOS::croblaze_0/lib/xiic_l.o microblaze_0/lib/xiic_master.o microblaze_0/lib/xiic_multi_master.o microblaze_0/lib/xiic_options.o mic
TRACE::2023-03-07.16:16:43::SCWMssOS::roblaze_0/lib/xiic_selftest.o microblaze_0/lib/xiic_sinit.o microblaze_0/lib/xiic_slave.o microblaze_0/lib/xiic_stats.o microbl
TRACE::2023-03-07.16:16:43::SCWMssOS::aze_0/lib/xil_assert.o microblaze_0/lib/xil_cache.o microblaze_0/lib/xil_clocking.o microblaze_0/lib/xil_exception.o microblaze
TRACE::2023-03-07.16:16:43::SCWMssOS::_0/lib/xil_mem.o microblaze_0/lib/xil_misc_psreset_api.o microblaze_0/lib/xil_printf.o microblaze_0/lib/xil_sleepcommon.o micro
TRACE::2023-03-07.16:16:43::SCWMssOS::blaze_0/lib/xil_testcache.o microblaze_0/lib/xil_testio.o microblaze_0/lib/xil_testmem.o microblaze_0/lib/xil_util.o microblaze
TRACE::2023-03-07.16:16:43::SCWMssOS::_0/lib/xintc.o microblaze_0/lib/xintc_g.o microblaze_0/lib/xintc_intr.o microblaze_0/lib/xintc_l.o microblaze_0/lib/xintc_optio
TRACE::2023-03-07.16:16:43::SCWMssOS::ns.o microblaze_0/lib/xintc_selftest.o microblaze_0/lib/xinterrupt_wrap.o microblaze_0/lib/xio.o microblaze_0/lib/xplatform_inf
TRACE::2023-03-07.16:16:43::SCWMssOS::o.o microblaze_0/lib/xspi.o microblaze_0/lib/xspi_g.o microblaze_0/lib/xspi_options.o microblaze_0/lib/xspi_selftest.o microbla
TRACE::2023-03-07.16:16:43::SCWMssOS::ze_0/lib/xspi_sinit.o microblaze_0/lib/xspi_stats.o microblaze_0/lib/xtmrctr.o microblaze_0/lib/xtmrctr_g.o microblaze_0/lib/xt
TRACE::2023-03-07.16:16:43::SCWMssOS::mrctr_intr.o microblaze_0/lib/xtmrctr_l.o microblaze_0/lib/xtmrctr_options.o microblaze_0/lib/xtmrctr_selftest.o microblaze_0/l
TRACE::2023-03-07.16:16:43::SCWMssOS::ib/xtmrctr_sinit.o microblaze_0/lib/xtmrctr_stats.o microblaze_0/lib/xuartlite.o microblaze_0/lib/xuartlite_g.o microblaze_0/li
TRACE::2023-03-07.16:16:43::SCWMssOS::b/xuartlite_intr.o microblaze_0/lib/xuartlite_l.o microblaze_0/lib/xuartlite_selftest.o microblaze_0/lib/xuartlite_sinit.o micr
TRACE::2023-03-07.16:16:43::SCWMssOS::oblaze_0/lib/xuartlite_stats.o

TRACE::2023-03-07.16:16:44::SCWMssOS::'Finished building libraries'

TRACE::2023-03-07.16:16:45::SCWMssOS::Copying to export directory.
TRACE::2023-03-07.16:16:46::SCWMssOS:: Checking if to create the Supporting Applications
TRACE::2023-03-07.16:16:46::SCWMssOS:: No Linux domain exists, trying to generate FSBL 
LOG::2023-03-07.16:16:46::SCWSystem::Completed Processing the domain freertos10_xilinx_microblaze_0
LOG::2023-03-07.16:16:46::SCWSystem::Completed Processing the sysconfig mb_preset_wrapper
LOG::2023-03-07.16:16:46::SCWPlatform::Completed generating the artifacts for system configuration mb_preset_wrapper
TRACE::2023-03-07.16:16:46::SCWPlatform::Started preparing the platform 
TRACE::2023-03-07.16:16:46::SCWSystem::Writing the bif file for system config mb_preset_wrapper
TRACE::2023-03-07.16:16:46::SCWSystem::dir created 
TRACE::2023-03-07.16:16:46::SCWSystem::Writing the bif 
TRACE::2023-03-07.16:16:46::SCWPlatform::Started writing the spfm file 
TRACE::2023-03-07.16:16:46::SCWPlatform::Started writing the xpfm file 
TRACE::2023-03-07.16:16:46::SCWPlatform::Completed generating the platform
TRACE::2023-03-07.16:16:46::SCWMssOS::Saving the mss changes C:/Users/guanxian/Desktop/ac701-state/mb_preset_wrapper/microblaze_0/freertos10_xilinx_microblaze_0/bsp/system.mss
TRACE::2023-03-07.16:16:46::SCWMssOS::Found a swdesign opened with the mssfile.
TRACE::2023-03-07.16:16:46::SCWMssOS::Completed writemss as part of save.
TRACE::2023-03-07.16:16:46::SCWMssOS::Commit changes completed.
TRACE::2023-03-07.16:16:46::SCWPlatform::Trying to open the hw design at C:/Users/guanxian/Desktop/ac701-state/mb_preset_wrapper/hw/mb_preset_wrapper.xsa
TRACE::2023-03-07.16:16:46::SCWPlatform::DSA given C:/Users/guanxian/Desktop/ac701-state/mb_preset_wrapper/hw/mb_preset_wrapper.xsa
TRACE::2023-03-07.16:16:46::SCWPlatform::DSA absoulate path C:/Users/guanxian/Desktop/ac701-state/mb_preset_wrapper/hw/mb_preset_wrapper.xsa
TRACE::2023-03-07.16:16:46::SCWPlatform::DSA directory C:/Users/guanxian/Desktop/ac701-state/mb_preset_wrapper/hw
TRACE::2023-03-07.16:16:46::SCWPlatform:: Platform Path C:/Users/guanxian/Desktop/ac701-state/mb_preset_wrapper/hw/mb_preset_wrapper.xsa
TRACE::2023-03-07.16:16:46::SCWPlatform:: Unique name xilinx:ac701::0.0
TRACE::2023-03-07.16:16:46::SCWPlatform::Trying to set the existing hwdb with name mb_preset_wrapper_0
TRACE::2023-03-07.16:16:46::SCWPlatform::Opened existing hwdb mb_preset_wrapper_0
TRACE::2023-03-07.16:16:46::SCWPlatform::Found the Hw Db part of the input DSA
TRACE::2023-03-07.16:16:46::SCWMssOS::Checking the sw design at  C:/Users/guanxian/Desktop/ac701-state/mb_preset_wrapper/microblaze_0/freertos10_xilinx_microblaze_0/bsp/system.mss
TRACE::2023-03-07.16:16:46::SCWMssOS::DEBUG:  swdes dump  C:/Users/guanxian/Desktop/ac701-state/mb_preset_wrapper/microblaze_0/freertos10_xilinx_microblaze_0/bsp/system.mss|system||

TRACE::2023-03-07.16:16:46::SCWMssOS::Sw design exists and opened at  C:/Users/guanxian/Desktop/ac701-state/mb_preset_wrapper/microblaze_0/freertos10_xilinx_microblaze_0/bsp/system.mss
TRACE::2023-03-07.16:16:46::SCWPlatform::Trying to open the hw design at C:/Users/guanxian/Desktop/ac701-state/mb_preset_wrapper/hw/mb_preset_wrapper.xsa
TRACE::2023-03-07.16:16:46::SCWPlatform::DSA given C:/Users/guanxian/Desktop/ac701-state/mb_preset_wrapper/hw/mb_preset_wrapper.xsa
TRACE::2023-03-07.16:16:46::SCWPlatform::DSA absoulate path C:/Users/guanxian/Desktop/ac701-state/mb_preset_wrapper/hw/mb_preset_wrapper.xsa
TRACE::2023-03-07.16:16:46::SCWPlatform::DSA directory C:/Users/guanxian/Desktop/ac701-state/mb_preset_wrapper/hw
TRACE::2023-03-07.16:16:46::SCWPlatform:: Platform Path C:/Users/guanxian/Desktop/ac701-state/mb_preset_wrapper/hw/mb_preset_wrapper.xsa
TRACE::2023-03-07.16:16:46::SCWPlatform:: Unique name xilinx:ac701::0.0
TRACE::2023-03-07.16:16:46::SCWPlatform::Trying to set the existing hwdb with name mb_preset_wrapper_0
TRACE::2023-03-07.16:16:46::SCWPlatform::Opened existing hwdb mb_preset_wrapper_0
TRACE::2023-03-07.16:16:46::SCWPlatform::Found the Hw Db part of the input DSA
TRACE::2023-03-07.16:16:46::SCWMssOS::Checking the sw design at  C:/Users/guanxian/Desktop/ac701-state/mb_preset_wrapper/microblaze_0/freertos10_xilinx_microblaze_0/bsp/system.mss
TRACE::2023-03-07.16:16:46::SCWMssOS::DEBUG:  swdes dump  C:/Users/guanxian/Desktop/ac701-state/mb_preset_wrapper/microblaze_0/freertos10_xilinx_microblaze_0/bsp/system.mss|system||

TRACE::2023-03-07.16:16:46::SCWMssOS::Sw design exists and opened at  C:/Users/guanxian/Desktop/ac701-state/mb_preset_wrapper/microblaze_0/freertos10_xilinx_microblaze_0/bsp/system.mss
TRACE::2023-03-07.16:16:46::SCWPlatform::Trying to open the hw design at C:/Users/guanxian/Desktop/ac701-state/mb_preset_wrapper/hw/mb_preset_wrapper.xsa
TRACE::2023-03-07.16:16:46::SCWPlatform::DSA given C:/Users/guanxian/Desktop/ac701-state/mb_preset_wrapper/hw/mb_preset_wrapper.xsa
TRACE::2023-03-07.16:16:46::SCWPlatform::DSA absoulate path C:/Users/guanxian/Desktop/ac701-state/mb_preset_wrapper/hw/mb_preset_wrapper.xsa
TRACE::2023-03-07.16:16:46::SCWPlatform::DSA directory C:/Users/guanxian/Desktop/ac701-state/mb_preset_wrapper/hw
TRACE::2023-03-07.16:16:46::SCWPlatform:: Platform Path C:/Users/guanxian/Desktop/ac701-state/mb_preset_wrapper/hw/mb_preset_wrapper.xsa
TRACE::2023-03-07.16:16:46::SCWPlatform:: Unique name xilinx:ac701::0.0
TRACE::2023-03-07.16:16:46::SCWPlatform::Trying to set the existing hwdb with name mb_preset_wrapper_0
TRACE::2023-03-07.16:16:46::SCWPlatform::Opened existing hwdb mb_preset_wrapper_0
TRACE::2023-03-07.16:16:46::SCWPlatform::Found the Hw Db part of the input DSA
TRACE::2023-03-07.16:16:46::SCWMssOS::Checking the sw design at  C:/Users/guanxian/Desktop/ac701-state/mb_preset_wrapper/microblaze_0/freertos10_xilinx_microblaze_0/bsp/system.mss
TRACE::2023-03-07.16:16:46::SCWMssOS::DEBUG:  swdes dump  C:/Users/guanxian/Desktop/ac701-state/mb_preset_wrapper/microblaze_0/freertos10_xilinx_microblaze_0/bsp/system.mss|system||

TRACE::2023-03-07.16:16:46::SCWMssOS::Sw design exists and opened at  C:/Users/guanxian/Desktop/ac701-state/mb_preset_wrapper/microblaze_0/freertos10_xilinx_microblaze_0/bsp/system.mss
TRACE::2023-03-07.16:16:46::SCWWriter::formatted JSON is {
	"platformName":	"mb_preset_wrapper",
	"sprVersion":	"2.0",
	"mode":	"gui",
	"dsaType":	"Fixed",
	"platformDesc":	"mb_preset_wrapper",
	"platHandOff":	"<platformDir>.xsa",
	"platIntHandOff":	"<platformDir>/hw/mb_preset_wrapper.xsa",
	"deviceType":	"FPGA",
	"platIsPrebuiltAutogen":	"false",
	"platIsNoBootBsp":	"false",
	"hasFsblMakeHasChanges":	"false",
	"hasPmufwMakeHasChanges":	"false",
	"platPreBuiltFlag":	false,
	"platformSamplesDir":	"",
	"platActiveSys":	"mb_preset_wrapper",
	"systems":	[{
			"systemName":	"mb_preset_wrapper",
			"systemDesc":	"mb_preset_wrapper",
			"sysIsBootAutoGen":	"true",
			"systemDispName":	"mb_preset_wrapper",
			"sysActiveDom":	"freertos10_xilinx_microblaze_0",
			"sysDefaultDom":	"freertos10_xilinx_microblaze_0",
			"domains":	[{
					"domainName":	"freertos10_xilinx_microblaze_0",
					"domainDispName":	"freertos10_xilinx_microblaze_0",
					"domainDesc":	"freertos10_xilinx_microblaze_0",
					"processors":	"microblaze_0",
					"os":	"freertos10_xilinx",
					"sdxOs":	"freertos10_xilinx",
					"debugEnable":	"False",
					"domRuntimes":	["cpp"],
					"swRepo":	"",
					"mssOsVer":	"1.12",
					"mssFile":	"",
					"md5Digest":	"5287c2c0ac2b9eaa2942d4e658eba0d6",
					"compatibleApp":	"freertos_lwip_echo_server",
					"domType":	"mssDomain",
					"arch":	"32-bit",
					"appSettings":	{
						"appCompilerFlags":	"",
						"appLinkerFlags":	""
					},
					"addedLibs":	["lwip211:1.8"],
					"libOptions":	{
						"libsContainingOptions":	[]
					},
					"prebuiltLibs":	{
						"prebuiltIncPath":	[],
						"prebuiltLibPath":	[]
					},
					"isolation":	{
					}
				}]
		}]
}
KEYINFO::2023-03-07.16:16:46::SCWPlatform::updated the xpfm file.
TRACE::2023-03-07.16:16:47::SCWPlatform::Trying to open the hw design at C:/Users/guanxian/Desktop/ac701-state/mb_preset_wrapper/hw/mb_preset_wrapper.xsa
TRACE::2023-03-07.16:16:47::SCWPlatform::DSA given C:/Users/guanxian/Desktop/ac701-state/mb_preset_wrapper/hw/mb_preset_wrapper.xsa
TRACE::2023-03-07.16:16:47::SCWPlatform::DSA absoulate path C:/Users/guanxian/Desktop/ac701-state/mb_preset_wrapper/hw/mb_preset_wrapper.xsa
TRACE::2023-03-07.16:16:47::SCWPlatform::DSA directory C:/Users/guanxian/Desktop/ac701-state/mb_preset_wrapper/hw
TRACE::2023-03-07.16:16:47::SCWPlatform:: Platform Path C:/Users/guanxian/Desktop/ac701-state/mb_preset_wrapper/hw/mb_preset_wrapper.xsa
TRACE::2023-03-07.16:16:47::SCWPlatform:: Unique name xilinx:ac701::0.0
TRACE::2023-03-07.16:16:47::SCWPlatform::Trying to set the existing hwdb with name mb_preset_wrapper_0
TRACE::2023-03-07.16:16:47::SCWPlatform::Opened existing hwdb mb_preset_wrapper_0
TRACE::2023-03-07.16:16:47::SCWPlatform::Found the Hw Db part of the input DSA
TRACE::2023-03-07.16:16:47::SCWMssOS::Checking the sw design at  C:/Users/guanxian/Desktop/ac701-state/mb_preset_wrapper/microblaze_0/freertos10_xilinx_microblaze_0/bsp/system.mss
TRACE::2023-03-07.16:16:47::SCWMssOS::DEBUG:  swdes dump  C:/Users/guanxian/Desktop/ac701-state/mb_preset_wrapper/microblaze_0/freertos10_xilinx_microblaze_0/bsp/system.mss|system||

TRACE::2023-03-07.16:16:47::SCWMssOS::Sw design exists and opened at  C:/Users/guanxian/Desktop/ac701-state/mb_preset_wrapper/microblaze_0/freertos10_xilinx_microblaze_0/bsp/system.mss
