Copyright 1986-2022 Xilinx, Inc. All Rights Reserved.
-----------------------------------------------------------------------------------------------------------------------------------------------------------------------------------------
| Tool Version : Vivado v.2022.2 (win64) Build 3671981 Fri Oct 14 05:00:03 MDT 2022
| Date         : Tue Mar  7 13:25:04 2023
| Host         : XSH-GUANXIAN-L1 running 64-bit major release  (build 9200)
| Command      : report_methodology -file mb_preset_wrapper_methodology_drc_routed.rpt -pb mb_preset_wrapper_methodology_drc_routed.pb -rpx mb_preset_wrapper_methodology_drc_routed.rpx
| Design       : mb_preset_wrapper
| Device       : xc7a200tfbg676-2
| Speed File   : -2
| Design State : Fully Routed
-----------------------------------------------------------------------------------------------------------------------------------------------------------------------------------------

Report Methodology

Table of Contents
-----------------
1. REPORT SUMMARY
2. REPORT DETAILS

1. REPORT SUMMARY
-----------------
            Netlist: netlist
          Floorplan: checkpoint_mb_preset_wrapper
      Design limits: <entire design considered>
             Max violations: <unlimited>
             Violations found: 122
+-----------+----------+-------------------------------------------------------------------------------------------------------+------------+
| Rule      | Severity | Description                                                                                           | Violations |
+-----------+----------+-------------------------------------------------------------------------------------------------------+------------+
| LUTAR-1   | Warning  | LUT drives async reset alert                                                                          | 6          |
| PDRC-190  | Warning  | Suboptimally placed synchronized register chain                                                       | 38         |
| TIMING-9  | Warning  | Unknown CDC Logic                                                                                     | 1          |
| TIMING-18 | Warning  | Missing input or output delay                                                                         | 1          |
| TIMING-47 | Warning  | False path, asynchronous clock group or max delay datapath only constraint between synchronous clocks | 8          |
| XDCB-5    | Warning  | Runtime inefficient way to find pin objects                                                           | 1          |
| REQP-1959 | Advisory | connects_SERDES_RST_driver_not_FF                                                                     | 64         |
| RTGT-1    | Advisory | RAM retargeting possibility                                                                           | 3          |
+-----------+----------+-------------------------------------------------------------------------------------------------------+------------+

2. REPORT DETAILS
-----------------
LUTAR-1#1 Warning
LUT drives async reset alert  
LUT cell mb_preset_i/axi_ethernet_0/inst/eth_buf/U0/COMBINE_RESETS/RESET2PCSPMA_INST_0, with 2 or more inputs, drives asynchronous preset/clear pin(s) mb_preset_i/axi_ethernet_0/inst/eth_buf/U0/COMBINE_RESETS/AXI_RESET_TO_RXCLIENT/ClkB_reset_inst/async_rst0_reg/PRE,
mb_preset_i/axi_ethernet_0/inst/eth_buf/U0/COMBINE_RESETS/AXI_RESET_TO_RXCLIENT/ClkB_reset_inst/async_rst1_reg/PRE,
mb_preset_i/axi_ethernet_0/inst/eth_buf/U0/COMBINE_RESETS/AXI_RESET_TO_RXCLIENT/ClkB_reset_inst/async_rst2_reg/PRE,
mb_preset_i/axi_ethernet_0/inst/eth_buf/U0/COMBINE_RESETS/AXI_RESET_TO_RXCLIENT/ClkB_reset_inst/async_rst3_reg/PRE,
mb_preset_i/axi_ethernet_0/inst/eth_buf/U0/COMBINE_RESETS/AXI_RESET_TO_RXCLIENT/ClkB_reset_inst/async_rst4_reg/PRE,
mb_preset_i/axi_ethernet_0/inst/eth_buf/U0/COMBINE_RESETS/AXI_RESET_TO_TXCLIENT/ClkB_reset_inst/async_rst0_reg/PRE,
mb_preset_i/axi_ethernet_0/inst/eth_buf/U0/COMBINE_RESETS/AXI_RESET_TO_TXCLIENT/ClkB_reset_inst/async_rst1_reg/PRE,
mb_preset_i/axi_ethernet_0/inst/eth_buf/U0/COMBINE_RESETS/AXI_RESET_TO_TXCLIENT/ClkB_reset_inst/async_rst2_reg/PRE,
mb_preset_i/axi_ethernet_0/inst/eth_buf/U0/COMBINE_RESETS/AXI_RESET_TO_TXCLIENT/ClkB_reset_inst/async_rst3_reg/PRE
mb_preset_i/axi_ethernet_0/inst/eth_buf/U0/COMBINE_RESETS/AXI_RESET_TO_TXCLIENT/ClkB_reset_inst/async_rst4_reg/PRE. The LUT may glitch and trigger an unexpected reset, even if it is a properly timed path.
Related violations: <none>

LUTAR-1#2 Warning
LUT drives async reset alert  
LUT cell mb_preset_i/axi_ethernet_0/inst/eth_buf/U0/COMBINE_RESETS/RESET2TEMACn_INST_0, with 2 or more inputs, drives asynchronous preset/clear pin(s) mb_preset_i/axi_ethernet_0/inst/mac/inst/tri_mode_ethernet_mac_i/bd_b764_mac_0_core/sync_glbl_rstn_tx_clk/async_rst0_reg/CLR,
mb_preset_i/axi_ethernet_0/inst/mac/inst/tri_mode_ethernet_mac_i/bd_b764_mac_0_core/sync_glbl_rstn_tx_clk/async_rst1_reg/CLR,
mb_preset_i/axi_ethernet_0/inst/mac/inst/tri_mode_ethernet_mac_i/bd_b764_mac_0_core/sync_glbl_rstn_tx_clk/async_rst2_reg/CLR,
mb_preset_i/axi_ethernet_0/inst/mac/inst/tri_mode_ethernet_mac_i/bd_b764_mac_0_core/sync_glbl_rstn_tx_clk/async_rst3_reg/CLR,
mb_preset_i/axi_ethernet_0/inst/mac/inst/tri_mode_ethernet_mac_i/bd_b764_mac_0_core/sync_glbl_rstn_tx_clk/async_rst4_reg/CLR,
mb_preset_i/axi_ethernet_0/inst/mac/inst/tri_mode_ethernet_mac_i/bd_b764_mac_0_core/sync_stats_reset/async_rst0_reg/PRE,
mb_preset_i/axi_ethernet_0/inst/mac/inst/tri_mode_ethernet_mac_i/bd_b764_mac_0_core/sync_stats_reset/async_rst1_reg/PRE,
mb_preset_i/axi_ethernet_0/inst/mac/inst/tri_mode_ethernet_mac_i/bd_b764_mac_0_core/sync_stats_reset/async_rst2_reg/PRE,
mb_preset_i/axi_ethernet_0/inst/mac/inst/tri_mode_ethernet_mac_i/bd_b764_mac_0_core/sync_stats_reset/async_rst3_reg/PRE,
mb_preset_i/axi_ethernet_0/inst/mac/inst/tri_mode_ethernet_mac_i/bd_b764_mac_0_core/sync_stats_reset/async_rst4_reg/PRE,
mb_preset_i/axi_ethernet_0/inst/mac/inst/tri_mode_ethernet_mac_i/bd_b764_mac_0_core/sync_tx_axi_rstn_tx_clk/async_rst0_reg/CLR,
mb_preset_i/axi_ethernet_0/inst/mac/inst/tri_mode_ethernet_mac_i/bd_b764_mac_0_core/sync_tx_axi_rstn_tx_clk/async_rst1_reg/CLR,
mb_preset_i/axi_ethernet_0/inst/mac/inst/tri_mode_ethernet_mac_i/bd_b764_mac_0_core/sync_tx_axi_rstn_tx_clk/async_rst2_reg/CLR,
mb_preset_i/axi_ethernet_0/inst/mac/inst/tri_mode_ethernet_mac_i/bd_b764_mac_0_core/sync_tx_axi_rstn_tx_clk/async_rst3_reg/CLR,
mb_preset_i/axi_ethernet_0/inst/mac/inst/tri_mode_ethernet_mac_i/bd_b764_mac_0_core/sync_tx_axi_rstn_tx_clk/async_rst4_reg/CLR
 (the first 15 of 30 listed). The LUT may glitch and trigger an unexpected reset, even if it is a properly timed path.
Related violations: <none>

LUTAR-1#3 Warning
LUT drives async reset alert  
LUT cell mb_preset_i/axi_ethernet_0/inst/mac/inst/tri_mode_ethernet_mac_support_resets_i/gtx_mmcm_reset_gen_i_1, with 2 or more inputs, drives asynchronous preset/clear pin(s) mb_preset_i/axi_ethernet_0/inst/mac/inst/tri_mode_ethernet_mac_support_resets_i/gtx_mmcm_reset_gen/reset_sync0/PRE,
mb_preset_i/axi_ethernet_0/inst/mac/inst/tri_mode_ethernet_mac_support_resets_i/gtx_mmcm_reset_gen/reset_sync1/PRE,
mb_preset_i/axi_ethernet_0/inst/mac/inst/tri_mode_ethernet_mac_support_resets_i/gtx_mmcm_reset_gen/reset_sync2/PRE,
mb_preset_i/axi_ethernet_0/inst/mac/inst/tri_mode_ethernet_mac_support_resets_i/gtx_mmcm_reset_gen/reset_sync3/PRE
mb_preset_i/axi_ethernet_0/inst/mac/inst/tri_mode_ethernet_mac_support_resets_i/gtx_mmcm_reset_gen/reset_sync4/PRE. The LUT may glitch and trigger an unexpected reset, even if it is a properly timed path.
Related violations: <none>

LUTAR-1#4 Warning
LUT drives async reset alert  
LUT cell mb_preset_i/axi_ethernet_0/inst/mac/inst/tri_mode_ethernet_mac_support_resets_i/idelayctrl_reset_gen_i_1, with 2 or more inputs, drives asynchronous preset/clear pin(s) mb_preset_i/axi_ethernet_0/inst/mac/inst/tri_mode_ethernet_mac_support_resets_i/idelayctrl_reset_gen/reset_sync0/PRE,
mb_preset_i/axi_ethernet_0/inst/mac/inst/tri_mode_ethernet_mac_support_resets_i/idelayctrl_reset_gen/reset_sync1/PRE,
mb_preset_i/axi_ethernet_0/inst/mac/inst/tri_mode_ethernet_mac_support_resets_i/idelayctrl_reset_gen/reset_sync2/PRE,
mb_preset_i/axi_ethernet_0/inst/mac/inst/tri_mode_ethernet_mac_support_resets_i/idelayctrl_reset_gen/reset_sync3/PRE
mb_preset_i/axi_ethernet_0/inst/mac/inst/tri_mode_ethernet_mac_support_resets_i/idelayctrl_reset_gen/reset_sync4/PRE. The LUT may glitch and trigger an unexpected reset, even if it is a properly timed path.
Related violations: <none>

LUTAR-1#5 Warning
LUT drives async reset alert  
LUT cell mb_preset_i/mdm_1/U0/MDM_Core_I1/JTAG_CONTROL_I/sel_n_i_2, with 2 or more inputs, drives asynchronous preset/clear pin(s) mb_preset_i/mdm_1/U0/MDM_Core_I1/JTAG_CONTROL_I/sel_n_reg/PRE. The LUT may glitch and trigger an unexpected reset, even if it is a properly timed path.
Related violations: <none>

LUTAR-1#6 Warning
LUT drives async reset alert  
LUT cell mb_preset_i/mig_7series_0/u_mb_preset_mig_7series_0_0_mig/u_memc_ui_top_axi/mem_intfc0/ddr_phy_top0/u_ddr_mc_phy_wrapper/u_ddr_mc_phy/ref_dll_lock, with 2 or more inputs, drives asynchronous preset/clear pin(s) mb_preset_i/mig_7series_0/u_mb_preset_mig_7series_0_0_mig/u_ddr3_infrastructure/rstdiv0_sync_r1_reg_rep__7/PRE,
mb_preset_i/mig_7series_0/u_mb_preset_mig_7series_0_0_mig/u_ddr3_infrastructure/rstdiv0_sync_r1_reg_rep__8/PRE,
mb_preset_i/mig_7series_0/u_mb_preset_mig_7series_0_0_mig/u_ddr3_infrastructure/rstdiv0_sync_r1_reg_rep__9/PRE,
mb_preset_i/mig_7series_0/u_mb_preset_mig_7series_0_0_mig/u_ddr3_infrastructure/rstdiv0_sync_r_reg[0]/PRE,
mb_preset_i/mig_7series_0/u_mb_preset_mig_7series_0_0_mig/u_ddr3_infrastructure/rstdiv0_sync_r_reg[10]/PRE,
mb_preset_i/mig_7series_0/u_mb_preset_mig_7series_0_0_mig/u_ddr3_infrastructure/rstdiv0_sync_r_reg[11]/PRE,
mb_preset_i/mig_7series_0/u_mb_preset_mig_7series_0_0_mig/u_ddr3_infrastructure/rstdiv0_sync_r_reg[1]/PRE,
mb_preset_i/mig_7series_0/u_mb_preset_mig_7series_0_0_mig/u_ddr3_infrastructure/rstdiv0_sync_r_reg[2]/PRE,
mb_preset_i/mig_7series_0/u_mb_preset_mig_7series_0_0_mig/u_ddr3_infrastructure/rstdiv0_sync_r_reg[3]/PRE,
mb_preset_i/mig_7series_0/u_mb_preset_mig_7series_0_0_mig/u_ddr3_infrastructure/rstdiv0_sync_r_reg[4]/PRE,
mb_preset_i/mig_7series_0/u_mb_preset_mig_7series_0_0_mig/u_ddr3_infrastructure/rstdiv0_sync_r_reg[5]/PRE,
mb_preset_i/mig_7series_0/u_mb_preset_mig_7series_0_0_mig/u_ddr3_infrastructure/rstdiv0_sync_r_reg[6]/PRE,
mb_preset_i/mig_7series_0/u_mb_preset_mig_7series_0_0_mig/u_ddr3_infrastructure/rstdiv0_sync_r_reg[7]/PRE,
mb_preset_i/mig_7series_0/u_mb_preset_mig_7series_0_0_mig/u_ddr3_infrastructure/rstdiv0_sync_r_reg[8]/PRE,
mb_preset_i/mig_7series_0/u_mb_preset_mig_7series_0_0_mig/u_ddr3_infrastructure/rstdiv0_sync_r_reg[9]/PRE
 (the first 15 of 39 listed). The LUT may glitch and trigger an unexpected reset, even if it is a properly timed path.
Related violations: <none>

PDRC-190#1 Warning
Suboptimally placed synchronized register chain  
The FDRE cell dbg_hub/inst/BSCANID.u_xsdbm_id/CORE_XSDB.UUT_MASTER/U_ICON_INTERFACE/U_CMD2/stat_reg_reg[0] in site SLICE_X26Y63 is part of a synchronized register chain that is suboptimally placed as the load FDRE cell dbg_hub/inst/BSCANID.u_xsdbm_id/CORE_XSDB.UUT_MASTER/U_ICON_INTERFACE/U_CMD2/stat_reg_1_reg[0] is not placed in the same (SLICE) site.
Related violations: <none>

PDRC-190#2 Warning
Suboptimally placed synchronized register chain  
The FDRE cell dbg_hub/inst/BSCANID.u_xsdbm_id/CORE_XSDB.UUT_MASTER/U_ICON_INTERFACE/U_CMD2/stat_reg_reg[1] in site SLICE_X29Y63 is part of a synchronized register chain that is suboptimally placed as the load FDRE cell dbg_hub/inst/BSCANID.u_xsdbm_id/CORE_XSDB.UUT_MASTER/U_ICON_INTERFACE/U_CMD2/stat_reg_1_reg[1] is not placed in the same (SLICE) site.
Related violations: <none>

PDRC-190#3 Warning
Suboptimally placed synchronized register chain  
The FDRE cell dbg_hub/inst/BSCANID.u_xsdbm_id/CORE_XSDB.UUT_MASTER/U_ICON_INTERFACE/U_CMD2/stat_reg_reg[2] in site SLICE_X27Y63 is part of a synchronized register chain that is suboptimally placed as the load FDRE cell dbg_hub/inst/BSCANID.u_xsdbm_id/CORE_XSDB.UUT_MASTER/U_ICON_INTERFACE/U_CMD2/stat_reg_1_reg[2] is not placed in the same (SLICE) site.
Related violations: <none>

PDRC-190#4 Warning
Suboptimally placed synchronized register chain  
The FDRE cell dbg_hub/inst/BSCANID.u_xsdbm_id/CORE_XSDB.UUT_MASTER/U_ICON_INTERFACE/U_CMD2/stat_reg_reg[3] in site SLICE_X28Y63 is part of a synchronized register chain that is suboptimally placed as the load FDRE cell dbg_hub/inst/BSCANID.u_xsdbm_id/CORE_XSDB.UUT_MASTER/U_ICON_INTERFACE/U_CMD2/stat_reg_1_reg[3] is not placed in the same (SLICE) site.
Related violations: <none>

PDRC-190#5 Warning
Suboptimally placed synchronized register chain  
The FDRE cell dbg_hub/inst/BSCANID.u_xsdbm_id/CORE_XSDB.UUT_MASTER/U_ICON_INTERFACE/U_CMD3/stat_reg_reg[0] in site SLICE_X29Y65 is part of a synchronized register chain that is suboptimally placed as the load FDRE cell dbg_hub/inst/BSCANID.u_xsdbm_id/CORE_XSDB.UUT_MASTER/U_ICON_INTERFACE/U_CMD3/stat_reg_1_reg[0] is not placed in the same (SLICE) site.
Related violations: <none>

PDRC-190#6 Warning
Suboptimally placed synchronized register chain  
The FDRE cell dbg_hub/inst/BSCANID.u_xsdbm_id/CORE_XSDB.UUT_MASTER/U_ICON_INTERFACE/U_CMD3/stat_reg_reg[1] in site SLICE_X28Y66 is part of a synchronized register chain that is suboptimally placed as the load FDRE cell dbg_hub/inst/BSCANID.u_xsdbm_id/CORE_XSDB.UUT_MASTER/U_ICON_INTERFACE/U_CMD3/stat_reg_1_reg[1] is not placed in the same (SLICE) site.
Related violations: <none>

PDRC-190#7 Warning
Suboptimally placed synchronized register chain  
The FDRE cell dbg_hub/inst/BSCANID.u_xsdbm_id/CORE_XSDB.UUT_MASTER/U_ICON_INTERFACE/U_CMD3/stat_reg_reg[2] in site SLICE_X30Y65 is part of a synchronized register chain that is suboptimally placed as the load FDRE cell dbg_hub/inst/BSCANID.u_xsdbm_id/CORE_XSDB.UUT_MASTER/U_ICON_INTERFACE/U_CMD3/stat_reg_1_reg[2] is not placed in the same (SLICE) site.
Related violations: <none>

PDRC-190#8 Warning
Suboptimally placed synchronized register chain  
The FDRE cell dbg_hub/inst/BSCANID.u_xsdbm_id/CORE_XSDB.UUT_MASTER/U_ICON_INTERFACE/U_CMD3/stat_reg_reg[3] in site SLICE_X26Y65 is part of a synchronized register chain that is suboptimally placed as the load FDRE cell dbg_hub/inst/BSCANID.u_xsdbm_id/CORE_XSDB.UUT_MASTER/U_ICON_INTERFACE/U_CMD3/stat_reg_1_reg[3] is not placed in the same (SLICE) site.
Related violations: <none>

PDRC-190#9 Warning
Suboptimally placed synchronized register chain  
The FDRE cell dbg_hub/inst/BSCANID.u_xsdbm_id/CORE_XSDB.UUT_MASTER/U_ICON_INTERFACE/U_CMD3/stat_reg_reg[4] in site SLICE_X27Y66 is part of a synchronized register chain that is suboptimally placed as the load FDRE cell dbg_hub/inst/BSCANID.u_xsdbm_id/CORE_XSDB.UUT_MASTER/U_ICON_INTERFACE/U_CMD3/stat_reg_1_reg[4] is not placed in the same (SLICE) site.
Related violations: <none>

PDRC-190#10 Warning
Suboptimally placed synchronized register chain  
The FDRE cell dbg_hub/inst/BSCANID.u_xsdbm_id/CORE_XSDB.UUT_MASTER/U_ICON_INTERFACE/U_CMD7_STAT/stat_reg_reg[0] in site SLICE_X30Y69 is part of a synchronized register chain that is suboptimally placed as the load FDRE cell dbg_hub/inst/BSCANID.u_xsdbm_id/CORE_XSDB.UUT_MASTER/U_ICON_INTERFACE/U_CMD7_STAT/stat_reg_1_reg[0] is not placed in the same (SLICE) site.
Related violations: <none>

PDRC-190#11 Warning
Suboptimally placed synchronized register chain  
The FDRE cell dbg_hub/inst/BSCANID.u_xsdbm_id/CORE_XSDB.UUT_MASTER/U_ICON_INTERFACE/U_CMD7_STAT/stat_reg_reg[1] in site SLICE_X31Y67 is part of a synchronized register chain that is suboptimally placed as the load FDRE cell dbg_hub/inst/BSCANID.u_xsdbm_id/CORE_XSDB.UUT_MASTER/U_ICON_INTERFACE/U_CMD7_STAT/stat_reg_1_reg[1] is not placed in the same (SLICE) site.
Related violations: <none>

PDRC-190#12 Warning
Suboptimally placed synchronized register chain  
The FDRE cell dbg_hub/inst/BSCANID.u_xsdbm_id/CORE_XSDB.UUT_MASTER/U_ICON_INTERFACE/U_CMD7_STAT/stat_reg_reg[2] in site SLICE_X29Y67 is part of a synchronized register chain that is suboptimally placed as the load FDRE cell dbg_hub/inst/BSCANID.u_xsdbm_id/CORE_XSDB.UUT_MASTER/U_ICON_INTERFACE/U_CMD7_STAT/stat_reg_1_reg[2] is not placed in the same (SLICE) site.
Related violations: <none>

PDRC-190#13 Warning
Suboptimally placed synchronized register chain  
The FDRE cell mb_preset_i/axi_ethernet_0/inst/mac/inst/tri_mode_ethernet_mac_i/bd_b764_mac_0_core/man_reset.sync_bus2ip_reset_bus2ip_clk/sync_rst0_reg in site SLICE_X24Y97 is part of a synchronized register chain that is suboptimally placed as the load FDSE cell mb_preset_i/axi_ethernet_0/inst/mac/inst/tri_mode_ethernet_mac_i/bd_b764_mac_0_core/man_reset.sync_bus2ip_reset_bus2ip_clk/sync_rst1_reg is not placed in the same (SLICE) site.
Related violations: <none>

PDRC-190#14 Warning
Suboptimally placed synchronized register chain  
The FDRE cell mb_preset_i/axi_ethernet_0/inst/mac/inst/tri_mode_ethernet_mac_i/bd_b764_mac_0_core/man_reset.sync_glbl_rstn_bus2ip_clk/sync_rst0_reg in site SLICE_X31Y96 is part of a synchronized register chain that is suboptimally placed as the load FDRE cell mb_preset_i/axi_ethernet_0/inst/mac/inst/tri_mode_ethernet_mac_i/bd_b764_mac_0_core/man_reset.sync_glbl_rstn_bus2ip_clk/sync_rst1_reg is not placed in the same (SLICE) site.
Related violations: <none>

PDRC-190#15 Warning
Suboptimally placed synchronized register chain  
The FDRE cell mb_preset_i/axi_ethernet_0/inst/mac/inst/tri_mode_ethernet_mac_i/bd_b764_mac_0_core/stats_block.statistics_counters/rx_byte_counter/SYNC_STATS_RESET/sync_rst0_reg in site SLICE_X63Y84 is part of a synchronized register chain that is suboptimally placed as the load FDSE cell mb_preset_i/axi_ethernet_0/inst/mac/inst/tri_mode_ethernet_mac_i/bd_b764_mac_0_core/stats_block.statistics_counters/rx_byte_counter/SYNC_STATS_RESET/sync_rst1_reg is not placed in the same (SLICE) site.
Related violations: <none>

PDRC-190#16 Warning
Suboptimally placed synchronized register chain  
The FDRE cell mb_preset_i/axi_ethernet_0/inst/mac/inst/tri_mode_ethernet_mac_i/bd_b764_mac_0_core/stats_block.statistics_counters/rx_fragment_counter/SYNC_STATS_RESET/sync_rst0_reg in site SLICE_X65Y81 is part of a synchronized register chain that is suboptimally placed as the load FDSE cell mb_preset_i/axi_ethernet_0/inst/mac/inst/tri_mode_ethernet_mac_i/bd_b764_mac_0_core/stats_block.statistics_counters/rx_fragment_counter/SYNC_STATS_RESET/sync_rst1_reg is not placed in the same (SLICE) site.
Related violations: <none>

PDRC-190#17 Warning
Suboptimally placed synchronized register chain  
The FDRE cell mb_preset_i/axi_ethernet_0/inst/mac/inst/tri_mode_ethernet_mac_i/bd_b764_mac_0_core/stats_block.statistics_counters/rx_undersized_counter/SYNC_STATS_RESET/sync_rst0_reg in site SLICE_X68Y81 is part of a synchronized register chain that is suboptimally placed as the load FDSE cell mb_preset_i/axi_ethernet_0/inst/mac/inst/tri_mode_ethernet_mac_i/bd_b764_mac_0_core/stats_block.statistics_counters/rx_undersized_counter/SYNC_STATS_RESET/sync_rst1_reg is not placed in the same (SLICE) site.
Related violations: <none>

PDRC-190#18 Warning
Suboptimally placed synchronized register chain  
The FDRE cell mb_preset_i/axi_ethernet_0/inst/mac/inst/tri_mode_ethernet_mac_i/bd_b764_mac_0_core/stats_block.statistics_counters/tx_byte_counter/SYNC_STATS_RESET/sync_rst0_reg in site SLICE_X72Y87 is part of a synchronized register chain that is suboptimally placed as the load FDSE cell mb_preset_i/axi_ethernet_0/inst/mac/inst/tri_mode_ethernet_mac_i/bd_b764_mac_0_core/stats_block.statistics_counters/tx_byte_counter/SYNC_STATS_RESET/sync_rst1_reg is not placed in the same (SLICE) site.
Related violations: <none>

PDRC-190#19 Warning
Suboptimally placed synchronized register chain  
The FDRE cell mb_preset_i/axi_ethernet_0/inst/mac/inst/tri_mode_ethernet_mac_i/bd_b764_mac_0_core/sync_axi_rx_rstn_rx_clk/sync_rst0_reg in site SLICE_X49Y88 is part of a synchronized register chain that is suboptimally placed as the load FDRE cell mb_preset_i/axi_ethernet_0/inst/mac/inst/tri_mode_ethernet_mac_i/bd_b764_mac_0_core/sync_axi_rx_rstn_rx_clk/sync_rst1_reg is not placed in the same (SLICE) site.
Related violations: <none>

PDRC-190#20 Warning
Suboptimally placed synchronized register chain  
The FDRE cell mb_preset_i/axi_ethernet_0/inst/mac/inst/tri_mode_ethernet_mac_i/bd_b764_mac_0_core/sync_glbl_rstn_rx_clk/sync_rst0_reg in site SLICE_X51Y88 is part of a synchronized register chain that is suboptimally placed as the load FDRE cell mb_preset_i/axi_ethernet_0/inst/mac/inst/tri_mode_ethernet_mac_i/bd_b764_mac_0_core/sync_glbl_rstn_rx_clk/sync_rst1_reg is not placed in the same (SLICE) site.
Related violations: <none>

PDRC-190#21 Warning
Suboptimally placed synchronized register chain  
The FDRE cell mb_preset_i/axi_ethernet_0/inst/mac/inst/tri_mode_ethernet_mac_i/bd_b764_mac_0_core/sync_glbl_rstn_tx_clk/sync_rst0_reg in site SLICE_X28Y76 is part of a synchronized register chain that is suboptimally placed as the load FDRE cell mb_preset_i/axi_ethernet_0/inst/mac/inst/tri_mode_ethernet_mac_i/bd_b764_mac_0_core/sync_glbl_rstn_tx_clk/sync_rst1_reg is not placed in the same (SLICE) site.
Related violations: <none>

PDRC-190#22 Warning
Suboptimally placed synchronized register chain  
The FDRE cell mb_preset_i/axi_ethernet_0/inst/mac/inst/tri_mode_ethernet_mac_i/bd_b764_mac_0_core/sync_int_rx_rst_mgmt_rx_clk/sync_rst0_reg in site SLICE_X29Y87 is part of a synchronized register chain that is suboptimally placed as the load FDSE cell mb_preset_i/axi_ethernet_0/inst/mac/inst/tri_mode_ethernet_mac_i/bd_b764_mac_0_core/sync_int_rx_rst_mgmt_rx_clk/sync_rst1_reg is not placed in the same (SLICE) site.
Related violations: <none>

PDRC-190#23 Warning
Suboptimally placed synchronized register chain  
The FDRE cell mb_preset_i/axi_ethernet_0/inst/mac/inst/tri_mode_ethernet_mac_i/bd_b764_mac_0_core/sync_int_tx_rst_mgmt_tx_clk/sync_rst0_reg in site SLICE_X28Y87 is part of a synchronized register chain that is suboptimally placed as the load FDSE cell mb_preset_i/axi_ethernet_0/inst/mac/inst/tri_mode_ethernet_mac_i/bd_b764_mac_0_core/sync_int_tx_rst_mgmt_tx_clk/sync_rst1_reg is not placed in the same (SLICE) site.
Related violations: <none>

PDRC-190#24 Warning
Suboptimally placed synchronized register chain  
The FDRE cell mb_preset_i/axi_ethernet_0/inst/mac/inst/tri_mode_ethernet_mac_i/bd_b764_mac_0_core/sync_stats_reset/sync_rst0_reg in site SLICE_X38Y78 is part of a synchronized register chain that is suboptimally placed as the load FDSE cell mb_preset_i/axi_ethernet_0/inst/mac/inst/tri_mode_ethernet_mac_i/bd_b764_mac_0_core/sync_stats_reset/sync_rst1_reg is not placed in the same (SLICE) site.
Related violations: <none>

PDRC-190#25 Warning
Suboptimally placed synchronized register chain  
The FDRE cell mb_preset_i/axi_ethernet_0/inst/mac/inst/tri_mode_ethernet_mac_i/bd_b764_mac_0_core/sync_tx_axi_rstn_tx_clk/sync_rst0_reg in site SLICE_X29Y76 is part of a synchronized register chain that is suboptimally placed as the load FDRE cell mb_preset_i/axi_ethernet_0/inst/mac/inst/tri_mode_ethernet_mac_i/bd_b764_mac_0_core/sync_tx_axi_rstn_tx_clk/sync_rst1_reg is not placed in the same (SLICE) site.
Related violations: <none>

PDRC-190#26 Warning
Suboptimally placed synchronized register chain  
The FDRE cell mb_preset_i/axi_quad_spi_0/U0/NO_DUAL_QUAD_MODE.QSPI_NORMAL/QSPI_LEGACY_MD_GEN.QSPI_CORE_INTERFACE_I/FIFO_EXISTS.CLK_CROSS_I/LOGIC_GENERATION_CDC.RX_FIFO_RST_AX2S_1/GENERATE_LEVEL_P_S_CDC.SINGLE_BIT.CROSS_PLEVEL_IN2SCNDRY_IN_cdc_to in site SLICE_X41Y119 is part of a synchronized register chain that is suboptimally placed as the load FDRE cell mb_preset_i/axi_quad_spi_0/U0/NO_DUAL_QUAD_MODE.QSPI_NORMAL/QSPI_LEGACY_MD_GEN.QSPI_CORE_INTERFACE_I/FIFO_EXISTS.CLK_CROSS_I/LOGIC_GENERATION_CDC.RX_FIFO_RST_AX2S_1_CDC_1 is not placed in the same (SLICE) site.
Related violations: <none>

PDRC-190#27 Warning
Suboptimally placed synchronized register chain  
The FDRE cell mb_preset_i/mig_7series_0/u_mb_preset_mig_7series_0_0_mig/temp_mon_enabled.u_tempmon/device_temp_sync_r5_reg[0] in site SLICE_X78Y170 is part of a synchronized register chain that is suboptimally placed as the load FDRE cell mb_preset_i/mig_7series_0/u_mb_preset_mig_7series_0_0_mig/temp_mon_enabled.u_tempmon/device_temp_r_reg[0] is not placed in the same (SLICE) site.
Related violations: <none>

PDRC-190#28 Warning
Suboptimally placed synchronized register chain  
The FDRE cell mb_preset_i/mig_7series_0/u_mb_preset_mig_7series_0_0_mig/temp_mon_enabled.u_tempmon/device_temp_sync_r5_reg[10] in site SLICE_X79Y173 is part of a synchronized register chain that is suboptimally placed as the load FDRE cell mb_preset_i/mig_7series_0/u_mb_preset_mig_7series_0_0_mig/temp_mon_enabled.u_tempmon/device_temp_r_reg[10] is not placed in the same (SLICE) site.
Related violations: <none>

PDRC-190#29 Warning
Suboptimally placed synchronized register chain  
The FDRE cell mb_preset_i/mig_7series_0/u_mb_preset_mig_7series_0_0_mig/temp_mon_enabled.u_tempmon/device_temp_sync_r5_reg[11] in site SLICE_X80Y170 is part of a synchronized register chain that is suboptimally placed as the load FDRE cell mb_preset_i/mig_7series_0/u_mb_preset_mig_7series_0_0_mig/temp_mon_enabled.u_tempmon/device_temp_r_reg[11] is not placed in the same (SLICE) site.
Related violations: <none>

PDRC-190#30 Warning
Suboptimally placed synchronized register chain  
The FDRE cell mb_preset_i/mig_7series_0/u_mb_preset_mig_7series_0_0_mig/temp_mon_enabled.u_tempmon/device_temp_sync_r5_reg[1] in site SLICE_X79Y170 is part of a synchronized register chain that is suboptimally placed as the load FDRE cell mb_preset_i/mig_7series_0/u_mb_preset_mig_7series_0_0_mig/temp_mon_enabled.u_tempmon/device_temp_r_reg[1] is not placed in the same (SLICE) site.
Related violations: <none>

PDRC-190#31 Warning
Suboptimally placed synchronized register chain  
The FDRE cell mb_preset_i/mig_7series_0/u_mb_preset_mig_7series_0_0_mig/temp_mon_enabled.u_tempmon/device_temp_sync_r5_reg[2] in site SLICE_X81Y173 is part of a synchronized register chain that is suboptimally placed as the load FDRE cell mb_preset_i/mig_7series_0/u_mb_preset_mig_7series_0_0_mig/temp_mon_enabled.u_tempmon/device_temp_r_reg[2] is not placed in the same (SLICE) site.
Related violations: <none>

PDRC-190#32 Warning
Suboptimally placed synchronized register chain  
The FDRE cell mb_preset_i/mig_7series_0/u_mb_preset_mig_7series_0_0_mig/temp_mon_enabled.u_tempmon/device_temp_sync_r5_reg[3] in site SLICE_X81Y171 is part of a synchronized register chain that is suboptimally placed as the load FDRE cell mb_preset_i/mig_7series_0/u_mb_preset_mig_7series_0_0_mig/temp_mon_enabled.u_tempmon/device_temp_r_reg[3] is not placed in the same (SLICE) site.
Related violations: <none>

PDRC-190#33 Warning
Suboptimally placed synchronized register chain  
The FDRE cell mb_preset_i/mig_7series_0/u_mb_preset_mig_7series_0_0_mig/temp_mon_enabled.u_tempmon/device_temp_sync_r5_reg[4] in site SLICE_X78Y172 is part of a synchronized register chain that is suboptimally placed as the load FDRE cell mb_preset_i/mig_7series_0/u_mb_preset_mig_7series_0_0_mig/temp_mon_enabled.u_tempmon/device_temp_r_reg[4] is not placed in the same (SLICE) site.
Related violations: <none>

PDRC-190#34 Warning
Suboptimally placed synchronized register chain  
The FDRE cell mb_preset_i/mig_7series_0/u_mb_preset_mig_7series_0_0_mig/temp_mon_enabled.u_tempmon/device_temp_sync_r5_reg[5] in site SLICE_X80Y172 is part of a synchronized register chain that is suboptimally placed as the load FDRE cell mb_preset_i/mig_7series_0/u_mb_preset_mig_7series_0_0_mig/temp_mon_enabled.u_tempmon/device_temp_r_reg[5] is not placed in the same (SLICE) site.
Related violations: <none>

PDRC-190#35 Warning
Suboptimally placed synchronized register chain  
The FDRE cell mb_preset_i/mig_7series_0/u_mb_preset_mig_7series_0_0_mig/temp_mon_enabled.u_tempmon/device_temp_sync_r5_reg[6] in site SLICE_X80Y174 is part of a synchronized register chain that is suboptimally placed as the load FDRE cell mb_preset_i/mig_7series_0/u_mb_preset_mig_7series_0_0_mig/temp_mon_enabled.u_tempmon/device_temp_r_reg[6] is not placed in the same (SLICE) site.
Related violations: <none>

PDRC-190#36 Warning
Suboptimally placed synchronized register chain  
The FDRE cell mb_preset_i/mig_7series_0/u_mb_preset_mig_7series_0_0_mig/temp_mon_enabled.u_tempmon/device_temp_sync_r5_reg[7] in site SLICE_X77Y172 is part of a synchronized register chain that is suboptimally placed as the load FDRE cell mb_preset_i/mig_7series_0/u_mb_preset_mig_7series_0_0_mig/temp_mon_enabled.u_tempmon/device_temp_r_reg[7] is not placed in the same (SLICE) site.
Related violations: <none>

PDRC-190#37 Warning
Suboptimally placed synchronized register chain  
The FDRE cell mb_preset_i/mig_7series_0/u_mb_preset_mig_7series_0_0_mig/temp_mon_enabled.u_tempmon/device_temp_sync_r5_reg[8] in site SLICE_X79Y175 is part of a synchronized register chain that is suboptimally placed as the load FDRE cell mb_preset_i/mig_7series_0/u_mb_preset_mig_7series_0_0_mig/temp_mon_enabled.u_tempmon/device_temp_r_reg[8] is not placed in the same (SLICE) site.
Related violations: <none>

PDRC-190#38 Warning
Suboptimally placed synchronized register chain  
The FDRE cell mb_preset_i/mig_7series_0/u_mb_preset_mig_7series_0_0_mig/temp_mon_enabled.u_tempmon/device_temp_sync_r5_reg[9] in site SLICE_X78Y174 is part of a synchronized register chain that is suboptimally placed as the load FDRE cell mb_preset_i/mig_7series_0/u_mb_preset_mig_7series_0_0_mig/temp_mon_enabled.u_tempmon/device_temp_r_reg[9] is not placed in the same (SLICE) site.
Related violations: <none>

TIMING-9#1 Warning
Unknown CDC Logic  
One or more asynchronous Clock Domain Crossing has been detected between 2 clock domains through a set_false_path or a set_clock_groups or set_max_delay -datapath_only constraint but no double-registers logic synchronizer has been found on the side of the capture clock. It is recommended to run report_cdc for a complete and detailed CDC coverage. Please consider using XPM_CDC to avoid Critical severities
Related violations: <none>

TIMING-18#1 Warning
Missing input or output delay  
An input delay is missing on reset relative to clock(s) sys_diff_clock_clk_p
Related violations: <none>

TIMING-47#1 Warning
False path, asynchronous clock group or max delay datapath only constraint between synchronous clocks  
A False Path timing constraint is set between synchronous clocks clkout0 and mb_preset_i/axi_ethernet_0/inst/mac/inst_rgmii_tx_clk (see constraint position 155 in the Timing Constraint window in Vivado IDE). Masking entire synchronous clock domains via  set_false_path, set_clock_groups or set_max_delay -datapath_only may result in failure in hardware.
Related violations: <none>

TIMING-47#2 Warning
False path, asynchronous clock group or max delay datapath only constraint between synchronous clocks  
A False Path timing constraint is set between synchronous clocks clkout0 and mb_preset_i/axi_ethernet_0/inst/mac/inst_rgmii_tx_clk (see constraint position 156 in the Timing Constraint window in Vivado IDE). Masking entire synchronous clock domains via  set_false_path, set_clock_groups or set_max_delay -datapath_only may result in failure in hardware.
Related violations: <none>

TIMING-47#3 Warning
False path, asynchronous clock group or max delay datapath only constraint between synchronous clocks  
A False Path timing constraint is set between synchronous clocks clkout0 and mb_preset_i/axi_ethernet_0/inst/mac/inst_rgmii_tx_clk (see constraint position 157 in the Timing Constraint window in Vivado IDE). Masking entire synchronous clock domains via  set_false_path, set_clock_groups or set_max_delay -datapath_only may result in failure in hardware.
Related violations: <none>

TIMING-47#4 Warning
False path, asynchronous clock group or max delay datapath only constraint between synchronous clocks  
A False Path timing constraint is set between synchronous clocks clkout0 and mb_preset_i/axi_ethernet_0/inst/mac/inst_rgmii_tx_clk (see constraint position 158 in the Timing Constraint window in Vivado IDE). Masking entire synchronous clock domains via  set_false_path, set_clock_groups or set_max_delay -datapath_only may result in failure in hardware.
Related violations: <none>

TIMING-47#5 Warning
False path, asynchronous clock group or max delay datapath only constraint between synchronous clocks  
A False Path timing constraint is set between synchronous clocks mb_preset_i/axi_ethernet_0/inst/mac/inst_rgmii_rx_clk and rgmii_rxc (see constraint position 148 in the Timing Constraint window in Vivado IDE). Masking entire synchronous clock domains via  set_false_path, set_clock_groups or set_max_delay -datapath_only may result in failure in hardware.
Related violations: <none>

TIMING-47#6 Warning
False path, asynchronous clock group or max delay datapath only constraint between synchronous clocks  
A False Path timing constraint is set between synchronous clocks mb_preset_i/axi_ethernet_0/inst/mac/inst_rgmii_rx_clk and rgmii_rxc (see constraint position 149 in the Timing Constraint window in Vivado IDE). Masking entire synchronous clock domains via  set_false_path, set_clock_groups or set_max_delay -datapath_only may result in failure in hardware.
Related violations: <none>

TIMING-47#7 Warning
False path, asynchronous clock group or max delay datapath only constraint between synchronous clocks  
A False Path timing constraint is set between synchronous clocks mb_preset_i/axi_ethernet_0/inst/mac/inst_rgmii_rx_clk and rgmii_rxc (see constraint position 150 in the Timing Constraint window in Vivado IDE). Masking entire synchronous clock domains via  set_false_path, set_clock_groups or set_max_delay -datapath_only may result in failure in hardware.
Related violations: <none>

TIMING-47#8 Warning
False path, asynchronous clock group or max delay datapath only constraint between synchronous clocks  
A False Path timing constraint is set between synchronous clocks mb_preset_i/axi_ethernet_0/inst/mac/inst_rgmii_rx_clk and rgmii_rxc (see constraint position 151 in the Timing Constraint window in Vivado IDE). Masking entire synchronous clock domains via  set_false_path, set_clock_groups or set_max_delay -datapath_only may result in failure in hardware.
Related violations: <none>

XDCB-5#1 Warning
Runtime inefficient way to find pin objects  
The option '-to : [get_pins -hier -include_replicated_objects -filter {NAME =~ *temp_mon_enabled.u_tempmon/device_temp_sync_r1_reg[*]/D}]' of constraint 'set_max_delay' uses inefficient query to find pin objects (see constraint position '13' in the Timing Constraint window in Vivado IDE). To reduce runtime, it is recommended to get the pins through the cell objects. Please refer to Using Constraints Guide (Constraints Efficiency). An example of optimal query is: get_pins -filter {REF_PIN_NAME=~yy*} -of_objects [get_cells -hierarchical xx*].
Current XDC: C:/Users/guanxian/Desktop/xilinx-ac701-2022.2/xilinx-ac701-2022.2.gen/sources_1/bd/mb_preset/ip/mb_preset_mig_7series_0_0/mb_preset_mig_7series_0_0/user_design/constraints/mb_preset_mig_7series_0_0.xdc (Line: 788)
Related violations: <none>

REQP-1959#1 Advisory
connects_SERDES_RST_driver_not_FF  
mb_preset_i/mig_7series_0/u_mb_preset_mig_7series_0_0_mig/u_memc_ui_top_axi/mem_intfc0/ddr_phy_top0/u_ddr_mc_phy_wrapper/u_ddr_mc_phy/ddr_phy_4lanes_0.u_ddr_phy_4lanes/ddr_byte_lane_A.ddr_byte_lane_A/ddr_byte_group_io/input_[1].iserdes_dq_.iserdesdq: The RST pin should only be driven by a Flip-flop.
Related violations: <none>

REQP-1959#2 Advisory
connects_SERDES_RST_driver_not_FF  
mb_preset_i/mig_7series_0/u_mb_preset_mig_7series_0_0_mig/u_memc_ui_top_axi/mem_intfc0/ddr_phy_top0/u_ddr_mc_phy_wrapper/u_ddr_mc_phy/ddr_phy_4lanes_0.u_ddr_phy_4lanes/ddr_byte_lane_A.ddr_byte_lane_A/ddr_byte_group_io/input_[2].iserdes_dq_.iserdesdq: The RST pin should only be driven by a Flip-flop.
Related violations: <none>

REQP-1959#3 Advisory
connects_SERDES_RST_driver_not_FF  
mb_preset_i/mig_7series_0/u_mb_preset_mig_7series_0_0_mig/u_memc_ui_top_axi/mem_intfc0/ddr_phy_top0/u_ddr_mc_phy_wrapper/u_ddr_mc_phy/ddr_phy_4lanes_0.u_ddr_phy_4lanes/ddr_byte_lane_A.ddr_byte_lane_A/ddr_byte_group_io/input_[3].iserdes_dq_.iserdesdq: The RST pin should only be driven by a Flip-flop.
Related violations: <none>

REQP-1959#4 Advisory
connects_SERDES_RST_driver_not_FF  
mb_preset_i/mig_7series_0/u_mb_preset_mig_7series_0_0_mig/u_memc_ui_top_axi/mem_intfc0/ddr_phy_top0/u_ddr_mc_phy_wrapper/u_ddr_mc_phy/ddr_phy_4lanes_0.u_ddr_phy_4lanes/ddr_byte_lane_A.ddr_byte_lane_A/ddr_byte_group_io/input_[4].iserdes_dq_.iserdesdq: The RST pin should only be driven by a Flip-flop.
Related violations: <none>

REQP-1959#5 Advisory
connects_SERDES_RST_driver_not_FF  
mb_preset_i/mig_7series_0/u_mb_preset_mig_7series_0_0_mig/u_memc_ui_top_axi/mem_intfc0/ddr_phy_top0/u_ddr_mc_phy_wrapper/u_ddr_mc_phy/ddr_phy_4lanes_0.u_ddr_phy_4lanes/ddr_byte_lane_A.ddr_byte_lane_A/ddr_byte_group_io/input_[5].iserdes_dq_.iserdesdq: The RST pin should only be driven by a Flip-flop.
Related violations: <none>

REQP-1959#6 Advisory
connects_SERDES_RST_driver_not_FF  
mb_preset_i/mig_7series_0/u_mb_preset_mig_7series_0_0_mig/u_memc_ui_top_axi/mem_intfc0/ddr_phy_top0/u_ddr_mc_phy_wrapper/u_ddr_mc_phy/ddr_phy_4lanes_0.u_ddr_phy_4lanes/ddr_byte_lane_A.ddr_byte_lane_A/ddr_byte_group_io/input_[6].iserdes_dq_.iserdesdq: The RST pin should only be driven by a Flip-flop.
Related violations: <none>

REQP-1959#7 Advisory
connects_SERDES_RST_driver_not_FF  
mb_preset_i/mig_7series_0/u_mb_preset_mig_7series_0_0_mig/u_memc_ui_top_axi/mem_intfc0/ddr_phy_top0/u_ddr_mc_phy_wrapper/u_ddr_mc_phy/ddr_phy_4lanes_0.u_ddr_phy_4lanes/ddr_byte_lane_A.ddr_byte_lane_A/ddr_byte_group_io/input_[7].iserdes_dq_.iserdesdq: The RST pin should only be driven by a Flip-flop.
Related violations: <none>

REQP-1959#8 Advisory
connects_SERDES_RST_driver_not_FF  
mb_preset_i/mig_7series_0/u_mb_preset_mig_7series_0_0_mig/u_memc_ui_top_axi/mem_intfc0/ddr_phy_top0/u_ddr_mc_phy_wrapper/u_ddr_mc_phy/ddr_phy_4lanes_0.u_ddr_phy_4lanes/ddr_byte_lane_A.ddr_byte_lane_A/ddr_byte_group_io/input_[9].iserdes_dq_.iserdesdq: The RST pin should only be driven by a Flip-flop.
Related violations: <none>

REQP-1959#9 Advisory
connects_SERDES_RST_driver_not_FF  
mb_preset_i/mig_7series_0/u_mb_preset_mig_7series_0_0_mig/u_memc_ui_top_axi/mem_intfc0/ddr_phy_top0/u_ddr_mc_phy_wrapper/u_ddr_mc_phy/ddr_phy_4lanes_0.u_ddr_phy_4lanes/ddr_byte_lane_B.ddr_byte_lane_B/ddr_byte_group_io/input_[2].iserdes_dq_.iserdesdq: The RST pin should only be driven by a Flip-flop.
Related violations: <none>

REQP-1959#10 Advisory
connects_SERDES_RST_driver_not_FF  
mb_preset_i/mig_7series_0/u_mb_preset_mig_7series_0_0_mig/u_memc_ui_top_axi/mem_intfc0/ddr_phy_top0/u_ddr_mc_phy_wrapper/u_ddr_mc_phy/ddr_phy_4lanes_0.u_ddr_phy_4lanes/ddr_byte_lane_B.ddr_byte_lane_B/ddr_byte_group_io/input_[3].iserdes_dq_.iserdesdq: The RST pin should only be driven by a Flip-flop.
Related violations: <none>

REQP-1959#11 Advisory
connects_SERDES_RST_driver_not_FF  
mb_preset_i/mig_7series_0/u_mb_preset_mig_7series_0_0_mig/u_memc_ui_top_axi/mem_intfc0/ddr_phy_top0/u_ddr_mc_phy_wrapper/u_ddr_mc_phy/ddr_phy_4lanes_0.u_ddr_phy_4lanes/ddr_byte_lane_B.ddr_byte_lane_B/ddr_byte_group_io/input_[4].iserdes_dq_.iserdesdq: The RST pin should only be driven by a Flip-flop.
Related violations: <none>

REQP-1959#12 Advisory
connects_SERDES_RST_driver_not_FF  
mb_preset_i/mig_7series_0/u_mb_preset_mig_7series_0_0_mig/u_memc_ui_top_axi/mem_intfc0/ddr_phy_top0/u_ddr_mc_phy_wrapper/u_ddr_mc_phy/ddr_phy_4lanes_0.u_ddr_phy_4lanes/ddr_byte_lane_B.ddr_byte_lane_B/ddr_byte_group_io/input_[5].iserdes_dq_.iserdesdq: The RST pin should only be driven by a Flip-flop.
Related violations: <none>

REQP-1959#13 Advisory
connects_SERDES_RST_driver_not_FF  
mb_preset_i/mig_7series_0/u_mb_preset_mig_7series_0_0_mig/u_memc_ui_top_axi/mem_intfc0/ddr_phy_top0/u_ddr_mc_phy_wrapper/u_ddr_mc_phy/ddr_phy_4lanes_0.u_ddr_phy_4lanes/ddr_byte_lane_B.ddr_byte_lane_B/ddr_byte_group_io/input_[6].iserdes_dq_.iserdesdq: The RST pin should only be driven by a Flip-flop.
Related violations: <none>

REQP-1959#14 Advisory
connects_SERDES_RST_driver_not_FF  
mb_preset_i/mig_7series_0/u_mb_preset_mig_7series_0_0_mig/u_memc_ui_top_axi/mem_intfc0/ddr_phy_top0/u_ddr_mc_phy_wrapper/u_ddr_mc_phy/ddr_phy_4lanes_0.u_ddr_phy_4lanes/ddr_byte_lane_B.ddr_byte_lane_B/ddr_byte_group_io/input_[7].iserdes_dq_.iserdesdq: The RST pin should only be driven by a Flip-flop.
Related violations: <none>

REQP-1959#15 Advisory
connects_SERDES_RST_driver_not_FF  
mb_preset_i/mig_7series_0/u_mb_preset_mig_7series_0_0_mig/u_memc_ui_top_axi/mem_intfc0/ddr_phy_top0/u_ddr_mc_phy_wrapper/u_ddr_mc_phy/ddr_phy_4lanes_0.u_ddr_phy_4lanes/ddr_byte_lane_B.ddr_byte_lane_B/ddr_byte_group_io/input_[8].iserdes_dq_.iserdesdq: The RST pin should only be driven by a Flip-flop.
Related violations: <none>

REQP-1959#16 Advisory
connects_SERDES_RST_driver_not_FF  
mb_preset_i/mig_7series_0/u_mb_preset_mig_7series_0_0_mig/u_memc_ui_top_axi/mem_intfc0/ddr_phy_top0/u_ddr_mc_phy_wrapper/u_ddr_mc_phy/ddr_phy_4lanes_0.u_ddr_phy_4lanes/ddr_byte_lane_B.ddr_byte_lane_B/ddr_byte_group_io/input_[9].iserdes_dq_.iserdesdq: The RST pin should only be driven by a Flip-flop.
Related violations: <none>

REQP-1959#17 Advisory
connects_SERDES_RST_driver_not_FF  
mb_preset_i/mig_7series_0/u_mb_preset_mig_7series_0_0_mig/u_memc_ui_top_axi/mem_intfc0/ddr_phy_top0/u_ddr_mc_phy_wrapper/u_ddr_mc_phy/ddr_phy_4lanes_0.u_ddr_phy_4lanes/ddr_byte_lane_C.ddr_byte_lane_C/ddr_byte_group_io/input_[2].iserdes_dq_.iserdesdq: The RST pin should only be driven by a Flip-flop.
Related violations: <none>

REQP-1959#18 Advisory
connects_SERDES_RST_driver_not_FF  
mb_preset_i/mig_7series_0/u_mb_preset_mig_7series_0_0_mig/u_memc_ui_top_axi/mem_intfc0/ddr_phy_top0/u_ddr_mc_phy_wrapper/u_ddr_mc_phy/ddr_phy_4lanes_0.u_ddr_phy_4lanes/ddr_byte_lane_C.ddr_byte_lane_C/ddr_byte_group_io/input_[3].iserdes_dq_.iserdesdq: The RST pin should only be driven by a Flip-flop.
Related violations: <none>

REQP-1959#19 Advisory
connects_SERDES_RST_driver_not_FF  
mb_preset_i/mig_7series_0/u_mb_preset_mig_7series_0_0_mig/u_memc_ui_top_axi/mem_intfc0/ddr_phy_top0/u_ddr_mc_phy_wrapper/u_ddr_mc_phy/ddr_phy_4lanes_0.u_ddr_phy_4lanes/ddr_byte_lane_C.ddr_byte_lane_C/ddr_byte_group_io/input_[4].iserdes_dq_.iserdesdq: The RST pin should only be driven by a Flip-flop.
Related violations: <none>

REQP-1959#20 Advisory
connects_SERDES_RST_driver_not_FF  
mb_preset_i/mig_7series_0/u_mb_preset_mig_7series_0_0_mig/u_memc_ui_top_axi/mem_intfc0/ddr_phy_top0/u_ddr_mc_phy_wrapper/u_ddr_mc_phy/ddr_phy_4lanes_0.u_ddr_phy_4lanes/ddr_byte_lane_C.ddr_byte_lane_C/ddr_byte_group_io/input_[5].iserdes_dq_.iserdesdq: The RST pin should only be driven by a Flip-flop.
Related violations: <none>

REQP-1959#21 Advisory
connects_SERDES_RST_driver_not_FF  
mb_preset_i/mig_7series_0/u_mb_preset_mig_7series_0_0_mig/u_memc_ui_top_axi/mem_intfc0/ddr_phy_top0/u_ddr_mc_phy_wrapper/u_ddr_mc_phy/ddr_phy_4lanes_0.u_ddr_phy_4lanes/ddr_byte_lane_C.ddr_byte_lane_C/ddr_byte_group_io/input_[6].iserdes_dq_.iserdesdq: The RST pin should only be driven by a Flip-flop.
Related violations: <none>

REQP-1959#22 Advisory
connects_SERDES_RST_driver_not_FF  
mb_preset_i/mig_7series_0/u_mb_preset_mig_7series_0_0_mig/u_memc_ui_top_axi/mem_intfc0/ddr_phy_top0/u_ddr_mc_phy_wrapper/u_ddr_mc_phy/ddr_phy_4lanes_0.u_ddr_phy_4lanes/ddr_byte_lane_C.ddr_byte_lane_C/ddr_byte_group_io/input_[7].iserdes_dq_.iserdesdq: The RST pin should only be driven by a Flip-flop.
Related violations: <none>

REQP-1959#23 Advisory
connects_SERDES_RST_driver_not_FF  
mb_preset_i/mig_7series_0/u_mb_preset_mig_7series_0_0_mig/u_memc_ui_top_axi/mem_intfc0/ddr_phy_top0/u_ddr_mc_phy_wrapper/u_ddr_mc_phy/ddr_phy_4lanes_0.u_ddr_phy_4lanes/ddr_byte_lane_C.ddr_byte_lane_C/ddr_byte_group_io/input_[8].iserdes_dq_.iserdesdq: The RST pin should only be driven by a Flip-flop.
Related violations: <none>

REQP-1959#24 Advisory
connects_SERDES_RST_driver_not_FF  
mb_preset_i/mig_7series_0/u_mb_preset_mig_7series_0_0_mig/u_memc_ui_top_axi/mem_intfc0/ddr_phy_top0/u_ddr_mc_phy_wrapper/u_ddr_mc_phy/ddr_phy_4lanes_0.u_ddr_phy_4lanes/ddr_byte_lane_C.ddr_byte_lane_C/ddr_byte_group_io/input_[9].iserdes_dq_.iserdesdq: The RST pin should only be driven by a Flip-flop.
Related violations: <none>

REQP-1959#25 Advisory
connects_SERDES_RST_driver_not_FF  
mb_preset_i/mig_7series_0/u_mb_preset_mig_7series_0_0_mig/u_memc_ui_top_axi/mem_intfc0/ddr_phy_top0/u_ddr_mc_phy_wrapper/u_ddr_mc_phy/ddr_phy_4lanes_0.u_ddr_phy_4lanes/ddr_byte_lane_D.ddr_byte_lane_D/ddr_byte_group_io/input_[2].iserdes_dq_.iserdesdq: The RST pin should only be driven by a Flip-flop.
Related violations: <none>

REQP-1959#26 Advisory
connects_SERDES_RST_driver_not_FF  
mb_preset_i/mig_7series_0/u_mb_preset_mig_7series_0_0_mig/u_memc_ui_top_axi/mem_intfc0/ddr_phy_top0/u_ddr_mc_phy_wrapper/u_ddr_mc_phy/ddr_phy_4lanes_0.u_ddr_phy_4lanes/ddr_byte_lane_D.ddr_byte_lane_D/ddr_byte_group_io/input_[3].iserdes_dq_.iserdesdq: The RST pin should only be driven by a Flip-flop.
Related violations: <none>

REQP-1959#27 Advisory
connects_SERDES_RST_driver_not_FF  
mb_preset_i/mig_7series_0/u_mb_preset_mig_7series_0_0_mig/u_memc_ui_top_axi/mem_intfc0/ddr_phy_top0/u_ddr_mc_phy_wrapper/u_ddr_mc_phy/ddr_phy_4lanes_0.u_ddr_phy_4lanes/ddr_byte_lane_D.ddr_byte_lane_D/ddr_byte_group_io/input_[4].iserdes_dq_.iserdesdq: The RST pin should only be driven by a Flip-flop.
Related violations: <none>

REQP-1959#28 Advisory
connects_SERDES_RST_driver_not_FF  
mb_preset_i/mig_7series_0/u_mb_preset_mig_7series_0_0_mig/u_memc_ui_top_axi/mem_intfc0/ddr_phy_top0/u_ddr_mc_phy_wrapper/u_ddr_mc_phy/ddr_phy_4lanes_0.u_ddr_phy_4lanes/ddr_byte_lane_D.ddr_byte_lane_D/ddr_byte_group_io/input_[5].iserdes_dq_.iserdesdq: The RST pin should only be driven by a Flip-flop.
Related violations: <none>

REQP-1959#29 Advisory
connects_SERDES_RST_driver_not_FF  
mb_preset_i/mig_7series_0/u_mb_preset_mig_7series_0_0_mig/u_memc_ui_top_axi/mem_intfc0/ddr_phy_top0/u_ddr_mc_phy_wrapper/u_ddr_mc_phy/ddr_phy_4lanes_0.u_ddr_phy_4lanes/ddr_byte_lane_D.ddr_byte_lane_D/ddr_byte_group_io/input_[6].iserdes_dq_.iserdesdq: The RST pin should only be driven by a Flip-flop.
Related violations: <none>

REQP-1959#30 Advisory
connects_SERDES_RST_driver_not_FF  
mb_preset_i/mig_7series_0/u_mb_preset_mig_7series_0_0_mig/u_memc_ui_top_axi/mem_intfc0/ddr_phy_top0/u_ddr_mc_phy_wrapper/u_ddr_mc_phy/ddr_phy_4lanes_0.u_ddr_phy_4lanes/ddr_byte_lane_D.ddr_byte_lane_D/ddr_byte_group_io/input_[7].iserdes_dq_.iserdesdq: The RST pin should only be driven by a Flip-flop.
Related violations: <none>

REQP-1959#31 Advisory
connects_SERDES_RST_driver_not_FF  
mb_preset_i/mig_7series_0/u_mb_preset_mig_7series_0_0_mig/u_memc_ui_top_axi/mem_intfc0/ddr_phy_top0/u_ddr_mc_phy_wrapper/u_ddr_mc_phy/ddr_phy_4lanes_0.u_ddr_phy_4lanes/ddr_byte_lane_D.ddr_byte_lane_D/ddr_byte_group_io/input_[8].iserdes_dq_.iserdesdq: The RST pin should only be driven by a Flip-flop.
Related violations: <none>

REQP-1959#32 Advisory
connects_SERDES_RST_driver_not_FF  
mb_preset_i/mig_7series_0/u_mb_preset_mig_7series_0_0_mig/u_memc_ui_top_axi/mem_intfc0/ddr_phy_top0/u_ddr_mc_phy_wrapper/u_ddr_mc_phy/ddr_phy_4lanes_0.u_ddr_phy_4lanes/ddr_byte_lane_D.ddr_byte_lane_D/ddr_byte_group_io/input_[9].iserdes_dq_.iserdesdq: The RST pin should only be driven by a Flip-flop.
Related violations: <none>

REQP-1959#33 Advisory
connects_SERDES_RST_driver_not_FF  
mb_preset_i/mig_7series_0/u_mb_preset_mig_7series_0_0_mig/u_memc_ui_top_axi/mem_intfc0/ddr_phy_top0/u_ddr_mc_phy_wrapper/u_ddr_mc_phy/ddr_phy_4lanes_2.u_ddr_phy_4lanes/ddr_byte_lane_A.ddr_byte_lane_A/ddr_byte_group_io/input_[1].iserdes_dq_.iserdesdq: The RST pin should only be driven by a Flip-flop.
Related violations: <none>

REQP-1959#34 Advisory
connects_SERDES_RST_driver_not_FF  
mb_preset_i/mig_7series_0/u_mb_preset_mig_7series_0_0_mig/u_memc_ui_top_axi/mem_intfc0/ddr_phy_top0/u_ddr_mc_phy_wrapper/u_ddr_mc_phy/ddr_phy_4lanes_2.u_ddr_phy_4lanes/ddr_byte_lane_A.ddr_byte_lane_A/ddr_byte_group_io/input_[2].iserdes_dq_.iserdesdq: The RST pin should only be driven by a Flip-flop.
Related violations: <none>

REQP-1959#35 Advisory
connects_SERDES_RST_driver_not_FF  
mb_preset_i/mig_7series_0/u_mb_preset_mig_7series_0_0_mig/u_memc_ui_top_axi/mem_intfc0/ddr_phy_top0/u_ddr_mc_phy_wrapper/u_ddr_mc_phy/ddr_phy_4lanes_2.u_ddr_phy_4lanes/ddr_byte_lane_A.ddr_byte_lane_A/ddr_byte_group_io/input_[3].iserdes_dq_.iserdesdq: The RST pin should only be driven by a Flip-flop.
Related violations: <none>

REQP-1959#36 Advisory
connects_SERDES_RST_driver_not_FF  
mb_preset_i/mig_7series_0/u_mb_preset_mig_7series_0_0_mig/u_memc_ui_top_axi/mem_intfc0/ddr_phy_top0/u_ddr_mc_phy_wrapper/u_ddr_mc_phy/ddr_phy_4lanes_2.u_ddr_phy_4lanes/ddr_byte_lane_A.ddr_byte_lane_A/ddr_byte_group_io/input_[4].iserdes_dq_.iserdesdq: The RST pin should only be driven by a Flip-flop.
Related violations: <none>

REQP-1959#37 Advisory
connects_SERDES_RST_driver_not_FF  
mb_preset_i/mig_7series_0/u_mb_preset_mig_7series_0_0_mig/u_memc_ui_top_axi/mem_intfc0/ddr_phy_top0/u_ddr_mc_phy_wrapper/u_ddr_mc_phy/ddr_phy_4lanes_2.u_ddr_phy_4lanes/ddr_byte_lane_A.ddr_byte_lane_A/ddr_byte_group_io/input_[5].iserdes_dq_.iserdesdq: The RST pin should only be driven by a Flip-flop.
Related violations: <none>

REQP-1959#38 Advisory
connects_SERDES_RST_driver_not_FF  
mb_preset_i/mig_7series_0/u_mb_preset_mig_7series_0_0_mig/u_memc_ui_top_axi/mem_intfc0/ddr_phy_top0/u_ddr_mc_phy_wrapper/u_ddr_mc_phy/ddr_phy_4lanes_2.u_ddr_phy_4lanes/ddr_byte_lane_A.ddr_byte_lane_A/ddr_byte_group_io/input_[6].iserdes_dq_.iserdesdq: The RST pin should only be driven by a Flip-flop.
Related violations: <none>

REQP-1959#39 Advisory
connects_SERDES_RST_driver_not_FF  
mb_preset_i/mig_7series_0/u_mb_preset_mig_7series_0_0_mig/u_memc_ui_top_axi/mem_intfc0/ddr_phy_top0/u_ddr_mc_phy_wrapper/u_ddr_mc_phy/ddr_phy_4lanes_2.u_ddr_phy_4lanes/ddr_byte_lane_A.ddr_byte_lane_A/ddr_byte_group_io/input_[7].iserdes_dq_.iserdesdq: The RST pin should only be driven by a Flip-flop.
Related violations: <none>

REQP-1959#40 Advisory
connects_SERDES_RST_driver_not_FF  
mb_preset_i/mig_7series_0/u_mb_preset_mig_7series_0_0_mig/u_memc_ui_top_axi/mem_intfc0/ddr_phy_top0/u_ddr_mc_phy_wrapper/u_ddr_mc_phy/ddr_phy_4lanes_2.u_ddr_phy_4lanes/ddr_byte_lane_A.ddr_byte_lane_A/ddr_byte_group_io/input_[9].iserdes_dq_.iserdesdq: The RST pin should only be driven by a Flip-flop.
Related violations: <none>

REQP-1959#41 Advisory
connects_SERDES_RST_driver_not_FF  
mb_preset_i/mig_7series_0/u_mb_preset_mig_7series_0_0_mig/u_memc_ui_top_axi/mem_intfc0/ddr_phy_top0/u_ddr_mc_phy_wrapper/u_ddr_mc_phy/ddr_phy_4lanes_2.u_ddr_phy_4lanes/ddr_byte_lane_B.ddr_byte_lane_B/ddr_byte_group_io/input_[2].iserdes_dq_.iserdesdq: The RST pin should only be driven by a Flip-flop.
Related violations: <none>

REQP-1959#42 Advisory
connects_SERDES_RST_driver_not_FF  
mb_preset_i/mig_7series_0/u_mb_preset_mig_7series_0_0_mig/u_memc_ui_top_axi/mem_intfc0/ddr_phy_top0/u_ddr_mc_phy_wrapper/u_ddr_mc_phy/ddr_phy_4lanes_2.u_ddr_phy_4lanes/ddr_byte_lane_B.ddr_byte_lane_B/ddr_byte_group_io/input_[3].iserdes_dq_.iserdesdq: The RST pin should only be driven by a Flip-flop.
Related violations: <none>

REQP-1959#43 Advisory
connects_SERDES_RST_driver_not_FF  
mb_preset_i/mig_7series_0/u_mb_preset_mig_7series_0_0_mig/u_memc_ui_top_axi/mem_intfc0/ddr_phy_top0/u_ddr_mc_phy_wrapper/u_ddr_mc_phy/ddr_phy_4lanes_2.u_ddr_phy_4lanes/ddr_byte_lane_B.ddr_byte_lane_B/ddr_byte_group_io/input_[4].iserdes_dq_.iserdesdq: The RST pin should only be driven by a Flip-flop.
Related violations: <none>

REQP-1959#44 Advisory
connects_SERDES_RST_driver_not_FF  
mb_preset_i/mig_7series_0/u_mb_preset_mig_7series_0_0_mig/u_memc_ui_top_axi/mem_intfc0/ddr_phy_top0/u_ddr_mc_phy_wrapper/u_ddr_mc_phy/ddr_phy_4lanes_2.u_ddr_phy_4lanes/ddr_byte_lane_B.ddr_byte_lane_B/ddr_byte_group_io/input_[5].iserdes_dq_.iserdesdq: The RST pin should only be driven by a Flip-flop.
Related violations: <none>

REQP-1959#45 Advisory
connects_SERDES_RST_driver_not_FF  
mb_preset_i/mig_7series_0/u_mb_preset_mig_7series_0_0_mig/u_memc_ui_top_axi/mem_intfc0/ddr_phy_top0/u_ddr_mc_phy_wrapper/u_ddr_mc_phy/ddr_phy_4lanes_2.u_ddr_phy_4lanes/ddr_byte_lane_B.ddr_byte_lane_B/ddr_byte_group_io/input_[6].iserdes_dq_.iserdesdq: The RST pin should only be driven by a Flip-flop.
Related violations: <none>

REQP-1959#46 Advisory
connects_SERDES_RST_driver_not_FF  
mb_preset_i/mig_7series_0/u_mb_preset_mig_7series_0_0_mig/u_memc_ui_top_axi/mem_intfc0/ddr_phy_top0/u_ddr_mc_phy_wrapper/u_ddr_mc_phy/ddr_phy_4lanes_2.u_ddr_phy_4lanes/ddr_byte_lane_B.ddr_byte_lane_B/ddr_byte_group_io/input_[7].iserdes_dq_.iserdesdq: The RST pin should only be driven by a Flip-flop.
Related violations: <none>

REQP-1959#47 Advisory
connects_SERDES_RST_driver_not_FF  
mb_preset_i/mig_7series_0/u_mb_preset_mig_7series_0_0_mig/u_memc_ui_top_axi/mem_intfc0/ddr_phy_top0/u_ddr_mc_phy_wrapper/u_ddr_mc_phy/ddr_phy_4lanes_2.u_ddr_phy_4lanes/ddr_byte_lane_B.ddr_byte_lane_B/ddr_byte_group_io/input_[8].iserdes_dq_.iserdesdq: The RST pin should only be driven by a Flip-flop.
Related violations: <none>

REQP-1959#48 Advisory
connects_SERDES_RST_driver_not_FF  
mb_preset_i/mig_7series_0/u_mb_preset_mig_7series_0_0_mig/u_memc_ui_top_axi/mem_intfc0/ddr_phy_top0/u_ddr_mc_phy_wrapper/u_ddr_mc_phy/ddr_phy_4lanes_2.u_ddr_phy_4lanes/ddr_byte_lane_B.ddr_byte_lane_B/ddr_byte_group_io/input_[9].iserdes_dq_.iserdesdq: The RST pin should only be driven by a Flip-flop.
Related violations: <none>

REQP-1959#49 Advisory
connects_SERDES_RST_driver_not_FF  
mb_preset_i/mig_7series_0/u_mb_preset_mig_7series_0_0_mig/u_memc_ui_top_axi/mem_intfc0/ddr_phy_top0/u_ddr_mc_phy_wrapper/u_ddr_mc_phy/ddr_phy_4lanes_2.u_ddr_phy_4lanes/ddr_byte_lane_C.ddr_byte_lane_C/ddr_byte_group_io/input_[2].iserdes_dq_.iserdesdq: The RST pin should only be driven by a Flip-flop.
Related violations: <none>

REQP-1959#50 Advisory
connects_SERDES_RST_driver_not_FF  
mb_preset_i/mig_7series_0/u_mb_preset_mig_7series_0_0_mig/u_memc_ui_top_axi/mem_intfc0/ddr_phy_top0/u_ddr_mc_phy_wrapper/u_ddr_mc_phy/ddr_phy_4lanes_2.u_ddr_phy_4lanes/ddr_byte_lane_C.ddr_byte_lane_C/ddr_byte_group_io/input_[3].iserdes_dq_.iserdesdq: The RST pin should only be driven by a Flip-flop.
Related violations: <none>

REQP-1959#51 Advisory
connects_SERDES_RST_driver_not_FF  
mb_preset_i/mig_7series_0/u_mb_preset_mig_7series_0_0_mig/u_memc_ui_top_axi/mem_intfc0/ddr_phy_top0/u_ddr_mc_phy_wrapper/u_ddr_mc_phy/ddr_phy_4lanes_2.u_ddr_phy_4lanes/ddr_byte_lane_C.ddr_byte_lane_C/ddr_byte_group_io/input_[4].iserdes_dq_.iserdesdq: The RST pin should only be driven by a Flip-flop.
Related violations: <none>

REQP-1959#52 Advisory
connects_SERDES_RST_driver_not_FF  
mb_preset_i/mig_7series_0/u_mb_preset_mig_7series_0_0_mig/u_memc_ui_top_axi/mem_intfc0/ddr_phy_top0/u_ddr_mc_phy_wrapper/u_ddr_mc_phy/ddr_phy_4lanes_2.u_ddr_phy_4lanes/ddr_byte_lane_C.ddr_byte_lane_C/ddr_byte_group_io/input_[5].iserdes_dq_.iserdesdq: The RST pin should only be driven by a Flip-flop.
Related violations: <none>

REQP-1959#53 Advisory
connects_SERDES_RST_driver_not_FF  
mb_preset_i/mig_7series_0/u_mb_preset_mig_7series_0_0_mig/u_memc_ui_top_axi/mem_intfc0/ddr_phy_top0/u_ddr_mc_phy_wrapper/u_ddr_mc_phy/ddr_phy_4lanes_2.u_ddr_phy_4lanes/ddr_byte_lane_C.ddr_byte_lane_C/ddr_byte_group_io/input_[6].iserdes_dq_.iserdesdq: The RST pin should only be driven by a Flip-flop.
Related violations: <none>

REQP-1959#54 Advisory
connects_SERDES_RST_driver_not_FF  
mb_preset_i/mig_7series_0/u_mb_preset_mig_7series_0_0_mig/u_memc_ui_top_axi/mem_intfc0/ddr_phy_top0/u_ddr_mc_phy_wrapper/u_ddr_mc_phy/ddr_phy_4lanes_2.u_ddr_phy_4lanes/ddr_byte_lane_C.ddr_byte_lane_C/ddr_byte_group_io/input_[7].iserdes_dq_.iserdesdq: The RST pin should only be driven by a Flip-flop.
Related violations: <none>

REQP-1959#55 Advisory
connects_SERDES_RST_driver_not_FF  
mb_preset_i/mig_7series_0/u_mb_preset_mig_7series_0_0_mig/u_memc_ui_top_axi/mem_intfc0/ddr_phy_top0/u_ddr_mc_phy_wrapper/u_ddr_mc_phy/ddr_phy_4lanes_2.u_ddr_phy_4lanes/ddr_byte_lane_C.ddr_byte_lane_C/ddr_byte_group_io/input_[8].iserdes_dq_.iserdesdq: The RST pin should only be driven by a Flip-flop.
Related violations: <none>

REQP-1959#56 Advisory
connects_SERDES_RST_driver_not_FF  
mb_preset_i/mig_7series_0/u_mb_preset_mig_7series_0_0_mig/u_memc_ui_top_axi/mem_intfc0/ddr_phy_top0/u_ddr_mc_phy_wrapper/u_ddr_mc_phy/ddr_phy_4lanes_2.u_ddr_phy_4lanes/ddr_byte_lane_C.ddr_byte_lane_C/ddr_byte_group_io/input_[9].iserdes_dq_.iserdesdq: The RST pin should only be driven by a Flip-flop.
Related violations: <none>

REQP-1959#57 Advisory
connects_SERDES_RST_driver_not_FF  
mb_preset_i/mig_7series_0/u_mb_preset_mig_7series_0_0_mig/u_memc_ui_top_axi/mem_intfc0/ddr_phy_top0/u_ddr_mc_phy_wrapper/u_ddr_mc_phy/ddr_phy_4lanes_2.u_ddr_phy_4lanes/ddr_byte_lane_D.ddr_byte_lane_D/ddr_byte_group_io/input_[2].iserdes_dq_.iserdesdq: The RST pin should only be driven by a Flip-flop.
Related violations: <none>

REQP-1959#58 Advisory
connects_SERDES_RST_driver_not_FF  
mb_preset_i/mig_7series_0/u_mb_preset_mig_7series_0_0_mig/u_memc_ui_top_axi/mem_intfc0/ddr_phy_top0/u_ddr_mc_phy_wrapper/u_ddr_mc_phy/ddr_phy_4lanes_2.u_ddr_phy_4lanes/ddr_byte_lane_D.ddr_byte_lane_D/ddr_byte_group_io/input_[3].iserdes_dq_.iserdesdq: The RST pin should only be driven by a Flip-flop.
Related violations: <none>

REQP-1959#59 Advisory
connects_SERDES_RST_driver_not_FF  
mb_preset_i/mig_7series_0/u_mb_preset_mig_7series_0_0_mig/u_memc_ui_top_axi/mem_intfc0/ddr_phy_top0/u_ddr_mc_phy_wrapper/u_ddr_mc_phy/ddr_phy_4lanes_2.u_ddr_phy_4lanes/ddr_byte_lane_D.ddr_byte_lane_D/ddr_byte_group_io/input_[4].iserdes_dq_.iserdesdq: The RST pin should only be driven by a Flip-flop.
Related violations: <none>

REQP-1959#60 Advisory
connects_SERDES_RST_driver_not_FF  
mb_preset_i/mig_7series_0/u_mb_preset_mig_7series_0_0_mig/u_memc_ui_top_axi/mem_intfc0/ddr_phy_top0/u_ddr_mc_phy_wrapper/u_ddr_mc_phy/ddr_phy_4lanes_2.u_ddr_phy_4lanes/ddr_byte_lane_D.ddr_byte_lane_D/ddr_byte_group_io/input_[5].iserdes_dq_.iserdesdq: The RST pin should only be driven by a Flip-flop.
Related violations: <none>

REQP-1959#61 Advisory
connects_SERDES_RST_driver_not_FF  
mb_preset_i/mig_7series_0/u_mb_preset_mig_7series_0_0_mig/u_memc_ui_top_axi/mem_intfc0/ddr_phy_top0/u_ddr_mc_phy_wrapper/u_ddr_mc_phy/ddr_phy_4lanes_2.u_ddr_phy_4lanes/ddr_byte_lane_D.ddr_byte_lane_D/ddr_byte_group_io/input_[6].iserdes_dq_.iserdesdq: The RST pin should only be driven by a Flip-flop.
Related violations: <none>

REQP-1959#62 Advisory
connects_SERDES_RST_driver_not_FF  
mb_preset_i/mig_7series_0/u_mb_preset_mig_7series_0_0_mig/u_memc_ui_top_axi/mem_intfc0/ddr_phy_top0/u_ddr_mc_phy_wrapper/u_ddr_mc_phy/ddr_phy_4lanes_2.u_ddr_phy_4lanes/ddr_byte_lane_D.ddr_byte_lane_D/ddr_byte_group_io/input_[7].iserdes_dq_.iserdesdq: The RST pin should only be driven by a Flip-flop.
Related violations: <none>

REQP-1959#63 Advisory
connects_SERDES_RST_driver_not_FF  
mb_preset_i/mig_7series_0/u_mb_preset_mig_7series_0_0_mig/u_memc_ui_top_axi/mem_intfc0/ddr_phy_top0/u_ddr_mc_phy_wrapper/u_ddr_mc_phy/ddr_phy_4lanes_2.u_ddr_phy_4lanes/ddr_byte_lane_D.ddr_byte_lane_D/ddr_byte_group_io/input_[8].iserdes_dq_.iserdesdq: The RST pin should only be driven by a Flip-flop.
Related violations: <none>

REQP-1959#64 Advisory
connects_SERDES_RST_driver_not_FF  
mb_preset_i/mig_7series_0/u_mb_preset_mig_7series_0_0_mig/u_memc_ui_top_axi/mem_intfc0/ddr_phy_top0/u_ddr_mc_phy_wrapper/u_ddr_mc_phy/ddr_phy_4lanes_2.u_ddr_phy_4lanes/ddr_byte_lane_D.ddr_byte_lane_D/ddr_byte_group_io/input_[9].iserdes_dq_.iserdesdq: The RST pin should only be driven by a Flip-flop.
Related violations: <none>

RTGT-1#1 Advisory
RAM retargeting possibility  
Identified 6 RAM64X1D primitives that could be retargeted to RAM64M. Retargeting will save approximately 4 memory LUTs and improve routability. These can usually be achieved using synthesis inference or XPMs. The memories are mb_preset_i/axi_ethernet_0/inst/mac/inst/tri_mode_ethernet_mac_i/bd_b764_mac_0_core/addr_filter_top/address_filter_inst/addr_regs.unicast_address_compare/byte_wide_ram[1].header_compare_dist_ram,
mb_preset_i/axi_ethernet_0/inst/mac/inst/tri_mode_ethernet_mac_i/bd_b764_mac_0_core/addr_filter_top/address_filter_inst/addr_regs.unicast_address_compare/byte_wide_ram[2].header_compare_dist_ram,
mb_preset_i/axi_ethernet_0/inst/mac/inst/tri_mode_ethernet_mac_i/bd_b764_mac_0_core/addr_filter_top/address_filter_inst/addr_regs.unicast_address_compare/byte_wide_ram[3].header_compare_dist_ram,
mb_preset_i/axi_ethernet_0/inst/mac/inst/tri_mode_ethernet_mac_i/bd_b764_mac_0_core/addr_filter_top/address_filter_inst/addr_regs.unicast_address_compare/byte_wide_ram[4].header_compare_dist_ram,
mb_preset_i/axi_ethernet_0/inst/mac/inst/tri_mode_ethernet_mac_i/bd_b764_mac_0_core/addr_filter_top/address_filter_inst/addr_regs.unicast_address_compare/byte_wide_ram[5].header_compare_dist_ram
mb_preset_i/axi_ethernet_0/inst/mac/inst/tri_mode_ethernet_mac_i/bd_b764_mac_0_core/addr_filter_top/address_filter_inst/addr_regs.unicast_address_compare/byte_wide_ram[6].header_compare_dist_ram
Related violations: <none>

RTGT-1#2 Advisory
RAM retargeting possibility  
Identified 6 RAM64X1D primitives that could be retargeted to RAM64M. Retargeting will save approximately 4 memory LUTs and improve routability. These can usually be achieved using synthesis inference or XPMs. The memories are mb_preset_i/axi_ethernet_0/inst/mac/inst/tri_mode_ethernet_mac_i/bd_b764_mac_0_core/addr_filter_top/address_filter_inst/byte_wide_ram[0].header_field_dist_ram,
mb_preset_i/axi_ethernet_0/inst/mac/inst/tri_mode_ethernet_mac_i/bd_b764_mac_0_core/addr_filter_top/address_filter_inst/byte_wide_ram[1].header_field_dist_ram,
mb_preset_i/axi_ethernet_0/inst/mac/inst/tri_mode_ethernet_mac_i/bd_b764_mac_0_core/addr_filter_top/address_filter_inst/byte_wide_ram[2].header_field_dist_ram,
mb_preset_i/axi_ethernet_0/inst/mac/inst/tri_mode_ethernet_mac_i/bd_b764_mac_0_core/addr_filter_top/address_filter_inst/byte_wide_ram[3].header_field_dist_ram,
mb_preset_i/axi_ethernet_0/inst/mac/inst/tri_mode_ethernet_mac_i/bd_b764_mac_0_core/addr_filter_top/address_filter_inst/byte_wide_ram[4].header_field_dist_ram
mb_preset_i/axi_ethernet_0/inst/mac/inst/tri_mode_ethernet_mac_i/bd_b764_mac_0_core/addr_filter_top/address_filter_inst/byte_wide_ram[5].header_field_dist_ram
Related violations: <none>

RTGT-1#3 Advisory
RAM retargeting possibility  
Identified 6 RAM64X1D primitives that could be retargeted to RAM64M. Retargeting will save approximately 4 memory LUTs and improve routability. These can usually be achieved using synthesis inference or XPMs. The memories are mb_preset_i/axi_ethernet_0/inst/mac/inst/tri_mode_ethernet_mac_i/bd_b764_mac_0_core/stats_block.statistics_counters/gen_distributed_parity[0].RAM64X1D_inst,
mb_preset_i/axi_ethernet_0/inst/mac/inst/tri_mode_ethernet_mac_i/bd_b764_mac_0_core/stats_block.statistics_counters/gen_distributed_parity[1].RAM64X1D_inst,
mb_preset_i/axi_ethernet_0/inst/mac/inst/tri_mode_ethernet_mac_i/bd_b764_mac_0_core/stats_block.statistics_counters/gen_distributed_parity[2].RAM64X1D_inst,
mb_preset_i/axi_ethernet_0/inst/mac/inst/tri_mode_ethernet_mac_i/bd_b764_mac_0_core/stats_block.statistics_counters/gen_distributed_parity[3].RAM64X1D_inst,
mb_preset_i/axi_ethernet_0/inst/mac/inst/tri_mode_ethernet_mac_i/bd_b764_mac_0_core/stats_block.statistics_counters/gen_distributed_parity[4].RAM64X1D_inst
mb_preset_i/axi_ethernet_0/inst/mac/inst/tri_mode_ethernet_mac_i/bd_b764_mac_0_core/stats_block.statistics_counters/gen_distributed_parity[5].RAM64X1D_inst
Related violations: <none>


