Copyright 1986-2022 Xilinx, Inc. All Rights Reserved.
-----------------------------------------------------------------------------------------------
| Tool Version : Vivado v.2022.2 (win64) Build 3671981 Fri Oct 14 05:00:03 MDT 2022
| Date         : Tue Mar  7 13:25:47 2023
| Host         : XSH-GUANXIAN-L1 running 64-bit major release  (build 9200)
| Command      : report_clock_utilization -file mb_preset_wrapper_clock_utilization_routed.rpt
| Design       : mb_preset_wrapper
| Device       : 7a200t-fbg676
| Speed File   : -2  PRODUCTION 1.23 2018-06-13
| Design State : Routed
-----------------------------------------------------------------------------------------------

Clock Utilization Report

Table of Contents
-----------------
1. Clock Primitive Utilization
2. Global Clock Resources
3. Global Clock Source Details
4. Local Clock Details
5. Clock Regions: Key Resource Utilization
6. Clock Regions : Global Clock Summary
7. Device Cell Placement Summary for Global Clock g0
8. Device Cell Placement Summary for Global Clock g1
9. Device Cell Placement Summary for Global Clock g2
10. Device Cell Placement Summary for Global Clock g3
11. Device Cell Placement Summary for Global Clock g4
12. Device Cell Placement Summary for Global Clock g5
13. Device Cell Placement Summary for Global Clock g6
14. Device Cell Placement Summary for Global Clock g7
15. Device Cell Placement Summary for Global Clock g8
16. Device Cell Placement Summary for Global Clock g9
17. Device Cell Placement Summary for Global Clock g10
18. Device Cell Placement Summary for Global Clock g11
19. Device Cell Placement Summary for Global Clock g12
20. Device Cell Placement Summary for Global Clock g13
21. Clock Region Cell Placement per Global Clock: Region X0Y0
22. Clock Region Cell Placement per Global Clock: Region X1Y0
23. Clock Region Cell Placement per Global Clock: Region X0Y1
24. Clock Region Cell Placement per Global Clock: Region X1Y1
25. Clock Region Cell Placement per Global Clock: Region X0Y2
26. Clock Region Cell Placement per Global Clock: Region X1Y2
27. Clock Region Cell Placement per Global Clock: Region X0Y3
28. Clock Region Cell Placement per Global Clock: Region X1Y3

1. Clock Primitive Utilization
------------------------------

+----------+------+-----------+-----+--------------+--------+
| Type     | Used | Available | LOC | Clock Region | Pblock |
+----------+------+-----------+-----+--------------+--------+
| BUFGCTRL |   12 |        32 |   0 |            0 |      0 |
| BUFH     |    1 |       120 |   0 |            0 |      0 |
| BUFIO    |    1 |        40 |   1 |            0 |      0 |
| BUFMR    |    0 |        20 |   0 |            0 |      0 |
| BUFR     |    1 |        40 |   0 |            0 |      0 |
| MMCM     |    3 |        10 |   1 |            0 |      0 |
| PLL      |    1 |        10 |   1 |            0 |      0 |
+----------+------+-----------+-----+--------------+--------+


2. Global Clock Resources
-------------------------

+-----------+-----------+-----------------+------------+----------------+--------------+-------------------+-------------+-----------------+--------------+--------------------------------------------------------------------------------------------+----------------------------------------------------------------------------------------------------------------------------+------------------------------------------------------------------------------------------------------+
| Global Id | Source Id | Driver Type/Pin | Constraint | Site           | Clock Region | Load Clock Region | Clock Loads | Non-Clock Loads | Clock Period | Clock                                                                                      | Driver Pin                                                                                                                 | Net                                                                                                  |
+-----------+-----------+-----------------+------------+----------------+--------------+-------------------+-------------+-----------------+--------------+--------------------------------------------------------------------------------------------+----------------------------------------------------------------------------------------------------------------------------+------------------------------------------------------------------------------------------------------+
| g0        | src0      | BUFG/O          | None       | BUFGCTRL_X0Y6  | n/a          |                 8 |       28498 |               0 |       10.000 | mmcm_clkout0                                                                               | mb_preset_i/mig_7series_0/u_mb_preset_mig_7series_0_0_mig/u_ddr3_infrastructure/gen_ui_extra_clocks.u_bufg_ui_addn_clk_0/O | mb_preset_i/mig_7series_0/u_mb_preset_mig_7series_0_0_mig/u_ddr3_infrastructure/ui_addn_clk_0        |
| g1        | src1      | BUFG/O          | None       | BUFGCTRL_X0Y1  | n/a          |                 3 |       11156 |               0 |        5.000 | clk_out1_mb_preset_axi_ethernet_0_refclk_0                                                 | mb_preset_i/axi_ethernet_0_refclk/inst/clkout1_buf/O                                                                       | mb_preset_i/axi_ethernet_0_refclk/inst/clk_out1                                                      |
| g2        | src2      | BUFG/O          | None       | BUFGCTRL_X0Y0  | n/a          |                 5 |        8976 |               0 |       10.000 | clk_pll_i                                                                                  | mb_preset_i/mig_7series_0/u_mb_preset_mig_7series_0_0_mig/u_ddr3_infrastructure/u_bufg_clkdiv0/O                           | mb_preset_i/mig_7series_0/u_mb_preset_mig_7series_0_0_mig/u_ddr3_infrastructure/u_bufg_clkdiv0_0     |
| g3        | src3      | BUFGCTRL/O      | None       | BUFGCTRL_X0Y2  | n/a          |                 2 |        1755 |               0 |        8.000 | clkout0                                                                                    | mb_preset_i/axi_ethernet_0/inst/mac/inst/tri_mode_ethernet_mac_support_clocking_i/clkout1_buf/O                            | mb_preset_i/axi_ethernet_0/inst/mac/inst/tri_mode_ethernet_mac_support_clocking_i/gtx_clk_out        |
| g3        | src4      | BUFGCTRL/O      | None       | BUFGCTRL_X0Y2  | n/a          |                 2 |        1755 |               0 |        8.000 | clkout0                                                                                    | mb_preset_i/axi_ethernet_0/inst/mac/inst/tri_mode_ethernet_mac_support_clocking_i/clkout1_buf/O                            | mb_preset_i/axi_ethernet_0/inst/mac/inst/tri_mode_ethernet_mac_support_clocking_i/gtx_clk_out        |
| g4        | src5      | BUFR/O          | None       | BUFR_X0Y5      | X0Y1         |                 1 |        1451 |               0 |        8.000 | rgmii_rxc                                                                                  | mb_preset_i/axi_ethernet_0/inst/mac/inst/tri_mode_ethernet_mac_i/rgmii_interface/bufr_rgmii_rx_clk/O                       | mb_preset_i/axi_ethernet_0/inst/mac/inst/tri_mode_ethernet_mac_i/rgmii_interface/bufr_rgmii_rx_clk_0 |
| g5        | src6      | BUFG/O          | None       | BUFGCTRL_X0Y7  | n/a          |                 2 |         469 |               0 |       33.000 | dbg_hub/inst/BSCANID.u_xsdbm_id/SWITCH_N_EXT_BSCAN.bscan_inst/SERIES7_BSCAN.bscan_inst/TCK | dbg_hub/inst/BSCANID.u_xsdbm_id/SWITCH_N_EXT_BSCAN.u_bufg_icon_tck/O                                                       | dbg_hub/inst/BSCANID.u_xsdbm_id/itck_i                                                               |
| g6        | src7      | BUFGCTRL/O      | None       | BUFGCTRL_X0Y8  | n/a          |                 4 |         281 |               0 |       33.333 | mb_preset_i/mdm_1/U0/Use_E2.BSCAN_I/Use_E2.BSCANE2_I/DRCK                                  | mb_preset_i/mdm_1/U0/No_Dbg_Reg_Access.BUFG_DRCK/Using_FPGA.Native/O                                                       | mb_preset_i/mdm_1/U0/No_Dbg_Reg_Access.BUFG_DRCK/Dbg_Clk_0                                           |
| g6        | src8      | BUFGCTRL/O      | None       | BUFGCTRL_X0Y8  | n/a          |                 4 |         281 |               0 |       33.333 | mb_preset_i/mdm_1/U0/Use_E2.BSCAN_I/Use_E2.BSCANE2_I/DRCK                                  | mb_preset_i/mdm_1/U0/No_Dbg_Reg_Access.BUFG_DRCK/Using_FPGA.Native/O                                                       | mb_preset_i/mdm_1/U0/No_Dbg_Reg_Access.BUFG_DRCK/Dbg_Clk_0                                           |
| g7        | src9      | BUFG/O          | None       | BUFGCTRL_X0Y3  | n/a          |                 1 |         235 |               0 |       20.000 | clk_out3_mb_preset_axi_ethernet_0_refclk_0                                                 | mb_preset_i/axi_ethernet_0_refclk/inst/clkout3_buf/O                                                                       | mb_preset_i/axi_ethernet_0_refclk/inst/clk_out3                                                      |
| g8        | src10     | BUFG/O          | None       | BUFGCTRL_X0Y9  | n/a          |                 3 |          85 |               0 |        8.000 | clk_out2_mb_preset_axi_ethernet_0_refclk_0                                                 | mb_preset_i/axi_ethernet_0_refclk/inst/clkout2_buf/O                                                                       | mb_preset_i/axi_ethernet_0_refclk/inst/clk_out2                                                      |
| g9        | src11     | BUFG/O          | None       | BUFGCTRL_X0Y4  | n/a          |                 3 |          63 |               0 |        5.000 | sys_diff_clock_clk_p                                                                       | mb_preset_i/mig_7series_0/u_mb_preset_mig_7series_0_0_mig/u_iodelay_ctrl/clk_ref_200.u_bufg_clk_ref/O                      | mb_preset_i/mig_7series_0/u_mb_preset_mig_7series_0_0_mig/u_iodelay_ctrl/CLK                         |
| g10       | src12     | BUFG/O          | None       | BUFGCTRL_X0Y10 | n/a          |                 2 |          39 |               1 |       33.333 | mb_preset_i/mdm_1/U0/Use_E2.BSCAN_I/Use_E2.BSCANE2_I/UPDATE                                | mb_preset_i/mdm_1/U0/Use_E2.BSCAN_I/Dbg_Update_0_BUFG_inst/O                                                               | mb_preset_i/mdm_1/U0/Use_E2.BSCAN_I/Dbg_Update_0_BUFG                                                |
| g11       | src13     | BUFGCTRL/O      | None       | BUFGCTRL_X0Y5  | n/a          |                 1 |          37 |               0 |        8.000 | clkout1                                                                                    | mb_preset_i/axi_ethernet_0/inst/mac/inst/tri_mode_ethernet_mac_support_clocking_i/clkout2_buf/O                            | mb_preset_i/axi_ethernet_0/inst/mac/inst/tri_mode_ethernet_mac_support_clocking_i/gtx_clk90_out      |
| g11       | src14     | BUFGCTRL/O      | None       | BUFGCTRL_X0Y5  | n/a          |                 1 |          37 |               0 |        8.000 | clkout1                                                                                    | mb_preset_i/axi_ethernet_0/inst/mac/inst/tri_mode_ethernet_mac_support_clocking_i/clkout2_buf/O                            | mb_preset_i/axi_ethernet_0/inst/mac/inst/tri_mode_ethernet_mac_support_clocking_i/gtx_clk90_out      |
| g12       | src15     | BUFG/O          | None       | BUFGCTRL_X0Y11 | n/a          |                 1 |           1 |               0 |       10.000 | clkfbout_mb_preset_axi_ethernet_0_refclk_0                                                 | mb_preset_i/axi_ethernet_0_refclk/inst/clkf_buf/O                                                                          | mb_preset_i/axi_ethernet_0_refclk/inst/clkfbout_buf_mb_preset_axi_ethernet_0_refclk_0                |
| g13       | src16     | BUFH/O          | None       | BUFHCE_X1Y24   | X1Y2         |                 1 |           1 |               0 |       10.000 | pll_clk3_out                                                                               | mb_preset_i/mig_7series_0/u_mb_preset_mig_7series_0_0_mig/u_ddr3_infrastructure/u_bufh_pll_clk3/O                          | mb_preset_i/mig_7series_0/u_mb_preset_mig_7series_0_0_mig/u_ddr3_infrastructure/pll_clk3             |
+-----------+-----------+-----------------+------------+----------------+--------------+-------------------+-------------+-----------------+--------------+--------------------------------------------------------------------------------------------+----------------------------------------------------------------------------------------------------------------------------+------------------------------------------------------------------------------------------------------+
* Clock Loads column represents cell count of net connects that connect to a clock pin. Internal cell leaf pins are not considered
** Non-Clock Loads column represents cell count of non-clock pin loads


3. Global Clock Source Details
------------------------------

+-----------+-----------+---------------------+-----------------+-----------------+--------------+-------------+-----------------+---------------------+--------------------------------------------------------------------------------------------+---------------------------------------------------------------------------------------------------------------------+-------------------------------------------------------------------------------------------------+
| Source Id | Global Id | Driver Type/Pin     | Constraint      | Site            | Clock Region | Clock Loads | Non-Clock Loads | Source Clock Period | Source Clock                                                                               | Driver Pin                                                                                                          | Net                                                                                             |
+-----------+-----------+---------------------+-----------------+-----------------+--------------+-------------+-----------------+---------------------+--------------------------------------------------------------------------------------------+---------------------------------------------------------------------------------------------------------------------+-------------------------------------------------------------------------------------------------+
| src0      | g0        | MMCME2_ADV/CLKOUT0  | MMCME2_ADV_X1Y2 | MMCME2_ADV_X1Y2 | X1Y2         |           1 |               0 |              10.000 | mmcm_clkout0                                                                               | mb_preset_i/mig_7series_0/u_mb_preset_mig_7series_0_0_mig/u_ddr3_infrastructure/gen_ui_extra_clocks.mmcm_i/CLKOUT0  | mb_preset_i/mig_7series_0/u_mb_preset_mig_7series_0_0_mig/u_ddr3_infrastructure/mmcm_clkout0    |
| src1      | g1        | MMCME2_ADV/CLKOUT0  | None            | MMCME2_ADV_X1Y0 | X1Y0         |           1 |               0 |               5.000 | clk_out1_mb_preset_axi_ethernet_0_refclk_0                                                 | mb_preset_i/axi_ethernet_0_refclk/inst/mmcm_adv_inst/CLKOUT0                                                        | mb_preset_i/axi_ethernet_0_refclk/inst/clk_out1_mb_preset_axi_ethernet_0_refclk_0               |
| src2      | g2        | MMCME2_ADV/CLKFBOUT | MMCME2_ADV_X1Y2 | MMCME2_ADV_X1Y2 | X1Y2         |           1 |               0 |              10.000 | clk_pll_i                                                                                  | mb_preset_i/mig_7series_0/u_mb_preset_mig_7series_0_0_mig/u_ddr3_infrastructure/gen_ui_extra_clocks.mmcm_i/CLKFBOUT | mb_preset_i/mig_7series_0/u_mb_preset_mig_7series_0_0_mig/u_ddr3_infrastructure/clk_pll_i       |
| src3      | g3        | MMCME2_ADV/CLKOUT0  | None            | MMCME2_ADV_X0Y2 | X0Y2         |           1 |               0 |               8.000 | clkout0                                                                                    | mb_preset_i/axi_ethernet_0/inst/mac/inst/tri_mode_ethernet_mac_support_clocking_i/mmcm_adv_inst/CLKOUT0             | mb_preset_i/axi_ethernet_0/inst/mac/inst/tri_mode_ethernet_mac_support_clocking_i/clkout0       |
| src4      | g3        | VCC/P               | None            |                 | n/a          |           0 |               0 |                     |                                                                                            | mb_preset_i/axi_ethernet_0/inst/mac/inst/tri_mode_ethernet_mac_support_clocking_i/VCC_1/P                           | mb_preset_i/axi_ethernet_0/inst/mac/inst/tri_mode_ethernet_mac_support_clocking_i/VCC_2         |
| src5      | g4        | IBUF/O              | IOB_X0Y74       | IOB_X0Y74       | X0Y1         |           2 |               0 |               8.000 | rgmii_rxc                                                                                  | mb_preset_i/axi_ethernet_0/inst/mac/inst/tri_mode_ethernet_mac_i/rgmii_interface/rgmii_rxc_ibuf_i/O                 | mb_preset_i/axi_ethernet_0/inst/mac/inst/tri_mode_ethernet_mac_i/rgmii_interface/rgmii_rxc_ibuf |
| src6      | g5        | BSCANE2/TCK         | None            | BSCAN_X0Y0      | X0Y2         |           1 |               0 |              33.000 | dbg_hub/inst/BSCANID.u_xsdbm_id/SWITCH_N_EXT_BSCAN.bscan_inst/SERIES7_BSCAN.bscan_inst/TCK | dbg_hub/inst/BSCANID.u_xsdbm_id/SWITCH_N_EXT_BSCAN.bscan_inst/SERIES7_BSCAN.bscan_inst/TCK                          | dbg_hub/inst/BSCANID.u_xsdbm_id/SWITCH_N_EXT_BSCAN.bscan_inst/TCK                               |
| src7      | g6        | BSCANE2/DRCK        | None            | BSCAN_X0Y1      | X0Y2         |           1 |               0 |              33.333 | mb_preset_i/mdm_1/U0/Use_E2.BSCAN_I/Use_E2.BSCANE2_I/DRCK                                  | mb_preset_i/mdm_1/U0/Use_E2.BSCAN_I/Use_E2.BSCANE2_I/DRCK                                                           | mb_preset_i/mdm_1/U0/Use_E2.BSCAN_I/DRCK                                                        |
| src8      | g6        | VCC/P               | None            |                 | n/a          |           0 |               0 |                     |                                                                                            | mb_preset_i/mdm_1/U0/No_Dbg_Reg_Access.BUFG_DRCK/VCC_1/P                                                            | mb_preset_i/mdm_1/U0/No_Dbg_Reg_Access.BUFG_DRCK/VCC_2                                          |
| src9      | g7        | MMCME2_ADV/CLKOUT2  | None            | MMCME2_ADV_X1Y0 | X1Y0         |           1 |               0 |              20.000 | clk_out3_mb_preset_axi_ethernet_0_refclk_0                                                 | mb_preset_i/axi_ethernet_0_refclk/inst/mmcm_adv_inst/CLKOUT2                                                        | mb_preset_i/axi_ethernet_0_refclk/inst/clk_out3_mb_preset_axi_ethernet_0_refclk_0               |
| src10     | g8        | MMCME2_ADV/CLKOUT1  | None            | MMCME2_ADV_X1Y0 | X1Y0         |           1 |               0 |               8.000 | clk_out2_mb_preset_axi_ethernet_0_refclk_0                                                 | mb_preset_i/axi_ethernet_0_refclk/inst/mmcm_adv_inst/CLKOUT1                                                        | mb_preset_i/axi_ethernet_0_refclk/inst/clk_out2_mb_preset_axi_ethernet_0_refclk_0               |
| src11     | g9        | IBUFDS/O            | IOB_X1Y124      | IOB_X1Y124      | X1Y2         |           2 |               0 |               5.000 | sys_diff_clock_clk_p                                                                       | mb_preset_i/mig_7series_0/u_mb_preset_mig_7series_0_0_mig/u_ddr3_clk_ibuf/diff_input_clk.u_ibufg_sys_clk/O          | mb_preset_i/mig_7series_0/u_mb_preset_mig_7series_0_0_mig/u_ddr3_clk_ibuf/sys_clk_ibufg         |
| src12     | g10       | BSCANE2/UPDATE      | None            | BSCAN_X0Y1      | X0Y2         |           1 |               0 |              33.333 | mb_preset_i/mdm_1/U0/Use_E2.BSCAN_I/Use_E2.BSCANE2_I/UPDATE                                | mb_preset_i/mdm_1/U0/Use_E2.BSCAN_I/Use_E2.BSCANE2_I/UPDATE                                                         | mb_preset_i/mdm_1/U0/Use_E2.BSCAN_I/Dbg_Update_0                                                |
| src13     | g11       | MMCME2_ADV/CLKOUT1  | None            | MMCME2_ADV_X0Y2 | X0Y2         |           1 |               0 |               8.000 | clkout1                                                                                    | mb_preset_i/axi_ethernet_0/inst/mac/inst/tri_mode_ethernet_mac_support_clocking_i/mmcm_adv_inst/CLKOUT1             | mb_preset_i/axi_ethernet_0/inst/mac/inst/tri_mode_ethernet_mac_support_clocking_i/clkout1       |
| src14     | g11       | VCC/P               | None            |                 | n/a          |           0 |               0 |                     |                                                                                            | mb_preset_i/axi_ethernet_0/inst/mac/inst/tri_mode_ethernet_mac_support_clocking_i/VCC_1/P                           | mb_preset_i/axi_ethernet_0/inst/mac/inst/tri_mode_ethernet_mac_support_clocking_i/VCC_2         |
| src15     | g12       | MMCME2_ADV/CLKFBOUT | None            | MMCME2_ADV_X1Y0 | X1Y0         |           1 |               0 |              10.000 | clkfbout_mb_preset_axi_ethernet_0_refclk_0                                                 | mb_preset_i/axi_ethernet_0_refclk/inst/mmcm_adv_inst/CLKFBOUT                                                       | mb_preset_i/axi_ethernet_0_refclk/inst/clkfbout_mb_preset_axi_ethernet_0_refclk_0               |
| src16     | g13       | PLLE2_ADV/CLKOUT3   | PLLE2_ADV_X1Y2  | PLLE2_ADV_X1Y2  | X1Y2         |           1 |               0 |              10.000 | pll_clk3_out                                                                               | mb_preset_i/mig_7series_0/u_mb_preset_mig_7series_0_0_mig/u_ddr3_infrastructure/plle2_i/CLKOUT3                     | mb_preset_i/mig_7series_0/u_mb_preset_mig_7series_0_0_mig/u_ddr3_infrastructure/pll_clk3_out    |
+-----------+-----------+---------------------+-----------------+-----------------+--------------+-------------+-----------------+---------------------+--------------------------------------------------------------------------------------------+---------------------------------------------------------------------------------------------------------------------+-------------------------------------------------------------------------------------------------+
* Clock Loads column represents cell count of net connects that connect to a clock pin. Internal cell leaf pins are not considered
** Non-Clock Loads column represents cell count of non-clock pin loads


4. Local Clock Details
----------------------

+----------+----------------------------+----------------------+-------------------------------------+--------------+-------------+-----------------+--------------+----------------+--------------------------------------------------------------------------------------------------------------------------------------------------------------------------------------------------------------------------------+-----------------------------------------------------------------------------------------------------------------------------------------------------------------------------------------------------------------------------+
| Local Id | Driver Type/Pin            | Constraint           | Site/BEL                            | Clock Region | Clock Loads | Non-Clock Loads | Clock Period | Clock          | Driver Pin                                                                                                                                                                                                                     | Net                                                                                                                                                                                                                         |
+----------+----------------------------+----------------------+-------------------------------------+--------------+-------------+-----------------+--------------+----------------+--------------------------------------------------------------------------------------------------------------------------------------------------------------------------------------------------------------------------------+-----------------------------------------------------------------------------------------------------------------------------------------------------------------------------------------------------------------------------+
| 0        | PLLE2_ADV/CLKOUT0          | PLLE2_ADV_X1Y2       | PLLE2_ADV_X1Y2/PLLE2_ADV            | X1Y2         |          14 |               8 |        1.250 | freq_refclk    | mb_preset_i/mig_7series_0/u_mb_preset_mig_7series_0_0_mig/u_ddr3_infrastructure/plle2_i/CLKOUT0                                                                                                                                | mb_preset_i/mig_7series_0/u_mb_preset_mig_7series_0_0_mig/u_ddr3_infrastructure/freq_refclk                                                                                                                                 |
| 1        | PLLE2_ADV/CLKOUT1          | PLLE2_ADV_X1Y2       | PLLE2_ADV_X1Y2/PLLE2_ADV            | X1Y2         |           3 |              19 |        2.500 | mem_refclk     | mb_preset_i/mig_7series_0/u_mb_preset_mig_7series_0_0_mig/u_ddr3_infrastructure/plle2_i/CLKOUT1                                                                                                                                | mb_preset_i/mig_7series_0/u_mb_preset_mig_7series_0_0_mig/u_ddr3_infrastructure/mem_refclk                                                                                                                                  |
| 2        | PHASER_OUT_PHY/OCLKDELAYED | PHASER_OUT_PHY_X1Y12 | PHASER_OUT_PHY_X1Y12/PHASER_OUT_PHY | X1Y3         |           2 |               0 |        2.500 | oserdes_clk    | mb_preset_i/mig_7series_0/u_mb_preset_mig_7series_0_0_mig/u_memc_ui_top_axi/mem_intfc0/ddr_phy_top0/u_ddr_mc_phy_wrapper/u_ddr_mc_phy/ddr_phy_4lanes_0.u_ddr_phy_4lanes/ddr_byte_lane_A.ddr_byte_lane_A/phaser_out/OCLKDELAYED | mb_preset_i/mig_7series_0/u_mb_preset_mig_7series_0_0_mig/u_memc_ui_top_axi/mem_intfc0/ddr_phy_top0/u_ddr_mc_phy_wrapper/u_ddr_mc_phy/ddr_phy_4lanes_0.u_ddr_phy_4lanes/ddr_byte_lane_A.ddr_byte_lane_A/oserdes_clk_delayed |
| 3        | PHASER_OUT_PHY/OCLKDELAYED | PHASER_OUT_PHY_X1Y13 | PHASER_OUT_PHY_X1Y13/PHASER_OUT_PHY | X1Y3         |           2 |               0 |        2.500 | oserdes_clk_1  | mb_preset_i/mig_7series_0/u_mb_preset_mig_7series_0_0_mig/u_memc_ui_top_axi/mem_intfc0/ddr_phy_top0/u_ddr_mc_phy_wrapper/u_ddr_mc_phy/ddr_phy_4lanes_0.u_ddr_phy_4lanes/ddr_byte_lane_B.ddr_byte_lane_B/phaser_out/OCLKDELAYED | mb_preset_i/mig_7series_0/u_mb_preset_mig_7series_0_0_mig/u_memc_ui_top_axi/mem_intfc0/ddr_phy_top0/u_ddr_mc_phy_wrapper/u_ddr_mc_phy/ddr_phy_4lanes_0.u_ddr_phy_4lanes/ddr_byte_lane_B.ddr_byte_lane_B/oserdes_clk_delayed |
| 4        | PHASER_OUT_PHY/OCLKDELAYED | PHASER_OUT_PHY_X1Y14 | PHASER_OUT_PHY_X1Y14/PHASER_OUT_PHY | X1Y3         |           2 |               0 |        2.500 | oserdes_clk_2  | mb_preset_i/mig_7series_0/u_mb_preset_mig_7series_0_0_mig/u_memc_ui_top_axi/mem_intfc0/ddr_phy_top0/u_ddr_mc_phy_wrapper/u_ddr_mc_phy/ddr_phy_4lanes_0.u_ddr_phy_4lanes/ddr_byte_lane_C.ddr_byte_lane_C/phaser_out/OCLKDELAYED | mb_preset_i/mig_7series_0/u_mb_preset_mig_7series_0_0_mig/u_memc_ui_top_axi/mem_intfc0/ddr_phy_top0/u_ddr_mc_phy_wrapper/u_ddr_mc_phy/ddr_phy_4lanes_0.u_ddr_phy_4lanes/ddr_byte_lane_C.ddr_byte_lane_C/oserdes_clk_delayed |
| 5        | PHASER_OUT_PHY/OCLKDELAYED | PHASER_OUT_PHY_X1Y15 | PHASER_OUT_PHY_X1Y15/PHASER_OUT_PHY | X1Y3         |           2 |               0 |        2.500 | oserdes_clk_3  | mb_preset_i/mig_7series_0/u_mb_preset_mig_7series_0_0_mig/u_memc_ui_top_axi/mem_intfc0/ddr_phy_top0/u_ddr_mc_phy_wrapper/u_ddr_mc_phy/ddr_phy_4lanes_0.u_ddr_phy_4lanes/ddr_byte_lane_D.ddr_byte_lane_D/phaser_out/OCLKDELAYED | mb_preset_i/mig_7series_0/u_mb_preset_mig_7series_0_0_mig/u_memc_ui_top_axi/mem_intfc0/ddr_phy_top0/u_ddr_mc_phy_wrapper/u_ddr_mc_phy/ddr_phy_4lanes_0.u_ddr_phy_4lanes/ddr_byte_lane_D.ddr_byte_lane_D/oserdes_clk_delayed |
| 6        | PHASER_OUT_PHY/OCLKDELAYED | PHASER_OUT_PHY_X1Y4  | PHASER_OUT_PHY_X1Y4/PHASER_OUT_PHY  | X1Y1         |           2 |               0 |        2.500 | oserdes_clk_7  | mb_preset_i/mig_7series_0/u_mb_preset_mig_7series_0_0_mig/u_memc_ui_top_axi/mem_intfc0/ddr_phy_top0/u_ddr_mc_phy_wrapper/u_ddr_mc_phy/ddr_phy_4lanes_2.u_ddr_phy_4lanes/ddr_byte_lane_A.ddr_byte_lane_A/phaser_out/OCLKDELAYED | mb_preset_i/mig_7series_0/u_mb_preset_mig_7series_0_0_mig/u_memc_ui_top_axi/mem_intfc0/ddr_phy_top0/u_ddr_mc_phy_wrapper/u_ddr_mc_phy/ddr_phy_4lanes_2.u_ddr_phy_4lanes/ddr_byte_lane_A.ddr_byte_lane_A/oserdes_clk_delayed |
| 7        | PHASER_OUT_PHY/OCLKDELAYED | PHASER_OUT_PHY_X1Y5  | PHASER_OUT_PHY_X1Y5/PHASER_OUT_PHY  | X1Y1         |           2 |               0 |        2.500 | oserdes_clk_8  | mb_preset_i/mig_7series_0/u_mb_preset_mig_7series_0_0_mig/u_memc_ui_top_axi/mem_intfc0/ddr_phy_top0/u_ddr_mc_phy_wrapper/u_ddr_mc_phy/ddr_phy_4lanes_2.u_ddr_phy_4lanes/ddr_byte_lane_B.ddr_byte_lane_B/phaser_out/OCLKDELAYED | mb_preset_i/mig_7series_0/u_mb_preset_mig_7series_0_0_mig/u_memc_ui_top_axi/mem_intfc0/ddr_phy_top0/u_ddr_mc_phy_wrapper/u_ddr_mc_phy/ddr_phy_4lanes_2.u_ddr_phy_4lanes/ddr_byte_lane_B.ddr_byte_lane_B/oserdes_clk_delayed |
| 8        | PHASER_OUT_PHY/OCLKDELAYED | PHASER_OUT_PHY_X1Y6  | PHASER_OUT_PHY_X1Y6/PHASER_OUT_PHY  | X1Y1         |           2 |               0 |        2.500 | oserdes_clk_9  | mb_preset_i/mig_7series_0/u_mb_preset_mig_7series_0_0_mig/u_memc_ui_top_axi/mem_intfc0/ddr_phy_top0/u_ddr_mc_phy_wrapper/u_ddr_mc_phy/ddr_phy_4lanes_2.u_ddr_phy_4lanes/ddr_byte_lane_C.ddr_byte_lane_C/phaser_out/OCLKDELAYED | mb_preset_i/mig_7series_0/u_mb_preset_mig_7series_0_0_mig/u_memc_ui_top_axi/mem_intfc0/ddr_phy_top0/u_ddr_mc_phy_wrapper/u_ddr_mc_phy/ddr_phy_4lanes_2.u_ddr_phy_4lanes/ddr_byte_lane_C.ddr_byte_lane_C/oserdes_clk_delayed |
| 9        | PHASER_OUT_PHY/OCLKDELAYED | PHASER_OUT_PHY_X1Y7  | PHASER_OUT_PHY_X1Y7/PHASER_OUT_PHY  | X1Y1         |           2 |               0 |        2.500 | oserdes_clk_10 | mb_preset_i/mig_7series_0/u_mb_preset_mig_7series_0_0_mig/u_memc_ui_top_axi/mem_intfc0/ddr_phy_top0/u_ddr_mc_phy_wrapper/u_ddr_mc_phy/ddr_phy_4lanes_2.u_ddr_phy_4lanes/ddr_byte_lane_D.ddr_byte_lane_D/phaser_out/OCLKDELAYED | mb_preset_i/mig_7series_0/u_mb_preset_mig_7series_0_0_mig/u_memc_ui_top_axi/mem_intfc0/ddr_phy_top0/u_ddr_mc_phy_wrapper/u_ddr_mc_phy/ddr_phy_4lanes_2.u_ddr_phy_4lanes/ddr_byte_lane_D.ddr_byte_lane_D/oserdes_clk_delayed |
+----------+----------------------------+----------------------+-------------------------------------+--------------+-------------+-----------------+--------------+----------------+--------------------------------------------------------------------------------------------------------------------------------------------------------------------------------------------------------------------------------+-----------------------------------------------------------------------------------------------------------------------------------------------------------------------------------------------------------------------------+
* Local Clocks in this context represents only clocks driven by non-global buffers
** Clock Loads column represents cell count of net connects that connect to a clock pin. Internal cell leaf pins are not considered
*** Non-Clock Loads column represents cell count of non-clock pin loads


5. Clock Regions: Key Resource Utilization
------------------------------------------

+-------------------+--------------+--------------+--------------+--------------+--------------+--------------+--------------+--------------+--------------+--------------+---------------+--------------+--------------+--------------+--------------+
|                   | Global Clock |     BUFRs    |    BUFMRs    |    BUFIOs    |     MMCM     |      PLL     |      GT      |      PCI     |    ILOGIC    |    OLOGIC    |       FF      |     LUTM     |    RAMB18    |    RAMB36    |    DSP48E2   |
+-------------------+------+-------+------+-------+------+-------+------+-------+------+-------+------+-------+------+-------+------+-------+------+-------+------+-------+-------+-------+------+-------+------+-------+------+-------+------+-------+
| Clock Region Name | Used | Avail | Used | Avail | Used | Avail | Used | Avail | Used | Avail | Used | Avail | Used | Avail | Used | Avail | Used | Avail | Used | Avail | Used  | Avail | Used | Avail | Used | Avail | Used | Avail | Used | Avail |
+-------------------+------+-------+------+-------+------+-------+------+-------+------+-------+------+-------+------+-------+------+-------+------+-------+------+-------+-------+-------+------+-------+------+-------+------+-------+------+-------+
| X0Y0              |    2 |    12 |    0 |     4 |    0 |     2 |    0 |     4 |    0 |     1 |    0 |     1 |    0 |     4 |    0 |     0 |    0 |    50 |    0 |    50 |  7593 |  2700 | 3409 |   800 |    0 |    60 |   23 |    30 |    0 |    60 |
| X1Y0              |    3 |    12 |    0 |     4 |    0 |     2 |    0 |     4 |    1 |     1 |    0 |     1 |    0 |     4 |    0 |     0 |    0 |    50 |    0 |    50 |    78 |  2500 |   78 |   800 |    0 |    40 |    0 |    20 |    0 |    40 |
| X0Y1              |    8 |    12 |    1 |     4 |    0 |     2 |    1 |     4 |    0 |     1 |    0 |     1 |    0 |     0 |    0 |     0 |    5 |    50 |    6 |    50 |  9096 |  4200 | 2939 |  1400 |    0 |   100 |    3 |    50 |    0 |   100 |
| X1Y1              |    6 |    12 |    0 |     4 |    0 |     2 |    0 |     4 |    0 |     1 |    0 |     1 |    0 |     0 |    0 |     0 |    0 |    50 |    8 |    50 | 11742 |  4000 | 5246 |  1400 |    0 |    80 |    3 |    40 |    0 |    80 |
| X0Y2              |    5 |    12 |    0 |     4 |    0 |     2 |    0 |     4 |    1 |     1 |    0 |     1 |    0 |     0 |    0 |     0 |    4 |    50 |    0 |    50 |  5309 |  3600 | 2179 |  1400 |    0 |   100 |   31 |    50 |    4 |   100 |
| X1Y2              |    4 |    12 |    0 |     4 |    0 |     2 |    0 |     4 |    1 |     1 |    0 |     1 |    0 |     0 |    0 |     0 |    0 |    50 |    0 |    50 | 10140 |  4000 | 4922 |  1400 |    0 |    80 |    2 |    40 |    0 |    80 |
| X0Y3              |    6 |    12 |    0 |     4 |    0 |     2 |    0 |     4 |    0 |     1 |    0 |     1 |    0 |     0 |    0 |     0 |    0 |    50 |    0 |    50 |  2105 |  3600 |  875 |  1400 |    0 |   100 |   17 |    50 |    2 |   100 |
| X1Y3              |    4 |    12 |    0 |     4 |    0 |     2 |    0 |     4 |    0 |     1 |    0 |     1 |    0 |     0 |    0 |     0 |    0 |    50 |    8 |    50 |  2250 |  4000 |  724 |  1400 |    0 |    80 |    2 |    40 |    0 |    80 |
| X0Y4              |    0 |    12 |    0 |     4 |    0 |     2 |    0 |     4 |    0 |     1 |    0 |     1 |    0 |     4 |    0 |     1 |    0 |    50 |    0 |    50 |     0 |  2550 |    0 |   750 |    0 |    50 |    0 |    25 |    0 |    60 |
| X1Y4              |    0 |    12 |    0 |     4 |    0 |     2 |    0 |     4 |    0 |     1 |    0 |     1 |    0 |     4 |    0 |     0 |    0 |    50 |    0 |    50 |     0 |  2500 |    0 |   800 |    0 |    40 |    0 |    20 |    0 |    40 |
+-------------------+------+-------+------+-------+------+-------+------+-------+------+-------+------+-------+------+-------+------+-------+------+-------+------+-------+-------+-------+------+-------+------+-------+------+-------+------+-------+
* Global Clock column represents track count; while other columns represents cell counts


6. Clock Regions : Global Clock Summary
---------------------------------------

All Modules
+----+----+----+
|    | X0 | X1 |
+----+----+----+
| Y4 |  0 |  0 |
| Y3 |  6 |  4 |
| Y2 |  5 |  4 |
| Y1 |  8 |  6 |
| Y0 |  2 |  3 |
+----+----+----+


7. Device Cell Placement Summary for Global Clock g0
----------------------------------------------------

+-----------+-----------------+-------------------+--------------+-------------+---------------+-------------+----------+----------------+----------+-----------------------------------------------------------------------------------------------+
| Global Id | Driver Type/Pin | Driver Region (D) | Clock        | Period (ns) | Waveform (ns) | Slice Loads | IO Loads | Clocking Loads | GT Loads | Net                                                                                           |
+-----------+-----------------+-------------------+--------------+-------------+---------------+-------------+----------+----------------+----------+-----------------------------------------------------------------------------------------------+
| g0        | BUFG/O          | n/a               | mmcm_clkout0 |      10.000 | {0.000 5.000} |       27365 |        0 |              1 |        0 | mb_preset_i/mig_7series_0/u_mb_preset_mig_7series_0_0_mig/u_ddr3_infrastructure/ui_addn_clk_0 |
+-----------+-----------------+-------------------+--------------+-------------+---------------+-------------+----------+----------------+----------+-----------------------------------------------------------------------------------------------+
* Slice Loads column represents load cell count of all cell types other than IO, GT and clock resources
** IO Loads column represents load cell count of IO types
*** Clocking Loads column represents load cell count that are clock resources (global clock buffer, MMCM, PLL, etc)
**** GT Loads column represents load cell count of GT types


+----+-------+-------+-----------------------+
|    | X0    | X1    | HORIZONTAL PROG DELAY |
+----+-------+-------+-----------------------+
| Y4 |     0 |     0 |                     - |
| Y3 |  1992 |    30 |                     0 |
| Y2 |  5084 |  6579 |                     0 |
| Y1 |  3936 |  9678 |                     0 |
| Y0 |    36 |    31 |                     0 |
+----+-------+-------+-----------------------+


8. Device Cell Placement Summary for Global Clock g1
----------------------------------------------------

+-----------+-----------------+-------------------+--------------------------------------------+-------------+---------------+-------------+----------+----------------+----------+-------------------------------------------------+
| Global Id | Driver Type/Pin | Driver Region (D) | Clock                                      | Period (ns) | Waveform (ns) | Slice Loads | IO Loads | Clocking Loads | GT Loads | Net                                             |
+-----------+-----------------+-------------------+--------------------------------------------+-------------+---------------+-------------+----------+----------------+----------+-------------------------------------------------+
| g1        | BUFG/O          | n/a               | clk_out1_mb_preset_axi_ethernet_0_refclk_0 |       5.000 | {0.000 2.500} |       10593 |        0 |              0 |        0 | mb_preset_i/axi_ethernet_0_refclk/inst/clk_out1 |
+-----------+-----------------+-------------------+--------------------------------------------+-------------+---------------+-------------+----------+----------------+----------+-------------------------------------------------+
* Slice Loads column represents load cell count of all cell types other than IO, GT and clock resources
** IO Loads column represents load cell count of IO types
*** Clocking Loads column represents load cell count that are clock resources (global clock buffer, MMCM, PLL, etc)
**** GT Loads column represents load cell count of GT types


+----+-------+----+-----------------------+
|    | X0    | X1 | HORIZONTAL PROG DELAY |
+----+-------+----+-----------------------+
| Y4 |     0 |  0 |                     - |
| Y3 |    12 |  0 |                     0 |
| Y2 |     0 |  0 |                     - |
| Y1 |  2069 |  0 |                     0 |
| Y0 |  8512 |  0 |                     0 |
+----+-------+----+-----------------------+


9. Device Cell Placement Summary for Global Clock g2
----------------------------------------------------

+-----------+-----------------+-------------------+-----------+-------------+---------------+-------------+----------+----------------+----------+--------------------------------------------------------------------------------------------------+
| Global Id | Driver Type/Pin | Driver Region (D) | Clock     | Period (ns) | Waveform (ns) | Slice Loads | IO Loads | Clocking Loads | GT Loads | Net                                                                                              |
+-----------+-----------------+-------------------+-----------+-------------+---------------+-------------+----------+----------------+----------+--------------------------------------------------------------------------------------------------+
| g2        | BUFG/O          | n/a               | clk_pll_i |      10.000 | {0.000 5.000} |        8550 |        0 |              1 |        0 | mb_preset_i/mig_7series_0/u_mb_preset_mig_7series_0_0_mig/u_ddr3_infrastructure/u_bufg_clkdiv0_0 |
+-----------+-----------------+-------------------+-----------+-------------+---------------+-------------+----------+----------------+----------+--------------------------------------------------------------------------------------------------+
* Slice Loads column represents load cell count of all cell types other than IO, GT and clock resources
** IO Loads column represents load cell count of IO types
*** Clocking Loads column represents load cell count that are clock resources (global clock buffer, MMCM, PLL, etc)
**** GT Loads column represents load cell count of GT types


+----+-----+-------+-----------------------+
|    | X0  | X1    | HORIZONTAL PROG DELAY |
+----+-----+-------+-----------------------+
| Y4 |   0 |     0 |                     - |
| Y3 |  77 |  2346 |                     0 |
| Y2 |   0 |  4099 |                     0 |
| Y1 |   0 |  1981 |                     0 |
| Y0 |   0 |    48 |                     0 |
+----+-----+-------+-----------------------+


10. Device Cell Placement Summary for Global Clock g3
-----------------------------------------------------

+-----------+-----------------+-------------------+---------+-------------+---------------+-------------+----------+----------------+----------+-----------------------------------------------------------------------------------------------+
| Global Id | Driver Type/Pin | Driver Region (D) | Clock   | Period (ns) | Waveform (ns) | Slice Loads | IO Loads | Clocking Loads | GT Loads | Net                                                                                           |
+-----------+-----------------+-------------------+---------+-------------+---------------+-------------+----------+----------------+----------+-----------------------------------------------------------------------------------------------+
| g3        | BUFGCTRL/O      | n/a               | clkout0 |       8.000 | {0.000 4.000} |        1683 |        0 |              0 |        0 | mb_preset_i/axi_ethernet_0/inst/mac/inst/tri_mode_ethernet_mac_support_clocking_i/gtx_clk_out |
+-----------+-----------------+-------------------+---------+-------------+---------------+-------------+----------+----------------+----------+-----------------------------------------------------------------------------------------------+
* Slice Loads column represents load cell count of all cell types other than IO, GT and clock resources
** IO Loads column represents load cell count of IO types
*** Clocking Loads column represents load cell count that are clock resources (global clock buffer, MMCM, PLL, etc)
**** GT Loads column represents load cell count of GT types


+----+-------+------+-----------------------+
|    | X0    | X1   | HORIZONTAL PROG DELAY |
+----+-------+------+-----------------------+
| Y4 |     0 |    0 |                     - |
| Y3 |     0 |    0 |                     - |
| Y2 |     0 |    0 |                     - |
| Y1 |  1486 |  197 |                     0 |
| Y0 |     0 |    0 |                     - |
+----+-------+------+-----------------------+


11. Device Cell Placement Summary for Global Clock g4
-----------------------------------------------------

+-----------+-----------------+-------------------+-----------+-------------+---------------+-------------+----------+----------------+----------+------------------------------------------------------------------------------------------------------+
| Global Id | Driver Type/Pin | Driver Region (D) | Clock     | Period (ns) | Waveform (ns) | Slice Loads | IO Loads | Clocking Loads | GT Loads | Net                                                                                                  |
+-----------+-----------------+-------------------+-----------+-------------+---------------+-------------+----------+----------------+----------+------------------------------------------------------------------------------------------------------+
| g4        | BUFR/O          | X0Y1              | rgmii_rxc |       8.000 | {0.000 4.000} |        1443 |        0 |              0 |        0 | mb_preset_i/axi_ethernet_0/inst/mac/inst/tri_mode_ethernet_mac_i/rgmii_interface/bufr_rgmii_rx_clk_0 |
+-----------+-----------------+-------------------+-----------+-------------+---------------+-------------+----------+----------------+----------+------------------------------------------------------------------------------------------------------+
* Slice Loads column represents load cell count of all cell types other than IO, GT and clock resources
** IO Loads column represents load cell count of IO types
*** Clocking Loads column represents load cell count that are clock resources (global clock buffer, MMCM, PLL, etc)
**** GT Loads column represents load cell count of GT types


+----+-----------+----+-----------------------+
|    | X0        | X1 | HORIZONTAL PROG DELAY |
+----+-----------+----+-----------------------+
| Y4 |         0 |  0 |                     - |
| Y3 |         0 |  0 |                     - |
| Y2 |         0 |  0 |                     - |
| Y1 |  (D) 1443 |  0 |                     0 |
| Y0 |         0 |  0 |                     - |
+----+-----------+----+-----------------------+


12. Device Cell Placement Summary for Global Clock g5
-----------------------------------------------------

+-----------+-----------------+-------------------+--------------------------------------------------------------------------------------------+-------------+----------------+-------------+----------+----------------+----------+----------------------------------------+
| Global Id | Driver Type/Pin | Driver Region (D) | Clock                                                                                      | Period (ns) | Waveform (ns)  | Slice Loads | IO Loads | Clocking Loads | GT Loads | Net                                    |
+-----------+-----------------+-------------------+--------------------------------------------------------------------------------------------+-------------+----------------+-------------+----------+----------------+----------+----------------------------------------+
| g5        | BUFG/O          | n/a               | dbg_hub/inst/BSCANID.u_xsdbm_id/SWITCH_N_EXT_BSCAN.bscan_inst/SERIES7_BSCAN.bscan_inst/TCK |      33.000 | {0.000 16.500} |         466 |        0 |              0 |        0 | dbg_hub/inst/BSCANID.u_xsdbm_id/itck_i |
+-----------+-----------------+-------------------+--------------------------------------------------------------------------------------------+-------------+----------------+-------------+----------+----------------+----------+----------------------------------------+
* Slice Loads column represents load cell count of all cell types other than IO, GT and clock resources
** IO Loads column represents load cell count of IO types
*** Clocking Loads column represents load cell count that are clock resources (global clock buffer, MMCM, PLL, etc)
**** GT Loads column represents load cell count of GT types


+----+------+------+-----------------------+
|    | X0   | X1   | HORIZONTAL PROG DELAY |
+----+------+------+-----------------------+
| Y4 |    0 |    0 |                     - |
| Y3 |    0 |    0 |                     - |
| Y2 |    0 |    0 |                     - |
| Y1 |  307 |  159 |                     0 |
| Y0 |    0 |    0 |                     - |
+----+------+------+-----------------------+


13. Device Cell Placement Summary for Global Clock g6
-----------------------------------------------------

+-----------+-----------------+-------------------+-----------------------------------------------------------+-------------+----------------+-------------+----------+----------------+----------+------------------------------------------------------------+
| Global Id | Driver Type/Pin | Driver Region (D) | Clock                                                     | Period (ns) | Waveform (ns)  | Slice Loads | IO Loads | Clocking Loads | GT Loads | Net                                                        |
+-----------+-----------------+-------------------+-----------------------------------------------------------+-------------+----------------+-------------+----------+----------------+----------+------------------------------------------------------------+
| g6        | BUFGCTRL/O      | n/a               | mb_preset_i/mdm_1/U0/Use_E2.BSCAN_I/Use_E2.BSCANE2_I/DRCK |      33.333 | {0.000 16.667} |         281 |        0 |              0 |        0 | mb_preset_i/mdm_1/U0/No_Dbg_Reg_Access.BUFG_DRCK/Dbg_Clk_0 |
+-----------+-----------------+-------------------+-----------------------------------------------------------+-------------+----------------+-------------+----------+----------------+----------+------------------------------------------------------------+
* Slice Loads column represents load cell count of all cell types other than IO, GT and clock resources
** IO Loads column represents load cell count of IO types
*** Clocking Loads column represents load cell count that are clock resources (global clock buffer, MMCM, PLL, etc)
**** GT Loads column represents load cell count of GT types


+----+------+----+-----------------------+
|    | X0   | X1 | HORIZONTAL PROG DELAY |
+----+------+----+-----------------------+
| Y4 |    0 |  0 |                     - |
| Y3 |   51 |  1 |                     0 |
| Y2 |  228 |  1 |                     0 |
| Y1 |    0 |  0 |                     - |
| Y0 |    0 |  0 |                     - |
+----+------+----+-----------------------+


14. Device Cell Placement Summary for Global Clock g7
-----------------------------------------------------

+-----------+-----------------+-------------------+--------------------------------------------+-------------+----------------+-------------+----------+----------------+----------+-------------------------------------------------+
| Global Id | Driver Type/Pin | Driver Region (D) | Clock                                      | Period (ns) | Waveform (ns)  | Slice Loads | IO Loads | Clocking Loads | GT Loads | Net                                             |
+-----------+-----------------+-------------------+--------------------------------------------+-------------+----------------+-------------+----------+----------------+----------+-------------------------------------------------+
| g7        | BUFG/O          | n/a               | clk_out3_mb_preset_axi_ethernet_0_refclk_0 |      20.000 | {0.000 10.000} |         232 |        0 |              0 |        0 | mb_preset_i/axi_ethernet_0_refclk/inst/clk_out3 |
+-----------+-----------------+-------------------+--------------------------------------------+-------------+----------------+-------------+----------+----------------+----------+-------------------------------------------------+
* Slice Loads column represents load cell count of all cell types other than IO, GT and clock resources
** IO Loads column represents load cell count of IO types
*** Clocking Loads column represents load cell count that are clock resources (global clock buffer, MMCM, PLL, etc)
**** GT Loads column represents load cell count of GT types


+----+------+----+-----------------------+
|    | X0   | X1 | HORIZONTAL PROG DELAY |
+----+------+----+-----------------------+
| Y4 |    0 |  0 |                     - |
| Y3 |    0 |  0 |                     - |
| Y2 |  232 |  0 |                     0 |
| Y1 |    0 |  0 |                     - |
| Y0 |    0 |  0 |                     - |
+----+------+----+-----------------------+


15. Device Cell Placement Summary for Global Clock g8
-----------------------------------------------------

+-----------+-----------------+-------------------+--------------------------------------------+-------------+---------------+-------------+----------+----------------+----------+-------------------------------------------------+
| Global Id | Driver Type/Pin | Driver Region (D) | Clock                                      | Period (ns) | Waveform (ns) | Slice Loads | IO Loads | Clocking Loads | GT Loads | Net                                             |
+-----------+-----------------+-------------------+--------------------------------------------+-------------+---------------+-------------+----------+----------------+----------+-------------------------------------------------+
| g8        | BUFG/O          | n/a               | clk_out2_mb_preset_axi_ethernet_0_refclk_0 |       8.000 | {0.000 4.000} |          84 |        0 |              1 |        0 | mb_preset_i/axi_ethernet_0_refclk/inst/clk_out2 |
+-----------+-----------------+-------------------+--------------------------------------------+-------------+---------------+-------------+----------+----------------+----------+-------------------------------------------------+
* Slice Loads column represents load cell count of all cell types other than IO, GT and clock resources
** IO Loads column represents load cell count of IO types
*** Clocking Loads column represents load cell count that are clock resources (global clock buffer, MMCM, PLL, etc)
**** GT Loads column represents load cell count of GT types


+----+-----+-----+-----------------------+
|    | X0  | X1  | HORIZONTAL PROG DELAY |
+----+-----+-----+-----------------------+
| Y4 |   0 |   0 |                     - |
| Y3 |   0 |   0 |                     - |
| Y2 |   1 |   0 |                     0 |
| Y1 |  17 |  67 |                     0 |
| Y0 |   0 |   0 |                     - |
+----+-----+-----+-----------------------+


16. Device Cell Placement Summary for Global Clock g9
-----------------------------------------------------

+-----------+-----------------+-------------------+----------------------+-------------+---------------+-------------+----------+----------------+----------+------------------------------------------------------------------------------+
| Global Id | Driver Type/Pin | Driver Region (D) | Clock                | Period (ns) | Waveform (ns) | Slice Loads | IO Loads | Clocking Loads | GT Loads | Net                                                                          |
+-----------+-----------------+-------------------+----------------------+-------------+---------------+-------------+----------+----------------+----------+------------------------------------------------------------------------------+
| g9        | BUFG/O          | n/a               | sys_diff_clock_clk_p |       5.000 | {0.000 2.500} |          63 |        0 |              0 |        0 | mb_preset_i/mig_7series_0/u_mb_preset_mig_7series_0_0_mig/u_iodelay_ctrl/CLK |
+-----------+-----------------+-------------------+----------------------+-------------+---------------+-------------+----------+----------------+----------+------------------------------------------------------------------------------+
* Slice Loads column represents load cell count of all cell types other than IO, GT and clock resources
** IO Loads column represents load cell count of IO types
*** Clocking Loads column represents load cell count that are clock resources (global clock buffer, MMCM, PLL, etc)
**** GT Loads column represents load cell count of GT types


+----+-----+-----+-----------------------+
|    | X0  | X1  | HORIZONTAL PROG DELAY |
+----+-----+-----+-----------------------+
| Y4 |   0 |   0 |                     - |
| Y3 |  46 |  16 |                     0 |
| Y2 |   0 |   0 |                     - |
| Y1 |   0 |   1 |                     0 |
| Y0 |   0 |   0 |                     - |
+----+-----+-----+-----------------------+


17. Device Cell Placement Summary for Global Clock g10
------------------------------------------------------

+-----------+-----------------+-------------------+-------------------------------------------------------------+-------------+----------------+-------------+----------+----------------+----------+-------------------------------------------------------+
| Global Id | Driver Type/Pin | Driver Region (D) | Clock                                                       | Period (ns) | Waveform (ns)  | Slice Loads | IO Loads | Clocking Loads | GT Loads | Net                                                   |
+-----------+-----------------+-------------------+-------------------------------------------------------------+-------------+----------------+-------------+----------+----------------+----------+-------------------------------------------------------+
| g10       | BUFG/O          | n/a               | mb_preset_i/mdm_1/U0/Use_E2.BSCAN_I/Use_E2.BSCANE2_I/UPDATE |      33.333 | {0.000 16.667} |          40 |        0 |              0 |        0 | mb_preset_i/mdm_1/U0/Use_E2.BSCAN_I/Dbg_Update_0_BUFG |
+-----------+-----------------+-------------------+-------------------------------------------------------------+-------------+----------------+-------------+----------+----------------+----------+-------------------------------------------------------+
* Slice Loads column represents load cell count of all cell types other than IO, GT and clock resources
** IO Loads column represents load cell count of IO types
*** Clocking Loads column represents load cell count that are clock resources (global clock buffer, MMCM, PLL, etc)
**** GT Loads column represents load cell count of GT types


+----+-----+----+-----------------------+
|    | X0  | X1 | HORIZONTAL PROG DELAY |
+----+-----+----+-----------------------+
| Y4 |   0 |  0 |                     - |
| Y3 |  10 |  0 |                     0 |
| Y2 |  30 |  0 |                     0 |
| Y1 |   0 |  0 |                     - |
| Y0 |   0 |  0 |                     - |
+----+-----+----+-----------------------+


18. Device Cell Placement Summary for Global Clock g11
------------------------------------------------------

+-----------+-----------------+-------------------+---------+-------------+---------------+-------------+----------+----------------+----------+-------------------------------------------------------------------------------------------------+
| Global Id | Driver Type/Pin | Driver Region (D) | Clock   | Period (ns) | Waveform (ns) | Slice Loads | IO Loads | Clocking Loads | GT Loads | Net                                                                                             |
+-----------+-----------------+-------------------+---------+-------------+---------------+-------------+----------+----------------+----------+-------------------------------------------------------------------------------------------------+
| g11       | BUFGCTRL/O      | n/a               | clkout1 |       8.000 | {2.000 6.000} |          37 |        0 |              0 |        0 | mb_preset_i/axi_ethernet_0/inst/mac/inst/tri_mode_ethernet_mac_support_clocking_i/gtx_clk90_out |
+-----------+-----------------+-------------------+---------+-------------+---------------+-------------+----------+----------------+----------+-------------------------------------------------------------------------------------------------+
* Slice Loads column represents load cell count of all cell types other than IO, GT and clock resources
** IO Loads column represents load cell count of IO types
*** Clocking Loads column represents load cell count that are clock resources (global clock buffer, MMCM, PLL, etc)
**** GT Loads column represents load cell count of GT types


+----+-----+----+-----------------------+
|    | X0  | X1 | HORIZONTAL PROG DELAY |
+----+-----+----+-----------------------+
| Y4 |   0 |  0 |                     - |
| Y3 |   0 |  0 |                     - |
| Y2 |   0 |  0 |                     - |
| Y1 |  37 |  0 |                     0 |
| Y0 |   0 |  0 |                     - |
+----+-----+----+-----------------------+


19. Device Cell Placement Summary for Global Clock g12
------------------------------------------------------

+-----------+-----------------+-------------------+--------------------------------------------+-------------+---------------+-------------+----------+----------------+----------+---------------------------------------------------------------------------------------+
| Global Id | Driver Type/Pin | Driver Region (D) | Clock                                      | Period (ns) | Waveform (ns) | Slice Loads | IO Loads | Clocking Loads | GT Loads | Net                                                                                   |
+-----------+-----------------+-------------------+--------------------------------------------+-------------+---------------+-------------+----------+----------------+----------+---------------------------------------------------------------------------------------+
| g12       | BUFG/O          | n/a               | clkfbout_mb_preset_axi_ethernet_0_refclk_0 |      10.000 | {0.000 5.000} |           0 |        0 |              1 |        0 | mb_preset_i/axi_ethernet_0_refclk/inst/clkfbout_buf_mb_preset_axi_ethernet_0_refclk_0 |
+-----------+-----------------+-------------------+--------------------------------------------+-------------+---------------+-------------+----------+----------------+----------+---------------------------------------------------------------------------------------+
* Slice Loads column represents load cell count of all cell types other than IO, GT and clock resources
** IO Loads column represents load cell count of IO types
*** Clocking Loads column represents load cell count that are clock resources (global clock buffer, MMCM, PLL, etc)
**** GT Loads column represents load cell count of GT types


+----+----+----+-----------------------+
|    | X0 | X1 | HORIZONTAL PROG DELAY |
+----+----+----+-----------------------+
| Y4 |  0 |  0 |                     - |
| Y3 |  0 |  0 |                     - |
| Y2 |  0 |  0 |                     - |
| Y1 |  0 |  0 |                     - |
| Y0 |  0 |  1 |                     0 |
+----+----+----+-----------------------+


20. Device Cell Placement Summary for Global Clock g13
------------------------------------------------------

+-----------+-----------------+-------------------+--------------+-------------+---------------+-------------+----------+----------------+----------+------------------------------------------------------------------------------------------+
| Global Id | Driver Type/Pin | Driver Region (D) | Clock        | Period (ns) | Waveform (ns) | Slice Loads | IO Loads | Clocking Loads | GT Loads | Net                                                                                      |
+-----------+-----------------+-------------------+--------------+-------------+---------------+-------------+----------+----------------+----------+------------------------------------------------------------------------------------------+
| g13       | BUFH/O          | X1Y2              | pll_clk3_out |      10.000 | {0.000 5.000} |           0 |        0 |              1 |        0 | mb_preset_i/mig_7series_0/u_mb_preset_mig_7series_0_0_mig/u_ddr3_infrastructure/pll_clk3 |
+-----------+-----------------+-------------------+--------------+-------------+---------------+-------------+----------+----------------+----------+------------------------------------------------------------------------------------------+
* Slice Loads column represents load cell count of all cell types other than IO, GT and clock resources
** IO Loads column represents load cell count of IO types
*** Clocking Loads column represents load cell count that are clock resources (global clock buffer, MMCM, PLL, etc)
**** GT Loads column represents load cell count of GT types


+----+----+--------+-----------------------+
|    | X0 | X1     | HORIZONTAL PROG DELAY |
+----+----+--------+-----------------------+
| Y4 |  0 |      0 |                     - |
| Y3 |  0 |      0 |                     - |
| Y2 |  0 |  (D) 1 |                     0 |
| Y1 |  0 |      0 |                     - |
| Y0 |  0 |      0 |                     - |
+----+----+--------+-----------------------+


21. Clock Region Cell Placement per Global Clock: Region X0Y0
-------------------------------------------------------------

+-----------+-------+-----------------+------------+-------------+-----------------+------+-------------+------+-----+----+------+-----+---------+-----------------------------------------------------------------------------------------------+
| Global Id | Track | Driver Type/Pin | Constraint | Clock Loads | Non-Clock Loads | FF   | Memory LUTs | RAMB | DSP | GT | MMCM | PLL | Hard IP | Net                                                                                           |
+-----------+-------+-----------------+------------+-------------+-----------------+------+-------------+------+-----+----+------+-----+---------+-----------------------------------------------------------------------------------------------+
| g0        | n/a   | BUFG/O          | None       |          36 |               0 |   36 |           0 |    0 |   0 |  0 |    0 |   0 |       0 | mb_preset_i/mig_7series_0/u_mb_preset_mig_7series_0_0_mig/u_ddr3_infrastructure/ui_addn_clk_0 |
| g1        | n/a   | BUFG/O          | None       |        8512 |               0 | 7557 |         931 |   23 |   0 |  0 |    0 |   0 |       0 | mb_preset_i/axi_ethernet_0_refclk/inst/clk_out1                                               |
+-----------+-------+-----------------+------------+-------------+-----------------+------+-------------+------+-----+----+------+-----+---------+-----------------------------------------------------------------------------------------------+
* Clock Loads column represents cell count of net connects that connect to a clock pin. Internal cell leaf pins are not considered
** Non-Clock Loads column represents cell count of non-clock pin loads
*** Columns FF, LUTRAM, RAMB through 'Hard IP' represents load cell counts


22. Clock Region Cell Placement per Global Clock: Region X1Y0
-------------------------------------------------------------

+-----------+-------+-----------------+------------+-------------+-----------------+----+-------------+------+-----+----+------+-----+---------+--------------------------------------------------------------------------------------------------+
| Global Id | Track | Driver Type/Pin | Constraint | Clock Loads | Non-Clock Loads | FF | Memory LUTs | RAMB | DSP | GT | MMCM | PLL | Hard IP | Net                                                                                              |
+-----------+-------+-----------------+------------+-------------+-----------------+----+-------------+------+-----+----+------+-----+---------+--------------------------------------------------------------------------------------------------+
| g0        | n/a   | BUFG/O          | None       |          31 |               0 | 30 |           0 |    0 |   0 |  0 |    1 |   0 |       0 | mb_preset_i/mig_7series_0/u_mb_preset_mig_7series_0_0_mig/u_ddr3_infrastructure/ui_addn_clk_0    |
| g2        | n/a   | BUFG/O          | None       |          48 |               0 | 48 |           0 |    0 |   0 |  0 |    0 |   0 |       0 | mb_preset_i/mig_7series_0/u_mb_preset_mig_7series_0_0_mig/u_ddr3_infrastructure/u_bufg_clkdiv0_0 |
| g12       | n/a   | BUFG/O          | None       |           1 |               0 |  0 |           0 |    0 |   0 |  0 |    1 |   0 |       0 | mb_preset_i/axi_ethernet_0_refclk/inst/clkfbout_buf_mb_preset_axi_ethernet_0_refclk_0            |
+-----------+-------+-----------------+------------+-------------+-----------------+----+-------------+------+-----+----+------+-----+---------+--------------------------------------------------------------------------------------------------+
* Clock Loads column represents cell count of net connects that connect to a clock pin. Internal cell leaf pins are not considered
** Non-Clock Loads column represents cell count of non-clock pin loads
*** Columns FF, LUTRAM, RAMB through 'Hard IP' represents load cell counts


23. Clock Region Cell Placement per Global Clock: Region X0Y1
-------------------------------------------------------------

+-----------+-------+-----------------+------------+-------------+-----------------+------+-------------+------+-----+----+------+-----+---------+------------------------------------------------------------------------------------------------------+
| Global Id | Track | Driver Type/Pin | Constraint | Clock Loads | Non-Clock Loads | FF   | Memory LUTs | RAMB | DSP | GT | MMCM | PLL | Hard IP | Net                                                                                                  |
+-----------+-------+-----------------+------------+-------------+-----------------+------+-------------+------+-----+----+------+-----+---------+------------------------------------------------------------------------------------------------------+
| g0        | n/a   | BUFG/O          | None       |        3936 |               0 | 3805 |         127 |    3 |   0 |  0 |    0 |   0 |       0 | mb_preset_i/mig_7series_0/u_mb_preset_mig_7series_0_0_mig/u_ddr3_infrastructure/ui_addn_clk_0        |
| g1        | n/a   | BUFG/O          | None       |        2069 |               0 | 2036 |          31 |    1 |   0 |  0 |    0 |   0 |       0 | mb_preset_i/axi_ethernet_0_refclk/inst/clk_out1                                                      |
| g3        | n/a   | BUFGCTRL/O      | None       |        1486 |               0 | 1474 |           7 |    0 |   0 |  0 |    0 |   0 |       0 | mb_preset_i/axi_ethernet_0/inst/mac/inst/tri_mode_ethernet_mac_support_clocking_i/gtx_clk_out        |
| g4        | n/a   | BUFR/O          | None       |        1443 |               0 | 1421 |          20 |    2 |   0 |  0 |    0 |   0 |       0 | mb_preset_i/axi_ethernet_0/inst/mac/inst/tri_mode_ethernet_mac_i/rgmii_interface/bufr_rgmii_rx_clk_0 |
| g5        | n/a   | BUFG/O          | None       |         307 |               0 |  307 |           0 |    0 |   0 |  0 |    0 |   0 |       0 | dbg_hub/inst/BSCANID.u_xsdbm_id/itck_i                                                               |
| g8        | n/a   | BUFG/O          | None       |          17 |               0 |   17 |           0 |    0 |   0 |  0 |    0 |   0 |       0 | mb_preset_i/axi_ethernet_0_refclk/inst/clk_out2                                                      |
| g11       | n/a   | BUFGCTRL/O      | None       |          37 |               0 |   36 |           0 |    0 |   0 |  0 |    0 |   0 |       0 | mb_preset_i/axi_ethernet_0/inst/mac/inst/tri_mode_ethernet_mac_support_clocking_i/gtx_clk90_out      |
+-----------+-------+-----------------+------------+-------------+-----------------+------+-------------+------+-----+----+------+-----+---------+------------------------------------------------------------------------------------------------------+
* Clock Loads column represents cell count of net connects that connect to a clock pin. Internal cell leaf pins are not considered
** Non-Clock Loads column represents cell count of non-clock pin loads
*** Columns FF, LUTRAM, RAMB through 'Hard IP' represents load cell counts


24. Clock Region Cell Placement per Global Clock: Region X1Y1
-------------------------------------------------------------

+-----------+-------+-----------------+------------+-------------+-----------------+------+-------------+------+-----+----+------+-----+---------+--------------------------------------------------------------------------------------------------+
| Global Id | Track | Driver Type/Pin | Constraint | Clock Loads | Non-Clock Loads | FF   | Memory LUTs | RAMB | DSP | GT | MMCM | PLL | Hard IP | Net                                                                                              |
+-----------+-------+-----------------+------------+-------------+-----------------+------+-------------+------+-----+----+------+-----+---------+--------------------------------------------------------------------------------------------------+
| g0        | n/a   | BUFG/O          | None       |        9678 |               0 | 9390 |         284 |    3 |   0 |  0 |    0 |   0 |       0 | mb_preset_i/mig_7series_0/u_mb_preset_mig_7series_0_0_mig/u_ddr3_infrastructure/ui_addn_clk_0    |
| g2        | n/a   | BUFG/O          | None       |        1981 |               0 | 1931 |           1 |    0 |   0 |  0 |    0 |   0 |       0 | mb_preset_i/mig_7series_0/u_mb_preset_mig_7series_0_0_mig/u_ddr3_infrastructure/u_bufg_clkdiv0_0 |
| g3        | n/a   | BUFGCTRL/O      | None       |         197 |               0 |  195 |           0 |    2 |   0 |  0 |    0 |   0 |       0 | mb_preset_i/axi_ethernet_0/inst/mac/inst/tri_mode_ethernet_mac_support_clocking_i/gtx_clk_out    |
| g5        | n/a   | BUFG/O          | None       |         159 |               0 |  159 |           0 |    0 |   0 |  0 |    0 |   0 |       0 | dbg_hub/inst/BSCANID.u_xsdbm_id/itck_i                                                           |
| g8        | n/a   | BUFG/O          | None       |          67 |               0 |   67 |           0 |    0 |   0 |  0 |    0 |   0 |       0 | mb_preset_i/axi_ethernet_0_refclk/inst/clk_out2                                                  |
| g9        | n/a   | BUFG/O          | None       |           1 |               0 |    0 |           0 |    0 |   0 |  0 |    0 |   0 |       0 | mb_preset_i/mig_7series_0/u_mb_preset_mig_7series_0_0_mig/u_iodelay_ctrl/CLK                     |
+-----------+-------+-----------------+------------+-------------+-----------------+------+-------------+------+-----+----+------+-----+---------+--------------------------------------------------------------------------------------------------+
* Clock Loads column represents cell count of net connects that connect to a clock pin. Internal cell leaf pins are not considered
** Non-Clock Loads column represents cell count of non-clock pin loads
*** Columns FF, LUTRAM, RAMB through 'Hard IP' represents load cell counts


25. Clock Region Cell Placement per Global Clock: Region X0Y2
-------------------------------------------------------------

+-----------+-------+-----------------+------------+-------------+-----------------+------+-------------+------+-----+----+------+-----+---------+-----------------------------------------------------------------------------------------------+
| Global Id | Track | Driver Type/Pin | Constraint | Clock Loads | Non-Clock Loads | FF   | Memory LUTs | RAMB | DSP | GT | MMCM | PLL | Hard IP | Net                                                                                           |
+-----------+-------+-----------------+------------+-------------+-----------------+------+-------------+------+-----+----+------+-----+---------+-----------------------------------------------------------------------------------------------+
| g0        | n/a   | BUFG/O          | None       |        5084 |               0 | 4869 |         180 |   31 |   4 |  0 |    0 |   0 |       0 | mb_preset_i/mig_7series_0/u_mb_preset_mig_7series_0_0_mig/u_ddr3_infrastructure/ui_addn_clk_0 |
| g6        | n/a   | BUFGCTRL/O      | None       |         228 |               0 |  179 |          49 |    0 |   0 |  0 |    0 |   0 |       0 | mb_preset_i/mdm_1/U0/No_Dbg_Reg_Access.BUFG_DRCK/Dbg_Clk_0                                    |
| g7        | n/a   | BUFG/O          | None       |         232 |               0 |  232 |           0 |    0 |   0 |  0 |    0 |   0 |       0 | mb_preset_i/axi_ethernet_0_refclk/inst/clk_out3                                               |
| g8        | n/a   | BUFG/O          | None       |           1 |               0 |    0 |           0 |    0 |   0 |  0 |    1 |   0 |       0 | mb_preset_i/axi_ethernet_0_refclk/inst/clk_out2                                               |
| g10       | n/a   | BUFG/O          | None       |          29 |               1 |   29 |           0 |    0 |   0 |  0 |    0 |   0 |       0 | mb_preset_i/mdm_1/U0/Use_E2.BSCAN_I/Dbg_Update_0_BUFG                                         |
+-----------+-------+-----------------+------------+-------------+-----------------+------+-------------+------+-----+----+------+-----+---------+-----------------------------------------------------------------------------------------------+
* Clock Loads column represents cell count of net connects that connect to a clock pin. Internal cell leaf pins are not considered
** Non-Clock Loads column represents cell count of non-clock pin loads
*** Columns FF, LUTRAM, RAMB through 'Hard IP' represents load cell counts


26. Clock Region Cell Placement per Global Clock: Region X1Y2
-------------------------------------------------------------

+-----------+-------+-----------------+------------+-------------+-----------------+------+-------------+------+-----+----+------+-----+---------+--------------------------------------------------------------------------------------------------+
| Global Id | Track | Driver Type/Pin | Constraint | Clock Loads | Non-Clock Loads | FF   | Memory LUTs | RAMB | DSP | GT | MMCM | PLL | Hard IP | Net                                                                                              |
+-----------+-------+-----------------+------------+-------------+-----------------+------+-------------+------+-----+----+------+-----+---------+--------------------------------------------------------------------------------------------------+
| g0        | n/a   | BUFG/O          | None       |        6579 |               0 | 6486 |          91 |    2 |   0 |  0 |    0 |   0 |       0 | mb_preset_i/mig_7series_0/u_mb_preset_mig_7series_0_0_mig/u_ddr3_infrastructure/ui_addn_clk_0    |
| g2        | n/a   | BUFG/O          | None       |        4099 |               0 | 3653 |         438 |    0 |   0 |  0 |    1 |   0 |       0 | mb_preset_i/mig_7series_0/u_mb_preset_mig_7series_0_0_mig/u_ddr3_infrastructure/u_bufg_clkdiv0_0 |
| g6        | n/a   | BUFGCTRL/O      | None       |           1 |               0 |    1 |           0 |    0 |   0 |  0 |    0 |   0 |       0 | mb_preset_i/mdm_1/U0/No_Dbg_Reg_Access.BUFG_DRCK/Dbg_Clk_0                                       |
| g13       | n/a   | BUFH/O          | None       |           1 |               0 |    0 |           0 |    0 |   0 |  0 |    1 |   0 |       0 | mb_preset_i/mig_7series_0/u_mb_preset_mig_7series_0_0_mig/u_ddr3_infrastructure/pll_clk3         |
+-----------+-------+-----------------+------------+-------------+-----------------+------+-------------+------+-----+----+------+-----+---------+--------------------------------------------------------------------------------------------------+
* Clock Loads column represents cell count of net connects that connect to a clock pin. Internal cell leaf pins are not considered
** Non-Clock Loads column represents cell count of non-clock pin loads
*** Columns FF, LUTRAM, RAMB through 'Hard IP' represents load cell counts


27. Clock Region Cell Placement per Global Clock: Region X0Y3
-------------------------------------------------------------

+-----------+-------+-----------------+------------+-------------+-----------------+------+-------------+------+-----+----+------+-----+---------+--------------------------------------------------------------------------------------------------+
| Global Id | Track | Driver Type/Pin | Constraint | Clock Loads | Non-Clock Loads | FF   | Memory LUTs | RAMB | DSP | GT | MMCM | PLL | Hard IP | Net                                                                                              |
+-----------+-------+-----------------+------------+-------------+-----------------+------+-------------+------+-----+----+------+-----+---------+--------------------------------------------------------------------------------------------------+
| g0        | n/a   | BUFG/O          | None       |        1992 |               0 | 1926 |          47 |   17 |   2 |  0 |    0 |   0 |       0 | mb_preset_i/mig_7series_0/u_mb_preset_mig_7series_0_0_mig/u_ddr3_infrastructure/ui_addn_clk_0    |
| g1        | n/a   | BUFG/O          | None       |          12 |               0 |   12 |           0 |    0 |   0 |  0 |    0 |   0 |       0 | mb_preset_i/axi_ethernet_0_refclk/inst/clk_out1                                                  |
| g2        | n/a   | BUFG/O          | None       |          77 |               0 |   77 |           0 |    0 |   0 |  0 |    0 |   0 |       0 | mb_preset_i/mig_7series_0/u_mb_preset_mig_7series_0_0_mig/u_ddr3_infrastructure/u_bufg_clkdiv0_0 |
| g6        | n/a   | BUFGCTRL/O      | None       |          51 |               0 |   35 |          16 |    0 |   0 |  0 |    0 |   0 |       0 | mb_preset_i/mdm_1/U0/No_Dbg_Reg_Access.BUFG_DRCK/Dbg_Clk_0                                       |
| g9        | n/a   | BUFG/O          | None       |          46 |               0 |   45 |           0 |    0 |   0 |  0 |    0 |   0 |       0 | mb_preset_i/mig_7series_0/u_mb_preset_mig_7series_0_0_mig/u_iodelay_ctrl/CLK                     |
| g10       | n/a   | BUFG/O          | None       |          10 |               0 |   10 |           0 |    0 |   0 |  0 |    0 |   0 |       0 | mb_preset_i/mdm_1/U0/Use_E2.BSCAN_I/Dbg_Update_0_BUFG                                            |
+-----------+-------+-----------------+------------+-------------+-----------------+------+-------------+------+-----+----+------+-----+---------+--------------------------------------------------------------------------------------------------+
* Clock Loads column represents cell count of net connects that connect to a clock pin. Internal cell leaf pins are not considered
** Non-Clock Loads column represents cell count of non-clock pin loads
*** Columns FF, LUTRAM, RAMB through 'Hard IP' represents load cell counts


28. Clock Region Cell Placement per Global Clock: Region X1Y3
-------------------------------------------------------------

+-----------+-------+-----------------+------------+-------------+-----------------+------+-------------+------+-----+----+------+-----+---------+--------------------------------------------------------------------------------------------------+
| Global Id | Track | Driver Type/Pin | Constraint | Clock Loads | Non-Clock Loads | FF   | Memory LUTs | RAMB | DSP | GT | MMCM | PLL | Hard IP | Net                                                                                              |
+-----------+-------+-----------------+------------+-------------+-----------------+------+-------------+------+-----+----+------+-----+---------+--------------------------------------------------------------------------------------------------+
| g0        | n/a   | BUFG/O          | None       |          30 |               0 |   28 |           0 |    2 |   0 |  0 |    0 |   0 |       0 | mb_preset_i/mig_7series_0/u_mb_preset_mig_7series_0_0_mig/u_ddr3_infrastructure/ui_addn_clk_0    |
| g2        | n/a   | BUFG/O          | None       |        2346 |               0 | 2206 |          91 |    0 |   0 |  0 |    0 |   0 |       0 | mb_preset_i/mig_7series_0/u_mb_preset_mig_7series_0_0_mig/u_ddr3_infrastructure/u_bufg_clkdiv0_0 |
| g6        | n/a   | BUFGCTRL/O      | None       |           1 |               0 |    1 |           0 |    0 |   0 |  0 |    0 |   0 |       0 | mb_preset_i/mdm_1/U0/No_Dbg_Reg_Access.BUFG_DRCK/Dbg_Clk_0                                       |
| g9        | n/a   | BUFG/O          | None       |          16 |               0 |   15 |           0 |    0 |   0 |  0 |    0 |   0 |       0 | mb_preset_i/mig_7series_0/u_mb_preset_mig_7series_0_0_mig/u_iodelay_ctrl/CLK                     |
+-----------+-------+-----------------+------------+-------------+-----------------+------+-------------+------+-----+----+------+-----+---------+--------------------------------------------------------------------------------------------------+
* Clock Loads column represents cell count of net connects that connect to a clock pin. Internal cell leaf pins are not considered
** Non-Clock Loads column represents cell count of non-clock pin loads
*** Columns FF, LUTRAM, RAMB through 'Hard IP' represents load cell counts



# Location of BUFG Primitives 
set_property LOC BUFGCTRL_X0Y4 [get_cells mb_preset_i/mig_7series_0/u_mb_preset_mig_7series_0_0_mig/u_iodelay_ctrl/clk_ref_200.u_bufg_clk_ref]
set_property LOC BUFGCTRL_X0Y6 [get_cells mb_preset_i/mig_7series_0/u_mb_preset_mig_7series_0_0_mig/u_ddr3_infrastructure/gen_ui_extra_clocks.u_bufg_ui_addn_clk_0]
set_property LOC BUFGCTRL_X0Y0 [get_cells mb_preset_i/mig_7series_0/u_mb_preset_mig_7series_0_0_mig/u_ddr3_infrastructure/u_bufg_clkdiv0]
set_property LOC BUFGCTRL_X0Y10 [get_cells mb_preset_i/mdm_1/U0/Use_E2.BSCAN_I/Dbg_Update_0_BUFG_inst]
set_property LOC BUFGCTRL_X0Y8 [get_cells mb_preset_i/mdm_1/U0/No_Dbg_Reg_Access.BUFG_DRCK/Using_FPGA.Native]
set_property LOC BUFGCTRL_X0Y11 [get_cells mb_preset_i/axi_ethernet_0_refclk/inst/clkf_buf]
set_property LOC BUFGCTRL_X0Y3 [get_cells mb_preset_i/axi_ethernet_0_refclk/inst/clkout3_buf]
set_property LOC BUFGCTRL_X0Y9 [get_cells mb_preset_i/axi_ethernet_0_refclk/inst/clkout2_buf]
set_property LOC BUFGCTRL_X0Y1 [get_cells mb_preset_i/axi_ethernet_0_refclk/inst/clkout1_buf]
set_property LOC BUFGCTRL_X0Y2 [get_cells mb_preset_i/axi_ethernet_0/inst/mac/inst/tri_mode_ethernet_mac_support_clocking_i/clkout1_buf]
set_property LOC BUFGCTRL_X0Y5 [get_cells mb_preset_i/axi_ethernet_0/inst/mac/inst/tri_mode_ethernet_mac_support_clocking_i/clkout2_buf]
set_property LOC BUFGCTRL_X0Y7 [get_cells dbg_hub/inst/BSCANID.u_xsdbm_id/SWITCH_N_EXT_BSCAN.u_bufg_icon_tck]

# Location of BUFH Primitives 
set_property LOC BUFHCE_X1Y24 [get_cells mb_preset_i/mig_7series_0/u_mb_preset_mig_7series_0_0_mig/u_ddr3_infrastructure/u_bufh_pll_clk3]

# Location of BUFIO Primitives 
set_property LOC BUFIO_X0Y5 [get_cells mb_preset_i/axi_ethernet_0/inst/mac/inst/tri_mode_ethernet_mac_i/rgmii_interface/bufio_rgmii_rx_clk]

# Location of BUFR Primitives 
set_property LOC BUFR_X0Y5 [get_cells mb_preset_i/axi_ethernet_0/inst/mac/inst/tri_mode_ethernet_mac_i/rgmii_interface/bufr_rgmii_rx_clk]

# Location of IO Primitives which is load of clock spine

# Location of clock ports
set_property LOC IOB_X0Y74 [get_ports rgmii_rxc]
set_property LOC IOB_X1Y123 [get_ports sys_diff_clock_clk_n]
set_property LOC IOB_X1Y124 [get_ports sys_diff_clock_clk_p]

# Clock net "mb_preset_i/mig_7series_0/u_mb_preset_mig_7series_0_0_mig/u_iodelay_ctrl/CLK" driven by instance "mb_preset_i/mig_7series_0/u_mb_preset_mig_7series_0_0_mig/u_iodelay_ctrl/clk_ref_200.u_bufg_clk_ref" located at site "BUFGCTRL_X0Y4"
#startgroup
create_pblock {CLKAG_mb_preset_i/mig_7series_0/u_mb_preset_mig_7series_0_0_mig/u_iodelay_ctrl/CLK}
add_cells_to_pblock [get_pblocks  {CLKAG_mb_preset_i/mig_7series_0/u_mb_preset_mig_7series_0_0_mig/u_iodelay_ctrl/CLK}] [get_cells -filter { PRIMITIVE_GROUP != I/O && IS_PRIMITIVE==1 && PRIMITIVE_LEVEL !=INTERNAL } -of_object [get_pins -filter {DIRECTION==IN} -of_objects [get_nets -hierarchical -filter {PARENT=="mb_preset_i/mig_7series_0/u_mb_preset_mig_7series_0_0_mig/u_iodelay_ctrl/CLK"}]]]
resize_pblock [get_pblocks {CLKAG_mb_preset_i/mig_7series_0/u_mb_preset_mig_7series_0_0_mig/u_iodelay_ctrl/CLK}] -add {CLOCKREGION_X0Y3:CLOCKREGION_X0Y3 CLOCKREGION_X1Y1:CLOCKREGION_X1Y1 CLOCKREGION_X1Y3:CLOCKREGION_X1Y3}
#endgroup

# Clock net "mb_preset_i/mig_7series_0/u_mb_preset_mig_7series_0_0_mig/u_ddr3_infrastructure/ui_addn_clk_0" driven by instance "mb_preset_i/mig_7series_0/u_mb_preset_mig_7series_0_0_mig/u_ddr3_infrastructure/gen_ui_extra_clocks.u_bufg_ui_addn_clk_0" located at site "BUFGCTRL_X0Y6"
#startgroup
create_pblock {CLKAG_mb_preset_i/mig_7series_0/u_mb_preset_mig_7series_0_0_mig/u_ddr3_infrastructure/ui_addn_clk_0}
add_cells_to_pblock [get_pblocks  {CLKAG_mb_preset_i/mig_7series_0/u_mb_preset_mig_7series_0_0_mig/u_ddr3_infrastructure/ui_addn_clk_0}] [get_cells -filter { PRIMITIVE_GROUP != I/O && IS_PRIMITIVE==1 && PRIMITIVE_LEVEL !=INTERNAL && NAME!=mb_preset_i/axi_ethernet_0_refclk/inst/mmcm_adv_inst} -of_object [get_pins -filter {DIRECTION==IN} -of_objects [get_nets -hierarchical -filter {PARENT=="mb_preset_i/mig_7series_0/u_mb_preset_mig_7series_0_0_mig/u_ddr3_infrastructure/ui_addn_clk_0"}]]]
resize_pblock [get_pblocks {CLKAG_mb_preset_i/mig_7series_0/u_mb_preset_mig_7series_0_0_mig/u_ddr3_infrastructure/ui_addn_clk_0}] -add {CLOCKREGION_X0Y0:CLOCKREGION_X0Y0 CLOCKREGION_X0Y1:CLOCKREGION_X0Y1 CLOCKREGION_X0Y2:CLOCKREGION_X0Y2 CLOCKREGION_X0Y3:CLOCKREGION_X0Y3 CLOCKREGION_X1Y0:CLOCKREGION_X1Y0 CLOCKREGION_X1Y1:CLOCKREGION_X1Y1 CLOCKREGION_X1Y2:CLOCKREGION_X1Y2 CLOCKREGION_X1Y3:CLOCKREGION_X1Y3}
#endgroup

# Clock net "mb_preset_i/mig_7series_0/u_mb_preset_mig_7series_0_0_mig/u_ddr3_infrastructure/u_bufg_clkdiv0_0" driven by instance "mb_preset_i/mig_7series_0/u_mb_preset_mig_7series_0_0_mig/u_ddr3_infrastructure/u_bufg_clkdiv0" located at site "BUFGCTRL_X0Y0"
#startgroup
create_pblock {CLKAG_mb_preset_i/mig_7series_0/u_mb_preset_mig_7series_0_0_mig/u_ddr3_infrastructure/u_bufg_clkdiv0_0}
add_cells_to_pblock [get_pblocks  {CLKAG_mb_preset_i/mig_7series_0/u_mb_preset_mig_7series_0_0_mig/u_ddr3_infrastructure/u_bufg_clkdiv0_0}] [get_cells -filter { PRIMITIVE_GROUP != I/O && IS_PRIMITIVE==1 && PRIMITIVE_LEVEL !=INTERNAL && NAME!=mb_preset_i/mig_7series_0/u_mb_preset_mig_7series_0_0_mig/u_ddr3_infrastructure/gen_ui_extra_clocks.mmcm_i} -of_object [get_pins -filter {DIRECTION==IN} -of_objects [get_nets -hierarchical -filter {PARENT=="mb_preset_i/mig_7series_0/u_mb_preset_mig_7series_0_0_mig/u_ddr3_infrastructure/u_bufg_clkdiv0_0"}]]]
resize_pblock [get_pblocks {CLKAG_mb_preset_i/mig_7series_0/u_mb_preset_mig_7series_0_0_mig/u_ddr3_infrastructure/u_bufg_clkdiv0_0}] -add {CLOCKREGION_X0Y3:CLOCKREGION_X0Y3 CLOCKREGION_X1Y0:CLOCKREGION_X1Y0 CLOCKREGION_X1Y1:CLOCKREGION_X1Y1 CLOCKREGION_X1Y2:CLOCKREGION_X1Y2 CLOCKREGION_X1Y3:CLOCKREGION_X1Y3}
#endgroup

# Clock net "mb_preset_i/mdm_1/U0/Use_E2.BSCAN_I/Dbg_Update_0_BUFG" driven by instance "mb_preset_i/mdm_1/U0/Use_E2.BSCAN_I/Dbg_Update_0_BUFG_inst" located at site "BUFGCTRL_X0Y10"
#startgroup
create_pblock {CLKAG_mb_preset_i/mdm_1/U0/Use_E2.BSCAN_I/Dbg_Update_0_BUFG}
add_cells_to_pblock [get_pblocks  {CLKAG_mb_preset_i/mdm_1/U0/Use_E2.BSCAN_I/Dbg_Update_0_BUFG}] [get_cells -filter { PRIMITIVE_GROUP != I/O && IS_PRIMITIVE==1 && PRIMITIVE_LEVEL !=INTERNAL } -of_object [get_pins -filter {DIRECTION==IN} -of_objects [get_nets -hierarchical -filter {PARENT=="mb_preset_i/mdm_1/U0/Use_E2.BSCAN_I/Dbg_Update_0_BUFG"}]]]
resize_pblock [get_pblocks {CLKAG_mb_preset_i/mdm_1/U0/Use_E2.BSCAN_I/Dbg_Update_0_BUFG}] -add {CLOCKREGION_X0Y2:CLOCKREGION_X0Y2 CLOCKREGION_X0Y3:CLOCKREGION_X0Y3}
#endgroup

# Clock net "mb_preset_i/mdm_1/U0/No_Dbg_Reg_Access.BUFG_DRCK/Dbg_Clk_0" driven by instance "mb_preset_i/mdm_1/U0/No_Dbg_Reg_Access.BUFG_DRCK/Using_FPGA.Native" located at site "BUFGCTRL_X0Y8"
#startgroup
create_pblock {CLKAG_mb_preset_i/mdm_1/U0/No_Dbg_Reg_Access.BUFG_DRCK/Dbg_Clk_0}
add_cells_to_pblock [get_pblocks  {CLKAG_mb_preset_i/mdm_1/U0/No_Dbg_Reg_Access.BUFG_DRCK/Dbg_Clk_0}] [get_cells -filter { PRIMITIVE_GROUP != I/O && IS_PRIMITIVE==1 && PRIMITIVE_LEVEL !=INTERNAL } -of_object [get_pins -filter {DIRECTION==IN} -of_objects [get_nets -hierarchical -filter {PARENT=="mb_preset_i/mdm_1/U0/No_Dbg_Reg_Access.BUFG_DRCK/Dbg_Clk_0"}]]]
resize_pblock [get_pblocks {CLKAG_mb_preset_i/mdm_1/U0/No_Dbg_Reg_Access.BUFG_DRCK/Dbg_Clk_0}] -add {CLOCKREGION_X0Y2:CLOCKREGION_X0Y2 CLOCKREGION_X0Y3:CLOCKREGION_X0Y3 CLOCKREGION_X1Y2:CLOCKREGION_X1Y2 CLOCKREGION_X1Y3:CLOCKREGION_X1Y3}
#endgroup

# Clock net "mb_preset_i/axi_ethernet_0_refclk/inst/clk_out3" driven by instance "mb_preset_i/axi_ethernet_0_refclk/inst/clkout3_buf" located at site "BUFGCTRL_X0Y3"
#startgroup
create_pblock {CLKAG_mb_preset_i/axi_ethernet_0_refclk/inst/clk_out3}
add_cells_to_pblock [get_pblocks  {CLKAG_mb_preset_i/axi_ethernet_0_refclk/inst/clk_out3}] [get_cells -filter { PRIMITIVE_GROUP != I/O && IS_PRIMITIVE==1 && PRIMITIVE_LEVEL !=INTERNAL } -of_object [get_pins -filter {DIRECTION==IN} -of_objects [get_nets -hierarchical -filter {PARENT=="mb_preset_i/axi_ethernet_0_refclk/inst/clk_out3"}]]]
resize_pblock [get_pblocks {CLKAG_mb_preset_i/axi_ethernet_0_refclk/inst/clk_out3}] -add {CLOCKREGION_X0Y2:CLOCKREGION_X0Y2}
#endgroup

# Clock net "mb_preset_i/axi_ethernet_0_refclk/inst/clk_out2" driven by instance "mb_preset_i/axi_ethernet_0_refclk/inst/clkout2_buf" located at site "BUFGCTRL_X0Y9"
#startgroup
create_pblock {CLKAG_mb_preset_i/axi_ethernet_0_refclk/inst/clk_out2}
add_cells_to_pblock [get_pblocks  {CLKAG_mb_preset_i/axi_ethernet_0_refclk/inst/clk_out2}] [get_cells -filter { PRIMITIVE_GROUP != I/O && IS_PRIMITIVE==1 && PRIMITIVE_LEVEL !=INTERNAL && NAME!=mb_preset_i/axi_ethernet_0/inst/mac/inst/tri_mode_ethernet_mac_support_clocking_i/mmcm_adv_inst} -of_object [get_pins -filter {DIRECTION==IN} -of_objects [get_nets -hierarchical -filter {PARENT=="mb_preset_i/axi_ethernet_0_refclk/inst/clk_out2"}]]]
resize_pblock [get_pblocks {CLKAG_mb_preset_i/axi_ethernet_0_refclk/inst/clk_out2}] -add {CLOCKREGION_X0Y1:CLOCKREGION_X0Y1 CLOCKREGION_X1Y1:CLOCKREGION_X1Y1}
#endgroup

# Clock net "mb_preset_i/axi_ethernet_0_refclk/inst/clk_out1" driven by instance "mb_preset_i/axi_ethernet_0_refclk/inst/clkout1_buf" located at site "BUFGCTRL_X0Y1"
#startgroup
create_pblock {CLKAG_mb_preset_i/axi_ethernet_0_refclk/inst/clk_out1}
add_cells_to_pblock [get_pblocks  {CLKAG_mb_preset_i/axi_ethernet_0_refclk/inst/clk_out1}] [get_cells -filter { PRIMITIVE_GROUP != I/O && IS_PRIMITIVE==1 && PRIMITIVE_LEVEL !=INTERNAL } -of_object [get_pins -filter {DIRECTION==IN} -of_objects [get_nets -hierarchical -filter {PARENT=="mb_preset_i/axi_ethernet_0_refclk/inst/clk_out1"}]]]
resize_pblock [get_pblocks {CLKAG_mb_preset_i/axi_ethernet_0_refclk/inst/clk_out1}] -add {CLOCKREGION_X0Y0:CLOCKREGION_X0Y0 CLOCKREGION_X0Y1:CLOCKREGION_X0Y1 CLOCKREGION_X0Y3:CLOCKREGION_X0Y3}
#endgroup

# Clock net "mb_preset_i/axi_ethernet_0/inst/mac/inst/tri_mode_ethernet_mac_support_clocking_i/gtx_clk_out" driven by instance "mb_preset_i/axi_ethernet_0/inst/mac/inst/tri_mode_ethernet_mac_support_clocking_i/clkout1_buf" located at site "BUFGCTRL_X0Y2"
#startgroup
create_pblock {CLKAG_mb_preset_i/axi_ethernet_0/inst/mac/inst/tri_mode_ethernet_mac_support_clocking_i/gtx_clk_out}
add_cells_to_pblock [get_pblocks  {CLKAG_mb_preset_i/axi_ethernet_0/inst/mac/inst/tri_mode_ethernet_mac_support_clocking_i/gtx_clk_out}] [get_cells -filter { PRIMITIVE_GROUP != I/O && IS_PRIMITIVE==1 && PRIMITIVE_LEVEL !=INTERNAL } -of_object [get_pins -filter {DIRECTION==IN} -of_objects [get_nets -hierarchical -filter {PARENT=="mb_preset_i/axi_ethernet_0/inst/mac/inst/tri_mode_ethernet_mac_support_clocking_i/gtx_clk_out"}]]]
resize_pblock [get_pblocks {CLKAG_mb_preset_i/axi_ethernet_0/inst/mac/inst/tri_mode_ethernet_mac_support_clocking_i/gtx_clk_out}] -add {CLOCKREGION_X0Y1:CLOCKREGION_X0Y1 CLOCKREGION_X1Y1:CLOCKREGION_X1Y1}
#endgroup

# Clock net "mb_preset_i/axi_ethernet_0/inst/mac/inst/tri_mode_ethernet_mac_support_clocking_i/gtx_clk90_out" driven by instance "mb_preset_i/axi_ethernet_0/inst/mac/inst/tri_mode_ethernet_mac_support_clocking_i/clkout2_buf" located at site "BUFGCTRL_X0Y5"
#startgroup
create_pblock {CLKAG_mb_preset_i/axi_ethernet_0/inst/mac/inst/tri_mode_ethernet_mac_support_clocking_i/gtx_clk90_out}
add_cells_to_pblock [get_pblocks  {CLKAG_mb_preset_i/axi_ethernet_0/inst/mac/inst/tri_mode_ethernet_mac_support_clocking_i/gtx_clk90_out}] [get_cells -filter { PRIMITIVE_GROUP != I/O && IS_PRIMITIVE==1 && PRIMITIVE_LEVEL !=INTERNAL } -of_object [get_pins -filter {DIRECTION==IN} -of_objects [get_nets -hierarchical -filter {PARENT=="mb_preset_i/axi_ethernet_0/inst/mac/inst/tri_mode_ethernet_mac_support_clocking_i/gtx_clk90_out"}]]]
resize_pblock [get_pblocks {CLKAG_mb_preset_i/axi_ethernet_0/inst/mac/inst/tri_mode_ethernet_mac_support_clocking_i/gtx_clk90_out}] -add {CLOCKREGION_X0Y1:CLOCKREGION_X0Y1}
#endgroup

# Clock net "mb_preset_i/axi_ethernet_0/inst/mac/inst/tri_mode_ethernet_mac_i/rgmii_interface/bufr_rgmii_rx_clk_0" driven by instance "mb_preset_i/axi_ethernet_0/inst/mac/inst/tri_mode_ethernet_mac_i/rgmii_interface/bufr_rgmii_rx_clk" located at site "BUFR_X0Y5"
#startgroup
create_pblock {CLKAG_mb_preset_i/axi_ethernet_0/inst/mac/inst/tri_mode_ethernet_mac_i/rgmii_interface/bufr_rgmii_rx_clk_0}
add_cells_to_pblock [get_pblocks  {CLKAG_mb_preset_i/axi_ethernet_0/inst/mac/inst/tri_mode_ethernet_mac_i/rgmii_interface/bufr_rgmii_rx_clk_0}] [get_cells -filter { PRIMITIVE_GROUP != I/O && IS_PRIMITIVE==1 && PRIMITIVE_LEVEL !=INTERNAL } -of_object [get_pins -filter {DIRECTION==IN} -of_objects [get_nets -hierarchical -filter {PARENT=="mb_preset_i/axi_ethernet_0/inst/mac/inst/tri_mode_ethernet_mac_i/rgmii_interface/bufr_rgmii_rx_clk_0"}]]]
resize_pblock [get_pblocks {CLKAG_mb_preset_i/axi_ethernet_0/inst/mac/inst/tri_mode_ethernet_mac_i/rgmii_interface/bufr_rgmii_rx_clk_0}] -add {CLOCKREGION_X0Y1:CLOCKREGION_X0Y1}
#endgroup

# Clock net "dbg_hub/inst/BSCANID.u_xsdbm_id/itck_i" driven by instance "dbg_hub/inst/BSCANID.u_xsdbm_id/SWITCH_N_EXT_BSCAN.u_bufg_icon_tck" located at site "BUFGCTRL_X0Y7"
#startgroup
create_pblock {CLKAG_dbg_hub/inst/BSCANID.u_xsdbm_id/itck_i}
add_cells_to_pblock [get_pblocks  {CLKAG_dbg_hub/inst/BSCANID.u_xsdbm_id/itck_i}] [get_cells -filter { PRIMITIVE_GROUP != I/O && IS_PRIMITIVE==1 && PRIMITIVE_LEVEL !=INTERNAL } -of_object [get_pins -filter {DIRECTION==IN} -of_objects [get_nets -hierarchical -filter {PARENT=="dbg_hub/inst/BSCANID.u_xsdbm_id/itck_i"}]]]
resize_pblock [get_pblocks {CLKAG_dbg_hub/inst/BSCANID.u_xsdbm_id/itck_i}] -add {CLOCKREGION_X0Y1:CLOCKREGION_X0Y1 CLOCKREGION_X1Y1:CLOCKREGION_X1Y1}
#endgroup
